<?xml version="1.0" encoding="UTF-8"?>
<testsuite name="loc.balsen.kontospring.upload.ImportPBTest" tests="3" skipped="0" failures="0" errors="0" timestamp="2018-10-01T11:32:47" hostname="lnx-main" time="0.308">
  <properties/>
  <testcase name="testParseError" classname="loc.balsen.kontospring.upload.ImportPBTest" time="0.289"/>
  <testcase name="testInsertTwice" classname="loc.balsen.kontospring.upload.ImportPBTest" time="0.018"/>
  <testcase name="testImport" classname="loc.balsen.kontospring.upload.ImportPBTest" time="0.001"/>
  <system-out><![CDATA[]]></system-out>
  <system-err><![CDATA[]]></system-err>
</testsuite>
