<?xml version="1.0" encoding="UTF-8"?>
<testsuite name="loc.balsen.kontospring.upload.ImportbaseTest" tests="1" skipped="0" failures="0" errors="0" timestamp="2018-10-01T11:32:51" hostname="lnx-main" time="0.102">
  <properties/>
  <testcase name="testSave" classname="loc.balsen.kontospring.upload.ImportbaseTest" time="0.102"/>
  <system-out><![CDATA[13:32:48.661 [Test worker] DEBUG org.springframework.data.repository.config.RepositoryConfigurationDelegate - Spring Data JPA - Registering repository: belegRepository - Interface: loc.balsen.kontospring.repositories.BelegRepository - Factory: org.springframework.data.jpa.repository.support.JpaRepositoryFactoryBean
13:32:48.665 [Test worker] DEBUG org.springframework.data.repository.config.RepositoryConfigurationDelegate - Spring Data JPA - Registering repository: templateRepository - Interface: loc.balsen.kontospring.repositories.TemplateRepository - Factory: org.springframework.data.jpa.repository.support.JpaRepositoryFactoryBean
13:32:49.207 [Test worker] DEBUG com.zaxxer.hikari.HikariConfig - Driver class org.h2.Driver found in Thread context class loader sun.misc.Launcher$AppClassLoader@6bc7c054
13:32:49.422 [Test worker] DEBUG org.jboss.logging - Logging Provider: org.jboss.logging.Log4j2LoggerProvider
13:32:49.427 [Test worker] DEBUG com.zaxxer.hikari.HikariConfig - HikariPool-1 - configuration:
13:32:49.428 [Test worker] DEBUG com.zaxxer.hikari.HikariConfig - allowPoolSuspension.............false
13:32:49.428 [Test worker] DEBUG com.zaxxer.hikari.HikariConfig - autoCommit......................true
13:32:49.428 [Test worker] DEBUG com.zaxxer.hikari.HikariConfig - catalog.........................none
13:32:49.429 [Test worker] DEBUG com.zaxxer.hikari.HikariConfig - connectionInitSql...............none
13:32:49.429 [Test worker] DEBUG com.zaxxer.hikari.HikariConfig - connectionTestQuery.............none
13:32:49.429 [Test worker] DEBUG com.zaxxer.hikari.HikariConfig - connectionTimeout...............30000
13:32:49.429 [Test worker] DEBUG com.zaxxer.hikari.HikariConfig - dataSource......................none
13:32:49.429 [Test worker] DEBUG com.zaxxer.hikari.HikariConfig - dataSourceClassName.............none
13:32:49.429 [Test worker] DEBUG com.zaxxer.hikari.HikariConfig - dataSourceJNDI..................none
13:32:49.430 [Test worker] DEBUG com.zaxxer.hikari.HikariConfig - dataSourceProperties............{password=<masked>}
13:32:49.430 [Test worker] DEBUG com.zaxxer.hikari.HikariConfig - driverClassName................."org.h2.Driver"
13:32:49.430 [Test worker] DEBUG com.zaxxer.hikari.HikariConfig - healthCheckProperties...........{}
13:32:49.430 [Test worker] DEBUG com.zaxxer.hikari.HikariConfig - healthCheckRegistry.............none
13:32:49.430 [Test worker] DEBUG com.zaxxer.hikari.HikariConfig - idleTimeout.....................600000
13:32:49.430 [Test worker] DEBUG com.zaxxer.hikari.HikariConfig - initializationFailFast..........true
13:32:49.430 [Test worker] DEBUG com.zaxxer.hikari.HikariConfig - initializationFailTimeout.......1
13:32:49.430 [Test worker] DEBUG com.zaxxer.hikari.HikariConfig - isolateInternalQueries..........false
13:32:49.431 [Test worker] DEBUG com.zaxxer.hikari.HikariConfig - jdbc4ConnectionTest.............false
13:32:49.431 [Test worker] DEBUG com.zaxxer.hikari.HikariConfig - jdbcUrl.........................jdbc:h2:mem:db;DB_CLOSE_DELAY=-1
13:32:49.431 [Test worker] DEBUG com.zaxxer.hikari.HikariConfig - leakDetectionThreshold..........0
13:32:49.431 [Test worker] DEBUG com.zaxxer.hikari.HikariConfig - maxLifetime.....................1800000
13:32:49.431 [Test worker] DEBUG com.zaxxer.hikari.HikariConfig - maximumPoolSize.................10
13:32:49.431 [Test worker] DEBUG com.zaxxer.hikari.HikariConfig - metricRegistry..................none
13:32:49.431 [Test worker] DEBUG com.zaxxer.hikari.HikariConfig - metricsTrackerFactory...........com.zaxxer.hikari.metrics.micrometer.MicrometerMetricsTrackerFactory@3ce15fd8
13:32:49.431 [Test worker] DEBUG com.zaxxer.hikari.HikariConfig - minimumIdle.....................10
13:32:49.431 [Test worker] DEBUG com.zaxxer.hikari.HikariConfig - password........................<masked>
13:32:49.432 [Test worker] DEBUG com.zaxxer.hikari.HikariConfig - poolName........................"HikariPool-1"
13:32:49.432 [Test worker] DEBUG com.zaxxer.hikari.HikariConfig - readOnly........................false
13:32:49.432 [Test worker] DEBUG com.zaxxer.hikari.HikariConfig - registerMbeans..................false
13:32:49.432 [Test worker] DEBUG com.zaxxer.hikari.HikariConfig - scheduledExecutor...............none
13:32:49.432 [Test worker] DEBUG com.zaxxer.hikari.HikariConfig - scheduledExecutorService........internal
13:32:49.432 [Test worker] DEBUG com.zaxxer.hikari.HikariConfig - schema..........................none
13:32:49.432 [Test worker] DEBUG com.zaxxer.hikari.HikariConfig - threadFactory...................internal
13:32:49.432 [Test worker] DEBUG com.zaxxer.hikari.HikariConfig - transactionIsolation............default
13:32:49.432 [Test worker] DEBUG com.zaxxer.hikari.HikariConfig - username........................"sa"
13:32:49.432 [Test worker] DEBUG com.zaxxer.hikari.HikariConfig - validationTimeout...............5000
13:32:49.432 [Test worker] INFO com.zaxxer.hikari.HikariDataSource - HikariPool-1 - Starting...
13:32:49.523 [Test worker] DEBUG com.zaxxer.hikari.pool.HikariPool - HikariPool-1 - Added connection conn0: url=jdbc:h2:mem:db user=SA
13:32:49.536 [Test worker] INFO com.zaxxer.hikari.HikariDataSource - HikariPool-1 - Start completed.
13:32:49.599 [Test worker] DEBUG org.hibernate.jpa.internal.util.LogHelper - PersistenceUnitInfo [
	name: default
	persistence provider classname: null
	classloader: sun.misc.Launcher$AppClassLoader@6bc7c054
	excludeUnlistedClasses: true
	JTA datasource: null
	Non JTA datasource: HikariDataSource (HikariPool-1)
	Transaction type: RESOURCE_LOCAL
	PU root URL: file:/home/webproject/projects/kontospring/build/classes/java/test/
	Shared Cache Mode: UNSPECIFIED
	Validation Mode: AUTO
	Jar files URLs []
	Managed classes names [
		loc.balsen.kontospring.data.Beleg
		loc.balsen.kontospring.data.Konto
		loc.balsen.kontospring.data.KontoGruppe
		loc.balsen.kontospring.data.Plan
		loc.balsen.kontospring.data.PlanHistory
		loc.balsen.kontospring.data.Template
		loc.balsen.kontospring.data.Zuordnung]
	Mapping files names []
	Properties []
13:32:49.609 [Test worker] DEBUG org.hibernate.integrator.internal.IntegratorServiceImpl - Adding Integrator [org.hibernate.cfg.beanvalidation.BeanValidationIntegrator].
13:32:49.611 [Test worker] DEBUG org.hibernate.integrator.internal.IntegratorServiceImpl - Adding Integrator [org.hibernate.secure.spi.JaccIntegrator].
13:32:49.614 [Test worker] DEBUG org.hibernate.integrator.internal.IntegratorServiceImpl - Adding Integrator [org.hibernate.cache.internal.CollectionCacheInvalidator].
13:32:49.614 [Test worker] DEBUG org.hibernate.integrator.internal.IntegratorServiceImpl - Adding Integrator [org.hibernate.jpa.event.spi.JpaIntegrator].
13:32:49.636 [HikariPool-1 housekeeper] DEBUG com.zaxxer.hikari.pool.HikariPool - HikariPool-1 - Pool stats (total=1, active=0, idle=1, waiting=0)
13:32:49.638 [HikariPool-1 connection adder] DEBUG com.zaxxer.hikari.pool.HikariPool - HikariPool-1 - Added connection conn1: url=jdbc:h2:mem:db user=SA
13:32:49.638 [HikariPool-1 connection adder] DEBUG com.zaxxer.hikari.pool.HikariPool - HikariPool-1 - Added connection conn2: url=jdbc:h2:mem:db user=SA
13:32:49.639 [HikariPool-1 connection adder] DEBUG com.zaxxer.hikari.pool.HikariPool - HikariPool-1 - Added connection conn3: url=jdbc:h2:mem:db user=SA
13:32:49.639 [HikariPool-1 connection adder] DEBUG com.zaxxer.hikari.pool.HikariPool - HikariPool-1 - Added connection conn4: url=jdbc:h2:mem:db user=SA
13:32:49.640 [HikariPool-1 connection adder] DEBUG com.zaxxer.hikari.pool.HikariPool - HikariPool-1 - Added connection conn5: url=jdbc:h2:mem:db user=SA
13:32:49.640 [HikariPool-1 connection adder] DEBUG com.zaxxer.hikari.pool.HikariPool - HikariPool-1 - Added connection conn6: url=jdbc:h2:mem:db user=SA
13:32:49.640 [HikariPool-1 connection adder] DEBUG com.zaxxer.hikari.pool.HikariPool - HikariPool-1 - Added connection conn7: url=jdbc:h2:mem:db user=SA
13:32:49.641 [HikariPool-1 connection adder] DEBUG com.zaxxer.hikari.pool.HikariPool - HikariPool-1 - Added connection conn8: url=jdbc:h2:mem:db user=SA
13:32:49.641 [HikariPool-1 connection adder] DEBUG com.zaxxer.hikari.pool.HikariPool - HikariPool-1 - Added connection conn9: url=jdbc:h2:mem:db user=SA
13:32:49.641 [HikariPool-1 connection adder] DEBUG com.zaxxer.hikari.pool.HikariPool - HikariPool-1 - After adding stats (total=10, active=0, idle=10, waiting=0)
13:32:49.651 [Test worker] INFO org.hibernate.Version - HHH000412: Hibernate Core {5.2.17.Final}
13:32:49.652 [Test worker] INFO org.hibernate.cfg.Environment - HHH000206: hibernate.properties not found
13:32:49.659 [Test worker] DEBUG org.hibernate.service.spi.ServiceBinding - Overriding existing service binding [org.hibernate.secure.spi.JaccService]
13:32:49.672 [Test worker] DEBUG org.hibernate.cache.internal.RegionFactoryInitiator - Cache region factory : org.hibernate.cache.internal.NoCachingRegionFactory
13:32:49.678 [Test worker] INFO org.hibernate.annotations.common.Version - HCANN000001: Hibernate Commons Annotations {5.0.1.Final}
13:32:49.760 [Test worker] DEBUG org.hibernate.type.BasicTypeRegistry - Adding type registration boolean -> org.hibernate.type.BooleanType@69710db
13:32:49.760 [Test worker] DEBUG org.hibernate.type.BasicTypeRegistry - Adding type registration boolean -> org.hibernate.type.BooleanType@69710db
13:32:49.760 [Test worker] DEBUG org.hibernate.type.BasicTypeRegistry - Adding type registration java.lang.Boolean -> org.hibernate.type.BooleanType@69710db
13:32:49.761 [Test worker] DEBUG org.hibernate.type.BasicTypeRegistry - Adding type registration numeric_boolean -> org.hibernate.type.NumericBooleanType@17fd4f14
13:32:49.762 [Test worker] DEBUG org.hibernate.type.BasicTypeRegistry - Adding type registration true_false -> org.hibernate.type.TrueFalseType@7d85d21d
13:32:49.763 [Test worker] DEBUG org.hibernate.type.BasicTypeRegistry - Adding type registration yes_no -> org.hibernate.type.YesNoType@69dccefd
13:32:49.764 [Test worker] DEBUG org.hibernate.type.BasicTypeRegistry - Adding type registration byte -> org.hibernate.type.ByteType@693564f2
13:32:49.764 [Test worker] DEBUG org.hibernate.type.BasicTypeRegistry - Adding type registration byte -> org.hibernate.type.ByteType@693564f2
13:32:49.764 [Test worker] DEBUG org.hibernate.type.BasicTypeRegistry - Adding type registration java.lang.Byte -> org.hibernate.type.ByteType@693564f2
13:32:49.765 [Test worker] DEBUG org.hibernate.type.BasicTypeRegistry - Adding type registration character -> org.hibernate.type.CharacterType@5b472db8
13:32:49.766 [Test worker] DEBUG org.hibernate.type.BasicTypeRegistry - Adding type registration char -> org.hibernate.type.CharacterType@5b472db8
13:32:49.766 [Test worker] DEBUG org.hibernate.type.BasicTypeRegistry - Adding type registration java.lang.Character -> org.hibernate.type.CharacterType@5b472db8
13:32:49.767 [Test worker] DEBUG org.hibernate.type.BasicTypeRegistry - Adding type registration short -> org.hibernate.type.ShortType@6a394df8
13:32:49.767 [Test worker] DEBUG org.hibernate.type.BasicTypeRegistry - Adding type registration short -> org.hibernate.type.ShortType@6a394df8
13:32:49.767 [Test worker] DEBUG org.hibernate.type.BasicTypeRegistry - Adding type registration java.lang.Short -> org.hibernate.type.ShortType@6a394df8
13:32:49.768 [Test worker] DEBUG org.hibernate.type.BasicTypeRegistry - Adding type registration integer -> org.hibernate.type.IntegerType@fe15588
13:32:49.768 [Test worker] DEBUG org.hibernate.type.BasicTypeRegistry - Adding type registration int -> org.hibernate.type.IntegerType@fe15588
13:32:49.768 [Test worker] DEBUG org.hibernate.type.BasicTypeRegistry - Adding type registration java.lang.Integer -> org.hibernate.type.IntegerType@fe15588
13:32:49.769 [Test worker] DEBUG org.hibernate.type.BasicTypeRegistry - Adding type registration long -> org.hibernate.type.LongType@21ad9499
13:32:49.770 [Test worker] DEBUG org.hibernate.type.BasicTypeRegistry - Adding type registration long -> org.hibernate.type.LongType@21ad9499
13:32:49.770 [Test worker] DEBUG org.hibernate.type.BasicTypeRegistry - Adding type registration java.lang.Long -> org.hibernate.type.LongType@21ad9499
13:32:49.771 [Test worker] DEBUG org.hibernate.type.BasicTypeRegistry - Adding type registration float -> org.hibernate.type.FloatType@47601516
13:32:49.771 [Test worker] DEBUG org.hibernate.type.BasicTypeRegistry - Adding type registration float -> org.hibernate.type.FloatType@47601516
13:32:49.771 [Test worker] DEBUG org.hibernate.type.BasicTypeRegistry - Adding type registration java.lang.Float -> org.hibernate.type.FloatType@47601516
13:32:49.772 [Test worker] DEBUG org.hibernate.type.BasicTypeRegistry - Adding type registration double -> org.hibernate.type.DoubleType@3546f153
13:32:49.772 [Test worker] DEBUG org.hibernate.type.BasicTypeRegistry - Adding type registration double -> org.hibernate.type.DoubleType@3546f153
13:32:49.772 [Test worker] DEBUG org.hibernate.type.BasicTypeRegistry - Adding type registration java.lang.Double -> org.hibernate.type.DoubleType@3546f153
13:32:49.773 [Test worker] DEBUG org.hibernate.type.BasicTypeRegistry - Adding type registration big_decimal -> org.hibernate.type.BigDecimalType@184598df
13:32:49.773 [Test worker] DEBUG org.hibernate.type.BasicTypeRegistry - Adding type registration java.math.BigDecimal -> org.hibernate.type.BigDecimalType@184598df
13:32:49.774 [Test worker] DEBUG org.hibernate.type.BasicTypeRegistry - Adding type registration big_integer -> org.hibernate.type.BigIntegerType@9cba20c
13:32:49.774 [Test worker] DEBUG org.hibernate.type.BasicTypeRegistry - Adding type registration java.math.BigInteger -> org.hibernate.type.BigIntegerType@9cba20c
13:32:49.775 [Test worker] DEBUG org.hibernate.type.BasicTypeRegistry - Adding type registration string -> org.hibernate.type.StringType@3f354e98
13:32:49.775 [Test worker] DEBUG org.hibernate.type.BasicTypeRegistry - Adding type registration java.lang.String -> org.hibernate.type.StringType@3f354e98
13:32:49.775 [Test worker] DEBUG org.hibernate.type.BasicTypeRegistry - Adding type registration nstring -> org.hibernate.type.StringNVarcharType@ee79004
13:32:49.776 [Test worker] DEBUG org.hibernate.type.BasicTypeRegistry - Adding type registration ncharacter -> org.hibernate.type.CharacterNCharType@fa905f9
13:32:49.776 [Test worker] DEBUG org.hibernate.type.BasicTypeRegistry - Adding type registration url -> org.hibernate.type.UrlType@3bfef98a
13:32:49.776 [Test worker] DEBUG org.hibernate.type.BasicTypeRegistry - Adding type registration java.net.URL -> org.hibernate.type.UrlType@3bfef98a
13:32:49.777 [Test worker] DEBUG org.hibernate.type.BasicTypeRegistry - Adding type registration Duration -> org.hibernate.type.DurationType@749ccb5
13:32:49.777 [Test worker] DEBUG org.hibernate.type.BasicTypeRegistry - Adding type registration java.time.Duration -> org.hibernate.type.DurationType@749ccb5
13:32:49.778 [Test worker] DEBUG org.hibernate.type.BasicTypeRegistry - Adding type registration Instant -> org.hibernate.type.InstantType@c2162cd
13:32:49.778 [Test worker] DEBUG org.hibernate.type.BasicTypeRegistry - Adding type registration java.time.Instant -> org.hibernate.type.InstantType@c2162cd
13:32:49.779 [Test worker] DEBUG org.hibernate.type.BasicTypeRegistry - Adding type registration LocalDateTime -> org.hibernate.type.LocalDateTimeType@33031f10
13:32:49.779 [Test worker] DEBUG org.hibernate.type.BasicTypeRegistry - Adding type registration java.time.LocalDateTime -> org.hibernate.type.LocalDateTimeType@33031f10
13:32:49.780 [Test worker] DEBUG org.hibernate.type.BasicTypeRegistry - Adding type registration LocalDate -> org.hibernate.type.LocalDateType@4750ef3b
13:32:49.780 [Test worker] DEBUG org.hibernate.type.BasicTypeRegistry - Adding type registration java.time.LocalDate -> org.hibernate.type.LocalDateType@4750ef3b
13:32:49.781 [Test worker] DEBUG org.hibernate.type.BasicTypeRegistry - Adding type registration LocalTime -> org.hibernate.type.LocalTimeType@7eda3cc2
13:32:49.781 [Test worker] DEBUG org.hibernate.type.BasicTypeRegistry - Adding type registration java.time.LocalTime -> org.hibernate.type.LocalTimeType@7eda3cc2
13:32:49.781 [Test worker] DEBUG org.hibernate.type.BasicTypeRegistry - Adding type registration OffsetDateTime -> org.hibernate.type.OffsetDateTimeType@62a4e72e
13:32:49.781 [Test worker] DEBUG org.hibernate.type.BasicTypeRegistry - Adding type registration java.time.OffsetDateTime -> org.hibernate.type.OffsetDateTimeType@62a4e72e
13:32:49.782 [Test worker] DEBUG org.hibernate.type.BasicTypeRegistry - Adding type registration OffsetTime -> org.hibernate.type.OffsetTimeType@620fcf2f
13:32:49.782 [Test worker] DEBUG org.hibernate.type.BasicTypeRegistry - Adding type registration java.time.OffsetTime -> org.hibernate.type.OffsetTimeType@620fcf2f
13:32:49.784 [Test worker] DEBUG org.hibernate.type.BasicTypeRegistry - Adding type registration ZonedDateTime -> org.hibernate.type.ZonedDateTimeType@681e6765
13:32:49.784 [Test worker] DEBUG org.hibernate.type.BasicTypeRegistry - Adding type registration java.time.ZonedDateTime -> org.hibernate.type.ZonedDateTimeType@681e6765
13:32:49.785 [Test worker] DEBUG org.hibernate.type.BasicTypeRegistry - Adding type registration date -> org.hibernate.type.DateType@7a8828f4
13:32:49.785 [Test worker] DEBUG org.hibernate.type.BasicTypeRegistry - Adding type registration java.sql.Date -> org.hibernate.type.DateType@7a8828f4
13:32:49.786 [Test worker] DEBUG org.hibernate.type.BasicTypeRegistry - Adding type registration time -> org.hibernate.type.TimeType@4168a11a
13:32:49.787 [Test worker] DEBUG org.hibernate.type.BasicTypeRegistry - Adding type registration java.sql.Time -> org.hibernate.type.TimeType@4168a11a
13:32:49.787 [Test worker] DEBUG org.hibernate.type.BasicTypeRegistry - Adding type registration timestamp -> org.hibernate.type.TimestampType@71dcd0d5
13:32:49.788 [Test worker] DEBUG org.hibernate.type.BasicTypeRegistry - Adding type registration java.sql.Timestamp -> org.hibernate.type.TimestampType@71dcd0d5
13:32:49.788 [Test worker] DEBUG org.hibernate.type.BasicTypeRegistry - Adding type registration java.util.Date -> org.hibernate.type.TimestampType@71dcd0d5
13:32:49.789 [Test worker] DEBUG org.hibernate.type.BasicTypeRegistry - Adding type registration dbtimestamp -> org.hibernate.type.DbTimestampType@5fc40eb8
13:32:49.789 [Test worker] DEBUG org.hibernate.type.BasicTypeRegistry - Adding type registration calendar -> org.hibernate.type.CalendarType@126ead40
13:32:49.789 [Test worker] DEBUG org.hibernate.type.BasicTypeRegistry - Adding type registration java.util.Calendar -> org.hibernate.type.CalendarType@126ead40
13:32:49.790 [Test worker] DEBUG org.hibernate.type.BasicTypeRegistry - Adding type registration java.util.GregorianCalendar -> org.hibernate.type.CalendarType@126ead40
13:32:49.790 [Test worker] DEBUG org.hibernate.type.BasicTypeRegistry - Adding type registration calendar_date -> org.hibernate.type.CalendarDateType@6982cf77
13:32:49.791 [Test worker] DEBUG org.hibernate.type.BasicTypeRegistry - Adding type registration locale -> org.hibernate.type.LocaleType@2ac50f03
13:32:49.791 [Test worker] DEBUG org.hibernate.type.BasicTypeRegistry - Adding type registration java.util.Locale -> org.hibernate.type.LocaleType@2ac50f03
13:32:49.792 [Test worker] DEBUG org.hibernate.type.BasicTypeRegistry - Adding type registration currency -> org.hibernate.type.CurrencyType@a12f7c3
13:32:49.792 [Test worker] DEBUG org.hibernate.type.BasicTypeRegistry - Adding type registration java.util.Currency -> org.hibernate.type.CurrencyType@a12f7c3
13:32:49.792 [Test worker] DEBUG org.hibernate.type.BasicTypeRegistry - Adding type registration timezone -> org.hibernate.type.TimeZoneType@e7b3f41
13:32:49.793 [Test worker] DEBUG org.hibernate.type.BasicTypeRegistry - Adding type registration java.util.TimeZone -> org.hibernate.type.TimeZoneType@e7b3f41
13:32:49.793 [Test worker] DEBUG org.hibernate.type.BasicTypeRegistry - Adding type registration class -> org.hibernate.type.ClassType@5a954930
13:32:49.793 [Test worker] DEBUG org.hibernate.type.BasicTypeRegistry - Adding type registration java.lang.Class -> org.hibernate.type.ClassType@5a954930
13:32:49.794 [Test worker] DEBUG org.hibernate.type.BasicTypeRegistry - Adding type registration uuid-binary -> org.hibernate.type.UUIDBinaryType@7884c6b6
13:32:49.794 [Test worker] DEBUG org.hibernate.type.BasicTypeRegistry - Adding type registration java.util.UUID -> org.hibernate.type.UUIDBinaryType@7884c6b6
13:32:49.795 [Test worker] DEBUG org.hibernate.type.BasicTypeRegistry - Adding type registration uuid-char -> org.hibernate.type.UUIDCharType@709f4e0c
13:32:49.796 [Test worker] DEBUG org.hibernate.type.BasicTypeRegistry - Adding type registration binary -> org.hibernate.type.BinaryType@6b217466
13:32:49.796 [Test worker] DEBUG org.hibernate.type.BasicTypeRegistry - Adding type registration byte[] -> org.hibernate.type.BinaryType@6b217466
13:32:49.796 [Test worker] DEBUG org.hibernate.type.BasicTypeRegistry - Adding type registration [B -> org.hibernate.type.BinaryType@6b217466
13:32:49.797 [Test worker] DEBUG org.hibernate.type.BasicTypeRegistry - Adding type registration wrapper-binary -> org.hibernate.type.WrapperBinaryType@4b927ddc
13:32:49.797 [Test worker] DEBUG org.hibernate.type.BasicTypeRegistry - Adding type registration Byte[] -> org.hibernate.type.WrapperBinaryType@4b927ddc
13:32:49.797 [Test worker] DEBUG org.hibernate.type.BasicTypeRegistry - Adding type registration [Ljava.lang.Byte; -> org.hibernate.type.WrapperBinaryType@4b927ddc
13:32:49.798 [Test worker] DEBUG org.hibernate.type.BasicTypeRegistry - Adding type registration row_version -> org.hibernate.type.RowVersionType@e226ba6
13:32:49.798 [Test worker] DEBUG org.hibernate.type.BasicTypeRegistry - Adding type registration image -> org.hibernate.type.ImageType@54551799
13:32:49.799 [Test worker] DEBUG org.hibernate.type.BasicTypeRegistry - Adding type registration characters -> org.hibernate.type.CharArrayType@71afc00a
13:32:49.799 [Test worker] DEBUG org.hibernate.type.BasicTypeRegistry - Adding type registration char[] -> org.hibernate.type.CharArrayType@71afc00a
13:32:49.799 [Test worker] DEBUG org.hibernate.type.BasicTypeRegistry - Adding type registration [C -> org.hibernate.type.CharArrayType@71afc00a
13:32:49.800 [Test worker] DEBUG org.hibernate.type.BasicTypeRegistry - Adding type registration wrapper-characters -> org.hibernate.type.CharacterArrayType@b0c998a
13:32:49.800 [Test worker] DEBUG org.hibernate.type.BasicTypeRegistry - Adding type registration [Ljava.lang.Character; -> org.hibernate.type.CharacterArrayType@b0c998a
13:32:49.800 [Test worker] DEBUG org.hibernate.type.BasicTypeRegistry - Adding type registration Character[] -> org.hibernate.type.CharacterArrayType@b0c998a
13:32:49.800 [Test worker] DEBUG org.hibernate.type.BasicTypeRegistry - Adding type registration text -> org.hibernate.type.TextType@4c9b9f40
13:32:49.801 [Test worker] DEBUG org.hibernate.type.BasicTypeRegistry - Adding type registration ntext -> org.hibernate.type.NTextType@3f310d16
13:32:49.803 [Test worker] DEBUG org.hibernate.type.BasicTypeRegistry - Adding type registration blob -> org.hibernate.type.BlobType@47ecfa15
13:32:49.804 [Test worker] DEBUG org.hibernate.type.BasicTypeRegistry - Adding type registration java.sql.Blob -> org.hibernate.type.BlobType@47ecfa15
13:32:49.804 [Test worker] DEBUG org.hibernate.type.BasicTypeRegistry - Adding type registration materialized_blob -> org.hibernate.type.MaterializedBlobType@3bdf7d1f
13:32:49.806 [Test worker] DEBUG org.hibernate.type.BasicTypeRegistry - Adding type registration clob -> org.hibernate.type.ClobType@79abadb1
13:32:49.806 [Test worker] DEBUG org.hibernate.type.BasicTypeRegistry - Adding type registration java.sql.Clob -> org.hibernate.type.ClobType@79abadb1
13:32:49.808 [Test worker] DEBUG org.hibernate.type.BasicTypeRegistry - Adding type registration nclob -> org.hibernate.type.NClobType@6ec7a99
13:32:49.809 [Test worker] DEBUG org.hibernate.type.BasicTypeRegistry - Adding type registration java.sql.NClob -> org.hibernate.type.NClobType@6ec7a99
13:32:49.809 [Test worker] DEBUG org.hibernate.type.BasicTypeRegistry - Adding type registration materialized_clob -> org.hibernate.type.MaterializedClobType@70944267
13:32:49.809 [Test worker] DEBUG org.hibernate.type.BasicTypeRegistry - Adding type registration materialized_nclob -> org.hibernate.type.MaterializedNClobType@1c621f9e
13:32:49.810 [Test worker] DEBUG org.hibernate.type.BasicTypeRegistry - Adding type registration serializable -> org.hibernate.type.SerializableType@56fd099c
13:32:49.813 [Test worker] DEBUG org.hibernate.type.BasicTypeRegistry - Adding type registration object -> org.hibernate.type.ObjectType@283fca5a
13:32:49.813 [Test worker] DEBUG org.hibernate.type.BasicTypeRegistry - Adding type registration java.lang.Object -> org.hibernate.type.ObjectType@283fca5a
13:32:49.813 [Test worker] DEBUG org.hibernate.type.BasicTypeRegistry - Adding type registration imm_date -> org.hibernate.type.AdaptedImmutableType@4b5947d0
13:32:49.813 [Test worker] DEBUG org.hibernate.type.BasicTypeRegistry - Adding type registration imm_time -> org.hibernate.type.AdaptedImmutableType@1d6229fb
13:32:49.813 [Test worker] DEBUG org.hibernate.type.BasicTypeRegistry - Adding type registration imm_timestamp -> org.hibernate.type.AdaptedImmutableType@5b87996c
13:32:49.813 [Test worker] DEBUG org.hibernate.type.BasicTypeRegistry - Adding type registration imm_dbtimestamp -> org.hibernate.type.AdaptedImmutableType@2ea38925
13:32:49.814 [Test worker] DEBUG org.hibernate.type.BasicTypeRegistry - Adding type registration imm_calendar -> org.hibernate.type.AdaptedImmutableType@2fc52ce6
13:32:49.814 [Test worker] DEBUG org.hibernate.type.BasicTypeRegistry - Adding type registration imm_calendar_date -> org.hibernate.type.AdaptedImmutableType@2364f514
13:32:49.814 [Test worker] DEBUG org.hibernate.type.BasicTypeRegistry - Adding type registration imm_binary -> org.hibernate.type.AdaptedImmutableType@444f54ed
13:32:49.814 [Test worker] DEBUG org.hibernate.type.BasicTypeRegistry - Adding type registration imm_serializable -> org.hibernate.type.AdaptedImmutableType@769707e0
13:32:49.820 [Test worker] DEBUG org.hibernate.engine.jdbc.env.internal.JdbcEnvironmentInitiator - Database ->
       name : H2
    version : 1.4.197 (2018-03-18)
      major : 1
      minor : 4
13:32:49.820 [Test worker] DEBUG org.hibernate.engine.jdbc.env.internal.JdbcEnvironmentInitiator - Driver ->
       name : H2 JDBC Driver
    version : 1.4.197 (2018-03-18)
      major : 1
      minor : 4
13:32:49.821 [Test worker] DEBUG org.hibernate.engine.jdbc.env.internal.JdbcEnvironmentInitiator - JDBC version : 4.0
13:32:49.830 [Test worker] INFO org.hibernate.dialect.Dialect - HHH000400: Using dialect: org.hibernate.dialect.H2Dialect
13:32:49.896 [Test worker] DEBUG org.hibernate.id.factory.internal.DefaultIdentifierGeneratorFactory - Registering IdentifierGenerator strategy [uuid2] -> [org.hibernate.id.UUIDGenerator]
13:32:49.897 [Test worker] DEBUG org.hibernate.id.factory.internal.DefaultIdentifierGeneratorFactory - Registering IdentifierGenerator strategy [guid] -> [org.hibernate.id.GUIDGenerator]
13:32:49.897 [Test worker] DEBUG org.hibernate.id.factory.internal.DefaultIdentifierGeneratorFactory - Registering IdentifierGenerator strategy [uuid] -> [org.hibernate.id.UUIDHexGenerator]
13:32:49.897 [Test worker] DEBUG org.hibernate.id.factory.internal.DefaultIdentifierGeneratorFactory - Registering IdentifierGenerator strategy [uuid.hex] -> [org.hibernate.id.UUIDHexGenerator]
13:32:49.897 [Test worker] DEBUG org.hibernate.id.factory.internal.DefaultIdentifierGeneratorFactory - Registering IdentifierGenerator strategy [assigned] -> [org.hibernate.id.Assigned]
13:32:49.898 [Test worker] DEBUG org.hibernate.id.factory.internal.DefaultIdentifierGeneratorFactory - Registering IdentifierGenerator strategy [identity] -> [org.hibernate.id.IdentityGenerator]
13:32:49.898 [Test worker] DEBUG org.hibernate.id.factory.internal.DefaultIdentifierGeneratorFactory - Registering IdentifierGenerator strategy [select] -> [org.hibernate.id.SelectGenerator]
13:32:49.899 [Test worker] DEBUG org.hibernate.id.factory.internal.DefaultIdentifierGeneratorFactory - Registering IdentifierGenerator strategy [sequence] -> [org.hibernate.id.enhanced.SequenceStyleGenerator]
13:32:49.899 [Test worker] DEBUG org.hibernate.id.factory.internal.DefaultIdentifierGeneratorFactory - Registering IdentifierGenerator strategy [seqhilo] -> [org.hibernate.id.SequenceHiLoGenerator]
13:32:49.900 [Test worker] DEBUG org.hibernate.id.factory.internal.DefaultIdentifierGeneratorFactory - Registering IdentifierGenerator strategy [increment] -> [org.hibernate.id.IncrementGenerator]
13:32:49.900 [Test worker] DEBUG org.hibernate.id.factory.internal.DefaultIdentifierGeneratorFactory - Registering IdentifierGenerator strategy [foreign] -> [org.hibernate.id.ForeignGenerator]
13:32:49.900 [Test worker] DEBUG org.hibernate.id.factory.internal.DefaultIdentifierGeneratorFactory - Registering IdentifierGenerator strategy [sequence-identity] -> [org.hibernate.id.SequenceIdentityGenerator]
13:32:49.901 [Test worker] DEBUG org.hibernate.id.factory.internal.DefaultIdentifierGeneratorFactory - Registering IdentifierGenerator strategy [enhanced-sequence] -> [org.hibernate.id.enhanced.SequenceStyleGenerator]
13:32:49.901 [Test worker] DEBUG org.hibernate.id.factory.internal.DefaultIdentifierGeneratorFactory - Registering IdentifierGenerator strategy [enhanced-table] -> [org.hibernate.id.enhanced.TableGenerator]
13:32:49.922 [Test worker] DEBUG org.hibernate.boot.model.relational.Namespace - Created database namespace [logicalName=Name{catalog=null, schema=null}, physicalName=Name{catalog=null, schema=null}]
13:32:49.936 [Test worker] DEBUG org.hibernate.cfg.AnnotationBinder - Binding entity from annotated class: loc.balsen.kontospring.data.Beleg
13:32:49.948 [Test worker] DEBUG org.hibernate.cfg.Ejb3Column - Binding column: Ejb3DiscriminatorColumn{logicalColumnName'DTYPE', discriminatorTypeName='string'}
13:32:49.951 [Test worker] DEBUG org.hibernate.cfg.annotations.EntityBinder - Import with entity name Beleg
13:32:49.952 [Test worker] DEBUG org.hibernate.cfg.annotations.EntityBinder - Bind entity loc.balsen.kontospring.data.Beleg on table buchungsbeleg
13:32:49.965 [Test worker] DEBUG org.hibernate.cfg.Ejb3Column - Binding column: Ejb3Column{table=org.hibernate.mapping.Table(buchungsbeleg), mappingColumn=id, insertable=true, updatable=true, unique=false}
13:32:49.967 [Test worker] DEBUG org.hibernate.cfg.annotations.PropertyBinder - MetadataSourceProcessor property id with lazy=false
13:32:49.968 [Test worker] DEBUG org.hibernate.cfg.AbstractPropertyHolder - Attempting to locate auto-apply AttributeConverter for property [loc.balsen.kontospring.data.Beleg:id]
13:32:49.968 [Test worker] DEBUG org.hibernate.cfg.annotations.SimpleValueBinder - building SimpleValue for id
13:32:49.970 [Test worker] DEBUG org.hibernate.cfg.annotations.PropertyBinder - Building property id
13:32:49.972 [Test worker] DEBUG org.hibernate.cfg.Ejb3Column - Binding column: Ejb3Column{table=org.hibernate.mapping.Table(buchungsbeleg), mappingColumn=referenz, insertable=true, updatable=true, unique=false}
13:32:49.972 [Test worker] DEBUG org.hibernate.cfg.annotations.PropertyBinder - MetadataSourceProcessor property Referenz with lazy=false
13:32:49.972 [Test worker] DEBUG org.hibernate.cfg.AbstractPropertyHolder - Attempting to locate auto-apply AttributeConverter for property [loc.balsen.kontospring.data.Beleg:Referenz]
13:32:49.972 [Test worker] DEBUG org.hibernate.cfg.annotations.SimpleValueBinder - building SimpleValue for Referenz
13:32:49.972 [Test worker] DEBUG org.hibernate.cfg.annotations.PropertyBinder - Building property Referenz
13:32:49.972 [Test worker] DEBUG org.hibernate.cfg.Ejb3Column - Binding column: Ejb3Column{table=org.hibernate.mapping.Table(buchungsbeleg), mappingColumn=absender, insertable=true, updatable=true, unique=false}
13:32:49.973 [Test worker] DEBUG org.hibernate.cfg.annotations.PropertyBinder - MetadataSourceProcessor property absender with lazy=false
13:32:49.973 [Test worker] DEBUG org.hibernate.cfg.AbstractPropertyHolder - Attempting to locate auto-apply AttributeConverter for property [loc.balsen.kontospring.data.Beleg:absender]
13:32:49.973 [Test worker] DEBUG org.hibernate.cfg.annotations.SimpleValueBinder - building SimpleValue for absender
13:32:49.973 [Test worker] DEBUG org.hibernate.cfg.annotations.PropertyBinder - Building property absender
13:32:49.973 [Test worker] DEBUG org.hibernate.cfg.Ejb3Column - Binding column: Ejb3Column{table=org.hibernate.mapping.Table(buchungsbeleg), mappingColumn=art, insertable=true, updatable=true, unique=false}
13:32:49.973 [Test worker] DEBUG org.hibernate.cfg.annotations.PropertyBinder - MetadataSourceProcessor property art with lazy=false
13:32:49.973 [Test worker] DEBUG org.hibernate.cfg.AbstractPropertyHolder - Attempting to locate auto-apply AttributeConverter for property [loc.balsen.kontospring.data.Beleg:art]
13:32:49.974 [Test worker] DEBUG org.hibernate.cfg.annotations.SimpleValueBinder - building SimpleValue for art
13:32:49.974 [Test worker] DEBUG org.hibernate.cfg.annotations.PropertyBinder - Building property art
13:32:49.974 [Test worker] DEBUG org.hibernate.cfg.Ejb3Column - Binding column: Ejb3Column{table=org.hibernate.mapping.Table(buchungsbeleg), mappingColumn=beleg, insertable=true, updatable=true, unique=false}
13:32:49.974 [Test worker] DEBUG org.hibernate.cfg.annotations.PropertyBinder - MetadataSourceProcessor property beleg with lazy=false
13:32:49.974 [Test worker] DEBUG org.hibernate.cfg.AbstractPropertyHolder - Attempting to locate auto-apply AttributeConverter for property [loc.balsen.kontospring.data.Beleg:beleg]
13:32:49.974 [Test worker] DEBUG org.hibernate.cfg.annotations.SimpleValueBinder - building SimpleValue for beleg
13:32:49.974 [Test worker] DEBUG org.hibernate.cfg.annotations.PropertyBinder - Building property beleg
13:32:49.974 [Test worker] DEBUG org.hibernate.cfg.Ejb3Column - Binding column: Ejb3Column{table=org.hibernate.mapping.Table(buchungsbeleg), mappingColumn=details, insertable=true, updatable=true, unique=false}
13:32:49.974 [Test worker] DEBUG org.hibernate.cfg.annotations.PropertyBinder - MetadataSourceProcessor property details with lazy=false
13:32:49.974 [Test worker] DEBUG org.hibernate.cfg.AbstractPropertyHolder - Attempting to locate auto-apply AttributeConverter for property [loc.balsen.kontospring.data.Beleg:details]
13:32:49.975 [Test worker] DEBUG org.hibernate.cfg.annotations.SimpleValueBinder - building SimpleValue for details
13:32:49.975 [Test worker] DEBUG org.hibernate.cfg.annotations.PropertyBinder - Building property details
13:32:49.975 [Test worker] DEBUG org.hibernate.cfg.Ejb3Column - Binding column: Ejb3Column{table=org.hibernate.mapping.Table(buchungsbeleg), mappingColumn=eingang, insertable=true, updatable=true, unique=false}
13:32:49.975 [Test worker] DEBUG org.hibernate.cfg.annotations.PropertyBinder - MetadataSourceProcessor property eingang with lazy=false
13:32:49.975 [Test worker] DEBUG org.hibernate.cfg.AbstractPropertyHolder - Attempting to locate auto-apply AttributeConverter for property [loc.balsen.kontospring.data.Beleg:eingang]
13:32:49.975 [Test worker] DEBUG org.hibernate.cfg.annotations.SimpleValueBinder - building SimpleValue for eingang
13:32:49.975 [Test worker] DEBUG org.hibernate.cfg.annotations.PropertyBinder - Building property eingang
13:32:49.975 [Test worker] DEBUG org.hibernate.cfg.Ejb3Column - Binding column: Ejb3Column{table=org.hibernate.mapping.Table(buchungsbeleg), mappingColumn=einreicherid, insertable=true, updatable=true, unique=false}
13:32:49.975 [Test worker] DEBUG org.hibernate.cfg.annotations.PropertyBinder - MetadataSourceProcessor property einreicherID with lazy=false
13:32:49.975 [Test worker] DEBUG org.hibernate.cfg.AbstractPropertyHolder - Attempting to locate auto-apply AttributeConverter for property [loc.balsen.kontospring.data.Beleg:einreicherID]
13:32:49.975 [Test worker] DEBUG org.hibernate.cfg.annotations.SimpleValueBinder - building SimpleValue for einreicherID
13:32:49.975 [Test worker] DEBUG org.hibernate.cfg.annotations.PropertyBinder - Building property einreicherID
13:32:49.975 [Test worker] DEBUG org.hibernate.cfg.Ejb3Column - Binding column: Ejb3Column{table=org.hibernate.mapping.Table(buchungsbeleg), mappingColumn=empfaenger, insertable=true, updatable=true, unique=false}
13:32:49.975 [Test worker] DEBUG org.hibernate.cfg.annotations.PropertyBinder - MetadataSourceProcessor property empfaenger with lazy=false
13:32:49.976 [Test worker] DEBUG org.hibernate.cfg.AbstractPropertyHolder - Attempting to locate auto-apply AttributeConverter for property [loc.balsen.kontospring.data.Beleg:empfaenger]
13:32:49.976 [Test worker] DEBUG org.hibernate.cfg.annotations.SimpleValueBinder - building SimpleValue for empfaenger
13:32:49.976 [Test worker] DEBUG org.hibernate.cfg.annotations.PropertyBinder - Building property empfaenger
13:32:49.976 [Test worker] DEBUG org.hibernate.cfg.Ejb3Column - Binding column: Ejb3Column{table=org.hibernate.mapping.Table(buchungsbeleg), mappingColumn=mandat, insertable=true, updatable=true, unique=false}
13:32:49.976 [Test worker] DEBUG org.hibernate.cfg.annotations.PropertyBinder - MetadataSourceProcessor property mandat with lazy=false
13:32:49.976 [Test worker] DEBUG org.hibernate.cfg.AbstractPropertyHolder - Attempting to locate auto-apply AttributeConverter for property [loc.balsen.kontospring.data.Beleg:mandat]
13:32:49.976 [Test worker] DEBUG org.hibernate.cfg.annotations.SimpleValueBinder - building SimpleValue for mandat
13:32:49.976 [Test worker] DEBUG org.hibernate.cfg.annotations.PropertyBinder - Building property mandat
13:32:49.976 [Test worker] DEBUG org.hibernate.cfg.Ejb3Column - Binding column: Ejb3Column{table=org.hibernate.mapping.Table(buchungsbeleg), mappingColumn=wert, insertable=true, updatable=true, unique=false}
13:32:49.976 [Test worker] DEBUG org.hibernate.cfg.annotations.PropertyBinder - MetadataSourceProcessor property wert with lazy=false
13:32:49.976 [Test worker] DEBUG org.hibernate.cfg.AbstractPropertyHolder - Attempting to locate auto-apply AttributeConverter for property [loc.balsen.kontospring.data.Beleg:wert]
13:32:49.976 [Test worker] DEBUG org.hibernate.cfg.annotations.SimpleValueBinder - building SimpleValue for wert
13:32:49.976 [Test worker] DEBUG org.hibernate.cfg.annotations.PropertyBinder - Building property wert
13:32:49.976 [Test worker] DEBUG org.hibernate.cfg.Ejb3Column - Binding column: Ejb3Column{table=org.hibernate.mapping.Table(buchungsbeleg), mappingColumn=wertstellung, insertable=true, updatable=true, unique=false}
13:32:49.977 [Test worker] DEBUG org.hibernate.cfg.annotations.PropertyBinder - MetadataSourceProcessor property wertstellung with lazy=false
13:32:49.977 [Test worker] DEBUG org.hibernate.cfg.AbstractPropertyHolder - Attempting to locate auto-apply AttributeConverter for property [loc.balsen.kontospring.data.Beleg:wertstellung]
13:32:49.977 [Test worker] DEBUG org.hibernate.cfg.annotations.SimpleValueBinder - building SimpleValue for wertstellung
13:32:49.977 [Test worker] DEBUG org.hibernate.cfg.annotations.PropertyBinder - Building property wertstellung
13:32:49.977 [Test worker] DEBUG org.hibernate.cfg.AnnotationBinder - Binding entity from annotated class: loc.balsen.kontospring.data.Konto
13:32:49.977 [Test worker] DEBUG org.hibernate.cfg.Ejb3Column - Binding column: Ejb3DiscriminatorColumn{logicalColumnName'DTYPE', discriminatorTypeName='string'}
13:32:49.977 [Test worker] DEBUG org.hibernate.cfg.annotations.EntityBinder - Import with entity name Konto
13:32:49.978 [Test worker] DEBUG org.hibernate.cfg.annotations.EntityBinder - Bind entity loc.balsen.kontospring.data.Konto on table konto
13:32:49.981 [Test worker] DEBUG org.hibernate.cfg.Ejb3Column - Binding column: Ejb3Column{table=org.hibernate.mapping.Table(konto), mappingColumn=id, insertable=true, updatable=true, unique=false}
13:32:49.981 [Test worker] DEBUG org.hibernate.cfg.annotations.PropertyBinder - MetadataSourceProcessor property id with lazy=false
13:32:49.981 [Test worker] DEBUG org.hibernate.cfg.AbstractPropertyHolder - Attempting to locate auto-apply AttributeConverter for property [loc.balsen.kontospring.data.Konto:id]
13:32:49.981 [Test worker] DEBUG org.hibernate.cfg.annotations.SimpleValueBinder - building SimpleValue for id
13:32:49.981 [Test worker] DEBUG org.hibernate.cfg.annotations.PropertyBinder - Building property id
13:32:49.981 [Test worker] DEBUG org.hibernate.cfg.Ejb3Column - Binding column: Ejb3Column{table=org.hibernate.mapping.Table(konto), mappingColumn=art, insertable=true, updatable=true, unique=false}
13:32:49.981 [Test worker] DEBUG org.hibernate.cfg.annotations.PropertyBinder - MetadataSourceProcessor property art with lazy=false
13:32:49.981 [Test worker] DEBUG org.hibernate.cfg.AbstractPropertyHolder - Attempting to locate auto-apply AttributeConverter for property [loc.balsen.kontospring.data.Konto:art]
13:32:49.981 [Test worker] DEBUG org.hibernate.cfg.annotations.SimpleValueBinder - building SimpleValue for art
13:32:49.982 [Test worker] DEBUG org.hibernate.cfg.annotations.PropertyBinder - Building property art
13:32:49.982 [Test worker] DEBUG org.hibernate.cfg.Ejb3Column - Binding column: Ejb3Column{table=org.hibernate.mapping.Table(konto), mappingColumn=description, insertable=true, updatable=true, unique=false}
13:32:49.982 [Test worker] DEBUG org.hibernate.cfg.annotations.PropertyBinder - MetadataSourceProcessor property description with lazy=false
13:32:49.982 [Test worker] DEBUG org.hibernate.cfg.AbstractPropertyHolder - Attempting to locate auto-apply AttributeConverter for property [loc.balsen.kontospring.data.Konto:description]
13:32:49.982 [Test worker] DEBUG org.hibernate.cfg.annotations.SimpleValueBinder - building SimpleValue for description
13:32:49.982 [Test worker] DEBUG org.hibernate.cfg.annotations.PropertyBinder - Building property description
13:32:49.983 [Test worker] DEBUG org.hibernate.cfg.Ejb3Column - Binding column: Ejb3JoinColumn{logicalColumnName='id_gruppe', referencedColumn='', mappedBy=''}
13:32:49.983 [Test worker] DEBUG org.hibernate.cfg.Ejb3Column - Binding column: Ejb3Column{table=org.hibernate.mapping.Table(konto), mappingColumn=konto_gruppe, insertable=true, updatable=true, unique=false}
13:32:49.985 [Test worker] DEBUG org.hibernate.cfg.annotations.PropertyBinder - Building property kontoGruppe
13:32:49.985 [Test worker] DEBUG org.hibernate.cfg.Ejb3Column - Binding column: Ejb3Column{table=org.hibernate.mapping.Table(konto), mappingColumn=shortdescription, insertable=true, updatable=true, unique=false}
13:32:49.985 [Test worker] DEBUG org.hibernate.cfg.annotations.PropertyBinder - MetadataSourceProcessor property shortdescription with lazy=false
13:32:49.985 [Test worker] DEBUG org.hibernate.cfg.AbstractPropertyHolder - Attempting to locate auto-apply AttributeConverter for property [loc.balsen.kontospring.data.Konto:shortdescription]
13:32:49.985 [Test worker] DEBUG org.hibernate.cfg.annotations.SimpleValueBinder - building SimpleValue for shortdescription
13:32:49.985 [Test worker] DEBUG org.hibernate.cfg.annotations.PropertyBinder - Building property shortdescription
13:32:49.986 [Test worker] DEBUG org.hibernate.cfg.AnnotationBinder - Binding entity from annotated class: loc.balsen.kontospring.data.KontoGruppe
13:32:49.986 [Test worker] DEBUG org.hibernate.cfg.Ejb3Column - Binding column: Ejb3DiscriminatorColumn{logicalColumnName'DTYPE', discriminatorTypeName='string'}
13:32:49.986 [Test worker] DEBUG org.hibernate.cfg.annotations.EntityBinder - Import with entity name KontoGruppe
13:32:49.986 [Test worker] DEBUG org.hibernate.cfg.annotations.EntityBinder - Bind entity loc.balsen.kontospring.data.KontoGruppe on table konto_gruppe
13:32:49.986 [Test worker] DEBUG org.hibernate.cfg.Ejb3Column - Binding column: Ejb3Column{table=org.hibernate.mapping.Table(konto_gruppe), mappingColumn=id, insertable=true, updatable=true, unique=false}
13:32:49.986 [Test worker] DEBUG org.hibernate.cfg.annotations.PropertyBinder - MetadataSourceProcessor property id with lazy=false
13:32:49.986 [Test worker] DEBUG org.hibernate.cfg.AbstractPropertyHolder - Attempting to locate auto-apply AttributeConverter for property [loc.balsen.kontospring.data.KontoGruppe:id]
13:32:49.986 [Test worker] DEBUG org.hibernate.cfg.annotations.SimpleValueBinder - building SimpleValue for id
13:32:49.986 [Test worker] DEBUG org.hibernate.cfg.annotations.PropertyBinder - Building property id
13:32:49.987 [Test worker] DEBUG org.hibernate.cfg.Ejb3Column - Binding column: Ejb3Column{table=org.hibernate.mapping.Table(konto_gruppe), mappingColumn=description, insertable=true, updatable=true, unique=false}
13:32:49.987 [Test worker] DEBUG org.hibernate.cfg.annotations.PropertyBinder - MetadataSourceProcessor property description with lazy=false
13:32:49.987 [Test worker] DEBUG org.hibernate.cfg.AbstractPropertyHolder - Attempting to locate auto-apply AttributeConverter for property [loc.balsen.kontospring.data.KontoGruppe:description]
13:32:49.987 [Test worker] DEBUG org.hibernate.cfg.annotations.SimpleValueBinder - building SimpleValue for description
13:32:49.987 [Test worker] DEBUG org.hibernate.cfg.annotations.PropertyBinder - Building property description
13:32:49.987 [Test worker] DEBUG org.hibernate.cfg.Ejb3Column - Binding column: Ejb3Column{table=org.hibernate.mapping.Table(konto_gruppe), mappingColumn=shortdescription, insertable=true, updatable=true, unique=false}
13:32:49.987 [Test worker] DEBUG org.hibernate.cfg.annotations.PropertyBinder - MetadataSourceProcessor property shortdescription with lazy=false
13:32:49.987 [Test worker] DEBUG org.hibernate.cfg.AbstractPropertyHolder - Attempting to locate auto-apply AttributeConverter for property [loc.balsen.kontospring.data.KontoGruppe:shortdescription]
13:32:49.987 [Test worker] DEBUG org.hibernate.cfg.annotations.SimpleValueBinder - building SimpleValue for shortdescription
13:32:49.987 [Test worker] DEBUG org.hibernate.cfg.annotations.PropertyBinder - Building property shortdescription
13:32:49.987 [Test worker] DEBUG org.hibernate.cfg.AnnotationBinder - Binding entity from annotated class: loc.balsen.kontospring.data.Plan
13:32:49.987 [Test worker] DEBUG org.hibernate.cfg.Ejb3Column - Binding column: Ejb3DiscriminatorColumn{logicalColumnName'DTYPE', discriminatorTypeName='string'}
13:32:49.987 [Test worker] DEBUG org.hibernate.cfg.annotations.EntityBinder - Import with entity name Plan
13:32:49.987 [Test worker] DEBUG org.hibernate.cfg.annotations.EntityBinder - Bind entity loc.balsen.kontospring.data.Plan on table plan
13:32:49.988 [Test worker] DEBUG org.hibernate.cfg.Ejb3Column - Binding column: Ejb3Column{table=org.hibernate.mapping.Table(plan), mappingColumn=id, insertable=true, updatable=true, unique=false}
13:32:49.988 [Test worker] DEBUG org.hibernate.cfg.annotations.PropertyBinder - MetadataSourceProcessor property id with lazy=false
13:32:49.988 [Test worker] DEBUG org.hibernate.cfg.AbstractPropertyHolder - Attempting to locate auto-apply AttributeConverter for property [loc.balsen.kontospring.data.Plan:id]
13:32:49.988 [Test worker] DEBUG org.hibernate.cfg.annotations.SimpleValueBinder - building SimpleValue for id
13:32:49.989 [Test worker] DEBUG org.hibernate.cfg.annotations.PropertyBinder - Building property id
13:32:49.989 [Test worker] DEBUG org.hibernate.cfg.Ejb3Column - Binding column: Ejb3Column{table=org.hibernate.mapping.Table(plan), mappingColumn=creationdate, insertable=true, updatable=true, unique=false}
13:32:49.989 [Test worker] DEBUG org.hibernate.cfg.annotations.PropertyBinder - MetadataSourceProcessor property creationdate with lazy=false
13:32:49.989 [Test worker] DEBUG org.hibernate.cfg.AbstractPropertyHolder - Attempting to locate auto-apply AttributeConverter for property [loc.balsen.kontospring.data.Plan:creationdate]
13:32:49.989 [Test worker] DEBUG org.hibernate.cfg.annotations.SimpleValueBinder - building SimpleValue for creationdate
13:32:49.989 [Test worker] DEBUG org.hibernate.cfg.annotations.PropertyBinder - Building property creationdate
13:32:49.989 [Test worker] DEBUG org.hibernate.cfg.Ejb3Column - Binding column: Ejb3Column{table=org.hibernate.mapping.Table(plan), mappingColumn=description, insertable=true, updatable=true, unique=false}
13:32:49.989 [Test worker] DEBUG org.hibernate.cfg.annotations.PropertyBinder - MetadataSourceProcessor property description with lazy=false
13:32:49.989 [Test worker] DEBUG org.hibernate.cfg.AbstractPropertyHolder - Attempting to locate auto-apply AttributeConverter for property [loc.balsen.kontospring.data.Plan:description]
13:32:49.989 [Test worker] DEBUG org.hibernate.cfg.annotations.SimpleValueBinder - building SimpleValue for description
13:32:49.989 [Test worker] DEBUG org.hibernate.cfg.annotations.PropertyBinder - Building property description
13:32:49.989 [Test worker] DEBUG org.hibernate.cfg.Ejb3Column - Binding column: Ejb3Column{table=org.hibernate.mapping.Table(plan), mappingColumn=enddate, insertable=true, updatable=true, unique=false}
13:32:49.989 [Test worker] DEBUG org.hibernate.cfg.annotations.PropertyBinder - MetadataSourceProcessor property enddate with lazy=false
13:32:49.989 [Test worker] DEBUG org.hibernate.cfg.AbstractPropertyHolder - Attempting to locate auto-apply AttributeConverter for property [loc.balsen.kontospring.data.Plan:enddate]
13:32:49.990 [Test worker] DEBUG org.hibernate.cfg.annotations.SimpleValueBinder - building SimpleValue for enddate
13:32:49.990 [Test worker] DEBUG org.hibernate.cfg.annotations.PropertyBinder - Building property enddate
13:32:49.990 [Test worker] DEBUG org.hibernate.cfg.Ejb3Column - Binding column: Ejb3JoinColumn{logicalColumnName='konto', referencedColumn='', mappedBy=''}
13:32:49.990 [Test worker] DEBUG org.hibernate.cfg.Ejb3Column - Binding column: Ejb3Column{table=org.hibernate.mapping.Table(plan), mappingColumn=konto, insertable=true, updatable=true, unique=false}
13:32:49.990 [Test worker] DEBUG org.hibernate.cfg.annotations.PropertyBinder - Building property konto
13:32:49.990 [Test worker] DEBUG org.hibernate.cfg.Ejb3Column - Binding column: Ejb3Column{table=org.hibernate.mapping.Table(plan), mappingColumn=pattern, insertable=true, updatable=true, unique=false}
13:32:49.990 [Test worker] DEBUG org.hibernate.cfg.annotations.PropertyBinder - MetadataSourceProcessor property pattern with lazy=false
13:32:49.990 [Test worker] DEBUG org.hibernate.cfg.AbstractPropertyHolder - Attempting to locate auto-apply AttributeConverter for property [loc.balsen.kontospring.data.Plan:pattern]
13:32:49.990 [Test worker] DEBUG org.hibernate.cfg.annotations.SimpleValueBinder - building SimpleValue for pattern
13:32:49.990 [Test worker] DEBUG org.hibernate.cfg.annotations.PropertyBinder - Building property pattern
13:32:49.990 [Test worker] DEBUG org.hibernate.cfg.Ejb3Column - Binding column: Ejb3Column{table=org.hibernate.mapping.Table(plan), mappingColumn=plan_art, insertable=true, updatable=true, unique=false}
13:32:49.990 [Test worker] DEBUG org.hibernate.cfg.annotations.PropertyBinder - MetadataSourceProcessor property planArt with lazy=false
13:32:49.990 [Test worker] DEBUG org.hibernate.cfg.AbstractPropertyHolder - Attempting to locate auto-apply AttributeConverter for property [loc.balsen.kontospring.data.Plan:planArt]
13:32:49.991 [Test worker] DEBUG org.hibernate.cfg.annotations.SimpleValueBinder - building SimpleValue for planArt
13:32:49.991 [Test worker] DEBUG org.hibernate.cfg.annotations.PropertyBinder - Building property planArt
13:32:49.991 [Test worker] DEBUG org.hibernate.cfg.Ejb3Column - Binding column: Ejb3Column{table=org.hibernate.mapping.Table(plan), mappingColumn=plandate, insertable=true, updatable=true, unique=false}
13:32:49.991 [Test worker] DEBUG org.hibernate.cfg.annotations.PropertyBinder - MetadataSourceProcessor property plandate with lazy=false
13:32:49.991 [Test worker] DEBUG org.hibernate.cfg.AbstractPropertyHolder - Attempting to locate auto-apply AttributeConverter for property [loc.balsen.kontospring.data.Plan:plandate]
13:32:49.991 [Test worker] DEBUG org.hibernate.cfg.annotations.SimpleValueBinder - building SimpleValue for plandate
13:32:49.991 [Test worker] DEBUG org.hibernate.cfg.annotations.PropertyBinder - Building property plandate
13:32:49.991 [Test worker] DEBUG org.hibernate.cfg.Ejb3Column - Binding column: Ejb3Column{table=org.hibernate.mapping.Table(plan), mappingColumn=position, insertable=true, updatable=true, unique=false}
13:32:49.991 [Test worker] DEBUG org.hibernate.cfg.annotations.PropertyBinder - MetadataSourceProcessor property position with lazy=false
13:32:49.991 [Test worker] DEBUG org.hibernate.cfg.AbstractPropertyHolder - Attempting to locate auto-apply AttributeConverter for property [loc.balsen.kontospring.data.Plan:position]
13:32:49.991 [Test worker] DEBUG org.hibernate.cfg.annotations.SimpleValueBinder - building SimpleValue for position
13:32:49.991 [Test worker] DEBUG org.hibernate.cfg.annotations.PropertyBinder - Building property position
13:32:49.991 [Test worker] DEBUG org.hibernate.cfg.Ejb3Column - Binding column: Ejb3Column{table=org.hibernate.mapping.Table(plan), mappingColumn=shortdescription, insertable=true, updatable=true, unique=false}
13:32:49.992 [Test worker] DEBUG org.hibernate.cfg.annotations.PropertyBinder - MetadataSourceProcessor property shortdescription with lazy=false
13:32:49.992 [Test worker] DEBUG org.hibernate.cfg.AbstractPropertyHolder - Attempting to locate auto-apply AttributeConverter for property [loc.balsen.kontospring.data.Plan:shortdescription]
13:32:49.992 [Test worker] DEBUG org.hibernate.cfg.annotations.SimpleValueBinder - building SimpleValue for shortdescription
13:32:49.992 [Test worker] DEBUG org.hibernate.cfg.annotations.PropertyBinder - Building property shortdescription
13:32:49.992 [Test worker] DEBUG org.hibernate.cfg.Ejb3Column - Binding column: Ejb3Column{table=org.hibernate.mapping.Table(plan), mappingColumn=startdate, insertable=true, updatable=true, unique=false}
13:32:49.992 [Test worker] DEBUG org.hibernate.cfg.annotations.PropertyBinder - MetadataSourceProcessor property startdate with lazy=false
13:32:49.992 [Test worker] DEBUG org.hibernate.cfg.AbstractPropertyHolder - Attempting to locate auto-apply AttributeConverter for property [loc.balsen.kontospring.data.Plan:startdate]
13:32:49.992 [Test worker] DEBUG org.hibernate.cfg.annotations.SimpleValueBinder - building SimpleValue for startdate
13:32:49.992 [Test worker] DEBUG org.hibernate.cfg.annotations.PropertyBinder - Building property startdate
13:32:49.992 [Test worker] DEBUG org.hibernate.cfg.Ejb3Column - Binding column: Ejb3JoinColumn{logicalColumnName='template', referencedColumn='', mappedBy=''}
13:32:49.992 [Test worker] DEBUG org.hibernate.cfg.Ejb3Column - Binding column: Ejb3Column{table=org.hibernate.mapping.Table(plan), mappingColumn=template, insertable=true, updatable=true, unique=false}
13:32:49.992 [Test worker] DEBUG org.hibernate.cfg.annotations.PropertyBinder - Building property template
13:32:49.992 [Test worker] DEBUG org.hibernate.cfg.Ejb3Column - Binding column: Ejb3Column{table=org.hibernate.mapping.Table(plan), mappingColumn=wert, insertable=true, updatable=true, unique=false}
13:32:49.993 [Test worker] DEBUG org.hibernate.cfg.annotations.PropertyBinder - MetadataSourceProcessor property wert with lazy=false
13:32:49.993 [Test worker] DEBUG org.hibernate.cfg.AbstractPropertyHolder - Attempting to locate auto-apply AttributeConverter for property [loc.balsen.kontospring.data.Plan:wert]
13:32:49.993 [Test worker] DEBUG org.hibernate.cfg.annotations.SimpleValueBinder - building SimpleValue for wert
13:32:49.993 [Test worker] DEBUG org.hibernate.cfg.annotations.PropertyBinder - Building property wert
13:32:49.993 [Test worker] DEBUG org.hibernate.cfg.AnnotationBinder - Binding entity from annotated class: loc.balsen.kontospring.data.PlanHistory
13:32:49.993 [Test worker] DEBUG org.hibernate.cfg.Ejb3Column - Binding column: Ejb3DiscriminatorColumn{logicalColumnName'DTYPE', discriminatorTypeName='string'}
13:32:49.993 [Test worker] DEBUG org.hibernate.cfg.annotations.EntityBinder - Import with entity name PlanHistory
13:32:49.993 [Test worker] DEBUG org.hibernate.cfg.annotations.EntityBinder - Bind entity loc.balsen.kontospring.data.PlanHistory on table plan_history
13:32:49.994 [Test worker] DEBUG org.hibernate.cfg.Ejb3Column - Binding column: Ejb3Column{table=org.hibernate.mapping.Table(plan_history), mappingColumn=id, insertable=true, updatable=true, unique=false}
13:32:49.994 [Test worker] DEBUG org.hibernate.cfg.annotations.PropertyBinder - MetadataSourceProcessor property id with lazy=false
13:32:49.994 [Test worker] DEBUG org.hibernate.cfg.AbstractPropertyHolder - Attempting to locate auto-apply AttributeConverter for property [loc.balsen.kontospring.data.PlanHistory:id]
13:32:49.994 [Test worker] DEBUG org.hibernate.cfg.annotations.SimpleValueBinder - building SimpleValue for id
13:32:49.995 [Test worker] DEBUG org.hibernate.cfg.annotations.PropertyBinder - Building property id
13:32:49.995 [Test worker] DEBUG org.hibernate.cfg.Ejb3Column - Binding column: Ejb3Column{table=org.hibernate.mapping.Table(plan_history), mappingColumn=creationdate, insertable=true, updatable=true, unique=false}
13:32:49.995 [Test worker] DEBUG org.hibernate.cfg.annotations.PropertyBinder - MetadataSourceProcessor property creationdate with lazy=false
13:32:49.995 [Test worker] DEBUG org.hibernate.cfg.AbstractPropertyHolder - Attempting to locate auto-apply AttributeConverter for property [loc.balsen.kontospring.data.PlanHistory:creationdate]
13:32:49.995 [Test worker] DEBUG org.hibernate.cfg.annotations.SimpleValueBinder - building SimpleValue for creationdate
13:32:49.995 [Test worker] DEBUG org.hibernate.cfg.annotations.PropertyBinder - Building property creationdate
13:32:49.995 [Test worker] DEBUG org.hibernate.cfg.Ejb3Column - Binding column: Ejb3Column{table=org.hibernate.mapping.Table(plan_history), mappingColumn=deactivatedate, insertable=true, updatable=true, unique=false}
13:32:49.995 [Test worker] DEBUG org.hibernate.cfg.annotations.PropertyBinder - MetadataSourceProcessor property deactivatedate with lazy=false
13:32:49.995 [Test worker] DEBUG org.hibernate.cfg.AbstractPropertyHolder - Attempting to locate auto-apply AttributeConverter for property [loc.balsen.kontospring.data.PlanHistory:deactivatedate]
13:32:49.995 [Test worker] DEBUG org.hibernate.cfg.annotations.SimpleValueBinder - building SimpleValue for deactivatedate
13:32:49.995 [Test worker] DEBUG org.hibernate.cfg.annotations.PropertyBinder - Building property deactivatedate
13:32:49.995 [Test worker] DEBUG org.hibernate.cfg.Ejb3Column - Binding column: Ejb3Column{table=org.hibernate.mapping.Table(plan_history), mappingColumn=description, insertable=true, updatable=true, unique=false}
13:32:49.995 [Test worker] DEBUG org.hibernate.cfg.annotations.PropertyBinder - MetadataSourceProcessor property description with lazy=false
13:32:49.995 [Test worker] DEBUG org.hibernate.cfg.AbstractPropertyHolder - Attempting to locate auto-apply AttributeConverter for property [loc.balsen.kontospring.data.PlanHistory:description]
13:32:49.995 [Test worker] DEBUG org.hibernate.cfg.annotations.SimpleValueBinder - building SimpleValue for description
13:32:49.996 [Test worker] DEBUG org.hibernate.cfg.annotations.PropertyBinder - Building property description
13:32:49.996 [Test worker] DEBUG org.hibernate.cfg.Ejb3Column - Binding column: Ejb3Column{table=org.hibernate.mapping.Table(plan_history), mappingColumn=enddate, insertable=true, updatable=true, unique=false}
13:32:49.996 [Test worker] DEBUG org.hibernate.cfg.annotations.PropertyBinder - MetadataSourceProcessor property enddate with lazy=false
13:32:49.996 [Test worker] DEBUG org.hibernate.cfg.AbstractPropertyHolder - Attempting to locate auto-apply AttributeConverter for property [loc.balsen.kontospring.data.PlanHistory:enddate]
13:32:49.996 [Test worker] DEBUG org.hibernate.cfg.annotations.SimpleValueBinder - building SimpleValue for enddate
13:32:49.996 [Test worker] DEBUG org.hibernate.cfg.annotations.PropertyBinder - Building property enddate
13:32:49.996 [Test worker] DEBUG org.hibernate.cfg.Ejb3Column - Binding column: Ejb3JoinColumn{logicalColumnName='konto', referencedColumn='', mappedBy=''}
13:32:49.996 [Test worker] DEBUG org.hibernate.cfg.Ejb3Column - Binding column: Ejb3Column{table=org.hibernate.mapping.Table(plan_history), mappingColumn=konto, insertable=true, updatable=true, unique=false}
13:32:49.996 [Test worker] DEBUG org.hibernate.cfg.annotations.PropertyBinder - Building property konto
13:32:49.996 [Test worker] DEBUG org.hibernate.cfg.Ejb3Column - Binding column: Ejb3Column{table=org.hibernate.mapping.Table(plan_history), mappingColumn=pattern, insertable=true, updatable=true, unique=false}
13:32:49.996 [Test worker] DEBUG org.hibernate.cfg.annotations.PropertyBinder - MetadataSourceProcessor property pattern with lazy=false
13:32:49.996 [Test worker] DEBUG org.hibernate.cfg.AbstractPropertyHolder - Attempting to locate auto-apply AttributeConverter for property [loc.balsen.kontospring.data.PlanHistory:pattern]
13:32:49.996 [Test worker] DEBUG org.hibernate.cfg.annotations.SimpleValueBinder - building SimpleValue for pattern
13:32:49.996 [Test worker] DEBUG org.hibernate.cfg.annotations.PropertyBinder - Building property pattern
13:32:49.997 [Test worker] DEBUG org.hibernate.cfg.Ejb3Column - Binding column: Ejb3Column{table=org.hibernate.mapping.Table(plan_history), mappingColumn=plan_art, insertable=true, updatable=true, unique=false}
13:32:49.997 [Test worker] DEBUG org.hibernate.cfg.annotations.PropertyBinder - MetadataSourceProcessor property planArt with lazy=false
13:32:49.997 [Test worker] DEBUG org.hibernate.cfg.AbstractPropertyHolder - Attempting to locate auto-apply AttributeConverter for property [loc.balsen.kontospring.data.PlanHistory:planArt]
13:32:49.997 [Test worker] DEBUG org.hibernate.cfg.annotations.SimpleValueBinder - building SimpleValue for planArt
13:32:49.997 [Test worker] DEBUG org.hibernate.cfg.annotations.PropertyBinder - Building property planArt
13:32:49.997 [Test worker] DEBUG org.hibernate.cfg.Ejb3Column - Binding column: Ejb3Column{table=org.hibernate.mapping.Table(plan_history), mappingColumn=plandate, insertable=true, updatable=true, unique=false}
13:32:49.997 [Test worker] DEBUG org.hibernate.cfg.annotations.PropertyBinder - MetadataSourceProcessor property plandate with lazy=false
13:32:49.997 [Test worker] DEBUG org.hibernate.cfg.AbstractPropertyHolder - Attempting to locate auto-apply AttributeConverter for property [loc.balsen.kontospring.data.PlanHistory:plandate]
13:32:49.997 [Test worker] DEBUG org.hibernate.cfg.annotations.SimpleValueBinder - building SimpleValue for plandate
13:32:49.997 [Test worker] DEBUG org.hibernate.cfg.annotations.PropertyBinder - Building property plandate
13:32:49.997 [Test worker] DEBUG org.hibernate.cfg.Ejb3Column - Binding column: Ejb3Column{table=org.hibernate.mapping.Table(plan_history), mappingColumn=position, insertable=true, updatable=true, unique=false}
13:32:49.997 [Test worker] DEBUG org.hibernate.cfg.annotations.PropertyBinder - MetadataSourceProcessor property position with lazy=false
13:32:49.997 [Test worker] DEBUG org.hibernate.cfg.AbstractPropertyHolder - Attempting to locate auto-apply AttributeConverter for property [loc.balsen.kontospring.data.PlanHistory:position]
13:32:49.997 [Test worker] DEBUG org.hibernate.cfg.annotations.SimpleValueBinder - building SimpleValue for position
13:32:49.997 [Test worker] DEBUG org.hibernate.cfg.annotations.PropertyBinder - Building property position
13:32:49.997 [Test worker] DEBUG org.hibernate.cfg.Ejb3Column - Binding column: Ejb3Column{table=org.hibernate.mapping.Table(plan_history), mappingColumn=shortdescription, insertable=true, updatable=true, unique=false}
13:32:49.997 [Test worker] DEBUG org.hibernate.cfg.annotations.PropertyBinder - MetadataSourceProcessor property shortdescription with lazy=false
13:32:49.998 [Test worker] DEBUG org.hibernate.cfg.AbstractPropertyHolder - Attempting to locate auto-apply AttributeConverter for property [loc.balsen.kontospring.data.PlanHistory:shortdescription]
13:32:49.998 [Test worker] DEBUG org.hibernate.cfg.annotations.SimpleValueBinder - building SimpleValue for shortdescription
13:32:49.998 [Test worker] DEBUG org.hibernate.cfg.annotations.PropertyBinder - Building property shortdescription
13:32:49.998 [Test worker] DEBUG org.hibernate.cfg.Ejb3Column - Binding column: Ejb3Column{table=org.hibernate.mapping.Table(plan_history), mappingColumn=startdate, insertable=true, updatable=true, unique=false}
13:32:49.998 [Test worker] DEBUG org.hibernate.cfg.annotations.PropertyBinder - MetadataSourceProcessor property startdate with lazy=false
13:32:49.998 [Test worker] DEBUG org.hibernate.cfg.AbstractPropertyHolder - Attempting to locate auto-apply AttributeConverter for property [loc.balsen.kontospring.data.PlanHistory:startdate]
13:32:49.998 [Test worker] DEBUG org.hibernate.cfg.annotations.SimpleValueBinder - building SimpleValue for startdate
13:32:49.998 [Test worker] DEBUG org.hibernate.cfg.annotations.PropertyBinder - Building property startdate
13:32:49.998 [Test worker] DEBUG org.hibernate.cfg.Ejb3Column - Binding column: Ejb3Column{table=org.hibernate.mapping.Table(plan_history), mappingColumn=template, insertable=true, updatable=true, unique=false}
13:32:49.998 [Test worker] DEBUG org.hibernate.cfg.annotations.PropertyBinder - MetadataSourceProcessor property template with lazy=false
13:32:49.998 [Test worker] DEBUG org.hibernate.cfg.AbstractPropertyHolder - Attempting to locate auto-apply AttributeConverter for property [loc.balsen.kontospring.data.PlanHistory:template]
13:32:49.998 [Test worker] DEBUG org.hibernate.cfg.annotations.SimpleValueBinder - building SimpleValue for template
13:32:49.998 [Test worker] DEBUG org.hibernate.cfg.annotations.PropertyBinder - Building property template
13:32:49.998 [Test worker] DEBUG org.hibernate.cfg.Ejb3Column - Binding column: Ejb3Column{table=org.hibernate.mapping.Table(plan_history), mappingColumn=wert, insertable=true, updatable=true, unique=false}
13:32:49.998 [Test worker] DEBUG org.hibernate.cfg.annotations.PropertyBinder - MetadataSourceProcessor property wert with lazy=false
13:32:49.998 [Test worker] DEBUG org.hibernate.cfg.AbstractPropertyHolder - Attempting to locate auto-apply AttributeConverter for property [loc.balsen.kontospring.data.PlanHistory:wert]
13:32:49.999 [Test worker] DEBUG org.hibernate.cfg.annotations.SimpleValueBinder - building SimpleValue for wert
13:32:49.999 [Test worker] DEBUG org.hibernate.cfg.annotations.PropertyBinder - Building property wert
13:32:49.999 [Test worker] DEBUG org.hibernate.cfg.AnnotationBinder - Binding entity from annotated class: loc.balsen.kontospring.data.Template
13:32:49.999 [Test worker] DEBUG org.hibernate.cfg.Ejb3Column - Binding column: Ejb3DiscriminatorColumn{logicalColumnName'DTYPE', discriminatorTypeName='string'}
13:32:49.999 [Test worker] DEBUG org.hibernate.cfg.annotations.EntityBinder - Import with entity name Template
13:32:49.999 [Test worker] DEBUG org.hibernate.cfg.annotations.EntityBinder - Bind entity loc.balsen.kontospring.data.Template on table template
13:32:50.000 [Test worker] DEBUG org.hibernate.cfg.Ejb3Column - Binding column: Ejb3Column{table=org.hibernate.mapping.Table(template), mappingColumn=id, insertable=true, updatable=true, unique=false}
13:32:50.000 [Test worker] DEBUG org.hibernate.cfg.annotations.PropertyBinder - MetadataSourceProcessor property id with lazy=false
13:32:50.000 [Test worker] DEBUG org.hibernate.cfg.AbstractPropertyHolder - Attempting to locate auto-apply AttributeConverter for property [loc.balsen.kontospring.data.Template:id]
13:32:50.001 [Test worker] DEBUG org.hibernate.cfg.annotations.SimpleValueBinder - building SimpleValue for id
13:32:50.001 [Test worker] DEBUG org.hibernate.cfg.annotations.PropertyBinder - Building property id
13:32:50.001 [Test worker] DEBUG org.hibernate.cfg.Ejb3Column - Binding column: Ejb3Column{table=org.hibernate.mapping.Table(template), mappingColumn=anzahl_rythmus, insertable=true, updatable=true, unique=false}
13:32:50.001 [Test worker] DEBUG org.hibernate.cfg.annotations.PropertyBinder - MetadataSourceProcessor property anzahlRythmus with lazy=false
13:32:50.001 [Test worker] DEBUG org.hibernate.cfg.AbstractPropertyHolder - Attempting to locate auto-apply AttributeConverter for property [loc.balsen.kontospring.data.Template:anzahlRythmus]
13:32:50.001 [Test worker] DEBUG org.hibernate.cfg.annotations.SimpleValueBinder - building SimpleValue for anzahlRythmus
13:32:50.001 [Test worker] DEBUG org.hibernate.cfg.annotations.PropertyBinder - Building property anzahlRythmus
13:32:50.001 [Test worker] DEBUG org.hibernate.cfg.Ejb3Column - Binding column: Ejb3Column{table=org.hibernate.mapping.Table(template), mappingColumn=description, insertable=true, updatable=true, unique=false}
13:32:50.001 [Test worker] DEBUG org.hibernate.cfg.annotations.PropertyBinder - MetadataSourceProcessor property description with lazy=false
13:32:50.001 [Test worker] DEBUG org.hibernate.cfg.AbstractPropertyHolder - Attempting to locate auto-apply AttributeConverter for property [loc.balsen.kontospring.data.Template:description]
13:32:50.001 [Test worker] DEBUG org.hibernate.cfg.annotations.SimpleValueBinder - building SimpleValue for description
13:32:50.001 [Test worker] DEBUG org.hibernate.cfg.annotations.PropertyBinder - Building property description
13:32:50.002 [Test worker] DEBUG org.hibernate.cfg.Ejb3Column - Binding column: Ejb3Column{table=org.hibernate.mapping.Table(template), mappingColumn=gueltig_bis, insertable=true, updatable=true, unique=false}
13:32:50.002 [Test worker] DEBUG org.hibernate.cfg.annotations.PropertyBinder - MetadataSourceProcessor property gueltigBis with lazy=false
13:32:50.002 [Test worker] DEBUG org.hibernate.cfg.AbstractPropertyHolder - Attempting to locate auto-apply AttributeConverter for property [loc.balsen.kontospring.data.Template:gueltigBis]
13:32:50.002 [Test worker] DEBUG org.hibernate.cfg.annotations.SimpleValueBinder - building SimpleValue for gueltigBis
13:32:50.002 [Test worker] DEBUG org.hibernate.cfg.annotations.PropertyBinder - Building property gueltigBis
13:32:50.002 [Test worker] DEBUG org.hibernate.cfg.Ejb3Column - Binding column: Ejb3Column{table=org.hibernate.mapping.Table(template), mappingColumn=gueltig_von, insertable=true, updatable=true, unique=false}
13:32:50.002 [Test worker] DEBUG org.hibernate.cfg.annotations.PropertyBinder - MetadataSourceProcessor property gueltigVon with lazy=false
13:32:50.002 [Test worker] DEBUG org.hibernate.cfg.AbstractPropertyHolder - Attempting to locate auto-apply AttributeConverter for property [loc.balsen.kontospring.data.Template:gueltigVon]
13:32:50.002 [Test worker] DEBUG org.hibernate.cfg.annotations.SimpleValueBinder - building SimpleValue for gueltigVon
13:32:50.002 [Test worker] DEBUG org.hibernate.cfg.annotations.PropertyBinder - Building property gueltigVon
13:32:50.002 [Test worker] DEBUG org.hibernate.cfg.Ejb3Column - Binding column: Ejb3JoinColumn{logicalColumnName='konto', referencedColumn='', mappedBy=''}
13:32:50.002 [Test worker] DEBUG org.hibernate.cfg.Ejb3Column - Binding column: Ejb3Column{table=org.hibernate.mapping.Table(template), mappingColumn=konto, insertable=true, updatable=true, unique=false}
13:32:50.002 [Test worker] DEBUG org.hibernate.cfg.annotations.PropertyBinder - Building property konto
13:32:50.002 [Test worker] DEBUG org.hibernate.cfg.Ejb3Column - Binding column: Ejb3Column{table=org.hibernate.mapping.Table(template), mappingColumn=next, insertable=true, updatable=true, unique=false}
13:32:50.003 [Test worker] DEBUG org.hibernate.cfg.annotations.PropertyBinder - MetadataSourceProcessor property next with lazy=false
13:32:50.003 [Test worker] DEBUG org.hibernate.cfg.AbstractPropertyHolder - Attempting to locate auto-apply AttributeConverter for property [loc.balsen.kontospring.data.Template:next]
13:32:50.003 [Test worker] DEBUG org.hibernate.cfg.annotations.SimpleValueBinder - building SimpleValue for next
13:32:50.003 [Test worker] DEBUG org.hibernate.cfg.annotations.PropertyBinder - Building property next
13:32:50.003 [Test worker] DEBUG org.hibernate.cfg.Ejb3Column - Binding column: Ejb3Column{table=org.hibernate.mapping.Table(template), mappingColumn=pattern, insertable=true, updatable=true, unique=false}
13:32:50.003 [Test worker] DEBUG org.hibernate.cfg.annotations.PropertyBinder - MetadataSourceProcessor property pattern with lazy=false
13:32:50.003 [Test worker] DEBUG org.hibernate.cfg.AbstractPropertyHolder - Attempting to locate auto-apply AttributeConverter for property [loc.balsen.kontospring.data.Template:pattern]
13:32:50.003 [Test worker] DEBUG org.hibernate.cfg.annotations.SimpleValueBinder - building SimpleValue for pattern
13:32:50.003 [Test worker] DEBUG org.hibernate.cfg.annotations.PropertyBinder - Building property pattern
13:32:50.003 [Test worker] DEBUG org.hibernate.cfg.Ejb3Column - Binding column: Ejb3Column{table=org.hibernate.mapping.Table(template), mappingColumn=plan_art, insertable=true, updatable=true, unique=false}
13:32:50.003 [Test worker] DEBUG org.hibernate.cfg.annotations.PropertyBinder - MetadataSourceProcessor property planArt with lazy=false
13:32:50.003 [Test worker] DEBUG org.hibernate.cfg.AbstractPropertyHolder - Attempting to locate auto-apply AttributeConverter for property [loc.balsen.kontospring.data.Template:planArt]
13:32:50.003 [Test worker] DEBUG org.hibernate.cfg.annotations.SimpleValueBinder - building SimpleValue for planArt
13:32:50.003 [Test worker] DEBUG org.hibernate.cfg.annotations.PropertyBinder - Building property planArt
13:32:50.003 [Test worker] DEBUG org.hibernate.cfg.Ejb3Column - Binding column: Ejb3Column{table=org.hibernate.mapping.Table(template), mappingColumn=position, insertable=true, updatable=true, unique=false}
13:32:50.003 [Test worker] DEBUG org.hibernate.cfg.annotations.PropertyBinder - MetadataSourceProcessor property position with lazy=false
13:32:50.004 [Test worker] DEBUG org.hibernate.cfg.AbstractPropertyHolder - Attempting to locate auto-apply AttributeConverter for property [loc.balsen.kontospring.data.Template:position]
13:32:50.004 [Test worker] DEBUG org.hibernate.cfg.annotations.SimpleValueBinder - building SimpleValue for position
13:32:50.004 [Test worker] DEBUG org.hibernate.cfg.annotations.PropertyBinder - Building property position
13:32:50.004 [Test worker] DEBUG org.hibernate.cfg.Ejb3Column - Binding column: Ejb3Column{table=org.hibernate.mapping.Table(template), mappingColumn=rythmus, insertable=true, updatable=true, unique=false}
13:32:50.004 [Test worker] DEBUG org.hibernate.cfg.annotations.PropertyBinder - MetadataSourceProcessor property rythmus with lazy=false
13:32:50.004 [Test worker] DEBUG org.hibernate.cfg.AbstractPropertyHolder - Attempting to locate auto-apply AttributeConverter for property [loc.balsen.kontospring.data.Template:rythmus]
13:32:50.004 [Test worker] DEBUG org.hibernate.cfg.annotations.SimpleValueBinder - building SimpleValue for rythmus
13:32:50.004 [Test worker] DEBUG org.hibernate.cfg.annotations.PropertyBinder - Building property rythmus
13:32:50.004 [Test worker] DEBUG org.hibernate.cfg.Ejb3Column - Binding column: Ejb3Column{table=org.hibernate.mapping.Table(template), mappingColumn=shortdescription, insertable=true, updatable=true, unique=false}
13:32:50.004 [Test worker] DEBUG org.hibernate.cfg.annotations.PropertyBinder - MetadataSourceProcessor property shortdescription with lazy=false
13:32:50.004 [Test worker] DEBUG org.hibernate.cfg.AbstractPropertyHolder - Attempting to locate auto-apply AttributeConverter for property [loc.balsen.kontospring.data.Template:shortdescription]
13:32:50.004 [Test worker] DEBUG org.hibernate.cfg.annotations.SimpleValueBinder - building SimpleValue for shortdescription
13:32:50.004 [Test worker] DEBUG org.hibernate.cfg.annotations.PropertyBinder - Building property shortdescription
13:32:50.004 [Test worker] DEBUG org.hibernate.cfg.Ejb3Column - Binding column: Ejb3Column{table=org.hibernate.mapping.Table(template), mappingColumn=start, insertable=true, updatable=true, unique=false}
13:32:50.004 [Test worker] DEBUG org.hibernate.cfg.annotations.PropertyBinder - MetadataSourceProcessor property start with lazy=false
13:32:50.004 [Test worker] DEBUG org.hibernate.cfg.AbstractPropertyHolder - Attempting to locate auto-apply AttributeConverter for property [loc.balsen.kontospring.data.Template:start]
13:32:50.004 [Test worker] DEBUG org.hibernate.cfg.annotations.SimpleValueBinder - building SimpleValue for start
13:32:50.004 [Test worker] DEBUG org.hibernate.cfg.annotations.PropertyBinder - Building property start
13:32:50.004 [Test worker] DEBUG org.hibernate.cfg.Ejb3Column - Binding column: Ejb3Column{table=org.hibernate.mapping.Table(template), mappingColumn=vardays, insertable=true, updatable=true, unique=false}
13:32:50.005 [Test worker] DEBUG org.hibernate.cfg.annotations.PropertyBinder - MetadataSourceProcessor property vardays with lazy=false
13:32:50.005 [Test worker] DEBUG org.hibernate.cfg.AbstractPropertyHolder - Attempting to locate auto-apply AttributeConverter for property [loc.balsen.kontospring.data.Template:vardays]
13:32:50.005 [Test worker] DEBUG org.hibernate.cfg.annotations.SimpleValueBinder - building SimpleValue for vardays
13:32:50.005 [Test worker] DEBUG org.hibernate.cfg.annotations.PropertyBinder - Building property vardays
13:32:50.005 [Test worker] DEBUG org.hibernate.cfg.Ejb3Column - Binding column: Ejb3Column{table=org.hibernate.mapping.Table(template), mappingColumn=wert, insertable=true, updatable=true, unique=false}
13:32:50.005 [Test worker] DEBUG org.hibernate.cfg.annotations.PropertyBinder - MetadataSourceProcessor property wert with lazy=false
13:32:50.005 [Test worker] DEBUG org.hibernate.cfg.AbstractPropertyHolder - Attempting to locate auto-apply AttributeConverter for property [loc.balsen.kontospring.data.Template:wert]
13:32:50.005 [Test worker] DEBUG org.hibernate.cfg.annotations.SimpleValueBinder - building SimpleValue for wert
13:32:50.005 [Test worker] DEBUG org.hibernate.cfg.annotations.PropertyBinder - Building property wert
13:32:50.005 [Test worker] DEBUG org.hibernate.cfg.AnnotationBinder - Binding entity from annotated class: loc.balsen.kontospring.data.Zuordnung
13:32:50.005 [Test worker] DEBUG org.hibernate.cfg.Ejb3Column - Binding column: Ejb3DiscriminatorColumn{logicalColumnName'DTYPE', discriminatorTypeName='string'}
13:32:50.005 [Test worker] DEBUG org.hibernate.cfg.annotations.EntityBinder - Import with entity name Zuordnung
13:32:50.005 [Test worker] DEBUG org.hibernate.cfg.annotations.EntityBinder - Bind entity loc.balsen.kontospring.data.Zuordnung on table zuordnung
13:32:50.007 [Test worker] DEBUG org.hibernate.cfg.Ejb3Column - Binding column: Ejb3Column{table=org.hibernate.mapping.Table(zuordnung), mappingColumn=id, insertable=true, updatable=true, unique=false}
13:32:50.007 [Test worker] DEBUG org.hibernate.cfg.annotations.PropertyBinder - MetadataSourceProcessor property id with lazy=false
13:32:50.007 [Test worker] DEBUG org.hibernate.cfg.AbstractPropertyHolder - Attempting to locate auto-apply AttributeConverter for property [loc.balsen.kontospring.data.Zuordnung:id]
13:32:50.007 [Test worker] DEBUG org.hibernate.cfg.annotations.SimpleValueBinder - building SimpleValue for id
13:32:50.007 [Test worker] DEBUG org.hibernate.cfg.annotations.PropertyBinder - Building property id
13:32:50.007 [Test worker] DEBUG org.hibernate.cfg.Ejb3Column - Binding column: Ejb3JoinColumn{logicalColumnName='buchungsbeleg', referencedColumn='', mappedBy=''}
13:32:50.007 [Test worker] DEBUG org.hibernate.cfg.Ejb3Column - Binding column: Ejb3Column{table=org.hibernate.mapping.Table(zuordnung), mappingColumn=buchungsbeleg, insertable=true, updatable=true, unique=false}
13:32:50.008 [Test worker] DEBUG org.hibernate.cfg.annotations.PropertyBinder - Building property buchungsbeleg
13:32:50.008 [Test worker] DEBUG org.hibernate.cfg.Ejb3Column - Binding column: Ejb3Column{table=org.hibernate.mapping.Table(zuordnung), mappingColumn=commited, insertable=true, updatable=true, unique=false}
13:32:50.008 [Test worker] DEBUG org.hibernate.cfg.annotations.PropertyBinder - MetadataSourceProcessor property commited with lazy=false
13:32:50.008 [Test worker] DEBUG org.hibernate.cfg.AbstractPropertyHolder - Attempting to locate auto-apply AttributeConverter for property [loc.balsen.kontospring.data.Zuordnung:commited]
13:32:50.008 [Test worker] DEBUG org.hibernate.cfg.annotations.SimpleValueBinder - building SimpleValue for commited
13:32:50.008 [Test worker] DEBUG org.hibernate.cfg.annotations.PropertyBinder - Building property commited
13:32:50.008 [Test worker] DEBUG org.hibernate.cfg.Ejb3Column - Binding column: Ejb3Column{table=org.hibernate.mapping.Table(zuordnung), mappingColumn=description, insertable=true, updatable=true, unique=false}
13:32:50.008 [Test worker] DEBUG org.hibernate.cfg.annotations.PropertyBinder - MetadataSourceProcessor property description with lazy=false
13:32:50.008 [Test worker] DEBUG org.hibernate.cfg.AbstractPropertyHolder - Attempting to locate auto-apply AttributeConverter for property [loc.balsen.kontospring.data.Zuordnung:description]
13:32:50.008 [Test worker] DEBUG org.hibernate.cfg.annotations.SimpleValueBinder - building SimpleValue for description
13:32:50.008 [Test worker] DEBUG org.hibernate.cfg.annotations.PropertyBinder - Building property description
13:32:50.008 [Test worker] DEBUG org.hibernate.cfg.Ejb3Column - Binding column: Ejb3JoinColumn{logicalColumnName='konto', referencedColumn='', mappedBy=''}
13:32:50.008 [Test worker] DEBUG org.hibernate.cfg.Ejb3Column - Binding column: Ejb3Column{table=org.hibernate.mapping.Table(zuordnung), mappingColumn=konto, insertable=true, updatable=true, unique=false}
13:32:50.009 [Test worker] DEBUG org.hibernate.cfg.annotations.PropertyBinder - Building property konto
13:32:50.009 [Test worker] DEBUG org.hibernate.cfg.Ejb3Column - Binding column: Ejb3JoinColumn{logicalColumnName='plan', referencedColumn='', mappedBy=''}
13:32:50.009 [Test worker] DEBUG org.hibernate.cfg.Ejb3Column - Binding column: Ejb3Column{table=org.hibernate.mapping.Table(zuordnung), mappingColumn=plan, insertable=true, updatable=true, unique=false}
13:32:50.009 [Test worker] DEBUG org.hibernate.cfg.annotations.PropertyBinder - Building property plan
13:32:50.009 [Test worker] DEBUG org.hibernate.cfg.Ejb3Column - Binding column: Ejb3Column{table=org.hibernate.mapping.Table(zuordnung), mappingColumn=shortdescription, insertable=true, updatable=true, unique=false}
13:32:50.009 [Test worker] DEBUG org.hibernate.cfg.annotations.PropertyBinder - MetadataSourceProcessor property shortdescription with lazy=false
13:32:50.009 [Test worker] DEBUG org.hibernate.cfg.AbstractPropertyHolder - Attempting to locate auto-apply AttributeConverter for property [loc.balsen.kontospring.data.Zuordnung:shortdescription]
13:32:50.009 [Test worker] DEBUG org.hibernate.cfg.annotations.SimpleValueBinder - building SimpleValue for shortdescription
13:32:50.009 [Test worker] DEBUG org.hibernate.cfg.annotations.PropertyBinder - Building property shortdescription
13:32:50.009 [Test worker] DEBUG org.hibernate.cfg.Ejb3Column - Binding column: Ejb3Column{table=org.hibernate.mapping.Table(zuordnung), mappingColumn=wert, insertable=true, updatable=true, unique=false}
13:32:50.009 [Test worker] DEBUG org.hibernate.cfg.annotations.PropertyBinder - MetadataSourceProcessor property wert with lazy=false
13:32:50.009 [Test worker] DEBUG org.hibernate.cfg.AbstractPropertyHolder - Attempting to locate auto-apply AttributeConverter for property [loc.balsen.kontospring.data.Zuordnung:wert]
13:32:50.009 [Test worker] DEBUG org.hibernate.cfg.annotations.SimpleValueBinder - building SimpleValue for wert
13:32:50.009 [Test worker] DEBUG org.hibernate.cfg.annotations.PropertyBinder - Building property wert
13:32:50.010 [Test worker] DEBUG org.hibernate.cfg.annotations.SimpleValueBinder - Starting fillSimpleValue for id
13:32:50.010 [Test worker] DEBUG org.hibernate.cfg.annotations.SimpleValueBinder - Starting fillSimpleValue for Referenz
13:32:50.010 [Test worker] DEBUG org.hibernate.cfg.annotations.SimpleValueBinder - Starting fillSimpleValue for absender
13:32:50.010 [Test worker] DEBUG org.hibernate.cfg.annotations.SimpleValueBinder - Starting fillSimpleValue for art
13:32:50.011 [Test worker] DEBUG org.hibernate.cfg.annotations.SimpleValueBinder - Starting fillSimpleValue for beleg
13:32:50.011 [Test worker] DEBUG org.hibernate.cfg.annotations.SimpleValueBinder - Starting fillSimpleValue for details
13:32:50.011 [Test worker] DEBUG org.hibernate.cfg.annotations.SimpleValueBinder - Starting fillSimpleValue for eingang
13:32:50.011 [Test worker] DEBUG org.hibernate.cfg.annotations.SimpleValueBinder - Starting fillSimpleValue for einreicherID
13:32:50.011 [Test worker] DEBUG org.hibernate.cfg.annotations.SimpleValueBinder - Starting fillSimpleValue for empfaenger
13:32:50.011 [Test worker] DEBUG org.hibernate.cfg.annotations.SimpleValueBinder - Starting fillSimpleValue for mandat
13:32:50.011 [Test worker] DEBUG org.hibernate.cfg.annotations.SimpleValueBinder - Starting fillSimpleValue for wert
13:32:50.011 [Test worker] DEBUG org.hibernate.cfg.annotations.SimpleValueBinder - Starting fillSimpleValue for wertstellung
13:32:50.011 [Test worker] DEBUG org.hibernate.cfg.annotations.SimpleValueBinder - Starting fillSimpleValue for id
13:32:50.011 [Test worker] DEBUG org.hibernate.cfg.annotations.SimpleValueBinder - Starting fillSimpleValue for art
13:32:50.011 [Test worker] DEBUG org.hibernate.cfg.annotations.SimpleValueBinder - Starting fillSimpleValue for description
13:32:50.011 [Test worker] DEBUG org.hibernate.cfg.annotations.SimpleValueBinder - Starting fillSimpleValue for shortdescription
13:32:50.011 [Test worker] DEBUG org.hibernate.cfg.annotations.SimpleValueBinder - Starting fillSimpleValue for id
13:32:50.011 [Test worker] DEBUG org.hibernate.cfg.annotations.SimpleValueBinder - Starting fillSimpleValue for description
13:32:50.011 [Test worker] DEBUG org.hibernate.cfg.annotations.SimpleValueBinder - Starting fillSimpleValue for shortdescription
13:32:50.011 [Test worker] DEBUG org.hibernate.cfg.annotations.SimpleValueBinder - Starting fillSimpleValue for id
13:32:50.012 [Test worker] DEBUG org.hibernate.cfg.annotations.SimpleValueBinder - Starting fillSimpleValue for creationdate
13:32:50.012 [Test worker] DEBUG org.hibernate.cfg.annotations.SimpleValueBinder - Starting fillSimpleValue for description
13:32:50.012 [Test worker] DEBUG org.hibernate.cfg.annotations.SimpleValueBinder - Starting fillSimpleValue for enddate
13:32:50.012 [Test worker] DEBUG org.hibernate.cfg.annotations.SimpleValueBinder - Starting fillSimpleValue for pattern
13:32:50.012 [Test worker] DEBUG org.hibernate.cfg.annotations.SimpleValueBinder - Starting fillSimpleValue for planArt
13:32:50.012 [Test worker] DEBUG org.hibernate.cfg.annotations.SimpleValueBinder - Starting fillSimpleValue for plandate
13:32:50.012 [Test worker] DEBUG org.hibernate.cfg.annotations.SimpleValueBinder - Starting fillSimpleValue for position
13:32:50.012 [Test worker] DEBUG org.hibernate.cfg.annotations.SimpleValueBinder - Starting fillSimpleValue for shortdescription
13:32:50.012 [Test worker] DEBUG org.hibernate.cfg.annotations.SimpleValueBinder - Starting fillSimpleValue for startdate
13:32:50.012 [Test worker] DEBUG org.hibernate.cfg.annotations.SimpleValueBinder - Starting fillSimpleValue for wert
13:32:50.012 [Test worker] DEBUG org.hibernate.cfg.annotations.SimpleValueBinder - Starting fillSimpleValue for id
13:32:50.012 [Test worker] DEBUG org.hibernate.cfg.annotations.SimpleValueBinder - Starting fillSimpleValue for creationdate
13:32:50.012 [Test worker] DEBUG org.hibernate.cfg.annotations.SimpleValueBinder - Starting fillSimpleValue for deactivatedate
13:32:50.012 [Test worker] DEBUG org.hibernate.cfg.annotations.SimpleValueBinder - Starting fillSimpleValue for description
13:32:50.012 [Test worker] DEBUG org.hibernate.cfg.annotations.SimpleValueBinder - Starting fillSimpleValue for enddate
13:32:50.012 [Test worker] DEBUG org.hibernate.cfg.annotations.SimpleValueBinder - Starting fillSimpleValue for pattern
13:32:50.012 [Test worker] DEBUG org.hibernate.cfg.annotations.SimpleValueBinder - Starting fillSimpleValue for planArt
13:32:50.012 [Test worker] DEBUG org.hibernate.cfg.annotations.SimpleValueBinder - Starting fillSimpleValue for plandate
13:32:50.012 [Test worker] DEBUG org.hibernate.cfg.annotations.SimpleValueBinder - Starting fillSimpleValue for position
13:32:50.012 [Test worker] DEBUG org.hibernate.cfg.annotations.SimpleValueBinder - Starting fillSimpleValue for shortdescription
13:32:50.012 [Test worker] DEBUG org.hibernate.cfg.annotations.SimpleValueBinder - Starting fillSimpleValue for startdate
13:32:50.012 [Test worker] DEBUG org.hibernate.cfg.annotations.SimpleValueBinder - Starting fillSimpleValue for template
13:32:50.012 [Test worker] DEBUG org.hibernate.cfg.annotations.SimpleValueBinder - Starting fillSimpleValue for wert
13:32:50.012 [Test worker] DEBUG org.hibernate.cfg.annotations.SimpleValueBinder - Starting fillSimpleValue for id
13:32:50.012 [Test worker] DEBUG org.hibernate.cfg.annotations.SimpleValueBinder - Starting fillSimpleValue for anzahlRythmus
13:32:50.012 [Test worker] DEBUG org.hibernate.cfg.annotations.SimpleValueBinder - Starting fillSimpleValue for description
13:32:50.012 [Test worker] DEBUG org.hibernate.cfg.annotations.SimpleValueBinder - Starting fillSimpleValue for gueltigBis
13:32:50.012 [Test worker] DEBUG org.hibernate.cfg.annotations.SimpleValueBinder - Starting fillSimpleValue for gueltigVon
13:32:50.012 [Test worker] DEBUG org.hibernate.cfg.annotations.SimpleValueBinder - Starting fillSimpleValue for next
13:32:50.012 [Test worker] DEBUG org.hibernate.cfg.annotations.SimpleValueBinder - Starting fillSimpleValue for pattern
13:32:50.012 [Test worker] DEBUG org.hibernate.cfg.annotations.SimpleValueBinder - Starting fillSimpleValue for planArt
13:32:50.012 [Test worker] DEBUG org.hibernate.cfg.annotations.SimpleValueBinder - Starting fillSimpleValue for position
13:32:50.013 [Test worker] DEBUG org.hibernate.cfg.annotations.SimpleValueBinder - Starting fillSimpleValue for rythmus
13:32:50.013 [Test worker] DEBUG org.hibernate.cfg.annotations.SimpleValueBinder - Starting fillSimpleValue for shortdescription
13:32:50.013 [Test worker] DEBUG org.hibernate.cfg.annotations.SimpleValueBinder - Starting fillSimpleValue for start
13:32:50.013 [Test worker] DEBUG org.hibernate.cfg.annotations.SimpleValueBinder - Starting fillSimpleValue for vardays
13:32:50.013 [Test worker] DEBUG org.hibernate.cfg.annotations.SimpleValueBinder - Starting fillSimpleValue for wert
13:32:50.013 [Test worker] DEBUG org.hibernate.cfg.annotations.SimpleValueBinder - Starting fillSimpleValue for id
13:32:50.013 [Test worker] DEBUG org.hibernate.cfg.annotations.SimpleValueBinder - Starting fillSimpleValue for commited
13:32:50.013 [Test worker] DEBUG org.hibernate.cfg.annotations.SimpleValueBinder - Starting fillSimpleValue for description
13:32:50.013 [Test worker] DEBUG org.hibernate.cfg.annotations.SimpleValueBinder - Starting fillSimpleValue for shortdescription
13:32:50.013 [Test worker] DEBUG org.hibernate.cfg.annotations.SimpleValueBinder - Starting fillSimpleValue for wert
13:32:50.016 [Test worker] DEBUG org.hibernate.mapping.PrimaryKey - Forcing column [id] to be non-null as it is part of the primary key for table [buchungsbeleg]
13:32:50.016 [Test worker] DEBUG org.hibernate.mapping.PrimaryKey - Forcing column [id] to be non-null as it is part of the primary key for table [konto]
13:32:50.016 [Test worker] DEBUG org.hibernate.mapping.PrimaryKey - Forcing column [id] to be non-null as it is part of the primary key for table [konto_gruppe]
13:32:50.016 [Test worker] DEBUG org.hibernate.mapping.PrimaryKey - Forcing column [id] to be non-null as it is part of the primary key for table [plan]
13:32:50.016 [Test worker] DEBUG org.hibernate.mapping.PrimaryKey - Forcing column [id] to be non-null as it is part of the primary key for table [plan_history]
13:32:50.016 [Test worker] DEBUG org.hibernate.mapping.PrimaryKey - Forcing column [id] to be non-null as it is part of the primary key for table [template]
13:32:50.016 [Test worker] DEBUG org.hibernate.mapping.PrimaryKey - Forcing column [id] to be non-null as it is part of the primary key for table [zuordnung]
13:32:50.016 [Test worker] DEBUG org.hibernate.boot.internal.InFlightMetadataCollectorImpl - Resolving reference to class: loc.balsen.kontospring.data.KontoGruppe
13:32:50.018 [Test worker] DEBUG org.hibernate.boot.internal.InFlightMetadataCollectorImpl - Resolving reference to class: loc.balsen.kontospring.data.Konto
13:32:50.018 [Test worker] DEBUG org.hibernate.boot.internal.InFlightMetadataCollectorImpl - Resolving reference to class: loc.balsen.kontospring.data.Template
13:32:50.018 [Test worker] DEBUG org.hibernate.boot.internal.InFlightMetadataCollectorImpl - Resolving reference to class: loc.balsen.kontospring.data.Konto
13:32:50.019 [Test worker] DEBUG org.hibernate.boot.internal.InFlightMetadataCollectorImpl - Resolving reference to class: loc.balsen.kontospring.data.Konto
13:32:50.019 [Test worker] DEBUG org.hibernate.boot.internal.InFlightMetadataCollectorImpl - Resolving reference to class: loc.balsen.kontospring.data.Beleg
13:32:50.019 [Test worker] DEBUG org.hibernate.boot.internal.InFlightMetadataCollectorImpl - Resolving reference to class: loc.balsen.kontospring.data.Konto
13:32:50.019 [Test worker] DEBUG org.hibernate.boot.internal.InFlightMetadataCollectorImpl - Resolving reference to class: loc.balsen.kontospring.data.Plan
13:32:50.020 [Test worker] DEBUG org.hibernate.boot.internal.InFlightMetadataCollectorImpl - Resolving reference to class: loc.balsen.kontospring.data.KontoGruppe
13:32:50.020 [Test worker] DEBUG org.hibernate.boot.internal.InFlightMetadataCollectorImpl - Resolving reference to class: loc.balsen.kontospring.data.Konto
13:32:50.020 [Test worker] DEBUG org.hibernate.boot.internal.InFlightMetadataCollectorImpl - Resolving reference to class: loc.balsen.kontospring.data.Template
13:32:50.020 [Test worker] DEBUG org.hibernate.boot.internal.InFlightMetadataCollectorImpl - Resolving reference to class: loc.balsen.kontospring.data.Konto
13:32:50.020 [Test worker] DEBUG org.hibernate.boot.internal.InFlightMetadataCollectorImpl - Resolving reference to class: loc.balsen.kontospring.data.Konto
13:32:50.020 [Test worker] DEBUG org.hibernate.boot.internal.InFlightMetadataCollectorImpl - Resolving reference to class: loc.balsen.kontospring.data.Beleg
13:32:50.020 [Test worker] DEBUG org.hibernate.boot.internal.InFlightMetadataCollectorImpl - Resolving reference to class: loc.balsen.kontospring.data.Konto
13:32:50.020 [Test worker] DEBUG org.hibernate.boot.internal.InFlightMetadataCollectorImpl - Resolving reference to class: loc.balsen.kontospring.data.Plan
13:32:50.050 [Test worker] DEBUG org.hibernate.internal.SessionFactoryImpl - Building session factory
13:32:50.051 [Test worker] DEBUG org.hibernate.cfg.Settings - SessionFactory name : null
13:32:50.051 [Test worker] DEBUG org.hibernate.cfg.Settings - Automatic flush during beforeCompletion(): enabled
13:32:50.051 [Test worker] DEBUG org.hibernate.cfg.Settings - Automatic session close at end of transaction: disabled
13:32:50.051 [Test worker] DEBUG org.hibernate.cfg.Settings - Statistics: disabled
13:32:50.051 [Test worker] DEBUG org.hibernate.cfg.Settings - Deleted entity synthetic identifier rollback: disabled
13:32:50.051 [Test worker] DEBUG org.hibernate.cfg.Settings - Default entity-mode: pojo
13:32:50.051 [Test worker] DEBUG org.hibernate.cfg.Settings - Check Nullability in Core (should be disabled when Bean Validation is on): enabled
13:32:50.051 [Test worker] DEBUG org.hibernate.cfg.Settings - Allow initialization of lazy state outside session : disabled
13:32:50.051 [Test worker] DEBUG org.hibernate.cfg.Settings - Using BatchFetchStyle : LEGACY
13:32:50.051 [Test worker] DEBUG org.hibernate.cfg.Settings - Default batch fetch size: -1
13:32:50.051 [Test worker] DEBUG org.hibernate.cfg.Settings - Maximum outer join fetch depth: null
13:32:50.051 [Test worker] DEBUG org.hibernate.cfg.Settings - Default null ordering: NONE
13:32:50.051 [Test worker] DEBUG org.hibernate.cfg.Settings - Order SQL updates by primary key: disabled
13:32:50.051 [Test worker] DEBUG org.hibernate.cfg.Settings - Order SQL inserts for batching: disabled
13:32:50.051 [Test worker] DEBUG org.hibernate.cfg.Settings - multi-tenancy strategy : NONE
13:32:50.051 [Test worker] DEBUG org.hibernate.cfg.Settings - JTA Track by Thread: enabled
13:32:50.051 [Test worker] DEBUG org.hibernate.cfg.Settings - Query language substitutions: {}
13:32:50.051 [Test worker] DEBUG org.hibernate.cfg.Settings - JPA query language strict compliance: disabled
13:32:50.051 [Test worker] DEBUG org.hibernate.cfg.Settings - Named query checking : enabled
13:32:50.051 [Test worker] DEBUG org.hibernate.cfg.Settings - Second-level cache: disabled
13:32:50.051 [Test worker] DEBUG org.hibernate.cfg.Settings - Second-level query cache: disabled
13:32:50.051 [Test worker] DEBUG org.hibernate.cfg.Settings - Second-level query cache factory: null
13:32:50.051 [Test worker] DEBUG org.hibernate.cfg.Settings - Second-level cache region prefix: null
13:32:50.051 [Test worker] DEBUG org.hibernate.cfg.Settings - Optimize second-level cache for minimal puts: disabled
13:32:50.051 [Test worker] DEBUG org.hibernate.cfg.Settings - Structured second-level cache entries: disabled
13:32:50.051 [Test worker] DEBUG org.hibernate.cfg.Settings - Second-level cache direct-reference entries: disabled
13:32:50.051 [Test worker] DEBUG org.hibernate.cfg.Settings - Automatic eviction of collection cache: disabled
13:32:50.051 [Test worker] DEBUG org.hibernate.cfg.Settings - JDBC batch size: 15
13:32:50.051 [Test worker] DEBUG org.hibernate.cfg.Settings - JDBC batch updates for versioned data: enabled
13:32:50.052 [Test worker] DEBUG org.hibernate.cfg.Settings - Scrollable result sets: enabled
13:32:50.052 [Test worker] DEBUG org.hibernate.cfg.Settings - Wrap result sets: disabled
13:32:50.052 [Test worker] DEBUG org.hibernate.cfg.Settings - JDBC3 getGeneratedKeys(): enabled
13:32:50.052 [Test worker] DEBUG org.hibernate.cfg.Settings - JDBC result set fetch size: null
13:32:50.052 [Test worker] DEBUG org.hibernate.cfg.Settings - Connection release mode: ON_CLOSE
13:32:50.052 [Test worker] DEBUG org.hibernate.cfg.Settings - Generate SQL with comments: disabled
13:32:50.088 [Test worker] DEBUG org.hibernate.internal.SessionFactoryImpl - Session factory constructed with filter configurations : {}
13:32:50.089 [Test worker] DEBUG org.hibernate.internal.SessionFactoryImpl - Instantiating session factory with properties: {sun.desktop=gnome, awt.toolkit=sun.awt.X11.XToolkit, hibernate.id.new_generator_mappings=true, file.encoding.pkg=sun.io, java.specification.version=1.8, hibernate.connection.handling_mode=DELAYED_ACQUISITION_AND_HOLD, sun.cpu.isalist=, sun.jnu.encoding=UTF-8, hibernate.dialect=org.hibernate.dialect.H2Dialect, hibernate.implicit_naming_strategy=org.springframework.boot.orm.jpa.hibernate.SpringImplicitNamingStrategy, org.gradle.test.worker=2, java.class.path=/home/webproject/projects/kontospring/build/classes/java/test:/home/webproject/projects/kontospring/build/resources/test:/home/webproject/projects/kontospring/build/classes/java/main:/home/webproject/projects/kontospring/build/resources/main:/home/gradle/gradle.balsen/caches/modules-2/files-2.1/org.springframework.boot/spring-boot-starter-thymeleaf/2.0.4.RELEASE/2efe5275b5f69d82a6aef962bc1f044791d9259f/spring-boot-starter-thymeleaf-2.0.4.RELEASE.jar:/home/gradle/gradle.balsen/caches/modules-2/files-2.1/org.springframework.boot/spring-boot-devtools/2.0.4.RELEASE/f889fe31cfb4ddfa61e2b4637f9c2743bc0918dd/spring-boot-devtools-2.0.4.RELEASE.jar:/home/gradle/gradle.balsen/caches/modules-2/files-2.1/org.springframework.boot/spring-boot-starter-jetty/2.0.4.RELEASE/3080f737cf8816b2b65a775559f958aae5d0ca43/spring-boot-starter-jetty-2.0.4.RELEASE.jar:/home/gradle/gradle.balsen/caches/modules-2/files-2.1/org.springframework.boot/spring-boot-starter-web/2.0.4.RELEASE/98d49e981ecf804da877d84259b7b0d1ec2fb6f6/spring-boot-starter-web-2.0.4.RELEASE.jar:/home/gradle/gradle.balsen/caches/modules-2/files-2.1/org.springframework.boot/spring-boot-starter-actuator/2.0.4.RELEASE/24e901473279d9c18e0a0f8037d58b18c8297dca/spring-boot-starter-actuator-2.0.4.RELEASE.jar:/home/gradle/gradle.balsen/caches/modules-2/files-2.1/org.springframework.boot/spring-boot-starter-data-jpa/2.0.4.RELEASE/69970d3a7c353d8e727e2c6b2a9e621114f5e089/spring-boot-starter-data-jpa-2.0.4.RELEASE.jar:/home/gradle/gradle.balsen/caches/modules-2/files-2.1/org.projectlombok/lombok/1.18.2/524e0a697e9d62950b2f763d88d35cd8dc82a9a1/lombok-1.18.2.jar:/home/gradle/gradle.balsen/caches/modules-2/files-2.1/org.postgresql/postgresql/42.2.4/dff98730c28a4b3a3263f0cf4abb9a3392f815a7/postgresql-42.2.4.jar:/home/gradle/gradle.balsen/caches/modules-2/files-2.1/com.opencsv/opencsv/4.2/a65fb7d2ee2b5ea64b7887ed6dbce3d1fbef990e/opencsv-4.2.jar:/home/gradle/gradle.balsen/caches/modules-2/files-2.1/org.springframework.boot/spring-boot-starter-test/2.0.4.RELEASE/8f473705d2742b669f0318f10a956f94a93ba3d2/spring-boot-starter-test-2.0.4.RELEASE.jar:/home/gradle/gradle.balsen/caches/modules-2/files-2.1/junit/junit/4.12/2973d150c0dc1fefe998f834810d68f278ea58ec/junit-4.12.jar:/home/gradle/gradle.balsen/caches/modules-2/files-2.1/org.mockito/mockito-core/2.21.0/cdd1d0d5b2edbd2a7040735ccf88318c031f458b/mockito-core-2.21.0.jar:/home/gradle/gradle.balsen/caches/modules-2/files-2.1/com.h2database/h2/1.4.197/bb391050048ca8ae3e32451b5a3714ecd3596a46/h2-1.4.197.jar:/home/gradle/gradle.balsen/caches/modules-2/files-2.1/org.springframework.boot/spring-boot-starter-json/2.0.4.RELEASE/c7afabf0d7c85db178da4ce0634e3bd2ddb0eb71/spring-boot-starter-json-2.0.4.RELEASE.jar:/home/gradle/gradle.balsen/caches/modules-2/files-2.1/org.springframework.boot/spring-boot-starter-aop/2.0.4.RELEASE/5e963eb965b72e113a05351c482e3d613f04e59d/spring-boot-starter-aop-2.0.4.RELEASE.jar:/home/gradle/gradle.balsen/caches/modules-2/files-2.1/org.springframework.boot/spring-boot-starter-jdbc/2.0.4.RELEASE/3e9b13a3bee8b8f9b2b9fde4f9e9aac0ccf2b3ba/spring-boot-starter-jdbc-2.0.4.RELEASE.jar:/home/gradle/gradle.balsen/caches/modules-2/files-2.1/org.springframework.boot/spring-boot-starter/2.0.4.RELEASE/ec46c63a2adeee40058eff1a6baefca13975dc94/spring-boot-starter-2.0.4.RELEASE.jar:/home/gradle/gradle.balsen/caches/modules-2/files-2.1/org.thymeleaf/thymeleaf-spring5/3.0.9.RELEASE/abf84efd83808a70d982d2790f7f3a7bd3a39cf4/thymeleaf-spring5-3.0.9.RELEASE.jar:/home/gradle/gradle.balsen/caches/modules-2/files-2.1/org.thymeleaf.extras/thymeleaf-extras-java8time/3.0.1.RELEASE/d23760d1e53cd70c489ef40dc94ee6bd2371cceb/thymeleaf-extras-java8time-3.0.1.RELEASE.jar:/home/gradle/gradle.balsen/caches/modules-2/files-2.1/org.springframework.boot/spring-boot-actuator-autoconfigure/2.0.4.RELEASE/2cadc1d20a1f9ee667a608cfee154138e954f5f2/spring-boot-actuator-autoconfigure-2.0.4.RELEASE.jar:/home/gradle/gradle.balsen/caches/modules-2/files-2.1/org.springframework.boot/spring-boot-test-autoconfigure/2.0.4.RELEASE/8a2e3f31e607fdb08deda2f59263ce177f1c4310/spring-boot-test-autoconfigure-2.0.4.RELEASE.jar:/home/gradle/gradle.balsen/caches/modules-2/files-2.1/org.springframework.boot/spring-boot-autoconfigure/2.0.4.RELEASE/65cd1244d606acc02ab7bfc47a203a3fe2400dda/spring-boot-autoconfigure-2.0.4.RELEASE.jar:/home/gradle/gradle.balsen/caches/modules-2/files-2.1/org.springframework.boot/spring-boot-test/2.0.4.RELEASE/8a17fc3cf16b6d75f2ba132ade04409a670095de/spring-boot-test-2.0.4.RELEASE.jar:/home/gradle/gradle.balsen/caches/modules-2/files-2.1/org.springframework.boot/spring-boot-actuator/2.0.4.RELEASE/9c02c968eb50a7cdc14fc4c7b586d767df6dc48d/spring-boot-actuator-2.0.4.RELEASE.jar:/home/gradle/gradle.balsen/caches/modules-2/files-2.1/org.springframework.boot/spring-boot/2.0.4.RELEASE/c8619c5b06d4dcdb4cac1e5e9c839e6e8b1c8574/spring-boot-2.0.4.RELEASE.jar:/home/gradle/gradle.balsen/caches/modules-2/files-2.1/org.eclipse.jetty/jetty-servlets/9.4.11.v20180605/8301f94a8b8e4a8ed7c065984b18c02c4206b920/jetty-servlets-9.4.11.v20180605.jar:/home/gradle/gradle.balsen/caches/modules-2/files-2.1/org.eclipse.jetty.websocket/javax-websocket-server-impl/9.4.11.v20180605/6cb628345afc828327a5b8f37ca7201eea7d122b/javax-websocket-server-impl-9.4.11.v20180605.jar:/home/gradle/gradle.balsen/caches/modules-2/files-2.1/org.eclipse.jetty/jetty-annotations/9.4.11.v20180605/b9e63ab4b9733b11a19299474f49be14b6266f3f/jetty-annotations-9.4.11.v20180605.jar:/home/gradle/gradle.balsen/caches/modules-2/files-2.1/org.eclipse.jetty/jetty-plus/9.4.11.v20180605/596ca6f4cbb436516f4de2662721dbe5b41ffd21/jetty-plus-9.4.11.v20180605.jar:/home/gradle/gradle.balsen/caches/modules-2/files-2.1/org.eclipse.jetty/jetty-webapp/9.4.11.v20180605/5ce28eff8338cab2a0af0e583c769567542b9558/jetty-webapp-9.4.11.v20180605.jar:/home/gradle/gradle.balsen/caches/modules-2/files-2.1/org.eclipse.jetty.websocket/websocket-server/9.4.11.v20180605/9d6f76d4dbbcb52eae9d2ab940d3ec6b56e1d568/websocket-server-9.4.11.v20180605.jar:/home/gradle/gradle.balsen/caches/modules-2/files-2.1/org.mortbay.jasper/apache-el/8.5.24.2/cd26aaf6c7ee59af58f0e8c12bfda318bf474c49/apache-el-8.5.24.2.jar:/home/gradle/gradle.balsen/caches/modules-2/files-2.1/org.springframework.boot/spring-boot-starter-tomcat/2.0.4.RELEASE/dcf28989a34b0801fea0e810c371fb9dab1e7784/spring-boot-starter-tomcat-2.0.4.RELEASE.jar:/home/gradle/gradle.balsen/caches/modules-2/files-2.1/org.hibernate.validator/hibernate-validator/6.0.11.Final/36f9d10a11e4768f55e8fb91ebe4338a5c43954e/hibernate-validator-6.0.11.Final.jar:/home/gradle/gradle.balsen/caches/modules-2/files-2.1/org.springframework/spring-webmvc/5.0.8.RELEASE/7e5fe57590ca8e4468e50fe1d92b0b67aa4a327a/spring-webmvc-5.0.8.RELEASE.jar:/home/gradle/gradle.balsen/caches/modules-2/files-2.1/org.springframework/spring-web/5.0.8.RELEASE/fa43cdadb4ab2491fd1d0ddb06c0808e4b60fc85/spring-web-5.0.8.RELEASE.jar:/home/gradle/gradle.balsen/caches/modules-2/files-2.1/io.micrometer/micrometer-core/1.0.6/50299bc8a34c251d62311bbb1a297f3942a82e42/micrometer-core-1.0.6.jar:/home/gradle/gradle.balsen/caches/modules-2/files-2.1/org.hibernate/hibernate-core/5.2.17.Final/f2dc36470e7a2ffcf6106bb1625ecf5b54bb5f65/hibernate-core-5.2.17.Final.jar:/home/gradle/gradle.balsen/caches/modules-2/files-2.1/javax.transaction/javax.transaction-api/1.2/d81aff979d603edd90dcd8db2abc1f4ce6479e3e/javax.transaction-api-1.2.jar:/home/gradle/gradle.balsen/caches/modules-2/files-2.1/org.springframework.data/spring-data-jpa/2.0.9.RELEASE/30acb36f682367d93ed400b4324fe2559f0fcb/spring-data-jpa-2.0.9.RELEASE.jar:/home/gradle/gradle.balsen/caches/modules-2/files-2.1/org.springframework/spring-aspects/5.0.8.RELEASE/e66926466b8c72658d7e536923041dc93976baf3/spring-aspects-5.0.8.RELEASE.jar:/home/gradle/gradle.balsen/caches/modules-2/files-2.1/org.apache.commons/commons-text/1.3/9abf61708a66ab5e55f6169a200dbfc584b546d9/commons-text-1.3.jar:/home/gradle/gradle.balsen/caches/modules-2/files-2.1/org.apache.commons/commons-lang3/3.7/557edd918fd41f9260963583ebf5a61a43a6b423/commons-lang3-3.7.jar:/home/gradle/gradle.balsen/caches/modules-2/files-2.1/commons-beanutils/commons-beanutils/1.9.3/c845703de334ddc6b4b3cd26835458cb1cba1f3d/commons-beanutils-1.9.3.jar:/home/gradle/gradle.balsen/caches/modules-2/files-2.1/org.apache.commons/commons-collections4/4.1/a4cf4688fe1c7e3a63aa636cc96d013af537768e/commons-collections4-4.1.jar:/home/gradle/gradle.balsen/caches/modules-2/files-2.1/org.hamcrest/hamcrest-library/1.3/4785a3c21320980282f9f33d0d1264a69040538f/hamcrest-library-1.3.jar:/home/gradle/gradle.balsen/caches/modules-2/files-2.1/org.hamcrest/hamcrest-core/1.3/42a25dc3219429f0e5d060061f71acb49bf010a0/hamcrest-core-1.3.jar:/home/gradle/gradle.balsen/caches/modules-2/files-2.1/net.bytebuddy/byte-buddy/1.7.11/f02857a4e2c66ccbe7aaad6100a0a6c461bce9b3/byte-buddy-1.7.11.jar:/home/gradle/gradle.balsen/caches/modules-2/files-2.1/net.bytebuddy/byte-buddy-agent/1.7.11/b425a8933ca07edd03c6dbc8bc3b595fba9780de/byte-buddy-agent-1.7.11.jar:/home/gradle/gradle.balsen/caches/modules-2/files-2.1/org.objenesis/objenesis/2.6/639033469776fd37c08358c6b92a4761feb2af4b/objenesis-2.6.jar:/home/gradle/gradle.balsen/caches/modules-2/files-2.1/com.jayway.jsonpath/json-path/2.4.0/765a4401ceb2dc8d40553c2075eb80a8fa35c2ae/json-path-2.4.0.jar:/home/gradle/gradle.balsen/caches/modules-2/files-2.1/org.assertj/assertj-core/3.9.1/c5ce126b15f28d56cd8f960c1a6a058b9c9aea87/assertj-core-3.9.1.jar:/home/gradle/gradle.balsen/caches/modules-2/files-2.1/org.skyscreamer/jsonassert/1.5.0/6c9d5fe2f59da598d9aefc1cfc6528ff3cf32df3/jsonassert-1.5.0.jar:/home/gradle/gradle.balsen/caches/modules-2/files-2.1/org.springframework/spring-test/5.0.8.RELEASE/5782619373bd7e7b7d9106203c317b04bb613ebb/spring-test-5.0.8.RELEASE.jar:/home/gradle/gradle.balsen/caches/modules-2/files-2.1/org.springframework/spring-context/5.0.8.RELEASE/3a067d8990761111c9b6d1d895640be26cc1fb38/spring-context-5.0.8.RELEASE.jar:/home/gradle/gradle.balsen/caches/modules-2/files-2.1/org.springframework/spring-aop/5.0.8.RELEASE/f5086c1a3185c481104511837427b39a07a57aa2/spring-aop-5.0.8.RELEASE.jar:/home/gradle/gradle.balsen/caches/modules-2/files-2.1/org.springframework/spring-orm/5.0.8.RELEASE/4da63072d1ed6a2eb4bc0a4c8da5e09f39b5021e/spring-orm-5.0.8.RELEASE.jar:/home/gradle/gradle.balsen/caches/modules-2/files-2.1/org.springframework/spring-jdbc/5.0.8.RELEASE/efcf5f0ccaaa9deec2d9133c9d6bfbb7e55370ff/spring-jdbc-5.0.8.RELEASE.jar:/home/gradle/gradle.balsen/caches/modules-2/files-2.1/org.springframework.data/spring-data-commons/2.0.9.RELEASE/9c8f3ea29c9dd6e4c41876c46e9f5f4987390beb/spring-data-commons-2.0.9.RELEASE.jar:/home/gradle/gradle.balsen/caches/modules-2/files-2.1/org.springframework/spring-tx/5.0.8.RELEASE/b6488db6192f71bd682a13b9d42127307631c616/spring-tx-5.0.8.RELEASE.jar:/home/gradle/gradle.balsen/caches/modules-2/files-2.1/org.springframework/spring-beans/5.0.8.RELEASE/5fc965d3e7f5515099244857a8ae9e2a208c169b/spring-beans-5.0.8.RELEASE.jar:/home/gradle/gradle.balsen/caches/modules-2/files-2.1/org.springframework/spring-expression/5.0.8.RELEASE/f23158f22c917df2cddf2ecebc398a9e95f95fae/spring-expression-5.0.8.RELEASE.jar:/home/gradle/gradle.balsen/caches/modules-2/files-2.1/org.springframework/spring-core/5.0.8.RELEASE/dc39c49e3246cdf73d3786ac41119140aed3fa08/spring-core-5.0.8.RELEASE.jar:/home/gradle/gradle.balsen/caches/modules-2/files-2.1/org.xmlunit/xmlunit-core/2.5.1/4ffdb346572a7356f7521cd3119ce5287d2e339d/xmlunit-core-2.5.1.jar:/home/gradle/gradle.balsen/caches/modules-2/files-2.1/org.springframework.boot/spring-boot-starter-logging/2.0.4.RELEASE/dcd1a2c431c970f44adae64d9145133979a513ab/spring-boot-starter-logging-2.0.4.RELEASE.jar:/home/gradle/gradle.balsen/caches/modules-2/files-2.1/javax.annotation/javax.annotation-api/1.3.2/934c04d3cfef185a8008e7bf34331b79730a9d43/javax.annotation-api-1.3.2.jar:/home/gradle/gradle.balsen/caches/modules-2/files-2.1/org.yaml/snakeyaml/1.19/2d998d3d674b172a588e54ab619854d073f555b5/snakeyaml-1.19.jar:/home/gradle/gradle.balsen/caches/modules-2/files-2.1/org.thymeleaf/thymeleaf/3.0.9.RELEASE/64185cca50ac808ad034841c84b4013f955465d2/thymeleaf-3.0.9.RELEASE.jar:/home/gradle/gradle.balsen/caches/modules-2/files-2.1/com.zaxxer/HikariCP/2.7.9/a83113d2c091d0d0f853dad3217bd7df3beb6ae3/HikariCP-2.7.9.jar:/home/gradle/gradle.balsen/caches/modules-2/files-2.1/ch.qos.logback/logback-classic/1.2.3/7c4f3c474fb2c041d8028740440937705ebb473a/logback-classic-1.2.3.jar:/home/gradle/gradle.balsen/caches/modules-2/files-2.1/org.apache.logging.log4j/log4j-to-slf4j/2.10.0/f7e631ccf49cfc0aefa4a2a728da7d374c05bd3c/log4j-to-slf4j-2.10.0.jar:/home/gradle/gradle.balsen/caches/modules-2/files-2.1/org.slf4j/jul-to-slf4j/1.7.25/af5364cd6679bfffb114f0dec8a157aaa283b76/jul-to-slf4j-1.7.25.jar:/home/gradle/gradle.balsen/caches/modules-2/files-2.1/org.slf4j/slf4j-api/1.7.25/da76ca59f6a57ee3102f8f9bd9cee742973efa8a/slf4j-api-1.7.25.jar:/home/gradle/gradle.balsen/caches/modules-2/files-2.1/org.eclipse.jetty/jetty-continuation/9.4.11.v20180605/31f1e347d013356317164b86bbbc2a6ce5c5e871/jetty-continuation-9.4.11.v20180605.jar:/home/gradle/gradle.balsen/caches/modules-2/files-2.1/org.eclipse.jetty.websocket/javax-websocket-client-impl/9.4.11.v20180605/ab48d0ce4bd7f6f5fce204167e2a1438e673563e/javax-websocket-client-impl-9.4.11.v20180605.jar:/home/gradle/gradle.balsen/caches/modules-2/files-2.1/org.eclipse.jetty.websocket/websocket-client/9.4.11.v20180605/22bbc54f86f7b6f56d7edd398ba1cc1e7bafe7ef/websocket-client-9.4.11.v20180605.jar:/home/gradle/gradle.balsen/caches/modules-2/files-2.1/org.eclipse.jetty/jetty-client/9.4.11.v20180605/be0622ef33de4239d0625c7a39c48a41c45d0675/jetty-client-9.4.11.v20180605.jar:/home/gradle/gradle.balsen/caches/modules-2/files-2.1/org.eclipse.jetty/jetty-servlet/9.4.11.v20180605/66d31900fcfc70e3666f0b3335b6660635154f98/jetty-servlet-9.4.11.v20180605.jar:/home/gradle/gradle.balsen/caches/modules-2/files-2.1/org.eclipse.jetty/jetty-security/9.4.11.v20180605/926def86d31ee07ca4b4658833dc6ee6918b8e86/jetty-security-9.4.11.v20180605.jar:/home/gradle/gradle.balsen/caches/modules-2/files-2.1/org.eclipse.jetty/jetty-server/9.4.11.v20180605/58353c2f27515b007fc83ae22002feb34fc24714/jetty-server-9.4.11.v20180605.jar:/home/gradle/gradle.balsen/caches/modules-2/files-2.1/org.eclipse.jetty/jetty-http/9.4.11.v20180605/20c35f5336befe35b0bd5c4a63e07170fe7872d7/jetty-http-9.4.11.v20180605.jar:/home/gradle/gradle.balsen/caches/modules-2/files-2.1/org.eclipse.jetty.websocket/websocket-common/9.4.11.v20180605/a2b63b34284eaf113026bddf712c9bd7708e4864/websocket-common-9.4.11.v20180605.jar:/home/gradle/gradle.balsen/caches/modules-2/files-2.1/org.eclipse.jetty/jetty-io/9.4.11.v20180605/d164de1dac18c4ca80a1b783d879c97449909c3b/jetty-io-9.4.11.v20180605.jar:/home/gradle/gradle.balsen/caches/modules-2/files-2.1/org.eclipse.jetty/jetty-xml/9.4.11.v20180605/883cbf629ec797bd9d8833376a0feec461628f4f/jetty-xml-9.4.11.v20180605.jar:/home/gradle/gradle.balsen/caches/modules-2/files-2.1/org.eclipse.jetty/jetty-util/9.4.11.v20180605/f0f25aa2f27d618a04bc7356fa247ae4a05245b3/jetty-util-9.4.11.v20180605.jar:/home/gradle/gradle.balsen/caches/modules-2/files-2.1/org.eclipse.jetty.websocket/websocket-servlet/9.4.11.v20180605/ba53ba5f749d22ddb87331161c214a21b8aa6c8/websocket-servlet-9.4.11.v20180605.jar:/home/gradle/gradle.balsen/caches/modules-2/files-2.1/javax.websocket/javax.websocket-api/1.0/fc843b649d4a1dcb0497669d262befa3918c7ba8/javax.websocket-api-1.0.jar:/home/gradle/gradle.balsen/caches/modules-2/files-2.1/com.fasterxml.jackson.datatype/jackson-datatype-jdk8/2.9.6/456895fc91bf7180b216fead220373e6278230c9/jackson-datatype-jdk8-2.9.6.jar:/home/gradle/gradle.balsen/caches/modules-2/files-2.1/com.fasterxml.jackson.datatype/jackson-datatype-jsr310/2.9.6/ea54f6193d224e5e5732bbd4262327eb465397c2/jackson-datatype-jsr310-2.9.6.jar:/home/gradle/gradle.balsen/caches/modules-2/files-2.1/com.fasterxml.jackson.module/jackson-module-parameter-names/2.9.6/129acd77a4b6ee30d62d3a0899b1344c8ec2bff8/jackson-module-parameter-names-2.9.6.jar:/home/gradle/gradle.balsen/caches/modules-2/files-2.1/com.fasterxml.jackson.core/jackson-databind/2.9.6/cfa4f316351a91bfd95cb0644c6a2c95f52db1fc/jackson-databind-2.9.6.jar:/home/gradle/gradle.balsen/caches/modules-2/files-2.1/org.apache.tomcat.embed/tomcat-embed-websocket/8.5.32/ea5302e378f1449d4e5dda79e8d810c1e7931f91/tomcat-embed-websocket-8.5.32.jar:/home/gradle/gradle.balsen/caches/modules-2/files-2.1/org.apache.tomcat.embed/tomcat-embed-core/8.5.32/6bc6896200146010cc4666bdc6b9b0cbb453ee22/tomcat-embed-core-8.5.32.jar:/home/gradle/gradle.balsen/caches/modules-2/files-2.1/org.apache.tomcat.embed/tomcat-embed-el/8.5.32/e4fd0ee015d83fa1c5ec93ff1d05bdaf9a4480c5/tomcat-embed-el-8.5.32.jar:/home/gradle/gradle.balsen/caches/modules-2/files-2.1/javax.validation/validation-api/2.0.1.Final/cb855558e6271b1b32e716d24cb85c7f583ce09e/validation-api-2.0.1.Final.jar:/home/gradle/gradle.balsen/caches/modules-2/files-2.1/org.hibernate.common/hibernate-commons-annotations/5.0.1.Final/71e1cff3fcb20d3b3af4f3363c3ddb24d33c6879/hibernate-commons-annotations-5.0.1.Final.jar:/home/gradle/gradle.balsen/caches/modules-2/files-2.1/org.jboss.logging/jboss-logging/3.3.2.Final/3789d00e859632e6c6206adc0c71625559e6e3b0/jboss-logging-3.3.2.Final.jar:/home/gradle/gradle.balsen/caches/modules-2/files-2.1/com.fasterxml/classmate/1.3.4/3d5f48f10bbe4eb7bd862f10c0583be2e0053c6/classmate-1.3.4.jar:/home/gradle/gradle.balsen/caches/modules-2/files-2.1/org.hdrhistogram/HdrHistogram/2.1.10/9e1ac84eed220281841b75e72fb9de5a297fbf04/HdrHistogram-2.1.10.jar:/home/gradle/gradle.balsen/caches/modules-2/files-2.1/org.latencyutils/LatencyUtils/2.0.3/769c0b82cb2421c8256300e907298a9410a2a3d3/LatencyUtils-2.0.3.jar:/home/gradle/gradle.balsen/caches/modules-2/files-2.1/org.aspectj/aspectjweaver/1.8.13/ad94df2a28d658a40dc27bbaff6a1ce5fbf04e9b/aspectjweaver-1.8.13.jar:/home/gradle/gradle.balsen/caches/modules-2/files-2.1/org.hibernate.javax.persistence/hibernate-jpa-2.1-api/1.0.2.Final/52afb5762c704a6b586e27742470c08f91877fc1/hibernate-jpa-2.1-api-1.0.2.Final.jar:/home/gradle/gradle.balsen/caches/modules-2/files-2.1/org.javassist/javassist/3.22.0-GA/3e83394258ae2089be7219b971ec21a8288528ad/javassist-3.22.0-GA.jar:/home/gradle/gradle.balsen/caches/modules-2/files-2.1/antlr/antlr/2.7.7/83cd2cd674a217ade95a4bb83a8a14f351f48bd0/antlr-2.7.7.jar:/home/gradle/gradle.balsen/caches/modules-2/files-2.1/org.jboss/jandex/2.0.3.Final/bfc4d6257dbff7a33a357f0de116be6ff951d849/jandex-2.0.3.Final.jar:/home/gradle/gradle.balsen/caches/modules-2/files-2.1/dom4j/dom4j/1.6.1/5d3ccc056b6f056dbf0dddfdf43894b9065a8f94/dom4j-1.6.1.jar:/home/gradle/gradle.balsen/caches/modules-2/files-2.1/commons-logging/commons-logging/1.2/4bfc12adfe4842bf07b657f0369c4cb522955686/commons-logging-1.2.jar:/home/gradle/gradle.balsen/caches/modules-2/files-2.1/commons-collections/commons-collections/3.2.2/8ad72fe39fa8c91eaaf12aadb21e0c3661fe26d5/commons-collections-3.2.2.jar:/home/gradle/gradle.balsen/caches/modules-2/files-2.1/net.minidev/json-smart/2.3/7396407491352ce4fa30de92efb158adb76b5b/json-smart-2.3.jar:/home/gradle/gradle.balsen/caches/modules-2/files-2.1/com.vaadin.external.google/android-json/0.0.20131108.vaadin1/fa26d351fe62a6a17f5cda1287c1c6110dec413f/android-json-0.0.20131108.vaadin1.jar:/home/gradle/gradle.balsen/caches/modules-2/files-2.1/org.springframework/spring-jcl/5.0.8.RELEASE/a1fa8fb560fb252321776e16bc9ac8201af4ef5e/spring-jcl-5.0.8.RELEASE.jar:/home/gradle/gradle.balsen/caches/modules-2/files-2.1/org.attoparser/attoparser/2.0.4.RELEASE/5cf02c4d8303a81f0c80971bb1dcd40d3ba96009/attoparser-2.0.4.RELEASE.jar:/home/gradle/gradle.balsen/caches/modules-2/files-2.1/org.unbescape/unbescape/1.1.5.RELEASE/46dc644ea9c234317d926ebac5bf5d8f114dc1ba/unbescape-1.1.5.RELEASE.jar:/home/gradle/gradle.balsen/caches/modules-2/files-2.1/org.eclipse.jetty.websocket/websocket-api/9.4.11.v20180605/8e993b4ade68d967e51ba3e2a8d18e4f96154ad7/websocket-api-9.4.11.v20180605.jar:/home/gradle/gradle.balsen/caches/modules-2/files-2.1/javax.servlet/javax.servlet-api/3.1.0/3cd63d075497751784b2fa84be59432f4905bf7c/javax.servlet-api-3.1.0.jar:/home/gradle/gradle.balsen/caches/modules-2/files-2.1/org.ow2.asm/asm-commons/6.2/f0df1c69e34a0463679d7c8db36ddb4312836e76/asm-commons-6.2.jar:/home/gradle/gradle.balsen/caches/modules-2/files-2.1/net.minidev/accessors-smart/1.2/c592b500269bfde36096641b01238a8350f8aa31/accessors-smart-1.2.jar:/home/gradle/gradle.balsen/caches/modules-2/files-2.1/org.ow2.asm/asm-analysis/6.2/c7d9a90d221cbb977848d2c777eb3aa7637e89df/asm-analysis-6.2.jar:/home/gradle/gradle.balsen/caches/modules-2/files-2.1/org.ow2.asm/asm-tree/6.2/61570e046111559f38d4e0e580c005f75988c0a6/asm-tree-6.2.jar:/home/gradle/gradle.balsen/caches/modules-2/files-2.1/org.ow2.asm/asm/6.2/1b6c4ff09ce03f3052429139c2a68e295cae6604/asm-6.2.jar:/home/gradle/gradle.balsen/caches/modules-2/files-2.1/com.fasterxml.jackson.core/jackson-annotations/2.9.0/7c10d545325e3a6e72e06381afe469fd40eb701/jackson-annotations-2.9.0.jar:/home/gradle/gradle.balsen/caches/modules-2/files-2.1/com.fasterxml.jackson.core/jackson-core/2.9.6/4e393793c37c77e042ccc7be5a914ae39251b365/jackson-core-2.9.6.jar:/home/gradle/gradle.balsen/caches/modules-2/files-2.1/ch.qos.logback/logback-core/1.2.3/864344400c3d4d92dfeb0a305dc87d953677c03c/logback-core-1.2.3.jar:/home/gradle/gradle.balsen/caches/modules-2/files-2.1/org.apache.logging.log4j/log4j-api/2.10.0/fec5797a55b786184a537abd39c3fa1449d752d6/log4j-api-2.10.0.jar, java.vm.vendor=Oracle Corporation, sun.arch.data.model=64, user.variant=, java.vendor.url=http://java.oracle.com/, user.timezone=Europe/Berlin, os.name=Linux, java.vm.specification.version=1.8, javax.persistence.validation.mode=AUTO, user.country=US, sun.java.launcher=SUN_STANDARD, sun.boot.library.path=/usr/lib/jvm/java-8-openjdk-amd64/jre/lib/amd64, hibernate.transaction.jta.platform=org.hibernate.engine.transaction.jta.platform.internal.NoJtaPlatform@d6f0c65, sun.java.command=worker.org.gradle.process.internal.worker.GradleWorkerMain 'Gradle Test Executor 2', javax.persistence.sharedCache.mode=UNSPECIFIED, sun.cpu.endian=little, user.home=/home/serv/dieter, user.language=en, java.specification.vendor=Oracle Corporation, org.gradle.native=false, java.home=/usr/lib/jvm/java-8-openjdk-amd64/jre, file.separator=/, line.separator=
, java.vm.specification.vendor=Oracle Corporation, java.specification.name=Java Platform API Specification, hibernate.transaction.coordinator_class=class org.hibernate.resource.transaction.backend.jdbc.internal.JdbcResourceLocalTransactionCoordinatorBuilderImpl, java.awt.graphicsenv=sun.awt.X11GraphicsEnvironment, sun.boot.class.path=/usr/lib/jvm/java-8-openjdk-amd64/jre/lib/resources.jar:/usr/lib/jvm/java-8-openjdk-amd64/jre/lib/rt.jar:/usr/lib/jvm/java-8-openjdk-amd64/jre/lib/sunrsasign.jar:/usr/lib/jvm/java-8-openjdk-amd64/jre/lib/jsse.jar:/usr/lib/jvm/java-8-openjdk-amd64/jre/lib/jce.jar:/usr/lib/jvm/java-8-openjdk-amd64/jre/lib/charsets.jar:/usr/lib/jvm/java-8-openjdk-amd64/jre/lib/jfr.jar:/usr/lib/jvm/java-8-openjdk-amd64/jre/classes, hibernate.hbm2ddl.auto=create-drop, sun.management.compiler=HotSpot 64-Bit Tiered Compilers, java.runtime.version=1.8.0_171-8u171-b11-2-b11, user.name=balsen, path.separator=:, os.version=4.18.0-1-amd64, java.endorsed.dirs=/usr/lib/jvm/java-8-openjdk-amd64/jre/lib/endorsed, java.runtime.name=OpenJDK Runtime Environment, hibernate.ejb.persistenceUnitName=default, file.encoding=UTF-8, java.vm.name=OpenJDK 64-Bit Server VM, java.vendor.url.bug=http://bugreport.sun.com/bugreport/, java.io.tmpdir=/tmp, com.zaxxer.hikari.pool_number=1, java.version=1.8.0_171, hibernate.physical_naming_strategy=org.springframework.boot.orm.jpa.hibernate.SpringPhysicalNamingStrategy, user.dir=/home/webproject/projects/kontospring, os.arch=amd64, java.vm.specification.name=Java Virtual Machine Specification, java.awt.printerjob=sun.print.PSPrinterJob, sun.os.patch.level=unknown, hibernate.boot.CfgXmlAccessService.key=org.hibernate.boot.cfgxml.spi.LoadedConfig@7c0998d5, java.library.path=/usr/java/packages/lib/amd64:/usr/lib/x86_64-linux-gnu/jni:/lib/x86_64-linux-gnu:/usr/lib/x86_64-linux-gnu:/usr/lib/jni:/lib:/usr/lib, java.vm.info=mixed mode, java.vendor=Oracle Corporation, java.vm.version=25.171-b11, hibernate.bytecode.use_reflection_optimizer=false, hibernate.connection.datasource=HikariDataSource (HikariPool-1), java.ext.dirs=/usr/lib/jvm/java-8-openjdk-amd64/jre/lib/ext:/usr/java/packages/lib/ext, sun.io.unicode.encoding=UnicodeLittle, java.class.version=52.0}
13:32:50.109 [Test worker] INFO org.hibernate.validator.internal.util.Version - HV000001: Hibernate Validator 6.0.11.Final
13:32:50.115 [Test worker] DEBUG org.hibernate.validator.internal.engine.resolver.TraversableResolvers - Found javax.persistence.Persistence on classpath containing 'getPersistenceUtil'. Assuming JPA 2 environment. Trying to instantiate JPA aware TraversableResolver
13:32:50.115 [Test worker] DEBUG org.hibernate.validator.internal.engine.resolver.TraversableResolvers - Instantiated JPA aware TraversableResolver of type org.hibernate.validator.internal.engine.resolver.JPATraversableResolver.
13:32:50.117 [Test worker] DEBUG org.hibernate.validator.internal.xml.config.ValidationXmlParser - Trying to load META-INF/validation.xml for XML based Validator configuration.
13:32:50.118 [Test worker] DEBUG org.hibernate.validator.internal.xml.config.ResourceLoaderHelper - Trying to load META-INF/validation.xml via TCCL
13:32:50.118 [Test worker] DEBUG org.hibernate.validator.internal.xml.config.ResourceLoaderHelper - Trying to load META-INF/validation.xml via Hibernate Validator's class loader
13:32:50.118 [Test worker] DEBUG org.hibernate.validator.internal.xml.config.ValidationXmlParser - No META-INF/validation.xml found. Using annotation based configuration only.
13:32:50.181 [Test worker] DEBUG org.hibernate.validator.messageinterpolation.ResourceBundleMessageInterpolator - Loaded expression factory via original TCCL
13:32:50.184 [Test worker] DEBUG org.hibernate.validator.internal.engine.ValidatorFactoryImpl - HV000234: Using org.hibernate.validator.messageinterpolation.ResourceBundleMessageInterpolator as ValidatorFactory-scoped message interpolator.
13:32:50.185 [Test worker] DEBUG org.hibernate.validator.internal.engine.ValidatorFactoryImpl - HV000234: Using org.hibernate.validator.internal.engine.resolver.JPATraversableResolver as ValidatorFactory-scoped traversable resolver.
13:32:50.185 [Test worker] DEBUG org.hibernate.validator.internal.engine.ValidatorFactoryImpl - HV000234: Using org.hibernate.validator.internal.util.ExecutableParameterNameProvider as ValidatorFactory-scoped parameter name provider.
13:32:50.185 [Test worker] DEBUG org.hibernate.validator.internal.engine.ValidatorFactoryImpl - HV000234: Using org.hibernate.validator.internal.engine.DefaultClockProvider as ValidatorFactory-scoped clock provider.
13:32:50.185 [Test worker] DEBUG org.hibernate.validator.internal.engine.ValidatorFactoryImpl - HV000234: Using org.hibernate.validator.internal.engine.scripting.DefaultScriptEvaluatorFactory as ValidatorFactory-scoped script evaluator factory.
13:32:50.186 [Test worker] DEBUG org.hibernate.boot.internal.ClassLoaderAccessImpl - Not known whether passed class name [loc.balsen.kontospring.data.Zuordnung] is safe
13:32:50.186 [Test worker] DEBUG org.hibernate.boot.internal.ClassLoaderAccessImpl - No temp ClassLoader provided; using live ClassLoader for loading potentially unsafe class : loc.balsen.kontospring.data.Zuordnung
13:32:50.224 [Test worker] DEBUG org.hibernate.boot.internal.ClassLoaderAccessImpl - Not known whether passed class name [loc.balsen.kontospring.data.Template] is safe
13:32:50.225 [Test worker] DEBUG org.hibernate.boot.internal.ClassLoaderAccessImpl - No temp ClassLoader provided; using live ClassLoader for loading potentially unsafe class : loc.balsen.kontospring.data.Template
13:32:50.230 [Test worker] DEBUG org.hibernate.boot.internal.ClassLoaderAccessImpl - Not known whether passed class name [loc.balsen.kontospring.data.Beleg] is safe
13:32:50.230 [Test worker] DEBUG org.hibernate.boot.internal.ClassLoaderAccessImpl - No temp ClassLoader provided; using live ClassLoader for loading potentially unsafe class : loc.balsen.kontospring.data.Beleg
13:32:50.233 [Test worker] DEBUG org.hibernate.boot.internal.ClassLoaderAccessImpl - Not known whether passed class name [loc.balsen.kontospring.data.KontoGruppe] is safe
13:32:50.233 [Test worker] DEBUG org.hibernate.boot.internal.ClassLoaderAccessImpl - No temp ClassLoader provided; using live ClassLoader for loading potentially unsafe class : loc.balsen.kontospring.data.KontoGruppe
13:32:50.235 [Test worker] DEBUG org.hibernate.boot.internal.ClassLoaderAccessImpl - Not known whether passed class name [loc.balsen.kontospring.data.Plan] is safe
13:32:50.235 [Test worker] DEBUG org.hibernate.boot.internal.ClassLoaderAccessImpl - No temp ClassLoader provided; using live ClassLoader for loading potentially unsafe class : loc.balsen.kontospring.data.Plan
13:32:50.238 [Test worker] DEBUG org.hibernate.boot.internal.ClassLoaderAccessImpl - Not known whether passed class name [loc.balsen.kontospring.data.Konto] is safe
13:32:50.238 [Test worker] DEBUG org.hibernate.boot.internal.ClassLoaderAccessImpl - No temp ClassLoader provided; using live ClassLoader for loading potentially unsafe class : loc.balsen.kontospring.data.Konto
13:32:50.240 [Test worker] DEBUG org.hibernate.boot.internal.ClassLoaderAccessImpl - Not known whether passed class name [loc.balsen.kontospring.data.PlanHistory] is safe
13:32:50.240 [Test worker] DEBUG org.hibernate.boot.internal.ClassLoaderAccessImpl - No temp ClassLoader provided; using live ClassLoader for loading potentially unsafe class : loc.balsen.kontospring.data.PlanHistory
13:32:50.244 [Test worker] DEBUG org.hibernate.secure.spi.JaccIntegrator - Skipping JACC integration as it was not enabled
13:32:50.245 [Test worker] DEBUG org.hibernate.engine.spi.CascadeStyles - External cascade style registration [persist : STYLE_PERSIST_SKIPLAZY] overrode base registration [STYLE_PERSIST]
13:32:50.254 [Test worker] DEBUG org.hibernate.internal.SessionFactoryImpl - Instantiated session factory
13:32:50.275 [Test worker] DEBUG org.hibernate.boot.internal.ClassLoaderAccessImpl - Not known whether passed class name [loc.balsen.kontospring.data.Zuordnung] is safe
13:32:50.275 [Test worker] DEBUG org.hibernate.boot.internal.ClassLoaderAccessImpl - No temp ClassLoader provided; using live ClassLoader for loading potentially unsafe class : loc.balsen.kontospring.data.Zuordnung
13:32:50.280 [Test worker] DEBUG org.hibernate.boot.internal.ClassLoaderAccessImpl - Not known whether passed class name [loc.balsen.kontospring.data.Zuordnung] is safe
13:32:50.281 [Test worker] DEBUG org.hibernate.boot.internal.ClassLoaderAccessImpl - No temp ClassLoader provided; using live ClassLoader for loading potentially unsafe class : loc.balsen.kontospring.data.Zuordnung
13:32:50.300 [Test worker] DEBUG org.hibernate.boot.internal.ClassLoaderAccessImpl - Not known whether passed class name [loc.balsen.kontospring.data.Template] is safe
13:32:50.300 [Test worker] DEBUG org.hibernate.boot.internal.ClassLoaderAccessImpl - No temp ClassLoader provided; using live ClassLoader for loading potentially unsafe class : loc.balsen.kontospring.data.Template
13:32:50.301 [Test worker] DEBUG org.hibernate.boot.internal.ClassLoaderAccessImpl - Not known whether passed class name [loc.balsen.kontospring.data.Template] is safe
13:32:50.301 [Test worker] DEBUG org.hibernate.boot.internal.ClassLoaderAccessImpl - No temp ClassLoader provided; using live ClassLoader for loading potentially unsafe class : loc.balsen.kontospring.data.Template
13:32:50.308 [Test worker] DEBUG org.hibernate.boot.internal.ClassLoaderAccessImpl - Not known whether passed class name [loc.balsen.kontospring.data.Beleg] is safe
13:32:50.308 [Test worker] DEBUG org.hibernate.boot.internal.ClassLoaderAccessImpl - No temp ClassLoader provided; using live ClassLoader for loading potentially unsafe class : loc.balsen.kontospring.data.Beleg
13:32:50.308 [Test worker] DEBUG org.hibernate.boot.internal.ClassLoaderAccessImpl - Not known whether passed class name [loc.balsen.kontospring.data.Beleg] is safe
13:32:50.308 [Test worker] DEBUG org.hibernate.boot.internal.ClassLoaderAccessImpl - No temp ClassLoader provided; using live ClassLoader for loading potentially unsafe class : loc.balsen.kontospring.data.Beleg
13:32:50.312 [Test worker] DEBUG org.hibernate.boot.internal.ClassLoaderAccessImpl - Not known whether passed class name [loc.balsen.kontospring.data.KontoGruppe] is safe
13:32:50.313 [Test worker] DEBUG org.hibernate.boot.internal.ClassLoaderAccessImpl - No temp ClassLoader provided; using live ClassLoader for loading potentially unsafe class : loc.balsen.kontospring.data.KontoGruppe
13:32:50.313 [Test worker] DEBUG org.hibernate.boot.internal.ClassLoaderAccessImpl - Not known whether passed class name [loc.balsen.kontospring.data.KontoGruppe] is safe
13:32:50.313 [Test worker] DEBUG org.hibernate.boot.internal.ClassLoaderAccessImpl - No temp ClassLoader provided; using live ClassLoader for loading potentially unsafe class : loc.balsen.kontospring.data.KontoGruppe
13:32:50.315 [Test worker] DEBUG org.hibernate.boot.internal.ClassLoaderAccessImpl - Not known whether passed class name [loc.balsen.kontospring.data.Plan] is safe
13:32:50.315 [Test worker] DEBUG org.hibernate.boot.internal.ClassLoaderAccessImpl - No temp ClassLoader provided; using live ClassLoader for loading potentially unsafe class : loc.balsen.kontospring.data.Plan
13:32:50.315 [Test worker] DEBUG org.hibernate.boot.internal.ClassLoaderAccessImpl - Not known whether passed class name [loc.balsen.kontospring.data.Plan] is safe
13:32:50.315 [Test worker] DEBUG org.hibernate.boot.internal.ClassLoaderAccessImpl - No temp ClassLoader provided; using live ClassLoader for loading potentially unsafe class : loc.balsen.kontospring.data.Plan
13:32:50.319 [Test worker] DEBUG org.hibernate.boot.internal.ClassLoaderAccessImpl - Not known whether passed class name [loc.balsen.kontospring.data.Konto] is safe
13:32:50.320 [Test worker] DEBUG org.hibernate.boot.internal.ClassLoaderAccessImpl - No temp ClassLoader provided; using live ClassLoader for loading potentially unsafe class : loc.balsen.kontospring.data.Konto
13:32:50.320 [Test worker] DEBUG org.hibernate.boot.internal.ClassLoaderAccessImpl - Not known whether passed class name [loc.balsen.kontospring.data.Konto] is safe
13:32:50.320 [Test worker] DEBUG org.hibernate.boot.internal.ClassLoaderAccessImpl - No temp ClassLoader provided; using live ClassLoader for loading potentially unsafe class : loc.balsen.kontospring.data.Konto
13:32:50.322 [Test worker] DEBUG org.hibernate.boot.internal.ClassLoaderAccessImpl - Not known whether passed class name [loc.balsen.kontospring.data.PlanHistory] is safe
13:32:50.322 [Test worker] DEBUG org.hibernate.boot.internal.ClassLoaderAccessImpl - No temp ClassLoader provided; using live ClassLoader for loading potentially unsafe class : loc.balsen.kontospring.data.PlanHistory
13:32:50.323 [Test worker] DEBUG org.hibernate.boot.internal.ClassLoaderAccessImpl - Not known whether passed class name [loc.balsen.kontospring.data.PlanHistory] is safe
13:32:50.323 [Test worker] DEBUG org.hibernate.boot.internal.ClassLoaderAccessImpl - No temp ClassLoader provided; using live ClassLoader for loading potentially unsafe class : loc.balsen.kontospring.data.PlanHistory
13:32:50.330 [Test worker] DEBUG org.hibernate.persister.entity.AbstractEntityPersister - Static SQL for entity: loc.balsen.kontospring.data.Zuordnung
13:32:50.331 [Test worker] DEBUG org.hibernate.persister.entity.AbstractEntityPersister -  Version select: select id from zuordnung where id =?
13:32:50.331 [Test worker] DEBUG org.hibernate.persister.entity.AbstractEntityPersister -  Snapshot select: select zuordnung_.id, zuordnung_.buchungsbeleg as buchungs6_6_, zuordnung_.commited as commited2_6_, zuordnung_.description as descript3_6_, zuordnung_.konto as konto7_6_, zuordnung_.plan as plan8_6_, zuordnung_.shortdescription as shortdes4_6_, zuordnung_.wert as wert5_6_ from zuordnung zuordnung_ where zuordnung_.id=?
13:32:50.331 [Test worker] DEBUG org.hibernate.persister.entity.AbstractEntityPersister -  Insert 0: insert into zuordnung (buchungsbeleg, commited, description, konto, plan, shortdescription, wert, id) values (?, ?, ?, ?, ?, ?, ?, ?)
13:32:50.331 [Test worker] DEBUG org.hibernate.persister.entity.AbstractEntityPersister -  Update 0: update zuordnung set buchungsbeleg=?, commited=?, description=?, konto=?, plan=?, shortdescription=?, wert=? where id=?
13:32:50.331 [Test worker] DEBUG org.hibernate.persister.entity.AbstractEntityPersister -  Delete 0: delete from zuordnung where id=?
13:32:50.349 [Test worker] DEBUG org.hibernate.loader.plan.build.internal.spaces.QuerySpacesImpl - Adding QuerySpace : uid = <gen:0> -> org.hibernate.loader.plan.build.internal.spaces.EntityQuerySpaceImpl@2b8051d8]
13:32:50.350 [Test worker] DEBUG org.hibernate.persister.walking.spi.MetamodelGraphWalker - Visiting attribute path : buchungsbeleg
13:32:50.352 [Test worker] DEBUG org.hibernate.loader.plan.build.internal.spaces.QuerySpacesImpl - Adding QuerySpace : uid = <gen:1> -> org.hibernate.loader.plan.build.internal.spaces.EntityQuerySpaceImpl@5b341c1f]
13:32:50.353 [Test worker] DEBUG org.hibernate.persister.walking.spi.MetamodelGraphWalker - Visiting attribute path : buchungsbeleg.Referenz
13:32:50.353 [Test worker] DEBUG org.hibernate.persister.walking.spi.MetamodelGraphWalker - Visiting attribute path : buchungsbeleg.absender
13:32:50.353 [Test worker] DEBUG org.hibernate.persister.walking.spi.MetamodelGraphWalker - Visiting attribute path : buchungsbeleg.art
13:32:50.353 [Test worker] DEBUG org.hibernate.persister.walking.spi.MetamodelGraphWalker - Visiting attribute path : buchungsbeleg.beleg
13:32:50.353 [Test worker] DEBUG org.hibernate.persister.walking.spi.MetamodelGraphWalker - Visiting attribute path : buchungsbeleg.details
13:32:50.353 [Test worker] DEBUG org.hibernate.persister.walking.spi.MetamodelGraphWalker - Visiting attribute path : buchungsbeleg.eingang
13:32:50.353 [Test worker] DEBUG org.hibernate.persister.walking.spi.MetamodelGraphWalker - Visiting attribute path : buchungsbeleg.einreicherID
13:32:50.353 [Test worker] DEBUG org.hibernate.persister.walking.spi.MetamodelGraphWalker - Visiting attribute path : buchungsbeleg.empfaenger
13:32:50.353 [Test worker] DEBUG org.hibernate.persister.walking.spi.MetamodelGraphWalker - Visiting attribute path : buchungsbeleg.mandat
13:32:50.353 [Test worker] DEBUG org.hibernate.persister.walking.spi.MetamodelGraphWalker - Visiting attribute path : buchungsbeleg.wert
13:32:50.353 [Test worker] DEBUG org.hibernate.persister.walking.spi.MetamodelGraphWalker - Visiting attribute path : buchungsbeleg.wertstellung
13:32:50.353 [Test worker] DEBUG org.hibernate.persister.walking.spi.MetamodelGraphWalker - Visiting attribute path : commited
13:32:50.353 [Test worker] DEBUG org.hibernate.persister.walking.spi.MetamodelGraphWalker - Visiting attribute path : description
13:32:50.353 [Test worker] DEBUG org.hibernate.persister.walking.spi.MetamodelGraphWalker - Visiting attribute path : konto
13:32:50.353 [Test worker] DEBUG org.hibernate.loader.plan.build.internal.spaces.QuerySpacesImpl - Adding QuerySpace : uid = <gen:2> -> org.hibernate.loader.plan.build.internal.spaces.EntityQuerySpaceImpl@487bdd31]
13:32:50.353 [Test worker] DEBUG org.hibernate.persister.walking.spi.MetamodelGraphWalker - Visiting attribute path : konto.art
13:32:50.353 [Test worker] DEBUG org.hibernate.persister.walking.spi.MetamodelGraphWalker - Visiting attribute path : konto.description
13:32:50.353 [Test worker] DEBUG org.hibernate.persister.walking.spi.MetamodelGraphWalker - Visiting attribute path : konto.kontoGruppe
13:32:50.353 [Test worker] DEBUG org.hibernate.loader.plan.build.internal.spaces.QuerySpacesImpl - Adding QuerySpace : uid = <gen:3> -> org.hibernate.loader.plan.build.internal.spaces.EntityQuerySpaceImpl@4246629a]
13:32:50.353 [Test worker] DEBUG org.hibernate.persister.walking.spi.MetamodelGraphWalker - Visiting attribute path : konto.kontoGruppe.description
13:32:50.353 [Test worker] DEBUG org.hibernate.persister.walking.spi.MetamodelGraphWalker - Visiting attribute path : konto.kontoGruppe.shortdescription
13:32:50.353 [Test worker] DEBUG org.hibernate.persister.walking.spi.MetamodelGraphWalker - Visiting attribute path : konto.shortdescription
13:32:50.353 [Test worker] DEBUG org.hibernate.persister.walking.spi.MetamodelGraphWalker - Visiting attribute path : plan
13:32:50.354 [Test worker] DEBUG org.hibernate.loader.plan.build.internal.spaces.QuerySpacesImpl - Adding QuerySpace : uid = <gen:4> -> org.hibernate.loader.plan.build.internal.spaces.EntityQuerySpaceImpl@5bfe5fcb]
13:32:50.354 [Test worker] DEBUG org.hibernate.persister.walking.spi.MetamodelGraphWalker - Visiting attribute path : plan.creationdate
13:32:50.354 [Test worker] DEBUG org.hibernate.persister.walking.spi.MetamodelGraphWalker - Visiting attribute path : plan.description
13:32:50.354 [Test worker] DEBUG org.hibernate.persister.walking.spi.MetamodelGraphWalker - Visiting attribute path : plan.enddate
13:32:50.354 [Test worker] DEBUG org.hibernate.persister.walking.spi.MetamodelGraphWalker - Visiting attribute path : plan.konto
13:32:50.354 [Test worker] DEBUG org.hibernate.loader.plan.build.internal.spaces.QuerySpacesImpl - Adding QuerySpace : uid = <gen:5> -> org.hibernate.loader.plan.build.internal.spaces.EntityQuerySpaceImpl@24d41e12]
13:32:50.354 [Test worker] DEBUG org.hibernate.persister.walking.spi.MetamodelGraphWalker - Visiting attribute path : plan.konto.art
13:32:50.354 [Test worker] DEBUG org.hibernate.persister.walking.spi.MetamodelGraphWalker - Visiting attribute path : plan.konto.description
13:32:50.354 [Test worker] DEBUG org.hibernate.persister.walking.spi.MetamodelGraphWalker - Visiting attribute path : plan.konto.kontoGruppe
13:32:50.354 [Test worker] DEBUG org.hibernate.persister.walking.spi.MetamodelGraphWalker - Property path deemed to be circular : plan.konto.kontoGruppe
13:32:50.354 [Test worker] DEBUG org.hibernate.persister.walking.spi.MetamodelGraphWalker - Visiting attribute path : plan.konto.shortdescription
13:32:50.354 [Test worker] DEBUG org.hibernate.persister.walking.spi.MetamodelGraphWalker - Visiting attribute path : plan.pattern
13:32:50.354 [Test worker] DEBUG org.hibernate.persister.walking.spi.MetamodelGraphWalker - Visiting attribute path : plan.planArt
13:32:50.354 [Test worker] DEBUG org.hibernate.persister.walking.spi.MetamodelGraphWalker - Visiting attribute path : plan.plandate
13:32:50.354 [Test worker] DEBUG org.hibernate.persister.walking.spi.MetamodelGraphWalker - Visiting attribute path : plan.position
13:32:50.354 [Test worker] DEBUG org.hibernate.persister.walking.spi.MetamodelGraphWalker - Visiting attribute path : plan.shortdescription
13:32:50.354 [Test worker] DEBUG org.hibernate.persister.walking.spi.MetamodelGraphWalker - Visiting attribute path : plan.startdate
13:32:50.354 [Test worker] DEBUG org.hibernate.persister.walking.spi.MetamodelGraphWalker - Visiting attribute path : plan.template
13:32:50.354 [Test worker] DEBUG org.hibernate.loader.plan.build.internal.spaces.QuerySpacesImpl - Adding QuerySpace : uid = <gen:6> -> org.hibernate.loader.plan.build.internal.spaces.EntityQuerySpaceImpl@7a0f5979]
13:32:50.354 [Test worker] DEBUG org.hibernate.persister.walking.spi.MetamodelGraphWalker - Visiting attribute path : plan.template.anzahlRythmus
13:32:50.354 [Test worker] DEBUG org.hibernate.persister.walking.spi.MetamodelGraphWalker - Visiting attribute path : plan.template.description
13:32:50.354 [Test worker] DEBUG org.hibernate.persister.walking.spi.MetamodelGraphWalker - Visiting attribute path : plan.template.gueltigBis
13:32:50.354 [Test worker] DEBUG org.hibernate.persister.walking.spi.MetamodelGraphWalker - Visiting attribute path : plan.template.gueltigVon
13:32:50.354 [Test worker] DEBUG org.hibernate.persister.walking.spi.MetamodelGraphWalker - Visiting attribute path : plan.template.konto
13:32:50.354 [Test worker] DEBUG org.hibernate.loader.plan.build.internal.spaces.QuerySpacesImpl - Adding QuerySpace : uid = <gen:7> -> org.hibernate.loader.plan.build.internal.spaces.EntityQuerySpaceImpl@1bc4330c]
13:32:50.354 [Test worker] DEBUG org.hibernate.persister.walking.spi.MetamodelGraphWalker - Visiting attribute path : plan.template.konto.art
13:32:50.355 [Test worker] DEBUG org.hibernate.persister.walking.spi.MetamodelGraphWalker - Visiting attribute path : plan.template.konto.description
13:32:50.355 [Test worker] DEBUG org.hibernate.persister.walking.spi.MetamodelGraphWalker - Visiting attribute path : plan.template.konto.kontoGruppe
13:32:50.355 [Test worker] DEBUG org.hibernate.persister.walking.spi.MetamodelGraphWalker - Property path deemed to be circular : plan.template.konto.kontoGruppe
13:32:50.355 [Test worker] DEBUG org.hibernate.persister.walking.spi.MetamodelGraphWalker - Visiting attribute path : plan.template.konto.shortdescription
13:32:50.355 [Test worker] DEBUG org.hibernate.persister.walking.spi.MetamodelGraphWalker - Visiting attribute path : plan.template.next
13:32:50.355 [Test worker] DEBUG org.hibernate.persister.walking.spi.MetamodelGraphWalker - Visiting attribute path : plan.template.pattern
13:32:50.355 [Test worker] DEBUG org.hibernate.persister.walking.spi.MetamodelGraphWalker - Visiting attribute path : plan.template.planArt
13:32:50.355 [Test worker] DEBUG org.hibernate.persister.walking.spi.MetamodelGraphWalker - Visiting attribute path : plan.template.position
13:32:50.355 [Test worker] DEBUG org.hibernate.persister.walking.spi.MetamodelGraphWalker - Visiting attribute path : plan.template.rythmus
13:32:50.355 [Test worker] DEBUG org.hibernate.persister.walking.spi.MetamodelGraphWalker - Visiting attribute path : plan.template.shortdescription
13:32:50.355 [Test worker] DEBUG org.hibernate.persister.walking.spi.MetamodelGraphWalker - Visiting attribute path : plan.template.start
13:32:50.355 [Test worker] DEBUG org.hibernate.persister.walking.spi.MetamodelGraphWalker - Visiting attribute path : plan.template.vardays
13:32:50.355 [Test worker] DEBUG org.hibernate.persister.walking.spi.MetamodelGraphWalker - Visiting attribute path : plan.template.wert
13:32:50.355 [Test worker] DEBUG org.hibernate.persister.walking.spi.MetamodelGraphWalker - Visiting attribute path : plan.wert
13:32:50.355 [Test worker] DEBUG org.hibernate.persister.walking.spi.MetamodelGraphWalker - Visiting attribute path : shortdescription
13:32:50.355 [Test worker] DEBUG org.hibernate.persister.walking.spi.MetamodelGraphWalker - Visiting attribute path : wert
13:32:50.355 [Test worker] DEBUG org.hibernate.loader.plan.build.internal.FetchStyleLoadPlanBuildingAssociationVisitationStrategy - Building LoadPlan...
13:32:50.361 [Test worker] DEBUG org.hibernate.loader.plan.exec.internal.LoadQueryJoinAndFetchProcessor - processing queryspace <gen:0>
13:32:50.364 [Test worker] DEBUG org.hibernate.loader.plan.build.spi.LoadPlanTreePrinter - LoadPlan(entity=loc.balsen.kontospring.data.Zuordnung)
    - Returns
       - EntityReturnImpl(entity=loc.balsen.kontospring.data.Zuordnung, querySpaceUid=<gen:0>, path=loc.balsen.kontospring.data.Zuordnung)
          - EntityAttributeFetchImpl(entity=loc.balsen.kontospring.data.Beleg, querySpaceUid=<gen:1>, path=loc.balsen.kontospring.data.Zuordnung.buchungsbeleg)
          - EntityAttributeFetchImpl(entity=loc.balsen.kontospring.data.Konto, querySpaceUid=<gen:2>, path=loc.balsen.kontospring.data.Zuordnung.konto)
             - EntityAttributeFetchImpl(entity=loc.balsen.kontospring.data.KontoGruppe, querySpaceUid=<gen:3>, path=loc.balsen.kontospring.data.Zuordnung.konto.kontoGruppe)
          - EntityAttributeFetchImpl(entity=loc.balsen.kontospring.data.Plan, querySpaceUid=<gen:4>, path=loc.balsen.kontospring.data.Zuordnung.plan)
             - EntityAttributeFetchImpl(entity=loc.balsen.kontospring.data.Konto, querySpaceUid=<gen:5>, path=loc.balsen.kontospring.data.Zuordnung.plan.konto)
             - EntityAttributeFetchImpl(entity=loc.balsen.kontospring.data.Template, querySpaceUid=<gen:6>, path=loc.balsen.kontospring.data.Zuordnung.plan.template)
                - EntityAttributeFetchImpl(entity=loc.balsen.kontospring.data.Konto, querySpaceUid=<gen:7>, path=loc.balsen.kontospring.data.Zuordnung.plan.template.konto)
    - QuerySpaces
       - EntityQuerySpaceImpl(uid=<gen:0>, entity=loc.balsen.kontospring.data.Zuordnung)
          - SQL table alias mapping - zuordnung0_
          - alias suffix - 0_
          - suffixed key columns - {id1_6_0_}
          - JOIN (JoinDefinedByMetadata(buchungsbeleg)) : <gen:0> -> <gen:1>
             - EntityQuerySpaceImpl(uid=<gen:1>, entity=loc.balsen.kontospring.data.Beleg)
                - SQL table alias mapping - beleg1_
                - alias suffix - 1_
                - suffixed key columns - {id1_0_1_}
          - JOIN (JoinDefinedByMetadata(konto)) : <gen:0> -> <gen:2>
             - EntityQuerySpaceImpl(uid=<gen:2>, entity=loc.balsen.kontospring.data.Konto)
                - SQL table alias mapping - konto2_
                - alias suffix - 2_
                - suffixed key columns - {id1_1_2_}
                - JOIN (JoinDefinedByMetadata(kontoGruppe)) : <gen:2> -> <gen:3>
                   - EntityQuerySpaceImpl(uid=<gen:3>, entity=loc.balsen.kontospring.data.KontoGruppe)
                      - SQL table alias mapping - kontogrupp3_
                      - alias suffix - 3_
                      - suffixed key columns - {id1_2_3_}
          - JOIN (JoinDefinedByMetadata(plan)) : <gen:0> -> <gen:4>
             - EntityQuerySpaceImpl(uid=<gen:4>, entity=loc.balsen.kontospring.data.Plan)
                - SQL table alias mapping - plan4_
                - alias suffix - 4_
                - suffixed key columns - {id1_3_4_}
                - JOIN (JoinDefinedByMetadata(konto)) : <gen:4> -> <gen:5>
                   - EntityQuerySpaceImpl(uid=<gen:5>, entity=loc.balsen.kontospring.data.Konto)
                      - SQL table alias mapping - konto5_
                      - alias suffix - 5_
                      - suffixed key columns - {id1_1_5_}
                - JOIN (JoinDefinedByMetadata(template)) : <gen:4> -> <gen:6>
                   - EntityQuerySpaceImpl(uid=<gen:6>, entity=loc.balsen.kontospring.data.Template)
                      - SQL table alias mapping - template6_
                      - alias suffix - 6_
                      - suffixed key columns - {id1_5_6_}
                      - JOIN (JoinDefinedByMetadata(konto)) : <gen:6> -> <gen:7>
                         - EntityQuerySpaceImpl(uid=<gen:7>, entity=loc.balsen.kontospring.data.Konto)
                            - SQL table alias mapping - konto7_
                            - alias suffix - 7_
                            - suffixed key columns - {id1_1_7_}

13:32:50.366 [Test worker] DEBUG org.hibernate.loader.entity.plan.EntityLoader - Static select for entity loc.balsen.kontospring.data.Zuordnung [NONE]: select zuordnung0_.id as id1_6_0_, zuordnung0_.buchungsbeleg as buchungs6_6_0_, zuordnung0_.commited as commited2_6_0_, zuordnung0_.description as descript3_6_0_, zuordnung0_.konto as konto7_6_0_, zuordnung0_.plan as plan8_6_0_, zuordnung0_.shortdescription as shortdes4_6_0_, zuordnung0_.wert as wert5_6_0_, beleg1_.id as id1_0_1_, beleg1_.referenz as referenz2_0_1_, beleg1_.absender as absender3_0_1_, beleg1_.art as art4_0_1_, beleg1_.beleg as beleg5_0_1_, beleg1_.details as details6_0_1_, beleg1_.eingang as eingang7_0_1_, beleg1_.einreicherid as einreich8_0_1_, beleg1_.empfaenger as empfaeng9_0_1_, beleg1_.mandat as mandat10_0_1_, beleg1_.wert as wert11_0_1_, beleg1_.wertstellung as wertste12_0_1_, konto2_.id as id1_1_2_, konto2_.art as art2_1_2_, konto2_.description as descript3_1_2_, konto2_.id_gruppe as id_grupp5_1_2_, konto2_.shortdescription as shortdes4_1_2_, kontogrupp3_.id as id1_2_3_, kontogrupp3_.description as descript2_2_3_, kontogrupp3_.shortdescription as shortdes3_2_3_, plan4_.id as id1_3_4_, plan4_.creationdate as creation2_3_4_, plan4_.description as descript3_3_4_, plan4_.enddate as enddate4_3_4_, plan4_.konto as konto12_3_4_, plan4_.pattern as pattern5_3_4_, plan4_.plan_art as plan_art6_3_4_, plan4_.plandate as plandate7_3_4_, plan4_.position as position8_3_4_, plan4_.shortdescription as shortdes9_3_4_, plan4_.startdate as startda10_3_4_, plan4_.template as templat13_3_4_, plan4_.wert as wert11_3_4_, konto5_.id as id1_1_5_, konto5_.art as art2_1_5_, konto5_.description as descript3_1_5_, konto5_.id_gruppe as id_grupp5_1_5_, konto5_.shortdescription as shortdes4_1_5_, template6_.id as id1_5_6_, template6_.anzahl_rythmus as anzahl_r2_5_6_, template6_.description as descript3_5_6_, template6_.gueltig_bis as gueltig_4_5_6_, template6_.gueltig_von as gueltig_5_5_6_, template6_.konto as konto15_5_6_, template6_.next as next6_5_6_, template6_.pattern as pattern7_5_6_, template6_.plan_art as plan_art8_5_6_, template6_.position as position9_5_6_, template6_.rythmus as rythmus10_5_6_, template6_.shortdescription as shortde11_5_6_, template6_.start as start12_5_6_, template6_.vardays as vardays13_5_6_, template6_.wert as wert14_5_6_, konto7_.id as id1_1_7_, konto7_.art as art2_1_7_, konto7_.description as descript3_1_7_, konto7_.id_gruppe as id_grupp5_1_7_, konto7_.shortdescription as shortdes4_1_7_ from zuordnung zuordnung0_ left outer join buchungsbeleg beleg1_ on zuordnung0_.buchungsbeleg=beleg1_.id left outer join konto konto2_ on zuordnung0_.konto=konto2_.id left outer join konto_gruppe kontogrupp3_ on konto2_.id_gruppe=kontogrupp3_.id left outer join plan plan4_ on zuordnung0_.plan=plan4_.id left outer join konto konto5_ on plan4_.konto=konto5_.id left outer join template template6_ on plan4_.template=template6_.id left outer join konto konto7_ on template6_.konto=konto7_.id where zuordnung0_.id=?
13:32:50.366 [Test worker] DEBUG org.hibernate.loader.plan.build.internal.spaces.QuerySpacesImpl - Adding QuerySpace : uid = <gen:0> -> org.hibernate.loader.plan.build.internal.spaces.EntityQuerySpaceImpl@716c6d0e]
13:32:50.366 [Test worker] DEBUG org.hibernate.persister.walking.spi.MetamodelGraphWalker - Visiting attribute path : buchungsbeleg
13:32:50.366 [Test worker] DEBUG org.hibernate.loader.plan.build.internal.spaces.QuerySpacesImpl - Adding QuerySpace : uid = <gen:1> -> org.hibernate.loader.plan.build.internal.spaces.EntityQuerySpaceImpl@b2c87df]
13:32:50.366 [Test worker] DEBUG org.hibernate.persister.walking.spi.MetamodelGraphWalker - Visiting attribute path : buchungsbeleg.Referenz
13:32:50.366 [Test worker] DEBUG org.hibernate.persister.walking.spi.MetamodelGraphWalker - Visiting attribute path : buchungsbeleg.absender
13:32:50.366 [Test worker] DEBUG org.hibernate.persister.walking.spi.MetamodelGraphWalker - Visiting attribute path : buchungsbeleg.art
13:32:50.366 [Test worker] DEBUG org.hibernate.persister.walking.spi.MetamodelGraphWalker - Visiting attribute path : buchungsbeleg.beleg
13:32:50.366 [Test worker] DEBUG org.hibernate.persister.walking.spi.MetamodelGraphWalker - Visiting attribute path : buchungsbeleg.details
13:32:50.366 [Test worker] DEBUG org.hibernate.persister.walking.spi.MetamodelGraphWalker - Visiting attribute path : buchungsbeleg.eingang
13:32:50.366 [Test worker] DEBUG org.hibernate.persister.walking.spi.MetamodelGraphWalker - Visiting attribute path : buchungsbeleg.einreicherID
13:32:50.366 [Test worker] DEBUG org.hibernate.persister.walking.spi.MetamodelGraphWalker - Visiting attribute path : buchungsbeleg.empfaenger
13:32:50.366 [Test worker] DEBUG org.hibernate.persister.walking.spi.MetamodelGraphWalker - Visiting attribute path : buchungsbeleg.mandat
13:32:50.366 [Test worker] DEBUG org.hibernate.persister.walking.spi.MetamodelGraphWalker - Visiting attribute path : buchungsbeleg.wert
13:32:50.366 [Test worker] DEBUG org.hibernate.persister.walking.spi.MetamodelGraphWalker - Visiting attribute path : buchungsbeleg.wertstellung
13:32:50.366 [Test worker] DEBUG org.hibernate.persister.walking.spi.MetamodelGraphWalker - Visiting attribute path : commited
13:32:50.366 [Test worker] DEBUG org.hibernate.persister.walking.spi.MetamodelGraphWalker - Visiting attribute path : description
13:32:50.366 [Test worker] DEBUG org.hibernate.persister.walking.spi.MetamodelGraphWalker - Visiting attribute path : konto
13:32:50.366 [Test worker] DEBUG org.hibernate.loader.plan.build.internal.spaces.QuerySpacesImpl - Adding QuerySpace : uid = <gen:2> -> org.hibernate.loader.plan.build.internal.spaces.EntityQuerySpaceImpl@666a124d]
13:32:50.366 [Test worker] DEBUG org.hibernate.persister.walking.spi.MetamodelGraphWalker - Visiting attribute path : konto.art
13:32:50.366 [Test worker] DEBUG org.hibernate.persister.walking.spi.MetamodelGraphWalker - Visiting attribute path : konto.description
13:32:50.366 [Test worker] DEBUG org.hibernate.persister.walking.spi.MetamodelGraphWalker - Visiting attribute path : konto.kontoGruppe
13:32:50.366 [Test worker] DEBUG org.hibernate.loader.plan.build.internal.spaces.QuerySpacesImpl - Adding QuerySpace : uid = <gen:3> -> org.hibernate.loader.plan.build.internal.spaces.EntityQuerySpaceImpl@55a915f6]
13:32:50.366 [Test worker] DEBUG org.hibernate.persister.walking.spi.MetamodelGraphWalker - Visiting attribute path : konto.kontoGruppe.description
13:32:50.366 [Test worker] DEBUG org.hibernate.persister.walking.spi.MetamodelGraphWalker - Visiting attribute path : konto.kontoGruppe.shortdescription
13:32:50.366 [Test worker] DEBUG org.hibernate.persister.walking.spi.MetamodelGraphWalker - Visiting attribute path : konto.shortdescription
13:32:50.366 [Test worker] DEBUG org.hibernate.persister.walking.spi.MetamodelGraphWalker - Visiting attribute path : plan
13:32:50.367 [Test worker] DEBUG org.hibernate.loader.plan.build.internal.spaces.QuerySpacesImpl - Adding QuerySpace : uid = <gen:4> -> org.hibernate.loader.plan.build.internal.spaces.EntityQuerySpaceImpl@7721da95]
13:32:50.367 [Test worker] DEBUG org.hibernate.persister.walking.spi.MetamodelGraphWalker - Visiting attribute path : plan.creationdate
13:32:50.367 [Test worker] DEBUG org.hibernate.persister.walking.spi.MetamodelGraphWalker - Visiting attribute path : plan.description
13:32:50.367 [Test worker] DEBUG org.hibernate.persister.walking.spi.MetamodelGraphWalker - Visiting attribute path : plan.enddate
13:32:50.367 [Test worker] DEBUG org.hibernate.persister.walking.spi.MetamodelGraphWalker - Visiting attribute path : plan.konto
13:32:50.367 [Test worker] DEBUG org.hibernate.loader.plan.build.internal.spaces.QuerySpacesImpl - Adding QuerySpace : uid = <gen:5> -> org.hibernate.loader.plan.build.internal.spaces.EntityQuerySpaceImpl@738f59e3]
13:32:50.367 [Test worker] DEBUG org.hibernate.persister.walking.spi.MetamodelGraphWalker - Visiting attribute path : plan.konto.art
13:32:50.367 [Test worker] DEBUG org.hibernate.persister.walking.spi.MetamodelGraphWalker - Visiting attribute path : plan.konto.description
13:32:50.367 [Test worker] DEBUG org.hibernate.persister.walking.spi.MetamodelGraphWalker - Visiting attribute path : plan.konto.kontoGruppe
13:32:50.367 [Test worker] DEBUG org.hibernate.persister.walking.spi.MetamodelGraphWalker - Property path deemed to be circular : plan.konto.kontoGruppe
13:32:50.367 [Test worker] DEBUG org.hibernate.persister.walking.spi.MetamodelGraphWalker - Visiting attribute path : plan.konto.shortdescription
13:32:50.367 [Test worker] DEBUG org.hibernate.persister.walking.spi.MetamodelGraphWalker - Visiting attribute path : plan.pattern
13:32:50.367 [Test worker] DEBUG org.hibernate.persister.walking.spi.MetamodelGraphWalker - Visiting attribute path : plan.planArt
13:32:50.367 [Test worker] DEBUG org.hibernate.persister.walking.spi.MetamodelGraphWalker - Visiting attribute path : plan.plandate
13:32:50.367 [Test worker] DEBUG org.hibernate.persister.walking.spi.MetamodelGraphWalker - Visiting attribute path : plan.position
13:32:50.367 [Test worker] DEBUG org.hibernate.persister.walking.spi.MetamodelGraphWalker - Visiting attribute path : plan.shortdescription
13:32:50.367 [Test worker] DEBUG org.hibernate.persister.walking.spi.MetamodelGraphWalker - Visiting attribute path : plan.startdate
13:32:50.367 [Test worker] DEBUG org.hibernate.persister.walking.spi.MetamodelGraphWalker - Visiting attribute path : plan.template
13:32:50.367 [Test worker] DEBUG org.hibernate.loader.plan.build.internal.spaces.QuerySpacesImpl - Adding QuerySpace : uid = <gen:6> -> org.hibernate.loader.plan.build.internal.spaces.EntityQuerySpaceImpl@31531a59]
13:32:50.367 [Test worker] DEBUG org.hibernate.persister.walking.spi.MetamodelGraphWalker - Visiting attribute path : plan.template.anzahlRythmus
13:32:50.367 [Test worker] DEBUG org.hibernate.persister.walking.spi.MetamodelGraphWalker - Visiting attribute path : plan.template.description
13:32:50.367 [Test worker] DEBUG org.hibernate.persister.walking.spi.MetamodelGraphWalker - Visiting attribute path : plan.template.gueltigBis
13:32:50.367 [Test worker] DEBUG org.hibernate.persister.walking.spi.MetamodelGraphWalker - Visiting attribute path : plan.template.gueltigVon
13:32:50.367 [Test worker] DEBUG org.hibernate.persister.walking.spi.MetamodelGraphWalker - Visiting attribute path : plan.template.konto
13:32:50.367 [Test worker] DEBUG org.hibernate.loader.plan.build.internal.spaces.QuerySpacesImpl - Adding QuerySpace : uid = <gen:7> -> org.hibernate.loader.plan.build.internal.spaces.EntityQuerySpaceImpl@717c4a52]
13:32:50.367 [Test worker] DEBUG org.hibernate.persister.walking.spi.MetamodelGraphWalker - Visiting attribute path : plan.template.konto.art
13:32:50.367 [Test worker] DEBUG org.hibernate.persister.walking.spi.MetamodelGraphWalker - Visiting attribute path : plan.template.konto.description
13:32:50.367 [Test worker] DEBUG org.hibernate.persister.walking.spi.MetamodelGraphWalker - Visiting attribute path : plan.template.konto.kontoGruppe
13:32:50.367 [Test worker] DEBUG org.hibernate.persister.walking.spi.MetamodelGraphWalker - Property path deemed to be circular : plan.template.konto.kontoGruppe
13:32:50.367 [Test worker] DEBUG org.hibernate.persister.walking.spi.MetamodelGraphWalker - Visiting attribute path : plan.template.konto.shortdescription
13:32:50.367 [Test worker] DEBUG org.hibernate.persister.walking.spi.MetamodelGraphWalker - Visiting attribute path : plan.template.next
13:32:50.367 [Test worker] DEBUG org.hibernate.persister.walking.spi.MetamodelGraphWalker - Visiting attribute path : plan.template.pattern
13:32:50.367 [Test worker] DEBUG org.hibernate.persister.walking.spi.MetamodelGraphWalker - Visiting attribute path : plan.template.planArt
13:32:50.367 [Test worker] DEBUG org.hibernate.persister.walking.spi.MetamodelGraphWalker - Visiting attribute path : plan.template.position
13:32:50.367 [Test worker] DEBUG org.hibernate.persister.walking.spi.MetamodelGraphWalker - Visiting attribute path : plan.template.rythmus
13:32:50.367 [Test worker] DEBUG org.hibernate.persister.walking.spi.MetamodelGraphWalker - Visiting attribute path : plan.template.shortdescription
13:32:50.367 [Test worker] DEBUG org.hibernate.persister.walking.spi.MetamodelGraphWalker - Visiting attribute path : plan.template.start
13:32:50.367 [Test worker] DEBUG org.hibernate.persister.walking.spi.MetamodelGraphWalker - Visiting attribute path : plan.template.vardays
13:32:50.367 [Test worker] DEBUG org.hibernate.persister.walking.spi.MetamodelGraphWalker - Visiting attribute path : plan.template.wert
13:32:50.367 [Test worker] DEBUG org.hibernate.persister.walking.spi.MetamodelGraphWalker - Visiting attribute path : plan.wert
13:32:50.368 [Test worker] DEBUG org.hibernate.persister.walking.spi.MetamodelGraphWalker - Visiting attribute path : shortdescription
13:32:50.368 [Test worker] DEBUG org.hibernate.persister.walking.spi.MetamodelGraphWalker - Visiting attribute path : wert
13:32:50.368 [Test worker] DEBUG org.hibernate.loader.plan.build.internal.FetchStyleLoadPlanBuildingAssociationVisitationStrategy - Building LoadPlan...
13:32:50.368 [Test worker] DEBUG org.hibernate.loader.plan.exec.internal.LoadQueryJoinAndFetchProcessor - processing queryspace <gen:0>
13:32:50.369 [Test worker] DEBUG org.hibernate.loader.plan.build.spi.LoadPlanTreePrinter - LoadPlan(entity=loc.balsen.kontospring.data.Zuordnung)
    - Returns
       - EntityReturnImpl(entity=loc.balsen.kontospring.data.Zuordnung, querySpaceUid=<gen:0>, path=loc.balsen.kontospring.data.Zuordnung)
          - EntityAttributeFetchImpl(entity=loc.balsen.kontospring.data.Beleg, querySpaceUid=<gen:1>, path=loc.balsen.kontospring.data.Zuordnung.buchungsbeleg)
          - EntityAttributeFetchImpl(entity=loc.balsen.kontospring.data.Konto, querySpaceUid=<gen:2>, path=loc.balsen.kontospring.data.Zuordnung.konto)
             - EntityAttributeFetchImpl(entity=loc.balsen.kontospring.data.KontoGruppe, querySpaceUid=<gen:3>, path=loc.balsen.kontospring.data.Zuordnung.konto.kontoGruppe)
          - EntityAttributeFetchImpl(entity=loc.balsen.kontospring.data.Plan, querySpaceUid=<gen:4>, path=loc.balsen.kontospring.data.Zuordnung.plan)
             - EntityAttributeFetchImpl(entity=loc.balsen.kontospring.data.Konto, querySpaceUid=<gen:5>, path=loc.balsen.kontospring.data.Zuordnung.plan.konto)
             - EntityAttributeFetchImpl(entity=loc.balsen.kontospring.data.Template, querySpaceUid=<gen:6>, path=loc.balsen.kontospring.data.Zuordnung.plan.template)
                - EntityAttributeFetchImpl(entity=loc.balsen.kontospring.data.Konto, querySpaceUid=<gen:7>, path=loc.balsen.kontospring.data.Zuordnung.plan.template.konto)
    - QuerySpaces
       - EntityQuerySpaceImpl(uid=<gen:0>, entity=loc.balsen.kontospring.data.Zuordnung)
          - SQL table alias mapping - zuordnung0_
          - alias suffix - 0_
          - suffixed key columns - {id1_6_0_}
          - JOIN (JoinDefinedByMetadata(buchungsbeleg)) : <gen:0> -> <gen:1>
             - EntityQuerySpaceImpl(uid=<gen:1>, entity=loc.balsen.kontospring.data.Beleg)
                - SQL table alias mapping - beleg1_
                - alias suffix - 1_
                - suffixed key columns - {id1_0_1_}
          - JOIN (JoinDefinedByMetadata(konto)) : <gen:0> -> <gen:2>
             - EntityQuerySpaceImpl(uid=<gen:2>, entity=loc.balsen.kontospring.data.Konto)
                - SQL table alias mapping - konto2_
                - alias suffix - 2_
                - suffixed key columns - {id1_1_2_}
                - JOIN (JoinDefinedByMetadata(kontoGruppe)) : <gen:2> -> <gen:3>
                   - EntityQuerySpaceImpl(uid=<gen:3>, entity=loc.balsen.kontospring.data.KontoGruppe)
                      - SQL table alias mapping - kontogrupp3_
                      - alias suffix - 3_
                      - suffixed key columns - {id1_2_3_}
          - JOIN (JoinDefinedByMetadata(plan)) : <gen:0> -> <gen:4>
             - EntityQuerySpaceImpl(uid=<gen:4>, entity=loc.balsen.kontospring.data.Plan)
                - SQL table alias mapping - plan4_
                - alias suffix - 4_
                - suffixed key columns - {id1_3_4_}
                - JOIN (JoinDefinedByMetadata(konto)) : <gen:4> -> <gen:5>
                   - EntityQuerySpaceImpl(uid=<gen:5>, entity=loc.balsen.kontospring.data.Konto)
                      - SQL table alias mapping - konto5_
                      - alias suffix - 5_
                      - suffixed key columns - {id1_1_5_}
                - JOIN (JoinDefinedByMetadata(template)) : <gen:4> -> <gen:6>
                   - EntityQuerySpaceImpl(uid=<gen:6>, entity=loc.balsen.kontospring.data.Template)
                      - SQL table alias mapping - template6_
                      - alias suffix - 6_
                      - suffixed key columns - {id1_5_6_}
                      - JOIN (JoinDefinedByMetadata(konto)) : <gen:6> -> <gen:7>
                         - EntityQuerySpaceImpl(uid=<gen:7>, entity=loc.balsen.kontospring.data.Konto)
                            - SQL table alias mapping - konto7_
                            - alias suffix - 7_
                            - suffixed key columns - {id1_1_7_}

13:32:50.369 [Test worker] DEBUG org.hibernate.loader.entity.plan.EntityLoader - Static select for entity loc.balsen.kontospring.data.Zuordnung [READ]: select zuordnung0_.id as id1_6_0_, zuordnung0_.buchungsbeleg as buchungs6_6_0_, zuordnung0_.commited as commited2_6_0_, zuordnung0_.description as descript3_6_0_, zuordnung0_.konto as konto7_6_0_, zuordnung0_.plan as plan8_6_0_, zuordnung0_.shortdescription as shortdes4_6_0_, zuordnung0_.wert as wert5_6_0_, beleg1_.id as id1_0_1_, beleg1_.referenz as referenz2_0_1_, beleg1_.absender as absender3_0_1_, beleg1_.art as art4_0_1_, beleg1_.beleg as beleg5_0_1_, beleg1_.details as details6_0_1_, beleg1_.eingang as eingang7_0_1_, beleg1_.einreicherid as einreich8_0_1_, beleg1_.empfaenger as empfaeng9_0_1_, beleg1_.mandat as mandat10_0_1_, beleg1_.wert as wert11_0_1_, beleg1_.wertstellung as wertste12_0_1_, konto2_.id as id1_1_2_, konto2_.art as art2_1_2_, konto2_.description as descript3_1_2_, konto2_.id_gruppe as id_grupp5_1_2_, konto2_.shortdescription as shortdes4_1_2_, kontogrupp3_.id as id1_2_3_, kontogrupp3_.description as descript2_2_3_, kontogrupp3_.shortdescription as shortdes3_2_3_, plan4_.id as id1_3_4_, plan4_.creationdate as creation2_3_4_, plan4_.description as descript3_3_4_, plan4_.enddate as enddate4_3_4_, plan4_.konto as konto12_3_4_, plan4_.pattern as pattern5_3_4_, plan4_.plan_art as plan_art6_3_4_, plan4_.plandate as plandate7_3_4_, plan4_.position as position8_3_4_, plan4_.shortdescription as shortdes9_3_4_, plan4_.startdate as startda10_3_4_, plan4_.template as templat13_3_4_, plan4_.wert as wert11_3_4_, konto5_.id as id1_1_5_, konto5_.art as art2_1_5_, konto5_.description as descript3_1_5_, konto5_.id_gruppe as id_grupp5_1_5_, konto5_.shortdescription as shortdes4_1_5_, template6_.id as id1_5_6_, template6_.anzahl_rythmus as anzahl_r2_5_6_, template6_.description as descript3_5_6_, template6_.gueltig_bis as gueltig_4_5_6_, template6_.gueltig_von as gueltig_5_5_6_, template6_.konto as konto15_5_6_, template6_.next as next6_5_6_, template6_.pattern as pattern7_5_6_, template6_.plan_art as plan_art8_5_6_, template6_.position as position9_5_6_, template6_.rythmus as rythmus10_5_6_, template6_.shortdescription as shortde11_5_6_, template6_.start as start12_5_6_, template6_.vardays as vardays13_5_6_, template6_.wert as wert14_5_6_, konto7_.id as id1_1_7_, konto7_.art as art2_1_7_, konto7_.description as descript3_1_7_, konto7_.id_gruppe as id_grupp5_1_7_, konto7_.shortdescription as shortdes4_1_7_ from zuordnung zuordnung0_ left outer join buchungsbeleg beleg1_ on zuordnung0_.buchungsbeleg=beleg1_.id left outer join konto konto2_ on zuordnung0_.konto=konto2_.id left outer join konto_gruppe kontogrupp3_ on konto2_.id_gruppe=kontogrupp3_.id left outer join plan plan4_ on zuordnung0_.plan=plan4_.id left outer join konto konto5_ on plan4_.konto=konto5_.id left outer join template template6_ on plan4_.template=template6_.id left outer join konto konto7_ on template6_.konto=konto7_.id where zuordnung0_.id=?
13:32:50.369 [Test worker] DEBUG org.hibernate.loader.plan.build.internal.spaces.QuerySpacesImpl - Adding QuerySpace : uid = <gen:0> -> org.hibernate.loader.plan.build.internal.spaces.EntityQuerySpaceImpl@6c1a4949]
13:32:50.369 [Test worker] DEBUG org.hibernate.persister.walking.spi.MetamodelGraphWalker - Visiting attribute path : buchungsbeleg
13:32:50.369 [Test worker] DEBUG org.hibernate.loader.plan.build.internal.spaces.QuerySpacesImpl - Adding QuerySpace : uid = <gen:1> -> org.hibernate.loader.plan.build.internal.spaces.EntityQuerySpaceImpl@2de7c10b]
13:32:50.369 [Test worker] DEBUG org.hibernate.persister.walking.spi.MetamodelGraphWalker - Visiting attribute path : commited
13:32:50.369 [Test worker] DEBUG org.hibernate.persister.walking.spi.MetamodelGraphWalker - Visiting attribute path : description
13:32:50.369 [Test worker] DEBUG org.hibernate.persister.walking.spi.MetamodelGraphWalker - Visiting attribute path : konto
13:32:50.369 [Test worker] DEBUG org.hibernate.loader.plan.build.internal.spaces.QuerySpacesImpl - Adding QuerySpace : uid = <gen:2> -> org.hibernate.loader.plan.build.internal.spaces.EntityQuerySpaceImpl@78134771]
13:32:50.369 [Test worker] DEBUG org.hibernate.persister.walking.spi.MetamodelGraphWalker - Visiting attribute path : plan
13:32:50.369 [Test worker] DEBUG org.hibernate.loader.plan.build.internal.spaces.QuerySpacesImpl - Adding QuerySpace : uid = <gen:3> -> org.hibernate.loader.plan.build.internal.spaces.EntityQuerySpaceImpl@46fd193b]
13:32:50.369 [Test worker] DEBUG org.hibernate.persister.walking.spi.MetamodelGraphWalker - Visiting attribute path : shortdescription
13:32:50.369 [Test worker] DEBUG org.hibernate.persister.walking.spi.MetamodelGraphWalker - Visiting attribute path : wert
13:32:50.369 [Test worker] DEBUG org.hibernate.loader.plan.build.internal.FetchStyleLoadPlanBuildingAssociationVisitationStrategy - Building LoadPlan...
13:32:50.369 [Test worker] DEBUG org.hibernate.loader.plan.exec.internal.LoadQueryJoinAndFetchProcessor - processing queryspace <gen:0>
13:32:50.370 [Test worker] DEBUG org.hibernate.loader.plan.build.spi.LoadPlanTreePrinter - LoadPlan(entity=loc.balsen.kontospring.data.Zuordnung)
    - Returns
       - EntityReturnImpl(entity=loc.balsen.kontospring.data.Zuordnung, querySpaceUid=<gen:0>, path=loc.balsen.kontospring.data.Zuordnung)
          - EntityAttributeFetchImpl(entity=loc.balsen.kontospring.data.Beleg, querySpaceUid=<gen:1>, path=loc.balsen.kontospring.data.Zuordnung.buchungsbeleg)
          - EntityAttributeFetchImpl(entity=loc.balsen.kontospring.data.Konto, querySpaceUid=<gen:2>, path=loc.balsen.kontospring.data.Zuordnung.konto)
          - EntityAttributeFetchImpl(entity=loc.balsen.kontospring.data.Plan, querySpaceUid=<gen:3>, path=loc.balsen.kontospring.data.Zuordnung.plan)
    - QuerySpaces
       - EntityQuerySpaceImpl(uid=<gen:0>, entity=loc.balsen.kontospring.data.Zuordnung)
          - SQL table alias mapping - zuordnung0_
          - alias suffix - 0_
          - suffixed key columns - {id1_6_0_}

13:32:50.370 [Test worker] DEBUG org.hibernate.loader.entity.plan.EntityLoader - Static select for entity loc.balsen.kontospring.data.Zuordnung [UPGRADE]: select zuordnung0_.id as id1_6_0_, zuordnung0_.buchungsbeleg as buchungs6_6_0_, zuordnung0_.commited as commited2_6_0_, zuordnung0_.description as descript3_6_0_, zuordnung0_.konto as konto7_6_0_, zuordnung0_.plan as plan8_6_0_, zuordnung0_.shortdescription as shortdes4_6_0_, zuordnung0_.wert as wert5_6_0_ from zuordnung zuordnung0_ where zuordnung0_.id=? for update
13:32:50.370 [Test worker] DEBUG org.hibernate.loader.plan.build.internal.spaces.QuerySpacesImpl - Adding QuerySpace : uid = <gen:0> -> org.hibernate.loader.plan.build.internal.spaces.EntityQuerySpaceImpl@29dabbde]
13:32:50.370 [Test worker] DEBUG org.hibernate.persister.walking.spi.MetamodelGraphWalker - Visiting attribute path : buchungsbeleg
13:32:50.370 [Test worker] DEBUG org.hibernate.loader.plan.build.internal.spaces.QuerySpacesImpl - Adding QuerySpace : uid = <gen:1> -> org.hibernate.loader.plan.build.internal.spaces.EntityQuerySpaceImpl@586c389d]
13:32:50.370 [Test worker] DEBUG org.hibernate.persister.walking.spi.MetamodelGraphWalker - Visiting attribute path : commited
13:32:50.370 [Test worker] DEBUG org.hibernate.persister.walking.spi.MetamodelGraphWalker - Visiting attribute path : description
13:32:50.370 [Test worker] DEBUG org.hibernate.persister.walking.spi.MetamodelGraphWalker - Visiting attribute path : konto
13:32:50.370 [Test worker] DEBUG org.hibernate.loader.plan.build.internal.spaces.QuerySpacesImpl - Adding QuerySpace : uid = <gen:2> -> org.hibernate.loader.plan.build.internal.spaces.EntityQuerySpaceImpl@7676c66a]
13:32:50.370 [Test worker] DEBUG org.hibernate.persister.walking.spi.MetamodelGraphWalker - Visiting attribute path : plan
13:32:50.370 [Test worker] DEBUG org.hibernate.loader.plan.build.internal.spaces.QuerySpacesImpl - Adding QuerySpace : uid = <gen:3> -> org.hibernate.loader.plan.build.internal.spaces.EntityQuerySpaceImpl@a8e8731]
13:32:50.370 [Test worker] DEBUG org.hibernate.persister.walking.spi.MetamodelGraphWalker - Visiting attribute path : shortdescription
13:32:50.370 [Test worker] DEBUG org.hibernate.persister.walking.spi.MetamodelGraphWalker - Visiting attribute path : wert
13:32:50.370 [Test worker] DEBUG org.hibernate.loader.plan.build.internal.FetchStyleLoadPlanBuildingAssociationVisitationStrategy - Building LoadPlan...
13:32:50.370 [Test worker] DEBUG org.hibernate.loader.plan.exec.internal.LoadQueryJoinAndFetchProcessor - processing queryspace <gen:0>
13:32:50.371 [Test worker] DEBUG org.hibernate.loader.plan.build.spi.LoadPlanTreePrinter - LoadPlan(entity=loc.balsen.kontospring.data.Zuordnung)
    - Returns
       - EntityReturnImpl(entity=loc.balsen.kontospring.data.Zuordnung, querySpaceUid=<gen:0>, path=loc.balsen.kontospring.data.Zuordnung)
          - EntityAttributeFetchImpl(entity=loc.balsen.kontospring.data.Beleg, querySpaceUid=<gen:1>, path=loc.balsen.kontospring.data.Zuordnung.buchungsbeleg)
          - EntityAttributeFetchImpl(entity=loc.balsen.kontospring.data.Konto, querySpaceUid=<gen:2>, path=loc.balsen.kontospring.data.Zuordnung.konto)
          - EntityAttributeFetchImpl(entity=loc.balsen.kontospring.data.Plan, querySpaceUid=<gen:3>, path=loc.balsen.kontospring.data.Zuordnung.plan)
    - QuerySpaces
       - EntityQuerySpaceImpl(uid=<gen:0>, entity=loc.balsen.kontospring.data.Zuordnung)
          - SQL table alias mapping - zuordnung0_
          - alias suffix - 0_
          - suffixed key columns - {id1_6_0_}

13:32:50.371 [Test worker] DEBUG org.hibernate.loader.entity.plan.EntityLoader - Static select for entity loc.balsen.kontospring.data.Zuordnung [UPGRADE_NOWAIT]: select zuordnung0_.id as id1_6_0_, zuordnung0_.buchungsbeleg as buchungs6_6_0_, zuordnung0_.commited as commited2_6_0_, zuordnung0_.description as descript3_6_0_, zuordnung0_.konto as konto7_6_0_, zuordnung0_.plan as plan8_6_0_, zuordnung0_.shortdescription as shortdes4_6_0_, zuordnung0_.wert as wert5_6_0_ from zuordnung zuordnung0_ where zuordnung0_.id=? for update
13:32:50.371 [Test worker] DEBUG org.hibernate.loader.plan.build.internal.spaces.QuerySpacesImpl - Adding QuerySpace : uid = <gen:0> -> org.hibernate.loader.plan.build.internal.spaces.EntityQuerySpaceImpl@6e70367]
13:32:50.371 [Test worker] DEBUG org.hibernate.persister.walking.spi.MetamodelGraphWalker - Visiting attribute path : buchungsbeleg
13:32:50.371 [Test worker] DEBUG org.hibernate.loader.plan.build.internal.spaces.QuerySpacesImpl - Adding QuerySpace : uid = <gen:1> -> org.hibernate.loader.plan.build.internal.spaces.EntityQuerySpaceImpl@7ff3afe4]
13:32:50.371 [Test worker] DEBUG org.hibernate.persister.walking.spi.MetamodelGraphWalker - Visiting attribute path : commited
13:32:50.371 [Test worker] DEBUG org.hibernate.persister.walking.spi.MetamodelGraphWalker - Visiting attribute path : description
13:32:50.371 [Test worker] DEBUG org.hibernate.persister.walking.spi.MetamodelGraphWalker - Visiting attribute path : konto
13:32:50.371 [Test worker] DEBUG org.hibernate.loader.plan.build.internal.spaces.QuerySpacesImpl - Adding QuerySpace : uid = <gen:2> -> org.hibernate.loader.plan.build.internal.spaces.EntityQuerySpaceImpl@1ba0824]
13:32:50.371 [Test worker] DEBUG org.hibernate.persister.walking.spi.MetamodelGraphWalker - Visiting attribute path : plan
13:32:50.371 [Test worker] DEBUG org.hibernate.loader.plan.build.internal.spaces.QuerySpacesImpl - Adding QuerySpace : uid = <gen:3> -> org.hibernate.loader.plan.build.internal.spaces.EntityQuerySpaceImpl@3f78cf4f]
13:32:50.371 [Test worker] DEBUG org.hibernate.persister.walking.spi.MetamodelGraphWalker - Visiting attribute path : shortdescription
13:32:50.371 [Test worker] DEBUG org.hibernate.persister.walking.spi.MetamodelGraphWalker - Visiting attribute path : wert
13:32:50.371 [Test worker] DEBUG org.hibernate.loader.plan.build.internal.FetchStyleLoadPlanBuildingAssociationVisitationStrategy - Building LoadPlan...
13:32:50.371 [Test worker] DEBUG org.hibernate.loader.plan.exec.internal.LoadQueryJoinAndFetchProcessor - processing queryspace <gen:0>
13:32:50.371 [Test worker] DEBUG org.hibernate.loader.plan.build.spi.LoadPlanTreePrinter - LoadPlan(entity=loc.balsen.kontospring.data.Zuordnung)
    - Returns
       - EntityReturnImpl(entity=loc.balsen.kontospring.data.Zuordnung, querySpaceUid=<gen:0>, path=loc.balsen.kontospring.data.Zuordnung)
          - EntityAttributeFetchImpl(entity=loc.balsen.kontospring.data.Beleg, querySpaceUid=<gen:1>, path=loc.balsen.kontospring.data.Zuordnung.buchungsbeleg)
          - EntityAttributeFetchImpl(entity=loc.balsen.kontospring.data.Konto, querySpaceUid=<gen:2>, path=loc.balsen.kontospring.data.Zuordnung.konto)
          - EntityAttributeFetchImpl(entity=loc.balsen.kontospring.data.Plan, querySpaceUid=<gen:3>, path=loc.balsen.kontospring.data.Zuordnung.plan)
    - QuerySpaces
       - EntityQuerySpaceImpl(uid=<gen:0>, entity=loc.balsen.kontospring.data.Zuordnung)
          - SQL table alias mapping - zuordnung0_
          - alias suffix - 0_
          - suffixed key columns - {id1_6_0_}

13:32:50.371 [Test worker] DEBUG org.hibernate.loader.entity.plan.EntityLoader - Static select for entity loc.balsen.kontospring.data.Zuordnung [UPGRADE_SKIPLOCKED]: select zuordnung0_.id as id1_6_0_, zuordnung0_.buchungsbeleg as buchungs6_6_0_, zuordnung0_.commited as commited2_6_0_, zuordnung0_.description as descript3_6_0_, zuordnung0_.konto as konto7_6_0_, zuordnung0_.plan as plan8_6_0_, zuordnung0_.shortdescription as shortdes4_6_0_, zuordnung0_.wert as wert5_6_0_ from zuordnung zuordnung0_ where zuordnung0_.id=? for update
13:32:50.371 [Test worker] DEBUG org.hibernate.loader.plan.build.internal.spaces.QuerySpacesImpl - Adding QuerySpace : uid = <gen:0> -> org.hibernate.loader.plan.build.internal.spaces.EntityQuerySpaceImpl@335daa9d]
13:32:50.372 [Test worker] DEBUG org.hibernate.persister.walking.spi.MetamodelGraphWalker - Visiting attribute path : buchungsbeleg
13:32:50.372 [Test worker] DEBUG org.hibernate.loader.plan.build.internal.spaces.QuerySpacesImpl - Adding QuerySpace : uid = <gen:1> -> org.hibernate.loader.plan.build.internal.spaces.EntityQuerySpaceImpl@9976a7]
13:32:50.372 [Test worker] DEBUG org.hibernate.persister.walking.spi.MetamodelGraphWalker - Visiting attribute path : commited
13:32:50.372 [Test worker] DEBUG org.hibernate.persister.walking.spi.MetamodelGraphWalker - Visiting attribute path : description
13:32:50.372 [Test worker] DEBUG org.hibernate.persister.walking.spi.MetamodelGraphWalker - Visiting attribute path : konto
13:32:50.372 [Test worker] DEBUG org.hibernate.loader.plan.build.internal.spaces.QuerySpacesImpl - Adding QuerySpace : uid = <gen:2> -> org.hibernate.loader.plan.build.internal.spaces.EntityQuerySpaceImpl@7962c34c]
13:32:50.372 [Test worker] DEBUG org.hibernate.persister.walking.spi.MetamodelGraphWalker - Visiting attribute path : plan
13:32:50.372 [Test worker] DEBUG org.hibernate.loader.plan.build.internal.spaces.QuerySpacesImpl - Adding QuerySpace : uid = <gen:3> -> org.hibernate.loader.plan.build.internal.spaces.EntityQuerySpaceImpl@273597bf]
13:32:50.372 [Test worker] DEBUG org.hibernate.persister.walking.spi.MetamodelGraphWalker - Visiting attribute path : shortdescription
13:32:50.372 [Test worker] DEBUG org.hibernate.persister.walking.spi.MetamodelGraphWalker - Visiting attribute path : wert
13:32:50.372 [Test worker] DEBUG org.hibernate.loader.plan.build.internal.FetchStyleLoadPlanBuildingAssociationVisitationStrategy - Building LoadPlan...
13:32:50.372 [Test worker] DEBUG org.hibernate.loader.plan.exec.internal.LoadQueryJoinAndFetchProcessor - processing queryspace <gen:0>
13:32:50.372 [Test worker] DEBUG org.hibernate.loader.plan.build.spi.LoadPlanTreePrinter - LoadPlan(entity=loc.balsen.kontospring.data.Zuordnung)
    - Returns
       - EntityReturnImpl(entity=loc.balsen.kontospring.data.Zuordnung, querySpaceUid=<gen:0>, path=loc.balsen.kontospring.data.Zuordnung)
          - EntityAttributeFetchImpl(entity=loc.balsen.kontospring.data.Beleg, querySpaceUid=<gen:1>, path=loc.balsen.kontospring.data.Zuordnung.buchungsbeleg)
          - EntityAttributeFetchImpl(entity=loc.balsen.kontospring.data.Konto, querySpaceUid=<gen:2>, path=loc.balsen.kontospring.data.Zuordnung.konto)
          - EntityAttributeFetchImpl(entity=loc.balsen.kontospring.data.Plan, querySpaceUid=<gen:3>, path=loc.balsen.kontospring.data.Zuordnung.plan)
    - QuerySpaces
       - EntityQuerySpaceImpl(uid=<gen:0>, entity=loc.balsen.kontospring.data.Zuordnung)
          - SQL table alias mapping - zuordnung0_
          - alias suffix - 0_
          - suffixed key columns - {id1_6_0_}

13:32:50.372 [Test worker] DEBUG org.hibernate.loader.entity.plan.EntityLoader - Static select for entity loc.balsen.kontospring.data.Zuordnung [FORCE]: select zuordnung0_.id as id1_6_0_, zuordnung0_.buchungsbeleg as buchungs6_6_0_, zuordnung0_.commited as commited2_6_0_, zuordnung0_.description as descript3_6_0_, zuordnung0_.konto as konto7_6_0_, zuordnung0_.plan as plan8_6_0_, zuordnung0_.shortdescription as shortdes4_6_0_, zuordnung0_.wert as wert5_6_0_ from zuordnung zuordnung0_ where zuordnung0_.id=? for update
13:32:50.372 [Test worker] DEBUG org.hibernate.loader.plan.build.internal.spaces.QuerySpacesImpl - Adding QuerySpace : uid = <gen:0> -> org.hibernate.loader.plan.build.internal.spaces.EntityQuerySpaceImpl@6b369b93]
13:32:50.372 [Test worker] DEBUG org.hibernate.persister.walking.spi.MetamodelGraphWalker - Visiting attribute path : buchungsbeleg
13:32:50.372 [Test worker] DEBUG org.hibernate.loader.plan.build.internal.spaces.QuerySpacesImpl - Adding QuerySpace : uid = <gen:1> -> org.hibernate.loader.plan.build.internal.spaces.EntityQuerySpaceImpl@4f463be9]
13:32:50.372 [Test worker] DEBUG org.hibernate.persister.walking.spi.MetamodelGraphWalker - Visiting attribute path : commited
13:32:50.372 [Test worker] DEBUG org.hibernate.persister.walking.spi.MetamodelGraphWalker - Visiting attribute path : description
13:32:50.372 [Test worker] DEBUG org.hibernate.persister.walking.spi.MetamodelGraphWalker - Visiting attribute path : konto
13:32:50.372 [Test worker] DEBUG org.hibernate.loader.plan.build.internal.spaces.QuerySpacesImpl - Adding QuerySpace : uid = <gen:2> -> org.hibernate.loader.plan.build.internal.spaces.EntityQuerySpaceImpl@44c5c5d1]
13:32:50.372 [Test worker] DEBUG org.hibernate.persister.walking.spi.MetamodelGraphWalker - Visiting attribute path : plan
13:32:50.372 [Test worker] DEBUG org.hibernate.loader.plan.build.internal.spaces.QuerySpacesImpl - Adding QuerySpace : uid = <gen:3> -> org.hibernate.loader.plan.build.internal.spaces.EntityQuerySpaceImpl@1b7034d9]
13:32:50.372 [Test worker] DEBUG org.hibernate.persister.walking.spi.MetamodelGraphWalker - Visiting attribute path : shortdescription
13:32:50.372 [Test worker] DEBUG org.hibernate.persister.walking.spi.MetamodelGraphWalker - Visiting attribute path : wert
13:32:50.372 [Test worker] DEBUG org.hibernate.loader.plan.build.internal.FetchStyleLoadPlanBuildingAssociationVisitationStrategy - Building LoadPlan...
13:32:50.373 [Test worker] DEBUG org.hibernate.loader.plan.exec.internal.LoadQueryJoinAndFetchProcessor - processing queryspace <gen:0>
13:32:50.373 [Test worker] DEBUG org.hibernate.loader.plan.build.spi.LoadPlanTreePrinter - LoadPlan(entity=loc.balsen.kontospring.data.Zuordnung)
    - Returns
       - EntityReturnImpl(entity=loc.balsen.kontospring.data.Zuordnung, querySpaceUid=<gen:0>, path=loc.balsen.kontospring.data.Zuordnung)
          - EntityAttributeFetchImpl(entity=loc.balsen.kontospring.data.Beleg, querySpaceUid=<gen:1>, path=loc.balsen.kontospring.data.Zuordnung.buchungsbeleg)
          - EntityAttributeFetchImpl(entity=loc.balsen.kontospring.data.Konto, querySpaceUid=<gen:2>, path=loc.balsen.kontospring.data.Zuordnung.konto)
          - EntityAttributeFetchImpl(entity=loc.balsen.kontospring.data.Plan, querySpaceUid=<gen:3>, path=loc.balsen.kontospring.data.Zuordnung.plan)
    - QuerySpaces
       - EntityQuerySpaceImpl(uid=<gen:0>, entity=loc.balsen.kontospring.data.Zuordnung)
          - SQL table alias mapping - zuordnung0_
          - alias suffix - 0_
          - suffixed key columns - {id1_6_0_}

13:32:50.373 [Test worker] DEBUG org.hibernate.loader.entity.plan.EntityLoader - Static select for entity loc.balsen.kontospring.data.Zuordnung [PESSIMISTIC_READ]: select zuordnung0_.id as id1_6_0_, zuordnung0_.buchungsbeleg as buchungs6_6_0_, zuordnung0_.commited as commited2_6_0_, zuordnung0_.description as descript3_6_0_, zuordnung0_.konto as konto7_6_0_, zuordnung0_.plan as plan8_6_0_, zuordnung0_.shortdescription as shortdes4_6_0_, zuordnung0_.wert as wert5_6_0_ from zuordnung zuordnung0_ where zuordnung0_.id=? for update
13:32:50.373 [Test worker] DEBUG org.hibernate.loader.plan.build.internal.spaces.QuerySpacesImpl - Adding QuerySpace : uid = <gen:0> -> org.hibernate.loader.plan.build.internal.spaces.EntityQuerySpaceImpl@342ed2af]
13:32:50.373 [Test worker] DEBUG org.hibernate.persister.walking.spi.MetamodelGraphWalker - Visiting attribute path : buchungsbeleg
13:32:50.373 [Test worker] DEBUG org.hibernate.loader.plan.build.internal.spaces.QuerySpacesImpl - Adding QuerySpace : uid = <gen:1> -> org.hibernate.loader.plan.build.internal.spaces.EntityQuerySpaceImpl@20488165]
13:32:50.373 [Test worker] DEBUG org.hibernate.persister.walking.spi.MetamodelGraphWalker - Visiting attribute path : commited
13:32:50.373 [Test worker] DEBUG org.hibernate.persister.walking.spi.MetamodelGraphWalker - Visiting attribute path : description
13:32:50.373 [Test worker] DEBUG org.hibernate.persister.walking.spi.MetamodelGraphWalker - Visiting attribute path : konto
13:32:50.373 [Test worker] DEBUG org.hibernate.loader.plan.build.internal.spaces.QuerySpacesImpl - Adding QuerySpace : uid = <gen:2> -> org.hibernate.loader.plan.build.internal.spaces.EntityQuerySpaceImpl@3a84af49]
13:32:50.373 [Test worker] DEBUG org.hibernate.persister.walking.spi.MetamodelGraphWalker - Visiting attribute path : plan
13:32:50.373 [Test worker] DEBUG org.hibernate.loader.plan.build.internal.spaces.QuerySpacesImpl - Adding QuerySpace : uid = <gen:3> -> org.hibernate.loader.plan.build.internal.spaces.EntityQuerySpaceImpl@787db91c]
13:32:50.373 [Test worker] DEBUG org.hibernate.persister.walking.spi.MetamodelGraphWalker - Visiting attribute path : shortdescription
13:32:50.373 [Test worker] DEBUG org.hibernate.persister.walking.spi.MetamodelGraphWalker - Visiting attribute path : wert
13:32:50.373 [Test worker] DEBUG org.hibernate.loader.plan.build.internal.FetchStyleLoadPlanBuildingAssociationVisitationStrategy - Building LoadPlan...
13:32:50.373 [Test worker] DEBUG org.hibernate.loader.plan.exec.internal.LoadQueryJoinAndFetchProcessor - processing queryspace <gen:0>
13:32:50.374 [Test worker] DEBUG org.hibernate.loader.plan.build.spi.LoadPlanTreePrinter - LoadPlan(entity=loc.balsen.kontospring.data.Zuordnung)
    - Returns
       - EntityReturnImpl(entity=loc.balsen.kontospring.data.Zuordnung, querySpaceUid=<gen:0>, path=loc.balsen.kontospring.data.Zuordnung)
          - EntityAttributeFetchImpl(entity=loc.balsen.kontospring.data.Beleg, querySpaceUid=<gen:1>, path=loc.balsen.kontospring.data.Zuordnung.buchungsbeleg)
          - EntityAttributeFetchImpl(entity=loc.balsen.kontospring.data.Konto, querySpaceUid=<gen:2>, path=loc.balsen.kontospring.data.Zuordnung.konto)
          - EntityAttributeFetchImpl(entity=loc.balsen.kontospring.data.Plan, querySpaceUid=<gen:3>, path=loc.balsen.kontospring.data.Zuordnung.plan)
    - QuerySpaces
       - EntityQuerySpaceImpl(uid=<gen:0>, entity=loc.balsen.kontospring.data.Zuordnung)
          - SQL table alias mapping - zuordnung0_
          - alias suffix - 0_
          - suffixed key columns - {id1_6_0_}

13:32:50.374 [Test worker] DEBUG org.hibernate.loader.entity.plan.EntityLoader - Static select for entity loc.balsen.kontospring.data.Zuordnung [PESSIMISTIC_WRITE]: select zuordnung0_.id as id1_6_0_, zuordnung0_.buchungsbeleg as buchungs6_6_0_, zuordnung0_.commited as commited2_6_0_, zuordnung0_.description as descript3_6_0_, zuordnung0_.konto as konto7_6_0_, zuordnung0_.plan as plan8_6_0_, zuordnung0_.shortdescription as shortdes4_6_0_, zuordnung0_.wert as wert5_6_0_ from zuordnung zuordnung0_ where zuordnung0_.id=? for update
13:32:50.374 [Test worker] DEBUG org.hibernate.loader.plan.build.internal.spaces.QuerySpacesImpl - Adding QuerySpace : uid = <gen:0> -> org.hibernate.loader.plan.build.internal.spaces.EntityQuerySpaceImpl@7b42b41d]
13:32:50.374 [Test worker] DEBUG org.hibernate.persister.walking.spi.MetamodelGraphWalker - Visiting attribute path : buchungsbeleg
13:32:50.374 [Test worker] DEBUG org.hibernate.loader.plan.build.internal.spaces.QuerySpacesImpl - Adding QuerySpace : uid = <gen:1> -> org.hibernate.loader.plan.build.internal.spaces.EntityQuerySpaceImpl@844bfb]
13:32:50.374 [Test worker] DEBUG org.hibernate.persister.walking.spi.MetamodelGraphWalker - Visiting attribute path : commited
13:32:50.374 [Test worker] DEBUG org.hibernate.persister.walking.spi.MetamodelGraphWalker - Visiting attribute path : description
13:32:50.374 [Test worker] DEBUG org.hibernate.persister.walking.spi.MetamodelGraphWalker - Visiting attribute path : konto
13:32:50.374 [Test worker] DEBUG org.hibernate.loader.plan.build.internal.spaces.QuerySpacesImpl - Adding QuerySpace : uid = <gen:2> -> org.hibernate.loader.plan.build.internal.spaces.EntityQuerySpaceImpl@15a4b7ae]
13:32:50.374 [Test worker] DEBUG org.hibernate.persister.walking.spi.MetamodelGraphWalker - Visiting attribute path : plan
13:32:50.374 [Test worker] DEBUG org.hibernate.loader.plan.build.internal.spaces.QuerySpacesImpl - Adding QuerySpace : uid = <gen:3> -> org.hibernate.loader.plan.build.internal.spaces.EntityQuerySpaceImpl@7ba80b5b]
13:32:50.374 [Test worker] DEBUG org.hibernate.persister.walking.spi.MetamodelGraphWalker - Visiting attribute path : shortdescription
13:32:50.374 [Test worker] DEBUG org.hibernate.persister.walking.spi.MetamodelGraphWalker - Visiting attribute path : wert
13:32:50.374 [Test worker] DEBUG org.hibernate.loader.plan.build.internal.FetchStyleLoadPlanBuildingAssociationVisitationStrategy - Building LoadPlan...
13:32:50.374 [Test worker] DEBUG org.hibernate.loader.plan.exec.internal.LoadQueryJoinAndFetchProcessor - processing queryspace <gen:0>
13:32:50.374 [Test worker] DEBUG org.hibernate.loader.plan.build.spi.LoadPlanTreePrinter - LoadPlan(entity=loc.balsen.kontospring.data.Zuordnung)
    - Returns
       - EntityReturnImpl(entity=loc.balsen.kontospring.data.Zuordnung, querySpaceUid=<gen:0>, path=loc.balsen.kontospring.data.Zuordnung)
          - EntityAttributeFetchImpl(entity=loc.balsen.kontospring.data.Beleg, querySpaceUid=<gen:1>, path=loc.balsen.kontospring.data.Zuordnung.buchungsbeleg)
          - EntityAttributeFetchImpl(entity=loc.balsen.kontospring.data.Konto, querySpaceUid=<gen:2>, path=loc.balsen.kontospring.data.Zuordnung.konto)
          - EntityAttributeFetchImpl(entity=loc.balsen.kontospring.data.Plan, querySpaceUid=<gen:3>, path=loc.balsen.kontospring.data.Zuordnung.plan)
    - QuerySpaces
       - EntityQuerySpaceImpl(uid=<gen:0>, entity=loc.balsen.kontospring.data.Zuordnung)
          - SQL table alias mapping - zuordnung0_
          - alias suffix - 0_
          - suffixed key columns - {id1_6_0_}

13:32:50.374 [Test worker] DEBUG org.hibernate.loader.entity.plan.EntityLoader - Static select for entity loc.balsen.kontospring.data.Zuordnung [PESSIMISTIC_FORCE_INCREMENT]: select zuordnung0_.id as id1_6_0_, zuordnung0_.buchungsbeleg as buchungs6_6_0_, zuordnung0_.commited as commited2_6_0_, zuordnung0_.description as descript3_6_0_, zuordnung0_.konto as konto7_6_0_, zuordnung0_.plan as plan8_6_0_, zuordnung0_.shortdescription as shortdes4_6_0_, zuordnung0_.wert as wert5_6_0_ from zuordnung zuordnung0_ where zuordnung0_.id=? for update
13:32:50.374 [Test worker] DEBUG org.hibernate.loader.plan.build.internal.spaces.QuerySpacesImpl - Adding QuerySpace : uid = <gen:0> -> org.hibernate.loader.plan.build.internal.spaces.EntityQuerySpaceImpl@4e75f51e]
13:32:50.374 [Test worker] DEBUG org.hibernate.persister.walking.spi.MetamodelGraphWalker - Visiting attribute path : buchungsbeleg
13:32:50.374 [Test worker] DEBUG org.hibernate.loader.plan.build.internal.spaces.QuerySpacesImpl - Adding QuerySpace : uid = <gen:1> -> org.hibernate.loader.plan.build.internal.spaces.EntityQuerySpaceImpl@5c257750]
13:32:50.374 [Test worker] DEBUG org.hibernate.persister.walking.spi.MetamodelGraphWalker - Visiting attribute path : commited
13:32:50.374 [Test worker] DEBUG org.hibernate.persister.walking.spi.MetamodelGraphWalker - Visiting attribute path : description
13:32:50.374 [Test worker] DEBUG org.hibernate.persister.walking.spi.MetamodelGraphWalker - Visiting attribute path : konto
13:32:50.374 [Test worker] DEBUG org.hibernate.loader.plan.build.internal.spaces.QuerySpacesImpl - Adding QuerySpace : uid = <gen:2> -> org.hibernate.loader.plan.build.internal.spaces.EntityQuerySpaceImpl@676c4d5c]
13:32:50.374 [Test worker] DEBUG org.hibernate.persister.walking.spi.MetamodelGraphWalker - Visiting attribute path : plan
13:32:50.375 [Test worker] DEBUG org.hibernate.loader.plan.build.internal.spaces.QuerySpacesImpl - Adding QuerySpace : uid = <gen:3> -> org.hibernate.loader.plan.build.internal.spaces.EntityQuerySpaceImpl@65099aa]
13:32:50.375 [Test worker] DEBUG org.hibernate.persister.walking.spi.MetamodelGraphWalker - Visiting attribute path : shortdescription
13:32:50.375 [Test worker] DEBUG org.hibernate.persister.walking.spi.MetamodelGraphWalker - Visiting attribute path : wert
13:32:50.375 [Test worker] DEBUG org.hibernate.loader.plan.build.internal.FetchStyleLoadPlanBuildingAssociationVisitationStrategy - Building LoadPlan...
13:32:50.375 [Test worker] DEBUG org.hibernate.loader.plan.exec.internal.LoadQueryJoinAndFetchProcessor - processing queryspace <gen:0>
13:32:50.375 [Test worker] DEBUG org.hibernate.loader.plan.build.spi.LoadPlanTreePrinter - LoadPlan(entity=loc.balsen.kontospring.data.Zuordnung)
    - Returns
       - EntityReturnImpl(entity=loc.balsen.kontospring.data.Zuordnung, querySpaceUid=<gen:0>, path=loc.balsen.kontospring.data.Zuordnung)
          - EntityAttributeFetchImpl(entity=loc.balsen.kontospring.data.Beleg, querySpaceUid=<gen:1>, path=loc.balsen.kontospring.data.Zuordnung.buchungsbeleg)
          - EntityAttributeFetchImpl(entity=loc.balsen.kontospring.data.Konto, querySpaceUid=<gen:2>, path=loc.balsen.kontospring.data.Zuordnung.konto)
          - EntityAttributeFetchImpl(entity=loc.balsen.kontospring.data.Plan, querySpaceUid=<gen:3>, path=loc.balsen.kontospring.data.Zuordnung.plan)
    - QuerySpaces
       - EntityQuerySpaceImpl(uid=<gen:0>, entity=loc.balsen.kontospring.data.Zuordnung)
          - SQL table alias mapping - zuordnung0_
          - alias suffix - 0_
          - suffixed key columns - {id1_6_0_}

13:32:50.375 [Test worker] DEBUG org.hibernate.loader.entity.plan.EntityLoader - Static select for entity loc.balsen.kontospring.data.Zuordnung [OPTIMISTIC]: select zuordnung0_.id as id1_6_0_, zuordnung0_.buchungsbeleg as buchungs6_6_0_, zuordnung0_.commited as commited2_6_0_, zuordnung0_.description as descript3_6_0_, zuordnung0_.konto as konto7_6_0_, zuordnung0_.plan as plan8_6_0_, zuordnung0_.shortdescription as shortdes4_6_0_, zuordnung0_.wert as wert5_6_0_ from zuordnung zuordnung0_ where zuordnung0_.id=?
13:32:50.375 [Test worker] DEBUG org.hibernate.loader.plan.build.internal.spaces.QuerySpacesImpl - Adding QuerySpace : uid = <gen:0> -> org.hibernate.loader.plan.build.internal.spaces.EntityQuerySpaceImpl@f7054ac]
13:32:50.375 [Test worker] DEBUG org.hibernate.persister.walking.spi.MetamodelGraphWalker - Visiting attribute path : buchungsbeleg
13:32:50.375 [Test worker] DEBUG org.hibernate.loader.plan.build.internal.spaces.QuerySpacesImpl - Adding QuerySpace : uid = <gen:1> -> org.hibernate.loader.plan.build.internal.spaces.EntityQuerySpaceImpl@7d1b8917]
13:32:50.375 [Test worker] DEBUG org.hibernate.persister.walking.spi.MetamodelGraphWalker - Visiting attribute path : commited
13:32:50.375 [Test worker] DEBUG org.hibernate.persister.walking.spi.MetamodelGraphWalker - Visiting attribute path : description
13:32:50.375 [Test worker] DEBUG org.hibernate.persister.walking.spi.MetamodelGraphWalker - Visiting attribute path : konto
13:32:50.375 [Test worker] DEBUG org.hibernate.loader.plan.build.internal.spaces.QuerySpacesImpl - Adding QuerySpace : uid = <gen:2> -> org.hibernate.loader.plan.build.internal.spaces.EntityQuerySpaceImpl@7f84c2d7]
13:32:50.375 [Test worker] DEBUG org.hibernate.persister.walking.spi.MetamodelGraphWalker - Visiting attribute path : plan
13:32:50.375 [Test worker] DEBUG org.hibernate.loader.plan.build.internal.spaces.QuerySpacesImpl - Adding QuerySpace : uid = <gen:3> -> org.hibernate.loader.plan.build.internal.spaces.EntityQuerySpaceImpl@72dc3cbf]
13:32:50.375 [Test worker] DEBUG org.hibernate.persister.walking.spi.MetamodelGraphWalker - Visiting attribute path : shortdescription
13:32:50.375 [Test worker] DEBUG org.hibernate.persister.walking.spi.MetamodelGraphWalker - Visiting attribute path : wert
13:32:50.375 [Test worker] DEBUG org.hibernate.loader.plan.build.internal.FetchStyleLoadPlanBuildingAssociationVisitationStrategy - Building LoadPlan...
13:32:50.375 [Test worker] DEBUG org.hibernate.loader.plan.exec.internal.LoadQueryJoinAndFetchProcessor - processing queryspace <gen:0>
13:32:50.375 [Test worker] DEBUG org.hibernate.loader.plan.build.spi.LoadPlanTreePrinter - LoadPlan(entity=loc.balsen.kontospring.data.Zuordnung)
    - Returns
       - EntityReturnImpl(entity=loc.balsen.kontospring.data.Zuordnung, querySpaceUid=<gen:0>, path=loc.balsen.kontospring.data.Zuordnung)
          - EntityAttributeFetchImpl(entity=loc.balsen.kontospring.data.Beleg, querySpaceUid=<gen:1>, path=loc.balsen.kontospring.data.Zuordnung.buchungsbeleg)
          - EntityAttributeFetchImpl(entity=loc.balsen.kontospring.data.Konto, querySpaceUid=<gen:2>, path=loc.balsen.kontospring.data.Zuordnung.konto)
          - EntityAttributeFetchImpl(entity=loc.balsen.kontospring.data.Plan, querySpaceUid=<gen:3>, path=loc.balsen.kontospring.data.Zuordnung.plan)
    - QuerySpaces
       - EntityQuerySpaceImpl(uid=<gen:0>, entity=loc.balsen.kontospring.data.Zuordnung)
          - SQL table alias mapping - zuordnung0_
          - alias suffix - 0_
          - suffixed key columns - {id1_6_0_}

13:32:50.375 [Test worker] DEBUG org.hibernate.loader.entity.plan.EntityLoader - Static select for entity loc.balsen.kontospring.data.Zuordnung [OPTIMISTIC_FORCE_INCREMENT]: select zuordnung0_.id as id1_6_0_, zuordnung0_.buchungsbeleg as buchungs6_6_0_, zuordnung0_.commited as commited2_6_0_, zuordnung0_.description as descript3_6_0_, zuordnung0_.konto as konto7_6_0_, zuordnung0_.plan as plan8_6_0_, zuordnung0_.shortdescription as shortdes4_6_0_, zuordnung0_.wert as wert5_6_0_ from zuordnung zuordnung0_ where zuordnung0_.id=?
13:32:50.382 [Test worker] DEBUG org.hibernate.loader.Loader - Static select for action ACTION_MERGE on entity loc.balsen.kontospring.data.Zuordnung: select zuordnung0_.id as id1_6_0_, zuordnung0_.buchungsbeleg as buchungs6_6_0_, zuordnung0_.commited as commited2_6_0_, zuordnung0_.description as descript3_6_0_, zuordnung0_.konto as konto7_6_0_, zuordnung0_.plan as plan8_6_0_, zuordnung0_.shortdescription as shortdes4_6_0_, zuordnung0_.wert as wert5_6_0_ from zuordnung zuordnung0_ where zuordnung0_.id=?
13:32:50.382 [Test worker] DEBUG org.hibernate.loader.Loader - Static select for action ACTION_REFRESH on entity loc.balsen.kontospring.data.Zuordnung: select zuordnung0_.id as id1_6_0_, zuordnung0_.buchungsbeleg as buchungs6_6_0_, zuordnung0_.commited as commited2_6_0_, zuordnung0_.description as descript3_6_0_, zuordnung0_.konto as konto7_6_0_, zuordnung0_.plan as plan8_6_0_, zuordnung0_.shortdescription as shortdes4_6_0_, zuordnung0_.wert as wert5_6_0_ from zuordnung zuordnung0_ where zuordnung0_.id=?
13:32:50.383 [Test worker] DEBUG org.hibernate.persister.entity.AbstractEntityPersister - Static SQL for entity: loc.balsen.kontospring.data.Template
13:32:50.383 [Test worker] DEBUG org.hibernate.persister.entity.AbstractEntityPersister -  Version select: select id from template where id =?
13:32:50.383 [Test worker] DEBUG org.hibernate.persister.entity.AbstractEntityPersister -  Snapshot select: select template_.id, template_.anzahl_rythmus as anzahl_r2_5_, template_.description as descript3_5_, template_.gueltig_bis as gueltig_4_5_, template_.gueltig_von as gueltig_5_5_, template_.konto as konto15_5_, template_.next as next6_5_, template_.pattern as pattern7_5_, template_.plan_art as plan_art8_5_, template_.position as position9_5_, template_.rythmus as rythmus10_5_, template_.shortdescription as shortde11_5_, template_.start as start12_5_, template_.vardays as vardays13_5_, template_.wert as wert14_5_ from template template_ where template_.id=?
13:32:50.383 [Test worker] DEBUG org.hibernate.persister.entity.AbstractEntityPersister -  Insert 0: insert into template (anzahl_rythmus, description, gueltig_bis, gueltig_von, konto, next, pattern, plan_art, position, rythmus, shortdescription, start, vardays, wert, id) values (?, ?, ?, ?, ?, ?, ?, ?, ?, ?, ?, ?, ?, ?, ?)
13:32:50.383 [Test worker] DEBUG org.hibernate.persister.entity.AbstractEntityPersister -  Update 0: update template set anzahl_rythmus=?, description=?, gueltig_bis=?, gueltig_von=?, konto=?, next=?, pattern=?, plan_art=?, position=?, rythmus=?, shortdescription=?, start=?, vardays=?, wert=? where id=?
13:32:50.383 [Test worker] DEBUG org.hibernate.persister.entity.AbstractEntityPersister -  Delete 0: delete from template where id=?
13:32:50.383 [Test worker] DEBUG org.hibernate.loader.plan.build.internal.spaces.QuerySpacesImpl - Adding QuerySpace : uid = <gen:0> -> org.hibernate.loader.plan.build.internal.spaces.EntityQuerySpaceImpl@1fb4dfa9]
13:32:50.383 [Test worker] DEBUG org.hibernate.persister.walking.spi.MetamodelGraphWalker - Visiting attribute path : anzahlRythmus
13:32:50.383 [Test worker] DEBUG org.hibernate.persister.walking.spi.MetamodelGraphWalker - Visiting attribute path : description
13:32:50.383 [Test worker] DEBUG org.hibernate.persister.walking.spi.MetamodelGraphWalker - Visiting attribute path : gueltigBis
13:32:50.383 [Test worker] DEBUG org.hibernate.persister.walking.spi.MetamodelGraphWalker - Visiting attribute path : gueltigVon
13:32:50.383 [Test worker] DEBUG org.hibernate.persister.walking.spi.MetamodelGraphWalker - Visiting attribute path : konto
13:32:50.383 [Test worker] DEBUG org.hibernate.loader.plan.build.internal.spaces.QuerySpacesImpl - Adding QuerySpace : uid = <gen:1> -> org.hibernate.loader.plan.build.internal.spaces.EntityQuerySpaceImpl@4fad284c]
13:32:50.383 [Test worker] DEBUG org.hibernate.persister.walking.spi.MetamodelGraphWalker - Visiting attribute path : konto.art
13:32:50.383 [Test worker] DEBUG org.hibernate.persister.walking.spi.MetamodelGraphWalker - Visiting attribute path : konto.description
13:32:50.383 [Test worker] DEBUG org.hibernate.persister.walking.spi.MetamodelGraphWalker - Visiting attribute path : konto.kontoGruppe
13:32:50.383 [Test worker] DEBUG org.hibernate.loader.plan.build.internal.spaces.QuerySpacesImpl - Adding QuerySpace : uid = <gen:2> -> org.hibernate.loader.plan.build.internal.spaces.EntityQuerySpaceImpl@2c996080]
13:32:50.383 [Test worker] DEBUG org.hibernate.persister.walking.spi.MetamodelGraphWalker - Visiting attribute path : konto.kontoGruppe.description
13:32:50.383 [Test worker] DEBUG org.hibernate.persister.walking.spi.MetamodelGraphWalker - Visiting attribute path : konto.kontoGruppe.shortdescription
13:32:50.383 [Test worker] DEBUG org.hibernate.persister.walking.spi.MetamodelGraphWalker - Visiting attribute path : konto.shortdescription
13:32:50.383 [Test worker] DEBUG org.hibernate.persister.walking.spi.MetamodelGraphWalker - Visiting attribute path : next
13:32:50.383 [Test worker] DEBUG org.hibernate.persister.walking.spi.MetamodelGraphWalker - Visiting attribute path : pattern
13:32:50.383 [Test worker] DEBUG org.hibernate.persister.walking.spi.MetamodelGraphWalker - Visiting attribute path : planArt
13:32:50.383 [Test worker] DEBUG org.hibernate.persister.walking.spi.MetamodelGraphWalker - Visiting attribute path : position
13:32:50.383 [Test worker] DEBUG org.hibernate.persister.walking.spi.MetamodelGraphWalker - Visiting attribute path : rythmus
13:32:50.383 [Test worker] DEBUG org.hibernate.persister.walking.spi.MetamodelGraphWalker - Visiting attribute path : shortdescription
13:32:50.383 [Test worker] DEBUG org.hibernate.persister.walking.spi.MetamodelGraphWalker - Visiting attribute path : start
13:32:50.383 [Test worker] DEBUG org.hibernate.persister.walking.spi.MetamodelGraphWalker - Visiting attribute path : vardays
13:32:50.383 [Test worker] DEBUG org.hibernate.persister.walking.spi.MetamodelGraphWalker - Visiting attribute path : wert
13:32:50.383 [Test worker] DEBUG org.hibernate.loader.plan.build.internal.FetchStyleLoadPlanBuildingAssociationVisitationStrategy - Building LoadPlan...
13:32:50.383 [Test worker] DEBUG org.hibernate.loader.plan.exec.internal.LoadQueryJoinAndFetchProcessor - processing queryspace <gen:0>
13:32:50.384 [Test worker] DEBUG org.hibernate.loader.plan.build.spi.LoadPlanTreePrinter - LoadPlan(entity=loc.balsen.kontospring.data.Template)
    - Returns
       - EntityReturnImpl(entity=loc.balsen.kontospring.data.Template, querySpaceUid=<gen:0>, path=loc.balsen.kontospring.data.Template)
          - EntityAttributeFetchImpl(entity=loc.balsen.kontospring.data.Konto, querySpaceUid=<gen:1>, path=loc.balsen.kontospring.data.Template.konto)
             - EntityAttributeFetchImpl(entity=loc.balsen.kontospring.data.KontoGruppe, querySpaceUid=<gen:2>, path=loc.balsen.kontospring.data.Template.konto.kontoGruppe)
    - QuerySpaces
       - EntityQuerySpaceImpl(uid=<gen:0>, entity=loc.balsen.kontospring.data.Template)
          - SQL table alias mapping - template0_
          - alias suffix - 0_
          - suffixed key columns - {id1_5_0_}
          - JOIN (JoinDefinedByMetadata(konto)) : <gen:0> -> <gen:1>
             - EntityQuerySpaceImpl(uid=<gen:1>, entity=loc.balsen.kontospring.data.Konto)
                - SQL table alias mapping - konto1_
                - alias suffix - 1_
                - suffixed key columns - {id1_1_1_}
                - JOIN (JoinDefinedByMetadata(kontoGruppe)) : <gen:1> -> <gen:2>
                   - EntityQuerySpaceImpl(uid=<gen:2>, entity=loc.balsen.kontospring.data.KontoGruppe)
                      - SQL table alias mapping - kontogrupp2_
                      - alias suffix - 2_
                      - suffixed key columns - {id1_2_2_}

13:32:50.384 [Test worker] DEBUG org.hibernate.loader.entity.plan.EntityLoader - Static select for entity loc.balsen.kontospring.data.Template [NONE]: select template0_.id as id1_5_0_, template0_.anzahl_rythmus as anzahl_r2_5_0_, template0_.description as descript3_5_0_, template0_.gueltig_bis as gueltig_4_5_0_, template0_.gueltig_von as gueltig_5_5_0_, template0_.konto as konto15_5_0_, template0_.next as next6_5_0_, template0_.pattern as pattern7_5_0_, template0_.plan_art as plan_art8_5_0_, template0_.position as position9_5_0_, template0_.rythmus as rythmus10_5_0_, template0_.shortdescription as shortde11_5_0_, template0_.start as start12_5_0_, template0_.vardays as vardays13_5_0_, template0_.wert as wert14_5_0_, konto1_.id as id1_1_1_, konto1_.art as art2_1_1_, konto1_.description as descript3_1_1_, konto1_.id_gruppe as id_grupp5_1_1_, konto1_.shortdescription as shortdes4_1_1_, kontogrupp2_.id as id1_2_2_, kontogrupp2_.description as descript2_2_2_, kontogrupp2_.shortdescription as shortdes3_2_2_ from template template0_ left outer join konto konto1_ on template0_.konto=konto1_.id left outer join konto_gruppe kontogrupp2_ on konto1_.id_gruppe=kontogrupp2_.id where template0_.id=?
13:32:50.384 [Test worker] DEBUG org.hibernate.loader.plan.build.internal.spaces.QuerySpacesImpl - Adding QuerySpace : uid = <gen:0> -> org.hibernate.loader.plan.build.internal.spaces.EntityQuerySpaceImpl@4e97e855]
13:32:50.384 [Test worker] DEBUG org.hibernate.persister.walking.spi.MetamodelGraphWalker - Visiting attribute path : anzahlRythmus
13:32:50.384 [Test worker] DEBUG org.hibernate.persister.walking.spi.MetamodelGraphWalker - Visiting attribute path : description
13:32:50.384 [Test worker] DEBUG org.hibernate.persister.walking.spi.MetamodelGraphWalker - Visiting attribute path : gueltigBis
13:32:50.384 [Test worker] DEBUG org.hibernate.persister.walking.spi.MetamodelGraphWalker - Visiting attribute path : gueltigVon
13:32:50.384 [Test worker] DEBUG org.hibernate.persister.walking.spi.MetamodelGraphWalker - Visiting attribute path : konto
13:32:50.384 [Test worker] DEBUG org.hibernate.loader.plan.build.internal.spaces.QuerySpacesImpl - Adding QuerySpace : uid = <gen:1> -> org.hibernate.loader.plan.build.internal.spaces.EntityQuerySpaceImpl@713c3308]
13:32:50.384 [Test worker] DEBUG org.hibernate.persister.walking.spi.MetamodelGraphWalker - Visiting attribute path : konto.art
13:32:50.384 [Test worker] DEBUG org.hibernate.persister.walking.spi.MetamodelGraphWalker - Visiting attribute path : konto.description
13:32:50.384 [Test worker] DEBUG org.hibernate.persister.walking.spi.MetamodelGraphWalker - Visiting attribute path : konto.kontoGruppe
13:32:50.384 [Test worker] DEBUG org.hibernate.loader.plan.build.internal.spaces.QuerySpacesImpl - Adding QuerySpace : uid = <gen:2> -> org.hibernate.loader.plan.build.internal.spaces.EntityQuerySpaceImpl@1ace6b0f]
13:32:50.384 [Test worker] DEBUG org.hibernate.persister.walking.spi.MetamodelGraphWalker - Visiting attribute path : konto.kontoGruppe.description
13:32:50.384 [Test worker] DEBUG org.hibernate.persister.walking.spi.MetamodelGraphWalker - Visiting attribute path : konto.kontoGruppe.shortdescription
13:32:50.384 [Test worker] DEBUG org.hibernate.persister.walking.spi.MetamodelGraphWalker - Visiting attribute path : konto.shortdescription
13:32:50.384 [Test worker] DEBUG org.hibernate.persister.walking.spi.MetamodelGraphWalker - Visiting attribute path : next
13:32:50.384 [Test worker] DEBUG org.hibernate.persister.walking.spi.MetamodelGraphWalker - Visiting attribute path : pattern
13:32:50.384 [Test worker] DEBUG org.hibernate.persister.walking.spi.MetamodelGraphWalker - Visiting attribute path : planArt
13:32:50.384 [Test worker] DEBUG org.hibernate.persister.walking.spi.MetamodelGraphWalker - Visiting attribute path : position
13:32:50.384 [Test worker] DEBUG org.hibernate.persister.walking.spi.MetamodelGraphWalker - Visiting attribute path : rythmus
13:32:50.384 [Test worker] DEBUG org.hibernate.persister.walking.spi.MetamodelGraphWalker - Visiting attribute path : shortdescription
13:32:50.384 [Test worker] DEBUG org.hibernate.persister.walking.spi.MetamodelGraphWalker - Visiting attribute path : start
13:32:50.384 [Test worker] DEBUG org.hibernate.persister.walking.spi.MetamodelGraphWalker - Visiting attribute path : vardays
13:32:50.384 [Test worker] DEBUG org.hibernate.persister.walking.spi.MetamodelGraphWalker - Visiting attribute path : wert
13:32:50.384 [Test worker] DEBUG org.hibernate.loader.plan.build.internal.FetchStyleLoadPlanBuildingAssociationVisitationStrategy - Building LoadPlan...
13:32:50.384 [Test worker] DEBUG org.hibernate.loader.plan.exec.internal.LoadQueryJoinAndFetchProcessor - processing queryspace <gen:0>
13:32:50.385 [Test worker] DEBUG org.hibernate.loader.plan.build.spi.LoadPlanTreePrinter - LoadPlan(entity=loc.balsen.kontospring.data.Template)
    - Returns
       - EntityReturnImpl(entity=loc.balsen.kontospring.data.Template, querySpaceUid=<gen:0>, path=loc.balsen.kontospring.data.Template)
          - EntityAttributeFetchImpl(entity=loc.balsen.kontospring.data.Konto, querySpaceUid=<gen:1>, path=loc.balsen.kontospring.data.Template.konto)
             - EntityAttributeFetchImpl(entity=loc.balsen.kontospring.data.KontoGruppe, querySpaceUid=<gen:2>, path=loc.balsen.kontospring.data.Template.konto.kontoGruppe)
    - QuerySpaces
       - EntityQuerySpaceImpl(uid=<gen:0>, entity=loc.balsen.kontospring.data.Template)
          - SQL table alias mapping - template0_
          - alias suffix - 0_
          - suffixed key columns - {id1_5_0_}
          - JOIN (JoinDefinedByMetadata(konto)) : <gen:0> -> <gen:1>
             - EntityQuerySpaceImpl(uid=<gen:1>, entity=loc.balsen.kontospring.data.Konto)
                - SQL table alias mapping - konto1_
                - alias suffix - 1_
                - suffixed key columns - {id1_1_1_}
                - JOIN (JoinDefinedByMetadata(kontoGruppe)) : <gen:1> -> <gen:2>
                   - EntityQuerySpaceImpl(uid=<gen:2>, entity=loc.balsen.kontospring.data.KontoGruppe)
                      - SQL table alias mapping - kontogrupp2_
                      - alias suffix - 2_
                      - suffixed key columns - {id1_2_2_}

13:32:50.385 [Test worker] DEBUG org.hibernate.loader.entity.plan.EntityLoader - Static select for entity loc.balsen.kontospring.data.Template [READ]: select template0_.id as id1_5_0_, template0_.anzahl_rythmus as anzahl_r2_5_0_, template0_.description as descript3_5_0_, template0_.gueltig_bis as gueltig_4_5_0_, template0_.gueltig_von as gueltig_5_5_0_, template0_.konto as konto15_5_0_, template0_.next as next6_5_0_, template0_.pattern as pattern7_5_0_, template0_.plan_art as plan_art8_5_0_, template0_.position as position9_5_0_, template0_.rythmus as rythmus10_5_0_, template0_.shortdescription as shortde11_5_0_, template0_.start as start12_5_0_, template0_.vardays as vardays13_5_0_, template0_.wert as wert14_5_0_, konto1_.id as id1_1_1_, konto1_.art as art2_1_1_, konto1_.description as descript3_1_1_, konto1_.id_gruppe as id_grupp5_1_1_, konto1_.shortdescription as shortdes4_1_1_, kontogrupp2_.id as id1_2_2_, kontogrupp2_.description as descript2_2_2_, kontogrupp2_.shortdescription as shortdes3_2_2_ from template template0_ left outer join konto konto1_ on template0_.konto=konto1_.id left outer join konto_gruppe kontogrupp2_ on konto1_.id_gruppe=kontogrupp2_.id where template0_.id=?
13:32:50.385 [Test worker] DEBUG org.hibernate.loader.plan.build.internal.spaces.QuerySpacesImpl - Adding QuerySpace : uid = <gen:0> -> org.hibernate.loader.plan.build.internal.spaces.EntityQuerySpaceImpl@2a7d5318]
13:32:50.385 [Test worker] DEBUG org.hibernate.persister.walking.spi.MetamodelGraphWalker - Visiting attribute path : anzahlRythmus
13:32:50.385 [Test worker] DEBUG org.hibernate.persister.walking.spi.MetamodelGraphWalker - Visiting attribute path : description
13:32:50.385 [Test worker] DEBUG org.hibernate.persister.walking.spi.MetamodelGraphWalker - Visiting attribute path : gueltigBis
13:32:50.385 [Test worker] DEBUG org.hibernate.persister.walking.spi.MetamodelGraphWalker - Visiting attribute path : gueltigVon
13:32:50.385 [Test worker] DEBUG org.hibernate.persister.walking.spi.MetamodelGraphWalker - Visiting attribute path : konto
13:32:50.385 [Test worker] DEBUG org.hibernate.loader.plan.build.internal.spaces.QuerySpacesImpl - Adding QuerySpace : uid = <gen:1> -> org.hibernate.loader.plan.build.internal.spaces.EntityQuerySpaceImpl@7fcfebb1]
13:32:50.385 [Test worker] DEBUG org.hibernate.persister.walking.spi.MetamodelGraphWalker - Visiting attribute path : next
13:32:50.385 [Test worker] DEBUG org.hibernate.persister.walking.spi.MetamodelGraphWalker - Visiting attribute path : pattern
13:32:50.385 [Test worker] DEBUG org.hibernate.persister.walking.spi.MetamodelGraphWalker - Visiting attribute path : planArt
13:32:50.385 [Test worker] DEBUG org.hibernate.persister.walking.spi.MetamodelGraphWalker - Visiting attribute path : position
13:32:50.385 [Test worker] DEBUG org.hibernate.persister.walking.spi.MetamodelGraphWalker - Visiting attribute path : rythmus
13:32:50.385 [Test worker] DEBUG org.hibernate.persister.walking.spi.MetamodelGraphWalker - Visiting attribute path : shortdescription
13:32:50.385 [Test worker] DEBUG org.hibernate.persister.walking.spi.MetamodelGraphWalker - Visiting attribute path : start
13:32:50.385 [Test worker] DEBUG org.hibernate.persister.walking.spi.MetamodelGraphWalker - Visiting attribute path : vardays
13:32:50.385 [Test worker] DEBUG org.hibernate.persister.walking.spi.MetamodelGraphWalker - Visiting attribute path : wert
13:32:50.385 [Test worker] DEBUG org.hibernate.loader.plan.build.internal.FetchStyleLoadPlanBuildingAssociationVisitationStrategy - Building LoadPlan...
13:32:50.385 [Test worker] DEBUG org.hibernate.loader.plan.exec.internal.LoadQueryJoinAndFetchProcessor - processing queryspace <gen:0>
13:32:50.385 [Test worker] DEBUG org.hibernate.loader.plan.build.spi.LoadPlanTreePrinter - LoadPlan(entity=loc.balsen.kontospring.data.Template)
    - Returns
       - EntityReturnImpl(entity=loc.balsen.kontospring.data.Template, querySpaceUid=<gen:0>, path=loc.balsen.kontospring.data.Template)
          - EntityAttributeFetchImpl(entity=loc.balsen.kontospring.data.Konto, querySpaceUid=<gen:1>, path=loc.balsen.kontospring.data.Template.konto)
    - QuerySpaces
       - EntityQuerySpaceImpl(uid=<gen:0>, entity=loc.balsen.kontospring.data.Template)
          - SQL table alias mapping - template0_
          - alias suffix - 0_
          - suffixed key columns - {id1_5_0_}

13:32:50.385 [Test worker] DEBUG org.hibernate.loader.entity.plan.EntityLoader - Static select for entity loc.balsen.kontospring.data.Template [UPGRADE]: select template0_.id as id1_5_0_, template0_.anzahl_rythmus as anzahl_r2_5_0_, template0_.description as descript3_5_0_, template0_.gueltig_bis as gueltig_4_5_0_, template0_.gueltig_von as gueltig_5_5_0_, template0_.konto as konto15_5_0_, template0_.next as next6_5_0_, template0_.pattern as pattern7_5_0_, template0_.plan_art as plan_art8_5_0_, template0_.position as position9_5_0_, template0_.rythmus as rythmus10_5_0_, template0_.shortdescription as shortde11_5_0_, template0_.start as start12_5_0_, template0_.vardays as vardays13_5_0_, template0_.wert as wert14_5_0_ from template template0_ where template0_.id=? for update
13:32:50.385 [Test worker] DEBUG org.hibernate.loader.plan.build.internal.spaces.QuerySpacesImpl - Adding QuerySpace : uid = <gen:0> -> org.hibernate.loader.plan.build.internal.spaces.EntityQuerySpaceImpl@9e9f7a1]
13:32:50.385 [Test worker] DEBUG org.hibernate.persister.walking.spi.MetamodelGraphWalker - Visiting attribute path : anzahlRythmus
13:32:50.385 [Test worker] DEBUG org.hibernate.persister.walking.spi.MetamodelGraphWalker - Visiting attribute path : description
13:32:50.385 [Test worker] DEBUG org.hibernate.persister.walking.spi.MetamodelGraphWalker - Visiting attribute path : gueltigBis
13:32:50.385 [Test worker] DEBUG org.hibernate.persister.walking.spi.MetamodelGraphWalker - Visiting attribute path : gueltigVon
13:32:50.385 [Test worker] DEBUG org.hibernate.persister.walking.spi.MetamodelGraphWalker - Visiting attribute path : konto
13:32:50.386 [Test worker] DEBUG org.hibernate.loader.plan.build.internal.spaces.QuerySpacesImpl - Adding QuerySpace : uid = <gen:1> -> org.hibernate.loader.plan.build.internal.spaces.EntityQuerySpaceImpl@5c8a6ef1]
13:32:50.386 [Test worker] DEBUG org.hibernate.persister.walking.spi.MetamodelGraphWalker - Visiting attribute path : next
13:32:50.386 [Test worker] DEBUG org.hibernate.persister.walking.spi.MetamodelGraphWalker - Visiting attribute path : pattern
13:32:50.386 [Test worker] DEBUG org.hibernate.persister.walking.spi.MetamodelGraphWalker - Visiting attribute path : planArt
13:32:50.386 [Test worker] DEBUG org.hibernate.persister.walking.spi.MetamodelGraphWalker - Visiting attribute path : position
13:32:50.386 [Test worker] DEBUG org.hibernate.persister.walking.spi.MetamodelGraphWalker - Visiting attribute path : rythmus
13:32:50.386 [Test worker] DEBUG org.hibernate.persister.walking.spi.MetamodelGraphWalker - Visiting attribute path : shortdescription
13:32:50.386 [Test worker] DEBUG org.hibernate.persister.walking.spi.MetamodelGraphWalker - Visiting attribute path : start
13:32:50.386 [Test worker] DEBUG org.hibernate.persister.walking.spi.MetamodelGraphWalker - Visiting attribute path : vardays
13:32:50.386 [Test worker] DEBUG org.hibernate.persister.walking.spi.MetamodelGraphWalker - Visiting attribute path : wert
13:32:50.386 [Test worker] DEBUG org.hibernate.loader.plan.build.internal.FetchStyleLoadPlanBuildingAssociationVisitationStrategy - Building LoadPlan...
13:32:50.386 [Test worker] DEBUG org.hibernate.loader.plan.exec.internal.LoadQueryJoinAndFetchProcessor - processing queryspace <gen:0>
13:32:50.386 [Test worker] DEBUG org.hibernate.loader.plan.build.spi.LoadPlanTreePrinter - LoadPlan(entity=loc.balsen.kontospring.data.Template)
    - Returns
       - EntityReturnImpl(entity=loc.balsen.kontospring.data.Template, querySpaceUid=<gen:0>, path=loc.balsen.kontospring.data.Template)
          - EntityAttributeFetchImpl(entity=loc.balsen.kontospring.data.Konto, querySpaceUid=<gen:1>, path=loc.balsen.kontospring.data.Template.konto)
    - QuerySpaces
       - EntityQuerySpaceImpl(uid=<gen:0>, entity=loc.balsen.kontospring.data.Template)
          - SQL table alias mapping - template0_
          - alias suffix - 0_
          - suffixed key columns - {id1_5_0_}

13:32:50.386 [Test worker] DEBUG org.hibernate.loader.entity.plan.EntityLoader - Static select for entity loc.balsen.kontospring.data.Template [UPGRADE_NOWAIT]: select template0_.id as id1_5_0_, template0_.anzahl_rythmus as anzahl_r2_5_0_, template0_.description as descript3_5_0_, template0_.gueltig_bis as gueltig_4_5_0_, template0_.gueltig_von as gueltig_5_5_0_, template0_.konto as konto15_5_0_, template0_.next as next6_5_0_, template0_.pattern as pattern7_5_0_, template0_.plan_art as plan_art8_5_0_, template0_.position as position9_5_0_, template0_.rythmus as rythmus10_5_0_, template0_.shortdescription as shortde11_5_0_, template0_.start as start12_5_0_, template0_.vardays as vardays13_5_0_, template0_.wert as wert14_5_0_ from template template0_ where template0_.id=? for update
13:32:50.386 [Test worker] DEBUG org.hibernate.loader.plan.build.internal.spaces.QuerySpacesImpl - Adding QuerySpace : uid = <gen:0> -> org.hibernate.loader.plan.build.internal.spaces.EntityQuerySpaceImpl@5c1894b2]
13:32:50.386 [Test worker] DEBUG org.hibernate.persister.walking.spi.MetamodelGraphWalker - Visiting attribute path : anzahlRythmus
13:32:50.386 [Test worker] DEBUG org.hibernate.persister.walking.spi.MetamodelGraphWalker - Visiting attribute path : description
13:32:50.386 [Test worker] DEBUG org.hibernate.persister.walking.spi.MetamodelGraphWalker - Visiting attribute path : gueltigBis
13:32:50.386 [Test worker] DEBUG org.hibernate.persister.walking.spi.MetamodelGraphWalker - Visiting attribute path : gueltigVon
13:32:50.386 [Test worker] DEBUG org.hibernate.persister.walking.spi.MetamodelGraphWalker - Visiting attribute path : konto
13:32:50.386 [Test worker] DEBUG org.hibernate.loader.plan.build.internal.spaces.QuerySpacesImpl - Adding QuerySpace : uid = <gen:1> -> org.hibernate.loader.plan.build.internal.spaces.EntityQuerySpaceImpl@37eb4301]
13:32:50.386 [Test worker] DEBUG org.hibernate.persister.walking.spi.MetamodelGraphWalker - Visiting attribute path : next
13:32:50.386 [Test worker] DEBUG org.hibernate.persister.walking.spi.MetamodelGraphWalker - Visiting attribute path : pattern
13:32:50.386 [Test worker] DEBUG org.hibernate.persister.walking.spi.MetamodelGraphWalker - Visiting attribute path : planArt
13:32:50.386 [Test worker] DEBUG org.hibernate.persister.walking.spi.MetamodelGraphWalker - Visiting attribute path : position
13:32:50.386 [Test worker] DEBUG org.hibernate.persister.walking.spi.MetamodelGraphWalker - Visiting attribute path : rythmus
13:32:50.386 [Test worker] DEBUG org.hibernate.persister.walking.spi.MetamodelGraphWalker - Visiting attribute path : shortdescription
13:32:50.386 [Test worker] DEBUG org.hibernate.persister.walking.spi.MetamodelGraphWalker - Visiting attribute path : start
13:32:50.386 [Test worker] DEBUG org.hibernate.persister.walking.spi.MetamodelGraphWalker - Visiting attribute path : vardays
13:32:50.386 [Test worker] DEBUG org.hibernate.persister.walking.spi.MetamodelGraphWalker - Visiting attribute path : wert
13:32:50.386 [Test worker] DEBUG org.hibernate.loader.plan.build.internal.FetchStyleLoadPlanBuildingAssociationVisitationStrategy - Building LoadPlan...
13:32:50.387 [Test worker] DEBUG org.hibernate.loader.plan.exec.internal.LoadQueryJoinAndFetchProcessor - processing queryspace <gen:0>
13:32:50.387 [Test worker] DEBUG org.hibernate.loader.plan.build.spi.LoadPlanTreePrinter - LoadPlan(entity=loc.balsen.kontospring.data.Template)
    - Returns
       - EntityReturnImpl(entity=loc.balsen.kontospring.data.Template, querySpaceUid=<gen:0>, path=loc.balsen.kontospring.data.Template)
          - EntityAttributeFetchImpl(entity=loc.balsen.kontospring.data.Konto, querySpaceUid=<gen:1>, path=loc.balsen.kontospring.data.Template.konto)
    - QuerySpaces
       - EntityQuerySpaceImpl(uid=<gen:0>, entity=loc.balsen.kontospring.data.Template)
          - SQL table alias mapping - template0_
          - alias suffix - 0_
          - suffixed key columns - {id1_5_0_}

13:32:50.387 [Test worker] DEBUG org.hibernate.loader.entity.plan.EntityLoader - Static select for entity loc.balsen.kontospring.data.Template [UPGRADE_SKIPLOCKED]: select template0_.id as id1_5_0_, template0_.anzahl_rythmus as anzahl_r2_5_0_, template0_.description as descript3_5_0_, template0_.gueltig_bis as gueltig_4_5_0_, template0_.gueltig_von as gueltig_5_5_0_, template0_.konto as konto15_5_0_, template0_.next as next6_5_0_, template0_.pattern as pattern7_5_0_, template0_.plan_art as plan_art8_5_0_, template0_.position as position9_5_0_, template0_.rythmus as rythmus10_5_0_, template0_.shortdescription as shortde11_5_0_, template0_.start as start12_5_0_, template0_.vardays as vardays13_5_0_, template0_.wert as wert14_5_0_ from template template0_ where template0_.id=? for update
13:32:50.387 [Test worker] DEBUG org.hibernate.loader.plan.build.internal.spaces.QuerySpacesImpl - Adding QuerySpace : uid = <gen:0> -> org.hibernate.loader.plan.build.internal.spaces.EntityQuerySpaceImpl@38194eeb]
13:32:50.387 [Test worker] DEBUG org.hibernate.persister.walking.spi.MetamodelGraphWalker - Visiting attribute path : anzahlRythmus
13:32:50.387 [Test worker] DEBUG org.hibernate.persister.walking.spi.MetamodelGraphWalker - Visiting attribute path : description
13:32:50.387 [Test worker] DEBUG org.hibernate.persister.walking.spi.MetamodelGraphWalker - Visiting attribute path : gueltigBis
13:32:50.387 [Test worker] DEBUG org.hibernate.persister.walking.spi.MetamodelGraphWalker - Visiting attribute path : gueltigVon
13:32:50.387 [Test worker] DEBUG org.hibernate.persister.walking.spi.MetamodelGraphWalker - Visiting attribute path : konto
13:32:50.387 [Test worker] DEBUG org.hibernate.loader.plan.build.internal.spaces.QuerySpacesImpl - Adding QuerySpace : uid = <gen:1> -> org.hibernate.loader.plan.build.internal.spaces.EntityQuerySpaceImpl@6bde817a]
13:32:50.387 [Test worker] DEBUG org.hibernate.persister.walking.spi.MetamodelGraphWalker - Visiting attribute path : next
13:32:50.387 [Test worker] DEBUG org.hibernate.persister.walking.spi.MetamodelGraphWalker - Visiting attribute path : pattern
13:32:50.387 [Test worker] DEBUG org.hibernate.persister.walking.spi.MetamodelGraphWalker - Visiting attribute path : planArt
13:32:50.387 [Test worker] DEBUG org.hibernate.persister.walking.spi.MetamodelGraphWalker - Visiting attribute path : position
13:32:50.387 [Test worker] DEBUG org.hibernate.persister.walking.spi.MetamodelGraphWalker - Visiting attribute path : rythmus
13:32:50.387 [Test worker] DEBUG org.hibernate.persister.walking.spi.MetamodelGraphWalker - Visiting attribute path : shortdescription
13:32:50.387 [Test worker] DEBUG org.hibernate.persister.walking.spi.MetamodelGraphWalker - Visiting attribute path : start
13:32:50.387 [Test worker] DEBUG org.hibernate.persister.walking.spi.MetamodelGraphWalker - Visiting attribute path : vardays
13:32:50.387 [Test worker] DEBUG org.hibernate.persister.walking.spi.MetamodelGraphWalker - Visiting attribute path : wert
13:32:50.387 [Test worker] DEBUG org.hibernate.loader.plan.build.internal.FetchStyleLoadPlanBuildingAssociationVisitationStrategy - Building LoadPlan...
13:32:50.387 [Test worker] DEBUG org.hibernate.loader.plan.exec.internal.LoadQueryJoinAndFetchProcessor - processing queryspace <gen:0>
13:32:50.387 [Test worker] DEBUG org.hibernate.loader.plan.build.spi.LoadPlanTreePrinter - LoadPlan(entity=loc.balsen.kontospring.data.Template)
    - Returns
       - EntityReturnImpl(entity=loc.balsen.kontospring.data.Template, querySpaceUid=<gen:0>, path=loc.balsen.kontospring.data.Template)
          - EntityAttributeFetchImpl(entity=loc.balsen.kontospring.data.Konto, querySpaceUid=<gen:1>, path=loc.balsen.kontospring.data.Template.konto)
    - QuerySpaces
       - EntityQuerySpaceImpl(uid=<gen:0>, entity=loc.balsen.kontospring.data.Template)
          - SQL table alias mapping - template0_
          - alias suffix - 0_
          - suffixed key columns - {id1_5_0_}

13:32:50.387 [Test worker] DEBUG org.hibernate.loader.entity.plan.EntityLoader - Static select for entity loc.balsen.kontospring.data.Template [FORCE]: select template0_.id as id1_5_0_, template0_.anzahl_rythmus as anzahl_r2_5_0_, template0_.description as descript3_5_0_, template0_.gueltig_bis as gueltig_4_5_0_, template0_.gueltig_von as gueltig_5_5_0_, template0_.konto as konto15_5_0_, template0_.next as next6_5_0_, template0_.pattern as pattern7_5_0_, template0_.plan_art as plan_art8_5_0_, template0_.position as position9_5_0_, template0_.rythmus as rythmus10_5_0_, template0_.shortdescription as shortde11_5_0_, template0_.start as start12_5_0_, template0_.vardays as vardays13_5_0_, template0_.wert as wert14_5_0_ from template template0_ where template0_.id=? for update
13:32:50.387 [Test worker] DEBUG org.hibernate.loader.plan.build.internal.spaces.QuerySpacesImpl - Adding QuerySpace : uid = <gen:0> -> org.hibernate.loader.plan.build.internal.spaces.EntityQuerySpaceImpl@6c0244b]
13:32:50.387 [Test worker] DEBUG org.hibernate.persister.walking.spi.MetamodelGraphWalker - Visiting attribute path : anzahlRythmus
13:32:50.387 [Test worker] DEBUG org.hibernate.persister.walking.spi.MetamodelGraphWalker - Visiting attribute path : description
13:32:50.387 [Test worker] DEBUG org.hibernate.persister.walking.spi.MetamodelGraphWalker - Visiting attribute path : gueltigBis
13:32:50.387 [Test worker] DEBUG org.hibernate.persister.walking.spi.MetamodelGraphWalker - Visiting attribute path : gueltigVon
13:32:50.387 [Test worker] DEBUG org.hibernate.persister.walking.spi.MetamodelGraphWalker - Visiting attribute path : konto
13:32:50.387 [Test worker] DEBUG org.hibernate.loader.plan.build.internal.spaces.QuerySpacesImpl - Adding QuerySpace : uid = <gen:1> -> org.hibernate.loader.plan.build.internal.spaces.EntityQuerySpaceImpl@33257cbb]
13:32:50.388 [Test worker] DEBUG org.hibernate.persister.walking.spi.MetamodelGraphWalker - Visiting attribute path : next
13:32:50.388 [Test worker] DEBUG org.hibernate.persister.walking.spi.MetamodelGraphWalker - Visiting attribute path : pattern
13:32:50.388 [Test worker] DEBUG org.hibernate.persister.walking.spi.MetamodelGraphWalker - Visiting attribute path : planArt
13:32:50.388 [Test worker] DEBUG org.hibernate.persister.walking.spi.MetamodelGraphWalker - Visiting attribute path : position
13:32:50.388 [Test worker] DEBUG org.hibernate.persister.walking.spi.MetamodelGraphWalker - Visiting attribute path : rythmus
13:32:50.388 [Test worker] DEBUG org.hibernate.persister.walking.spi.MetamodelGraphWalker - Visiting attribute path : shortdescription
13:32:50.388 [Test worker] DEBUG org.hibernate.persister.walking.spi.MetamodelGraphWalker - Visiting attribute path : start
13:32:50.388 [Test worker] DEBUG org.hibernate.persister.walking.spi.MetamodelGraphWalker - Visiting attribute path : vardays
13:32:50.388 [Test worker] DEBUG org.hibernate.persister.walking.spi.MetamodelGraphWalker - Visiting attribute path : wert
13:32:50.388 [Test worker] DEBUG org.hibernate.loader.plan.build.internal.FetchStyleLoadPlanBuildingAssociationVisitationStrategy - Building LoadPlan...
13:32:50.388 [Test worker] DEBUG org.hibernate.loader.plan.exec.internal.LoadQueryJoinAndFetchProcessor - processing queryspace <gen:0>
13:32:50.388 [Test worker] DEBUG org.hibernate.loader.plan.build.spi.LoadPlanTreePrinter - LoadPlan(entity=loc.balsen.kontospring.data.Template)
    - Returns
       - EntityReturnImpl(entity=loc.balsen.kontospring.data.Template, querySpaceUid=<gen:0>, path=loc.balsen.kontospring.data.Template)
          - EntityAttributeFetchImpl(entity=loc.balsen.kontospring.data.Konto, querySpaceUid=<gen:1>, path=loc.balsen.kontospring.data.Template.konto)
    - QuerySpaces
       - EntityQuerySpaceImpl(uid=<gen:0>, entity=loc.balsen.kontospring.data.Template)
          - SQL table alias mapping - template0_
          - alias suffix - 0_
          - suffixed key columns - {id1_5_0_}

13:32:50.388 [Test worker] DEBUG org.hibernate.loader.entity.plan.EntityLoader - Static select for entity loc.balsen.kontospring.data.Template [PESSIMISTIC_READ]: select template0_.id as id1_5_0_, template0_.anzahl_rythmus as anzahl_r2_5_0_, template0_.description as descript3_5_0_, template0_.gueltig_bis as gueltig_4_5_0_, template0_.gueltig_von as gueltig_5_5_0_, template0_.konto as konto15_5_0_, template0_.next as next6_5_0_, template0_.pattern as pattern7_5_0_, template0_.plan_art as plan_art8_5_0_, template0_.position as position9_5_0_, template0_.rythmus as rythmus10_5_0_, template0_.shortdescription as shortde11_5_0_, template0_.start as start12_5_0_, template0_.vardays as vardays13_5_0_, template0_.wert as wert14_5_0_ from template template0_ where template0_.id=? for update
13:32:50.388 [Test worker] DEBUG org.hibernate.loader.plan.build.internal.spaces.QuerySpacesImpl - Adding QuerySpace : uid = <gen:0> -> org.hibernate.loader.plan.build.internal.spaces.EntityQuerySpaceImpl@2cefeef4]
13:32:50.388 [Test worker] DEBUG org.hibernate.persister.walking.spi.MetamodelGraphWalker - Visiting attribute path : anzahlRythmus
13:32:50.388 [Test worker] DEBUG org.hibernate.persister.walking.spi.MetamodelGraphWalker - Visiting attribute path : description
13:32:50.388 [Test worker] DEBUG org.hibernate.persister.walking.spi.MetamodelGraphWalker - Visiting attribute path : gueltigBis
13:32:50.388 [Test worker] DEBUG org.hibernate.persister.walking.spi.MetamodelGraphWalker - Visiting attribute path : gueltigVon
13:32:50.388 [Test worker] DEBUG org.hibernate.persister.walking.spi.MetamodelGraphWalker - Visiting attribute path : konto
13:32:50.388 [Test worker] DEBUG org.hibernate.loader.plan.build.internal.spaces.QuerySpacesImpl - Adding QuerySpace : uid = <gen:1> -> org.hibernate.loader.plan.build.internal.spaces.EntityQuerySpaceImpl@3da3637d]
13:32:50.388 [Test worker] DEBUG org.hibernate.persister.walking.spi.MetamodelGraphWalker - Visiting attribute path : next
13:32:50.388 [Test worker] DEBUG org.hibernate.persister.walking.spi.MetamodelGraphWalker - Visiting attribute path : pattern
13:32:50.388 [Test worker] DEBUG org.hibernate.persister.walking.spi.MetamodelGraphWalker - Visiting attribute path : planArt
13:32:50.388 [Test worker] DEBUG org.hibernate.persister.walking.spi.MetamodelGraphWalker - Visiting attribute path : position
13:32:50.388 [Test worker] DEBUG org.hibernate.persister.walking.spi.MetamodelGraphWalker - Visiting attribute path : rythmus
13:32:50.388 [Test worker] DEBUG org.hibernate.persister.walking.spi.MetamodelGraphWalker - Visiting attribute path : shortdescription
13:32:50.388 [Test worker] DEBUG org.hibernate.persister.walking.spi.MetamodelGraphWalker - Visiting attribute path : start
13:32:50.388 [Test worker] DEBUG org.hibernate.persister.walking.spi.MetamodelGraphWalker - Visiting attribute path : vardays
13:32:50.388 [Test worker] DEBUG org.hibernate.persister.walking.spi.MetamodelGraphWalker - Visiting attribute path : wert
13:32:50.388 [Test worker] DEBUG org.hibernate.loader.plan.build.internal.FetchStyleLoadPlanBuildingAssociationVisitationStrategy - Building LoadPlan...
13:32:50.394 [Test worker] DEBUG org.hibernate.loader.plan.exec.internal.LoadQueryJoinAndFetchProcessor - processing queryspace <gen:0>
13:32:50.394 [Test worker] DEBUG org.hibernate.loader.plan.build.spi.LoadPlanTreePrinter - LoadPlan(entity=loc.balsen.kontospring.data.Template)
    - Returns
       - EntityReturnImpl(entity=loc.balsen.kontospring.data.Template, querySpaceUid=<gen:0>, path=loc.balsen.kontospring.data.Template)
          - EntityAttributeFetchImpl(entity=loc.balsen.kontospring.data.Konto, querySpaceUid=<gen:1>, path=loc.balsen.kontospring.data.Template.konto)
    - QuerySpaces
       - EntityQuerySpaceImpl(uid=<gen:0>, entity=loc.balsen.kontospring.data.Template)
          - SQL table alias mapping - template0_
          - alias suffix - 0_
          - suffixed key columns - {id1_5_0_}

13:32:50.394 [Test worker] DEBUG org.hibernate.loader.entity.plan.EntityLoader - Static select for entity loc.balsen.kontospring.data.Template [PESSIMISTIC_WRITE]: select template0_.id as id1_5_0_, template0_.anzahl_rythmus as anzahl_r2_5_0_, template0_.description as descript3_5_0_, template0_.gueltig_bis as gueltig_4_5_0_, template0_.gueltig_von as gueltig_5_5_0_, template0_.konto as konto15_5_0_, template0_.next as next6_5_0_, template0_.pattern as pattern7_5_0_, template0_.plan_art as plan_art8_5_0_, template0_.position as position9_5_0_, template0_.rythmus as rythmus10_5_0_, template0_.shortdescription as shortde11_5_0_, template0_.start as start12_5_0_, template0_.vardays as vardays13_5_0_, template0_.wert as wert14_5_0_ from template template0_ where template0_.id=? for update
13:32:50.395 [Test worker] DEBUG org.hibernate.loader.plan.build.internal.spaces.QuerySpacesImpl - Adding QuerySpace : uid = <gen:0> -> org.hibernate.loader.plan.build.internal.spaces.EntityQuerySpaceImpl@25fb00d6]
13:32:50.395 [Test worker] DEBUG org.hibernate.persister.walking.spi.MetamodelGraphWalker - Visiting attribute path : anzahlRythmus
13:32:50.395 [Test worker] DEBUG org.hibernate.persister.walking.spi.MetamodelGraphWalker - Visiting attribute path : description
13:32:50.395 [Test worker] DEBUG org.hibernate.persister.walking.spi.MetamodelGraphWalker - Visiting attribute path : gueltigBis
13:32:50.395 [Test worker] DEBUG org.hibernate.persister.walking.spi.MetamodelGraphWalker - Visiting attribute path : gueltigVon
13:32:50.395 [Test worker] DEBUG org.hibernate.persister.walking.spi.MetamodelGraphWalker - Visiting attribute path : konto
13:32:50.395 [Test worker] DEBUG org.hibernate.loader.plan.build.internal.spaces.QuerySpacesImpl - Adding QuerySpace : uid = <gen:1> -> org.hibernate.loader.plan.build.internal.spaces.EntityQuerySpaceImpl@e6879ce]
13:32:50.395 [Test worker] DEBUG org.hibernate.persister.walking.spi.MetamodelGraphWalker - Visiting attribute path : next
13:32:50.395 [Test worker] DEBUG org.hibernate.persister.walking.spi.MetamodelGraphWalker - Visiting attribute path : pattern
13:32:50.395 [Test worker] DEBUG org.hibernate.persister.walking.spi.MetamodelGraphWalker - Visiting attribute path : planArt
13:32:50.395 [Test worker] DEBUG org.hibernate.persister.walking.spi.MetamodelGraphWalker - Visiting attribute path : position
13:32:50.395 [Test worker] DEBUG org.hibernate.persister.walking.spi.MetamodelGraphWalker - Visiting attribute path : rythmus
13:32:50.395 [Test worker] DEBUG org.hibernate.persister.walking.spi.MetamodelGraphWalker - Visiting attribute path : shortdescription
13:32:50.395 [Test worker] DEBUG org.hibernate.persister.walking.spi.MetamodelGraphWalker - Visiting attribute path : start
13:32:50.395 [Test worker] DEBUG org.hibernate.persister.walking.spi.MetamodelGraphWalker - Visiting attribute path : vardays
13:32:50.395 [Test worker] DEBUG org.hibernate.persister.walking.spi.MetamodelGraphWalker - Visiting attribute path : wert
13:32:50.395 [Test worker] DEBUG org.hibernate.loader.plan.build.internal.FetchStyleLoadPlanBuildingAssociationVisitationStrategy - Building LoadPlan...
13:32:50.395 [Test worker] DEBUG org.hibernate.loader.plan.exec.internal.LoadQueryJoinAndFetchProcessor - processing queryspace <gen:0>
13:32:50.395 [Test worker] DEBUG org.hibernate.loader.plan.build.spi.LoadPlanTreePrinter - LoadPlan(entity=loc.balsen.kontospring.data.Template)
    - Returns
       - EntityReturnImpl(entity=loc.balsen.kontospring.data.Template, querySpaceUid=<gen:0>, path=loc.balsen.kontospring.data.Template)
          - EntityAttributeFetchImpl(entity=loc.balsen.kontospring.data.Konto, querySpaceUid=<gen:1>, path=loc.balsen.kontospring.data.Template.konto)
    - QuerySpaces
       - EntityQuerySpaceImpl(uid=<gen:0>, entity=loc.balsen.kontospring.data.Template)
          - SQL table alias mapping - template0_
          - alias suffix - 0_
          - suffixed key columns - {id1_5_0_}

13:32:50.395 [Test worker] DEBUG org.hibernate.loader.entity.plan.EntityLoader - Static select for entity loc.balsen.kontospring.data.Template [PESSIMISTIC_FORCE_INCREMENT]: select template0_.id as id1_5_0_, template0_.anzahl_rythmus as anzahl_r2_5_0_, template0_.description as descript3_5_0_, template0_.gueltig_bis as gueltig_4_5_0_, template0_.gueltig_von as gueltig_5_5_0_, template0_.konto as konto15_5_0_, template0_.next as next6_5_0_, template0_.pattern as pattern7_5_0_, template0_.plan_art as plan_art8_5_0_, template0_.position as position9_5_0_, template0_.rythmus as rythmus10_5_0_, template0_.shortdescription as shortde11_5_0_, template0_.start as start12_5_0_, template0_.vardays as vardays13_5_0_, template0_.wert as wert14_5_0_ from template template0_ where template0_.id=? for update
13:32:50.395 [Test worker] DEBUG org.hibernate.loader.plan.build.internal.spaces.QuerySpacesImpl - Adding QuerySpace : uid = <gen:0> -> org.hibernate.loader.plan.build.internal.spaces.EntityQuerySpaceImpl@28f65bf5]
13:32:50.395 [Test worker] DEBUG org.hibernate.persister.walking.spi.MetamodelGraphWalker - Visiting attribute path : anzahlRythmus
13:32:50.395 [Test worker] DEBUG org.hibernate.persister.walking.spi.MetamodelGraphWalker - Visiting attribute path : description
13:32:50.395 [Test worker] DEBUG org.hibernate.persister.walking.spi.MetamodelGraphWalker - Visiting attribute path : gueltigBis
13:32:50.395 [Test worker] DEBUG org.hibernate.persister.walking.spi.MetamodelGraphWalker - Visiting attribute path : gueltigVon
13:32:50.395 [Test worker] DEBUG org.hibernate.persister.walking.spi.MetamodelGraphWalker - Visiting attribute path : konto
13:32:50.396 [Test worker] DEBUG org.hibernate.loader.plan.build.internal.spaces.QuerySpacesImpl - Adding QuerySpace : uid = <gen:1> -> org.hibernate.loader.plan.build.internal.spaces.EntityQuerySpaceImpl@2520e5aa]
13:32:50.396 [Test worker] DEBUG org.hibernate.persister.walking.spi.MetamodelGraphWalker - Visiting attribute path : next
13:32:50.396 [Test worker] DEBUG org.hibernate.persister.walking.spi.MetamodelGraphWalker - Visiting attribute path : pattern
13:32:50.396 [Test worker] DEBUG org.hibernate.persister.walking.spi.MetamodelGraphWalker - Visiting attribute path : planArt
13:32:50.396 [Test worker] DEBUG org.hibernate.persister.walking.spi.MetamodelGraphWalker - Visiting attribute path : position
13:32:50.396 [Test worker] DEBUG org.hibernate.persister.walking.spi.MetamodelGraphWalker - Visiting attribute path : rythmus
13:32:50.396 [Test worker] DEBUG org.hibernate.persister.walking.spi.MetamodelGraphWalker - Visiting attribute path : shortdescription
13:32:50.396 [Test worker] DEBUG org.hibernate.persister.walking.spi.MetamodelGraphWalker - Visiting attribute path : start
13:32:50.396 [Test worker] DEBUG org.hibernate.persister.walking.spi.MetamodelGraphWalker - Visiting attribute path : vardays
13:32:50.396 [Test worker] DEBUG org.hibernate.persister.walking.spi.MetamodelGraphWalker - Visiting attribute path : wert
13:32:50.396 [Test worker] DEBUG org.hibernate.loader.plan.build.internal.FetchStyleLoadPlanBuildingAssociationVisitationStrategy - Building LoadPlan...
13:32:50.396 [Test worker] DEBUG org.hibernate.loader.plan.exec.internal.LoadQueryJoinAndFetchProcessor - processing queryspace <gen:0>
13:32:50.396 [Test worker] DEBUG org.hibernate.loader.plan.build.spi.LoadPlanTreePrinter - LoadPlan(entity=loc.balsen.kontospring.data.Template)
    - Returns
       - EntityReturnImpl(entity=loc.balsen.kontospring.data.Template, querySpaceUid=<gen:0>, path=loc.balsen.kontospring.data.Template)
          - EntityAttributeFetchImpl(entity=loc.balsen.kontospring.data.Konto, querySpaceUid=<gen:1>, path=loc.balsen.kontospring.data.Template.konto)
    - QuerySpaces
       - EntityQuerySpaceImpl(uid=<gen:0>, entity=loc.balsen.kontospring.data.Template)
          - SQL table alias mapping - template0_
          - alias suffix - 0_
          - suffixed key columns - {id1_5_0_}

13:32:50.396 [Test worker] DEBUG org.hibernate.loader.entity.plan.EntityLoader - Static select for entity loc.balsen.kontospring.data.Template [OPTIMISTIC]: select template0_.id as id1_5_0_, template0_.anzahl_rythmus as anzahl_r2_5_0_, template0_.description as descript3_5_0_, template0_.gueltig_bis as gueltig_4_5_0_, template0_.gueltig_von as gueltig_5_5_0_, template0_.konto as konto15_5_0_, template0_.next as next6_5_0_, template0_.pattern as pattern7_5_0_, template0_.plan_art as plan_art8_5_0_, template0_.position as position9_5_0_, template0_.rythmus as rythmus10_5_0_, template0_.shortdescription as shortde11_5_0_, template0_.start as start12_5_0_, template0_.vardays as vardays13_5_0_, template0_.wert as wert14_5_0_ from template template0_ where template0_.id=?
13:32:50.396 [Test worker] DEBUG org.hibernate.loader.plan.build.internal.spaces.QuerySpacesImpl - Adding QuerySpace : uid = <gen:0> -> org.hibernate.loader.plan.build.internal.spaces.EntityQuerySpaceImpl@684b4ec9]
13:32:50.396 [Test worker] DEBUG org.hibernate.persister.walking.spi.MetamodelGraphWalker - Visiting attribute path : anzahlRythmus
13:32:50.396 [Test worker] DEBUG org.hibernate.persister.walking.spi.MetamodelGraphWalker - Visiting attribute path : description
13:32:50.396 [Test worker] DEBUG org.hibernate.persister.walking.spi.MetamodelGraphWalker - Visiting attribute path : gueltigBis
13:32:50.396 [Test worker] DEBUG org.hibernate.persister.walking.spi.MetamodelGraphWalker - Visiting attribute path : gueltigVon
13:32:50.396 [Test worker] DEBUG org.hibernate.persister.walking.spi.MetamodelGraphWalker - Visiting attribute path : konto
13:32:50.396 [Test worker] DEBUG org.hibernate.loader.plan.build.internal.spaces.QuerySpacesImpl - Adding QuerySpace : uid = <gen:1> -> org.hibernate.loader.plan.build.internal.spaces.EntityQuerySpaceImpl@1777966f]
13:32:50.396 [Test worker] DEBUG org.hibernate.persister.walking.spi.MetamodelGraphWalker - Visiting attribute path : next
13:32:50.396 [Test worker] DEBUG org.hibernate.persister.walking.spi.MetamodelGraphWalker - Visiting attribute path : pattern
13:32:50.396 [Test worker] DEBUG org.hibernate.persister.walking.spi.MetamodelGraphWalker - Visiting attribute path : planArt
13:32:50.396 [Test worker] DEBUG org.hibernate.persister.walking.spi.MetamodelGraphWalker - Visiting attribute path : position
13:32:50.396 [Test worker] DEBUG org.hibernate.persister.walking.spi.MetamodelGraphWalker - Visiting attribute path : rythmus
13:32:50.396 [Test worker] DEBUG org.hibernate.persister.walking.spi.MetamodelGraphWalker - Visiting attribute path : shortdescription
13:32:50.396 [Test worker] DEBUG org.hibernate.persister.walking.spi.MetamodelGraphWalker - Visiting attribute path : start
13:32:50.396 [Test worker] DEBUG org.hibernate.persister.walking.spi.MetamodelGraphWalker - Visiting attribute path : vardays
13:32:50.396 [Test worker] DEBUG org.hibernate.persister.walking.spi.MetamodelGraphWalker - Visiting attribute path : wert
13:32:50.396 [Test worker] DEBUG org.hibernate.loader.plan.build.internal.FetchStyleLoadPlanBuildingAssociationVisitationStrategy - Building LoadPlan...
13:32:50.396 [Test worker] DEBUG org.hibernate.loader.plan.exec.internal.LoadQueryJoinAndFetchProcessor - processing queryspace <gen:0>
13:32:50.396 [Test worker] DEBUG org.hibernate.loader.plan.build.spi.LoadPlanTreePrinter - LoadPlan(entity=loc.balsen.kontospring.data.Template)
    - Returns
       - EntityReturnImpl(entity=loc.balsen.kontospring.data.Template, querySpaceUid=<gen:0>, path=loc.balsen.kontospring.data.Template)
          - EntityAttributeFetchImpl(entity=loc.balsen.kontospring.data.Konto, querySpaceUid=<gen:1>, path=loc.balsen.kontospring.data.Template.konto)
    - QuerySpaces
       - EntityQuerySpaceImpl(uid=<gen:0>, entity=loc.balsen.kontospring.data.Template)
          - SQL table alias mapping - template0_
          - alias suffix - 0_
          - suffixed key columns - {id1_5_0_}

13:32:50.396 [Test worker] DEBUG org.hibernate.loader.entity.plan.EntityLoader - Static select for entity loc.balsen.kontospring.data.Template [OPTIMISTIC_FORCE_INCREMENT]: select template0_.id as id1_5_0_, template0_.anzahl_rythmus as anzahl_r2_5_0_, template0_.description as descript3_5_0_, template0_.gueltig_bis as gueltig_4_5_0_, template0_.gueltig_von as gueltig_5_5_0_, template0_.konto as konto15_5_0_, template0_.next as next6_5_0_, template0_.pattern as pattern7_5_0_, template0_.plan_art as plan_art8_5_0_, template0_.position as position9_5_0_, template0_.rythmus as rythmus10_5_0_, template0_.shortdescription as shortde11_5_0_, template0_.start as start12_5_0_, template0_.vardays as vardays13_5_0_, template0_.wert as wert14_5_0_ from template template0_ where template0_.id=?
13:32:50.397 [Test worker] DEBUG org.hibernate.loader.Loader - Static select for action ACTION_MERGE on entity loc.balsen.kontospring.data.Template: select template0_.id as id1_5_0_, template0_.anzahl_rythmus as anzahl_r2_5_0_, template0_.description as descript3_5_0_, template0_.gueltig_bis as gueltig_4_5_0_, template0_.gueltig_von as gueltig_5_5_0_, template0_.konto as konto15_5_0_, template0_.next as next6_5_0_, template0_.pattern as pattern7_5_0_, template0_.plan_art as plan_art8_5_0_, template0_.position as position9_5_0_, template0_.rythmus as rythmus10_5_0_, template0_.shortdescription as shortde11_5_0_, template0_.start as start12_5_0_, template0_.vardays as vardays13_5_0_, template0_.wert as wert14_5_0_ from template template0_ where template0_.id=?
13:32:50.397 [Test worker] DEBUG org.hibernate.loader.Loader - Static select for action ACTION_REFRESH on entity loc.balsen.kontospring.data.Template: select template0_.id as id1_5_0_, template0_.anzahl_rythmus as anzahl_r2_5_0_, template0_.description as descript3_5_0_, template0_.gueltig_bis as gueltig_4_5_0_, template0_.gueltig_von as gueltig_5_5_0_, template0_.konto as konto15_5_0_, template0_.next as next6_5_0_, template0_.pattern as pattern7_5_0_, template0_.plan_art as plan_art8_5_0_, template0_.position as position9_5_0_, template0_.rythmus as rythmus10_5_0_, template0_.shortdescription as shortde11_5_0_, template0_.start as start12_5_0_, template0_.vardays as vardays13_5_0_, template0_.wert as wert14_5_0_ from template template0_ where template0_.id=?
13:32:50.397 [Test worker] DEBUG org.hibernate.persister.entity.AbstractEntityPersister - Static SQL for entity: loc.balsen.kontospring.data.Beleg
13:32:50.397 [Test worker] DEBUG org.hibernate.persister.entity.AbstractEntityPersister -  Version select: select id from buchungsbeleg where id =?
13:32:50.397 [Test worker] DEBUG org.hibernate.persister.entity.AbstractEntityPersister -  Snapshot select: select beleg_.id, beleg_.referenz as referenz2_0_, beleg_.absender as absender3_0_, beleg_.art as art4_0_, beleg_.beleg as beleg5_0_, beleg_.details as details6_0_, beleg_.eingang as eingang7_0_, beleg_.einreicherid as einreich8_0_, beleg_.empfaenger as empfaeng9_0_, beleg_.mandat as mandat10_0_, beleg_.wert as wert11_0_, beleg_.wertstellung as wertste12_0_ from buchungsbeleg beleg_ where beleg_.id=?
13:32:50.397 [Test worker] DEBUG org.hibernate.persister.entity.AbstractEntityPersister -  Insert 0: insert into buchungsbeleg (referenz, absender, art, beleg, details, eingang, einreicherid, empfaenger, mandat, wert, wertstellung, id) values (?, ?, ?, ?, ?, ?, ?, ?, ?, ?, ?, ?)
13:32:50.397 [Test worker] DEBUG org.hibernate.persister.entity.AbstractEntityPersister -  Update 0: update buchungsbeleg set referenz=?, absender=?, art=?, beleg=?, details=?, eingang=?, einreicherid=?, empfaenger=?, mandat=?, wert=?, wertstellung=? where id=?
13:32:50.397 [Test worker] DEBUG org.hibernate.persister.entity.AbstractEntityPersister -  Delete 0: delete from buchungsbeleg where id=?
13:32:50.397 [Test worker] DEBUG org.hibernate.loader.plan.build.internal.spaces.QuerySpacesImpl - Adding QuerySpace : uid = <gen:0> -> org.hibernate.loader.plan.build.internal.spaces.EntityQuerySpaceImpl@35583c9e]
13:32:50.397 [Test worker] DEBUG org.hibernate.persister.walking.spi.MetamodelGraphWalker - Visiting attribute path : Referenz
13:32:50.397 [Test worker] DEBUG org.hibernate.persister.walking.spi.MetamodelGraphWalker - Visiting attribute path : absender
13:32:50.397 [Test worker] DEBUG org.hibernate.persister.walking.spi.MetamodelGraphWalker - Visiting attribute path : art
13:32:50.397 [Test worker] DEBUG org.hibernate.persister.walking.spi.MetamodelGraphWalker - Visiting attribute path : beleg
13:32:50.397 [Test worker] DEBUG org.hibernate.persister.walking.spi.MetamodelGraphWalker - Visiting attribute path : details
13:32:50.397 [Test worker] DEBUG org.hibernate.persister.walking.spi.MetamodelGraphWalker - Visiting attribute path : eingang
13:32:50.397 [Test worker] DEBUG org.hibernate.persister.walking.spi.MetamodelGraphWalker - Visiting attribute path : einreicherID
13:32:50.397 [Test worker] DEBUG org.hibernate.persister.walking.spi.MetamodelGraphWalker - Visiting attribute path : empfaenger
13:32:50.397 [Test worker] DEBUG org.hibernate.persister.walking.spi.MetamodelGraphWalker - Visiting attribute path : mandat
13:32:50.397 [Test worker] DEBUG org.hibernate.persister.walking.spi.MetamodelGraphWalker - Visiting attribute path : wert
13:32:50.397 [Test worker] DEBUG org.hibernate.persister.walking.spi.MetamodelGraphWalker - Visiting attribute path : wertstellung
13:32:50.397 [Test worker] DEBUG org.hibernate.loader.plan.build.internal.FetchStyleLoadPlanBuildingAssociationVisitationStrategy - Building LoadPlan...
13:32:50.397 [Test worker] DEBUG org.hibernate.loader.plan.exec.internal.LoadQueryJoinAndFetchProcessor - processing queryspace <gen:0>
13:32:50.397 [Test worker] DEBUG org.hibernate.loader.plan.build.spi.LoadPlanTreePrinter - LoadPlan(entity=loc.balsen.kontospring.data.Beleg)
    - Returns
       - EntityReturnImpl(entity=loc.balsen.kontospring.data.Beleg, querySpaceUid=<gen:0>, path=loc.balsen.kontospring.data.Beleg)
    - QuerySpaces
       - EntityQuerySpaceImpl(uid=<gen:0>, entity=loc.balsen.kontospring.data.Beleg)
          - SQL table alias mapping - beleg0_
          - alias suffix - 0_
          - suffixed key columns - {id1_0_0_}

13:32:50.398 [Test worker] DEBUG org.hibernate.loader.entity.plan.EntityLoader - Static select for entity loc.balsen.kontospring.data.Beleg [NONE]: select beleg0_.id as id1_0_0_, beleg0_.referenz as referenz2_0_0_, beleg0_.absender as absender3_0_0_, beleg0_.art as art4_0_0_, beleg0_.beleg as beleg5_0_0_, beleg0_.details as details6_0_0_, beleg0_.eingang as eingang7_0_0_, beleg0_.einreicherid as einreich8_0_0_, beleg0_.empfaenger as empfaeng9_0_0_, beleg0_.mandat as mandat10_0_0_, beleg0_.wert as wert11_0_0_, beleg0_.wertstellung as wertste12_0_0_ from buchungsbeleg beleg0_ where beleg0_.id=?
13:32:50.398 [Test worker] DEBUG org.hibernate.loader.plan.build.internal.spaces.QuerySpacesImpl - Adding QuerySpace : uid = <gen:0> -> org.hibernate.loader.plan.build.internal.spaces.EntityQuerySpaceImpl@31d79e7f]
13:32:50.398 [Test worker] DEBUG org.hibernate.persister.walking.spi.MetamodelGraphWalker - Visiting attribute path : Referenz
13:32:50.398 [Test worker] DEBUG org.hibernate.persister.walking.spi.MetamodelGraphWalker - Visiting attribute path : absender
13:32:50.398 [Test worker] DEBUG org.hibernate.persister.walking.spi.MetamodelGraphWalker - Visiting attribute path : art
13:32:50.398 [Test worker] DEBUG org.hibernate.persister.walking.spi.MetamodelGraphWalker - Visiting attribute path : beleg
13:32:50.398 [Test worker] DEBUG org.hibernate.persister.walking.spi.MetamodelGraphWalker - Visiting attribute path : details
13:32:50.398 [Test worker] DEBUG org.hibernate.persister.walking.spi.MetamodelGraphWalker - Visiting attribute path : eingang
13:32:50.398 [Test worker] DEBUG org.hibernate.persister.walking.spi.MetamodelGraphWalker - Visiting attribute path : einreicherID
13:32:50.398 [Test worker] DEBUG org.hibernate.persister.walking.spi.MetamodelGraphWalker - Visiting attribute path : empfaenger
13:32:50.398 [Test worker] DEBUG org.hibernate.persister.walking.spi.MetamodelGraphWalker - Visiting attribute path : mandat
13:32:50.398 [Test worker] DEBUG org.hibernate.persister.walking.spi.MetamodelGraphWalker - Visiting attribute path : wert
13:32:50.398 [Test worker] DEBUG org.hibernate.persister.walking.spi.MetamodelGraphWalker - Visiting attribute path : wertstellung
13:32:50.398 [Test worker] DEBUG org.hibernate.loader.plan.build.internal.FetchStyleLoadPlanBuildingAssociationVisitationStrategy - Building LoadPlan...
13:32:50.398 [Test worker] DEBUG org.hibernate.loader.plan.exec.internal.LoadQueryJoinAndFetchProcessor - processing queryspace <gen:0>
13:32:50.398 [Test worker] DEBUG org.hibernate.loader.plan.build.spi.LoadPlanTreePrinter - LoadPlan(entity=loc.balsen.kontospring.data.Beleg)
    - Returns
       - EntityReturnImpl(entity=loc.balsen.kontospring.data.Beleg, querySpaceUid=<gen:0>, path=loc.balsen.kontospring.data.Beleg)
    - QuerySpaces
       - EntityQuerySpaceImpl(uid=<gen:0>, entity=loc.balsen.kontospring.data.Beleg)
          - SQL table alias mapping - beleg0_
          - alias suffix - 0_
          - suffixed key columns - {id1_0_0_}

13:32:50.398 [Test worker] DEBUG org.hibernate.loader.entity.plan.EntityLoader - Static select for entity loc.balsen.kontospring.data.Beleg [READ]: select beleg0_.id as id1_0_0_, beleg0_.referenz as referenz2_0_0_, beleg0_.absender as absender3_0_0_, beleg0_.art as art4_0_0_, beleg0_.beleg as beleg5_0_0_, beleg0_.details as details6_0_0_, beleg0_.eingang as eingang7_0_0_, beleg0_.einreicherid as einreich8_0_0_, beleg0_.empfaenger as empfaeng9_0_0_, beleg0_.mandat as mandat10_0_0_, beleg0_.wert as wert11_0_0_, beleg0_.wertstellung as wertste12_0_0_ from buchungsbeleg beleg0_ where beleg0_.id=?
13:32:50.398 [Test worker] DEBUG org.hibernate.loader.plan.build.internal.spaces.QuerySpacesImpl - Adding QuerySpace : uid = <gen:0> -> org.hibernate.loader.plan.build.internal.spaces.EntityQuerySpaceImpl@6ef0c1d1]
13:32:50.398 [Test worker] DEBUG org.hibernate.persister.walking.spi.MetamodelGraphWalker - Visiting attribute path : Referenz
13:32:50.398 [Test worker] DEBUG org.hibernate.persister.walking.spi.MetamodelGraphWalker - Visiting attribute path : absender
13:32:50.398 [Test worker] DEBUG org.hibernate.persister.walking.spi.MetamodelGraphWalker - Visiting attribute path : art
13:32:50.398 [Test worker] DEBUG org.hibernate.persister.walking.spi.MetamodelGraphWalker - Visiting attribute path : beleg
13:32:50.398 [Test worker] DEBUG org.hibernate.persister.walking.spi.MetamodelGraphWalker - Visiting attribute path : details
13:32:50.398 [Test worker] DEBUG org.hibernate.persister.walking.spi.MetamodelGraphWalker - Visiting attribute path : eingang
13:32:50.398 [Test worker] DEBUG org.hibernate.persister.walking.spi.MetamodelGraphWalker - Visiting attribute path : einreicherID
13:32:50.398 [Test worker] DEBUG org.hibernate.persister.walking.spi.MetamodelGraphWalker - Visiting attribute path : empfaenger
13:32:50.398 [Test worker] DEBUG org.hibernate.persister.walking.spi.MetamodelGraphWalker - Visiting attribute path : mandat
13:32:50.398 [Test worker] DEBUG org.hibernate.persister.walking.spi.MetamodelGraphWalker - Visiting attribute path : wert
13:32:50.398 [Test worker] DEBUG org.hibernate.persister.walking.spi.MetamodelGraphWalker - Visiting attribute path : wertstellung
13:32:50.398 [Test worker] DEBUG org.hibernate.loader.plan.build.internal.FetchStyleLoadPlanBuildingAssociationVisitationStrategy - Building LoadPlan...
13:32:50.398 [Test worker] DEBUG org.hibernate.loader.plan.exec.internal.LoadQueryJoinAndFetchProcessor - processing queryspace <gen:0>
13:32:50.399 [Test worker] DEBUG org.hibernate.loader.plan.build.spi.LoadPlanTreePrinter - LoadPlan(entity=loc.balsen.kontospring.data.Beleg)
    - Returns
       - EntityReturnImpl(entity=loc.balsen.kontospring.data.Beleg, querySpaceUid=<gen:0>, path=loc.balsen.kontospring.data.Beleg)
    - QuerySpaces
       - EntityQuerySpaceImpl(uid=<gen:0>, entity=loc.balsen.kontospring.data.Beleg)
          - SQL table alias mapping - beleg0_
          - alias suffix - 0_
          - suffixed key columns - {id1_0_0_}

13:32:50.399 [Test worker] DEBUG org.hibernate.loader.entity.plan.EntityLoader - Static select for entity loc.balsen.kontospring.data.Beleg [UPGRADE]: select beleg0_.id as id1_0_0_, beleg0_.referenz as referenz2_0_0_, beleg0_.absender as absender3_0_0_, beleg0_.art as art4_0_0_, beleg0_.beleg as beleg5_0_0_, beleg0_.details as details6_0_0_, beleg0_.eingang as eingang7_0_0_, beleg0_.einreicherid as einreich8_0_0_, beleg0_.empfaenger as empfaeng9_0_0_, beleg0_.mandat as mandat10_0_0_, beleg0_.wert as wert11_0_0_, beleg0_.wertstellung as wertste12_0_0_ from buchungsbeleg beleg0_ where beleg0_.id=? for update
13:32:50.399 [Test worker] DEBUG org.hibernate.loader.plan.build.internal.spaces.QuerySpacesImpl - Adding QuerySpace : uid = <gen:0> -> org.hibernate.loader.plan.build.internal.spaces.EntityQuerySpaceImpl@5cbe0d0f]
13:32:50.399 [Test worker] DEBUG org.hibernate.persister.walking.spi.MetamodelGraphWalker - Visiting attribute path : Referenz
13:32:50.399 [Test worker] DEBUG org.hibernate.persister.walking.spi.MetamodelGraphWalker - Visiting attribute path : absender
13:32:50.399 [Test worker] DEBUG org.hibernate.persister.walking.spi.MetamodelGraphWalker - Visiting attribute path : art
13:32:50.399 [Test worker] DEBUG org.hibernate.persister.walking.spi.MetamodelGraphWalker - Visiting attribute path : beleg
13:32:50.399 [Test worker] DEBUG org.hibernate.persister.walking.spi.MetamodelGraphWalker - Visiting attribute path : details
13:32:50.399 [Test worker] DEBUG org.hibernate.persister.walking.spi.MetamodelGraphWalker - Visiting attribute path : eingang
13:32:50.399 [Test worker] DEBUG org.hibernate.persister.walking.spi.MetamodelGraphWalker - Visiting attribute path : einreicherID
13:32:50.399 [Test worker] DEBUG org.hibernate.persister.walking.spi.MetamodelGraphWalker - Visiting attribute path : empfaenger
13:32:50.399 [Test worker] DEBUG org.hibernate.persister.walking.spi.MetamodelGraphWalker - Visiting attribute path : mandat
13:32:50.399 [Test worker] DEBUG org.hibernate.persister.walking.spi.MetamodelGraphWalker - Visiting attribute path : wert
13:32:50.399 [Test worker] DEBUG org.hibernate.persister.walking.spi.MetamodelGraphWalker - Visiting attribute path : wertstellung
13:32:50.399 [Test worker] DEBUG org.hibernate.loader.plan.build.internal.FetchStyleLoadPlanBuildingAssociationVisitationStrategy - Building LoadPlan...
13:32:50.399 [Test worker] DEBUG org.hibernate.loader.plan.exec.internal.LoadQueryJoinAndFetchProcessor - processing queryspace <gen:0>
13:32:50.399 [Test worker] DEBUG org.hibernate.loader.plan.build.spi.LoadPlanTreePrinter - LoadPlan(entity=loc.balsen.kontospring.data.Beleg)
    - Returns
       - EntityReturnImpl(entity=loc.balsen.kontospring.data.Beleg, querySpaceUid=<gen:0>, path=loc.balsen.kontospring.data.Beleg)
    - QuerySpaces
       - EntityQuerySpaceImpl(uid=<gen:0>, entity=loc.balsen.kontospring.data.Beleg)
          - SQL table alias mapping - beleg0_
          - alias suffix - 0_
          - suffixed key columns - {id1_0_0_}

13:32:50.400 [Test worker] DEBUG org.hibernate.loader.entity.plan.EntityLoader - Static select for entity loc.balsen.kontospring.data.Beleg [UPGRADE_NOWAIT]: select beleg0_.id as id1_0_0_, beleg0_.referenz as referenz2_0_0_, beleg0_.absender as absender3_0_0_, beleg0_.art as art4_0_0_, beleg0_.beleg as beleg5_0_0_, beleg0_.details as details6_0_0_, beleg0_.eingang as eingang7_0_0_, beleg0_.einreicherid as einreich8_0_0_, beleg0_.empfaenger as empfaeng9_0_0_, beleg0_.mandat as mandat10_0_0_, beleg0_.wert as wert11_0_0_, beleg0_.wertstellung as wertste12_0_0_ from buchungsbeleg beleg0_ where beleg0_.id=? for update
13:32:50.400 [Test worker] DEBUG org.hibernate.loader.plan.build.internal.spaces.QuerySpacesImpl - Adding QuerySpace : uid = <gen:0> -> org.hibernate.loader.plan.build.internal.spaces.EntityQuerySpaceImpl@2c7678ee]
13:32:50.400 [Test worker] DEBUG org.hibernate.persister.walking.spi.MetamodelGraphWalker - Visiting attribute path : Referenz
13:32:50.400 [Test worker] DEBUG org.hibernate.persister.walking.spi.MetamodelGraphWalker - Visiting attribute path : absender
13:32:50.400 [Test worker] DEBUG org.hibernate.persister.walking.spi.MetamodelGraphWalker - Visiting attribute path : art
13:32:50.400 [Test worker] DEBUG org.hibernate.persister.walking.spi.MetamodelGraphWalker - Visiting attribute path : beleg
13:32:50.400 [Test worker] DEBUG org.hibernate.persister.walking.spi.MetamodelGraphWalker - Visiting attribute path : details
13:32:50.400 [Test worker] DEBUG org.hibernate.persister.walking.spi.MetamodelGraphWalker - Visiting attribute path : eingang
13:32:50.400 [Test worker] DEBUG org.hibernate.persister.walking.spi.MetamodelGraphWalker - Visiting attribute path : einreicherID
13:32:50.400 [Test worker] DEBUG org.hibernate.persister.walking.spi.MetamodelGraphWalker - Visiting attribute path : empfaenger
13:32:50.400 [Test worker] DEBUG org.hibernate.persister.walking.spi.MetamodelGraphWalker - Visiting attribute path : mandat
13:32:50.400 [Test worker] DEBUG org.hibernate.persister.walking.spi.MetamodelGraphWalker - Visiting attribute path : wert
13:32:50.400 [Test worker] DEBUG org.hibernate.persister.walking.spi.MetamodelGraphWalker - Visiting attribute path : wertstellung
13:32:50.400 [Test worker] DEBUG org.hibernate.loader.plan.build.internal.FetchStyleLoadPlanBuildingAssociationVisitationStrategy - Building LoadPlan...
13:32:50.400 [Test worker] DEBUG org.hibernate.loader.plan.exec.internal.LoadQueryJoinAndFetchProcessor - processing queryspace <gen:0>
13:32:50.400 [Test worker] DEBUG org.hibernate.loader.plan.build.spi.LoadPlanTreePrinter - LoadPlan(entity=loc.balsen.kontospring.data.Beleg)
    - Returns
       - EntityReturnImpl(entity=loc.balsen.kontospring.data.Beleg, querySpaceUid=<gen:0>, path=loc.balsen.kontospring.data.Beleg)
    - QuerySpaces
       - EntityQuerySpaceImpl(uid=<gen:0>, entity=loc.balsen.kontospring.data.Beleg)
          - SQL table alias mapping - beleg0_
          - alias suffix - 0_
          - suffixed key columns - {id1_0_0_}

13:32:50.400 [Test worker] DEBUG org.hibernate.loader.entity.plan.EntityLoader - Static select for entity loc.balsen.kontospring.data.Beleg [UPGRADE_SKIPLOCKED]: select beleg0_.id as id1_0_0_, beleg0_.referenz as referenz2_0_0_, beleg0_.absender as absender3_0_0_, beleg0_.art as art4_0_0_, beleg0_.beleg as beleg5_0_0_, beleg0_.details as details6_0_0_, beleg0_.eingang as eingang7_0_0_, beleg0_.einreicherid as einreich8_0_0_, beleg0_.empfaenger as empfaeng9_0_0_, beleg0_.mandat as mandat10_0_0_, beleg0_.wert as wert11_0_0_, beleg0_.wertstellung as wertste12_0_0_ from buchungsbeleg beleg0_ where beleg0_.id=? for update
13:32:50.400 [Test worker] DEBUG org.hibernate.loader.plan.build.internal.spaces.QuerySpacesImpl - Adding QuerySpace : uid = <gen:0> -> org.hibernate.loader.plan.build.internal.spaces.EntityQuerySpaceImpl@7102e1fc]
13:32:50.400 [Test worker] DEBUG org.hibernate.persister.walking.spi.MetamodelGraphWalker - Visiting attribute path : Referenz
13:32:50.400 [Test worker] DEBUG org.hibernate.persister.walking.spi.MetamodelGraphWalker - Visiting attribute path : absender
13:32:50.400 [Test worker] DEBUG org.hibernate.persister.walking.spi.MetamodelGraphWalker - Visiting attribute path : art
13:32:50.400 [Test worker] DEBUG org.hibernate.persister.walking.spi.MetamodelGraphWalker - Visiting attribute path : beleg
13:32:50.400 [Test worker] DEBUG org.hibernate.persister.walking.spi.MetamodelGraphWalker - Visiting attribute path : details
13:32:50.400 [Test worker] DEBUG org.hibernate.persister.walking.spi.MetamodelGraphWalker - Visiting attribute path : eingang
13:32:50.400 [Test worker] DEBUG org.hibernate.persister.walking.spi.MetamodelGraphWalker - Visiting attribute path : einreicherID
13:32:50.400 [Test worker] DEBUG org.hibernate.persister.walking.spi.MetamodelGraphWalker - Visiting attribute path : empfaenger
13:32:50.400 [Test worker] DEBUG org.hibernate.persister.walking.spi.MetamodelGraphWalker - Visiting attribute path : mandat
13:32:50.400 [Test worker] DEBUG org.hibernate.persister.walking.spi.MetamodelGraphWalker - Visiting attribute path : wert
13:32:50.400 [Test worker] DEBUG org.hibernate.persister.walking.spi.MetamodelGraphWalker - Visiting attribute path : wertstellung
13:32:50.400 [Test worker] DEBUG org.hibernate.loader.plan.build.internal.FetchStyleLoadPlanBuildingAssociationVisitationStrategy - Building LoadPlan...
13:32:50.400 [Test worker] DEBUG org.hibernate.loader.plan.exec.internal.LoadQueryJoinAndFetchProcessor - processing queryspace <gen:0>
13:32:50.401 [Test worker] DEBUG org.hibernate.loader.plan.build.spi.LoadPlanTreePrinter - LoadPlan(entity=loc.balsen.kontospring.data.Beleg)
    - Returns
       - EntityReturnImpl(entity=loc.balsen.kontospring.data.Beleg, querySpaceUid=<gen:0>, path=loc.balsen.kontospring.data.Beleg)
    - QuerySpaces
       - EntityQuerySpaceImpl(uid=<gen:0>, entity=loc.balsen.kontospring.data.Beleg)
          - SQL table alias mapping - beleg0_
          - alias suffix - 0_
          - suffixed key columns - {id1_0_0_}

13:32:50.401 [Test worker] DEBUG org.hibernate.loader.entity.plan.EntityLoader - Static select for entity loc.balsen.kontospring.data.Beleg [FORCE]: select beleg0_.id as id1_0_0_, beleg0_.referenz as referenz2_0_0_, beleg0_.absender as absender3_0_0_, beleg0_.art as art4_0_0_, beleg0_.beleg as beleg5_0_0_, beleg0_.details as details6_0_0_, beleg0_.eingang as eingang7_0_0_, beleg0_.einreicherid as einreich8_0_0_, beleg0_.empfaenger as empfaeng9_0_0_, beleg0_.mandat as mandat10_0_0_, beleg0_.wert as wert11_0_0_, beleg0_.wertstellung as wertste12_0_0_ from buchungsbeleg beleg0_ where beleg0_.id=? for update
13:32:50.401 [Test worker] DEBUG org.hibernate.loader.plan.build.internal.spaces.QuerySpacesImpl - Adding QuerySpace : uid = <gen:0> -> org.hibernate.loader.plan.build.internal.spaces.EntityQuerySpaceImpl@81af72a]
13:32:50.401 [Test worker] DEBUG org.hibernate.persister.walking.spi.MetamodelGraphWalker - Visiting attribute path : Referenz
13:32:50.401 [Test worker] DEBUG org.hibernate.persister.walking.spi.MetamodelGraphWalker - Visiting attribute path : absender
13:32:50.401 [Test worker] DEBUG org.hibernate.persister.walking.spi.MetamodelGraphWalker - Visiting attribute path : art
13:32:50.401 [Test worker] DEBUG org.hibernate.persister.walking.spi.MetamodelGraphWalker - Visiting attribute path : beleg
13:32:50.401 [Test worker] DEBUG org.hibernate.persister.walking.spi.MetamodelGraphWalker - Visiting attribute path : details
13:32:50.401 [Test worker] DEBUG org.hibernate.persister.walking.spi.MetamodelGraphWalker - Visiting attribute path : eingang
13:32:50.401 [Test worker] DEBUG org.hibernate.persister.walking.spi.MetamodelGraphWalker - Visiting attribute path : einreicherID
13:32:50.401 [Test worker] DEBUG org.hibernate.persister.walking.spi.MetamodelGraphWalker - Visiting attribute path : empfaenger
13:32:50.401 [Test worker] DEBUG org.hibernate.persister.walking.spi.MetamodelGraphWalker - Visiting attribute path : mandat
13:32:50.401 [Test worker] DEBUG org.hibernate.persister.walking.spi.MetamodelGraphWalker - Visiting attribute path : wert
13:32:50.401 [Test worker] DEBUG org.hibernate.persister.walking.spi.MetamodelGraphWalker - Visiting attribute path : wertstellung
13:32:50.401 [Test worker] DEBUG org.hibernate.loader.plan.build.internal.FetchStyleLoadPlanBuildingAssociationVisitationStrategy - Building LoadPlan...
13:32:50.401 [Test worker] DEBUG org.hibernate.loader.plan.exec.internal.LoadQueryJoinAndFetchProcessor - processing queryspace <gen:0>
13:32:50.401 [Test worker] DEBUG org.hibernate.loader.plan.build.spi.LoadPlanTreePrinter - LoadPlan(entity=loc.balsen.kontospring.data.Beleg)
    - Returns
       - EntityReturnImpl(entity=loc.balsen.kontospring.data.Beleg, querySpaceUid=<gen:0>, path=loc.balsen.kontospring.data.Beleg)
    - QuerySpaces
       - EntityQuerySpaceImpl(uid=<gen:0>, entity=loc.balsen.kontospring.data.Beleg)
          - SQL table alias mapping - beleg0_
          - alias suffix - 0_
          - suffixed key columns - {id1_0_0_}

13:32:50.401 [Test worker] DEBUG org.hibernate.loader.entity.plan.EntityLoader - Static select for entity loc.balsen.kontospring.data.Beleg [PESSIMISTIC_READ]: select beleg0_.id as id1_0_0_, beleg0_.referenz as referenz2_0_0_, beleg0_.absender as absender3_0_0_, beleg0_.art as art4_0_0_, beleg0_.beleg as beleg5_0_0_, beleg0_.details as details6_0_0_, beleg0_.eingang as eingang7_0_0_, beleg0_.einreicherid as einreich8_0_0_, beleg0_.empfaenger as empfaeng9_0_0_, beleg0_.mandat as mandat10_0_0_, beleg0_.wert as wert11_0_0_, beleg0_.wertstellung as wertste12_0_0_ from buchungsbeleg beleg0_ where beleg0_.id=? for update
13:32:50.401 [Test worker] DEBUG org.hibernate.loader.plan.build.internal.spaces.QuerySpacesImpl - Adding QuerySpace : uid = <gen:0> -> org.hibernate.loader.plan.build.internal.spaces.EntityQuerySpaceImpl@116c98de]
13:32:50.401 [Test worker] DEBUG org.hibernate.persister.walking.spi.MetamodelGraphWalker - Visiting attribute path : Referenz
13:32:50.401 [Test worker] DEBUG org.hibernate.persister.walking.spi.MetamodelGraphWalker - Visiting attribute path : absender
13:32:50.401 [Test worker] DEBUG org.hibernate.persister.walking.spi.MetamodelGraphWalker - Visiting attribute path : art
13:32:50.401 [Test worker] DEBUG org.hibernate.persister.walking.spi.MetamodelGraphWalker - Visiting attribute path : beleg
13:32:50.401 [Test worker] DEBUG org.hibernate.persister.walking.spi.MetamodelGraphWalker - Visiting attribute path : details
13:32:50.401 [Test worker] DEBUG org.hibernate.persister.walking.spi.MetamodelGraphWalker - Visiting attribute path : eingang
13:32:50.401 [Test worker] DEBUG org.hibernate.persister.walking.spi.MetamodelGraphWalker - Visiting attribute path : einreicherID
13:32:50.401 [Test worker] DEBUG org.hibernate.persister.walking.spi.MetamodelGraphWalker - Visiting attribute path : empfaenger
13:32:50.401 [Test worker] DEBUG org.hibernate.persister.walking.spi.MetamodelGraphWalker - Visiting attribute path : mandat
13:32:50.401 [Test worker] DEBUG org.hibernate.persister.walking.spi.MetamodelGraphWalker - Visiting attribute path : wert
13:32:50.401 [Test worker] DEBUG org.hibernate.persister.walking.spi.MetamodelGraphWalker - Visiting attribute path : wertstellung
13:32:50.401 [Test worker] DEBUG org.hibernate.loader.plan.build.internal.FetchStyleLoadPlanBuildingAssociationVisitationStrategy - Building LoadPlan...
13:32:50.402 [Test worker] DEBUG org.hibernate.loader.plan.exec.internal.LoadQueryJoinAndFetchProcessor - processing queryspace <gen:0>
13:32:50.402 [Test worker] DEBUG org.hibernate.loader.plan.build.spi.LoadPlanTreePrinter - LoadPlan(entity=loc.balsen.kontospring.data.Beleg)
    - Returns
       - EntityReturnImpl(entity=loc.balsen.kontospring.data.Beleg, querySpaceUid=<gen:0>, path=loc.balsen.kontospring.data.Beleg)
    - QuerySpaces
       - EntityQuerySpaceImpl(uid=<gen:0>, entity=loc.balsen.kontospring.data.Beleg)
          - SQL table alias mapping - beleg0_
          - alias suffix - 0_
          - suffixed key columns - {id1_0_0_}

13:32:50.402 [Test worker] DEBUG org.hibernate.loader.entity.plan.EntityLoader - Static select for entity loc.balsen.kontospring.data.Beleg [PESSIMISTIC_WRITE]: select beleg0_.id as id1_0_0_, beleg0_.referenz as referenz2_0_0_, beleg0_.absender as absender3_0_0_, beleg0_.art as art4_0_0_, beleg0_.beleg as beleg5_0_0_, beleg0_.details as details6_0_0_, beleg0_.eingang as eingang7_0_0_, beleg0_.einreicherid as einreich8_0_0_, beleg0_.empfaenger as empfaeng9_0_0_, beleg0_.mandat as mandat10_0_0_, beleg0_.wert as wert11_0_0_, beleg0_.wertstellung as wertste12_0_0_ from buchungsbeleg beleg0_ where beleg0_.id=? for update
13:32:50.402 [Test worker] DEBUG org.hibernate.loader.plan.build.internal.spaces.QuerySpacesImpl - Adding QuerySpace : uid = <gen:0> -> org.hibernate.loader.plan.build.internal.spaces.EntityQuerySpaceImpl@7bf04349]
13:32:50.402 [Test worker] DEBUG org.hibernate.persister.walking.spi.MetamodelGraphWalker - Visiting attribute path : Referenz
13:32:50.402 [Test worker] DEBUG org.hibernate.persister.walking.spi.MetamodelGraphWalker - Visiting attribute path : absender
13:32:50.402 [Test worker] DEBUG org.hibernate.persister.walking.spi.MetamodelGraphWalker - Visiting attribute path : art
13:32:50.402 [Test worker] DEBUG org.hibernate.persister.walking.spi.MetamodelGraphWalker - Visiting attribute path : beleg
13:32:50.402 [Test worker] DEBUG org.hibernate.persister.walking.spi.MetamodelGraphWalker - Visiting attribute path : details
13:32:50.402 [Test worker] DEBUG org.hibernate.persister.walking.spi.MetamodelGraphWalker - Visiting attribute path : eingang
13:32:50.402 [Test worker] DEBUG org.hibernate.persister.walking.spi.MetamodelGraphWalker - Visiting attribute path : einreicherID
13:32:50.402 [Test worker] DEBUG org.hibernate.persister.walking.spi.MetamodelGraphWalker - Visiting attribute path : empfaenger
13:32:50.402 [Test worker] DEBUG org.hibernate.persister.walking.spi.MetamodelGraphWalker - Visiting attribute path : mandat
13:32:50.402 [Test worker] DEBUG org.hibernate.persister.walking.spi.MetamodelGraphWalker - Visiting attribute path : wert
13:32:50.402 [Test worker] DEBUG org.hibernate.persister.walking.spi.MetamodelGraphWalker - Visiting attribute path : wertstellung
13:32:50.402 [Test worker] DEBUG org.hibernate.loader.plan.build.internal.FetchStyleLoadPlanBuildingAssociationVisitationStrategy - Building LoadPlan...
13:32:50.402 [Test worker] DEBUG org.hibernate.loader.plan.exec.internal.LoadQueryJoinAndFetchProcessor - processing queryspace <gen:0>
13:32:50.402 [Test worker] DEBUG org.hibernate.loader.plan.build.spi.LoadPlanTreePrinter - LoadPlan(entity=loc.balsen.kontospring.data.Beleg)
    - Returns
       - EntityReturnImpl(entity=loc.balsen.kontospring.data.Beleg, querySpaceUid=<gen:0>, path=loc.balsen.kontospring.data.Beleg)
    - QuerySpaces
       - EntityQuerySpaceImpl(uid=<gen:0>, entity=loc.balsen.kontospring.data.Beleg)
          - SQL table alias mapping - beleg0_
          - alias suffix - 0_
          - suffixed key columns - {id1_0_0_}

13:32:50.402 [Test worker] DEBUG org.hibernate.loader.entity.plan.EntityLoader - Static select for entity loc.balsen.kontospring.data.Beleg [PESSIMISTIC_FORCE_INCREMENT]: select beleg0_.id as id1_0_0_, beleg0_.referenz as referenz2_0_0_, beleg0_.absender as absender3_0_0_, beleg0_.art as art4_0_0_, beleg0_.beleg as beleg5_0_0_, beleg0_.details as details6_0_0_, beleg0_.eingang as eingang7_0_0_, beleg0_.einreicherid as einreich8_0_0_, beleg0_.empfaenger as empfaeng9_0_0_, beleg0_.mandat as mandat10_0_0_, beleg0_.wert as wert11_0_0_, beleg0_.wertstellung as wertste12_0_0_ from buchungsbeleg beleg0_ where beleg0_.id=? for update
13:32:50.402 [Test worker] DEBUG org.hibernate.loader.plan.build.internal.spaces.QuerySpacesImpl - Adding QuerySpace : uid = <gen:0> -> org.hibernate.loader.plan.build.internal.spaces.EntityQuerySpaceImpl@45b5db4d]
13:32:50.402 [Test worker] DEBUG org.hibernate.persister.walking.spi.MetamodelGraphWalker - Visiting attribute path : Referenz
13:32:50.403 [Test worker] DEBUG org.hibernate.persister.walking.spi.MetamodelGraphWalker - Visiting attribute path : absender
13:32:50.403 [Test worker] DEBUG org.hibernate.persister.walking.spi.MetamodelGraphWalker - Visiting attribute path : art
13:32:50.403 [Test worker] DEBUG org.hibernate.persister.walking.spi.MetamodelGraphWalker - Visiting attribute path : beleg
13:32:50.403 [Test worker] DEBUG org.hibernate.persister.walking.spi.MetamodelGraphWalker - Visiting attribute path : details
13:32:50.403 [Test worker] DEBUG org.hibernate.persister.walking.spi.MetamodelGraphWalker - Visiting attribute path : eingang
13:32:50.403 [Test worker] DEBUG org.hibernate.persister.walking.spi.MetamodelGraphWalker - Visiting attribute path : einreicherID
13:32:50.403 [Test worker] DEBUG org.hibernate.persister.walking.spi.MetamodelGraphWalker - Visiting attribute path : empfaenger
13:32:50.403 [Test worker] DEBUG org.hibernate.persister.walking.spi.MetamodelGraphWalker - Visiting attribute path : mandat
13:32:50.403 [Test worker] DEBUG org.hibernate.persister.walking.spi.MetamodelGraphWalker - Visiting attribute path : wert
13:32:50.403 [Test worker] DEBUG org.hibernate.persister.walking.spi.MetamodelGraphWalker - Visiting attribute path : wertstellung
13:32:50.403 [Test worker] DEBUG org.hibernate.loader.plan.build.internal.FetchStyleLoadPlanBuildingAssociationVisitationStrategy - Building LoadPlan...
13:32:50.403 [Test worker] DEBUG org.hibernate.loader.plan.exec.internal.LoadQueryJoinAndFetchProcessor - processing queryspace <gen:0>
13:32:50.403 [Test worker] DEBUG org.hibernate.loader.plan.build.spi.LoadPlanTreePrinter - LoadPlan(entity=loc.balsen.kontospring.data.Beleg)
    - Returns
       - EntityReturnImpl(entity=loc.balsen.kontospring.data.Beleg, querySpaceUid=<gen:0>, path=loc.balsen.kontospring.data.Beleg)
    - QuerySpaces
       - EntityQuerySpaceImpl(uid=<gen:0>, entity=loc.balsen.kontospring.data.Beleg)
          - SQL table alias mapping - beleg0_
          - alias suffix - 0_
          - suffixed key columns - {id1_0_0_}

13:32:50.403 [Test worker] DEBUG org.hibernate.loader.entity.plan.EntityLoader - Static select for entity loc.balsen.kontospring.data.Beleg [OPTIMISTIC]: select beleg0_.id as id1_0_0_, beleg0_.referenz as referenz2_0_0_, beleg0_.absender as absender3_0_0_, beleg0_.art as art4_0_0_, beleg0_.beleg as beleg5_0_0_, beleg0_.details as details6_0_0_, beleg0_.eingang as eingang7_0_0_, beleg0_.einreicherid as einreich8_0_0_, beleg0_.empfaenger as empfaeng9_0_0_, beleg0_.mandat as mandat10_0_0_, beleg0_.wert as wert11_0_0_, beleg0_.wertstellung as wertste12_0_0_ from buchungsbeleg beleg0_ where beleg0_.id=?
13:32:50.403 [Test worker] DEBUG org.hibernate.loader.plan.build.internal.spaces.QuerySpacesImpl - Adding QuerySpace : uid = <gen:0> -> org.hibernate.loader.plan.build.internal.spaces.EntityQuerySpaceImpl@7a76cffb]
13:32:50.403 [Test worker] DEBUG org.hibernate.persister.walking.spi.MetamodelGraphWalker - Visiting attribute path : Referenz
13:32:50.403 [Test worker] DEBUG org.hibernate.persister.walking.spi.MetamodelGraphWalker - Visiting attribute path : absender
13:32:50.403 [Test worker] DEBUG org.hibernate.persister.walking.spi.MetamodelGraphWalker - Visiting attribute path : art
13:32:50.403 [Test worker] DEBUG org.hibernate.persister.walking.spi.MetamodelGraphWalker - Visiting attribute path : beleg
13:32:50.403 [Test worker] DEBUG org.hibernate.persister.walking.spi.MetamodelGraphWalker - Visiting attribute path : details
13:32:50.403 [Test worker] DEBUG org.hibernate.persister.walking.spi.MetamodelGraphWalker - Visiting attribute path : eingang
13:32:50.403 [Test worker] DEBUG org.hibernate.persister.walking.spi.MetamodelGraphWalker - Visiting attribute path : einreicherID
13:32:50.403 [Test worker] DEBUG org.hibernate.persister.walking.spi.MetamodelGraphWalker - Visiting attribute path : empfaenger
13:32:50.403 [Test worker] DEBUG org.hibernate.persister.walking.spi.MetamodelGraphWalker - Visiting attribute path : mandat
13:32:50.403 [Test worker] DEBUG org.hibernate.persister.walking.spi.MetamodelGraphWalker - Visiting attribute path : wert
13:32:50.403 [Test worker] DEBUG org.hibernate.persister.walking.spi.MetamodelGraphWalker - Visiting attribute path : wertstellung
13:32:50.403 [Test worker] DEBUG org.hibernate.loader.plan.build.internal.FetchStyleLoadPlanBuildingAssociationVisitationStrategy - Building LoadPlan...
13:32:50.403 [Test worker] DEBUG org.hibernate.loader.plan.exec.internal.LoadQueryJoinAndFetchProcessor - processing queryspace <gen:0>
13:32:50.403 [Test worker] DEBUG org.hibernate.loader.plan.build.spi.LoadPlanTreePrinter - LoadPlan(entity=loc.balsen.kontospring.data.Beleg)
    - Returns
       - EntityReturnImpl(entity=loc.balsen.kontospring.data.Beleg, querySpaceUid=<gen:0>, path=loc.balsen.kontospring.data.Beleg)
    - QuerySpaces
       - EntityQuerySpaceImpl(uid=<gen:0>, entity=loc.balsen.kontospring.data.Beleg)
          - SQL table alias mapping - beleg0_
          - alias suffix - 0_
          - suffixed key columns - {id1_0_0_}

13:32:50.403 [Test worker] DEBUG org.hibernate.loader.entity.plan.EntityLoader - Static select for entity loc.balsen.kontospring.data.Beleg [OPTIMISTIC_FORCE_INCREMENT]: select beleg0_.id as id1_0_0_, beleg0_.referenz as referenz2_0_0_, beleg0_.absender as absender3_0_0_, beleg0_.art as art4_0_0_, beleg0_.beleg as beleg5_0_0_, beleg0_.details as details6_0_0_, beleg0_.eingang as eingang7_0_0_, beleg0_.einreicherid as einreich8_0_0_, beleg0_.empfaenger as empfaeng9_0_0_, beleg0_.mandat as mandat10_0_0_, beleg0_.wert as wert11_0_0_, beleg0_.wertstellung as wertste12_0_0_ from buchungsbeleg beleg0_ where beleg0_.id=?
13:32:50.404 [Test worker] DEBUG org.hibernate.loader.Loader - Static select for action ACTION_MERGE on entity loc.balsen.kontospring.data.Beleg: select beleg0_.id as id1_0_0_, beleg0_.referenz as referenz2_0_0_, beleg0_.absender as absender3_0_0_, beleg0_.art as art4_0_0_, beleg0_.beleg as beleg5_0_0_, beleg0_.details as details6_0_0_, beleg0_.eingang as eingang7_0_0_, beleg0_.einreicherid as einreich8_0_0_, beleg0_.empfaenger as empfaeng9_0_0_, beleg0_.mandat as mandat10_0_0_, beleg0_.wert as wert11_0_0_, beleg0_.wertstellung as wertste12_0_0_ from buchungsbeleg beleg0_ where beleg0_.id=?
13:32:50.404 [Test worker] DEBUG org.hibernate.loader.Loader - Static select for action ACTION_REFRESH on entity loc.balsen.kontospring.data.Beleg: select beleg0_.id as id1_0_0_, beleg0_.referenz as referenz2_0_0_, beleg0_.absender as absender3_0_0_, beleg0_.art as art4_0_0_, beleg0_.beleg as beleg5_0_0_, beleg0_.details as details6_0_0_, beleg0_.eingang as eingang7_0_0_, beleg0_.einreicherid as einreich8_0_0_, beleg0_.empfaenger as empfaeng9_0_0_, beleg0_.mandat as mandat10_0_0_, beleg0_.wert as wert11_0_0_, beleg0_.wertstellung as wertste12_0_0_ from buchungsbeleg beleg0_ where beleg0_.id=?
13:32:50.404 [Test worker] DEBUG org.hibernate.persister.entity.AbstractEntityPersister - Static SQL for entity: loc.balsen.kontospring.data.KontoGruppe
13:32:50.404 [Test worker] DEBUG org.hibernate.persister.entity.AbstractEntityPersister -  Version select: select id from konto_gruppe where id =?
13:32:50.404 [Test worker] DEBUG org.hibernate.persister.entity.AbstractEntityPersister -  Snapshot select: select kontogrupp_.id, kontogrupp_.description as descript2_2_, kontogrupp_.shortdescription as shortdes3_2_ from konto_gruppe kontogrupp_ where kontogrupp_.id=?
13:32:50.404 [Test worker] DEBUG org.hibernate.persister.entity.AbstractEntityPersister -  Insert 0: insert into konto_gruppe (description, shortdescription, id) values (?, ?, ?)
13:32:50.404 [Test worker] DEBUG org.hibernate.persister.entity.AbstractEntityPersister -  Update 0: update konto_gruppe set description=?, shortdescription=? where id=?
13:32:50.404 [Test worker] DEBUG org.hibernate.persister.entity.AbstractEntityPersister -  Delete 0: delete from konto_gruppe where id=?
13:32:50.404 [Test worker] DEBUG org.hibernate.loader.plan.build.internal.spaces.QuerySpacesImpl - Adding QuerySpace : uid = <gen:0> -> org.hibernate.loader.plan.build.internal.spaces.EntityQuerySpaceImpl@7187a5d2]
13:32:50.404 [Test worker] DEBUG org.hibernate.persister.walking.spi.MetamodelGraphWalker - Visiting attribute path : description
13:32:50.404 [Test worker] DEBUG org.hibernate.persister.walking.spi.MetamodelGraphWalker - Visiting attribute path : shortdescription
13:32:50.404 [Test worker] DEBUG org.hibernate.loader.plan.build.internal.FetchStyleLoadPlanBuildingAssociationVisitationStrategy - Building LoadPlan...
13:32:50.404 [Test worker] DEBUG org.hibernate.loader.plan.exec.internal.LoadQueryJoinAndFetchProcessor - processing queryspace <gen:0>
13:32:50.404 [Test worker] DEBUG org.hibernate.loader.plan.build.spi.LoadPlanTreePrinter - LoadPlan(entity=loc.balsen.kontospring.data.KontoGruppe)
    - Returns
       - EntityReturnImpl(entity=loc.balsen.kontospring.data.KontoGruppe, querySpaceUid=<gen:0>, path=loc.balsen.kontospring.data.KontoGruppe)
    - QuerySpaces
       - EntityQuerySpaceImpl(uid=<gen:0>, entity=loc.balsen.kontospring.data.KontoGruppe)
          - SQL table alias mapping - kontogrupp0_
          - alias suffix - 0_
          - suffixed key columns - {id1_2_0_}

13:32:50.404 [Test worker] DEBUG org.hibernate.loader.entity.plan.EntityLoader - Static select for entity loc.balsen.kontospring.data.KontoGruppe [NONE]: select kontogrupp0_.id as id1_2_0_, kontogrupp0_.description as descript2_2_0_, kontogrupp0_.shortdescription as shortdes3_2_0_ from konto_gruppe kontogrupp0_ where kontogrupp0_.id=?
13:32:50.404 [Test worker] DEBUG org.hibernate.loader.plan.build.internal.spaces.QuerySpacesImpl - Adding QuerySpace : uid = <gen:0> -> org.hibernate.loader.plan.build.internal.spaces.EntityQuerySpaceImpl@177babba]
13:32:50.404 [Test worker] DEBUG org.hibernate.persister.walking.spi.MetamodelGraphWalker - Visiting attribute path : description
13:32:50.404 [Test worker] DEBUG org.hibernate.persister.walking.spi.MetamodelGraphWalker - Visiting attribute path : shortdescription
13:32:50.404 [Test worker] DEBUG org.hibernate.loader.plan.build.internal.FetchStyleLoadPlanBuildingAssociationVisitationStrategy - Building LoadPlan...
13:32:50.404 [Test worker] DEBUG org.hibernate.loader.plan.exec.internal.LoadQueryJoinAndFetchProcessor - processing queryspace <gen:0>
13:32:50.405 [Test worker] DEBUG org.hibernate.loader.plan.build.spi.LoadPlanTreePrinter - LoadPlan(entity=loc.balsen.kontospring.data.KontoGruppe)
    - Returns
       - EntityReturnImpl(entity=loc.balsen.kontospring.data.KontoGruppe, querySpaceUid=<gen:0>, path=loc.balsen.kontospring.data.KontoGruppe)
    - QuerySpaces
       - EntityQuerySpaceImpl(uid=<gen:0>, entity=loc.balsen.kontospring.data.KontoGruppe)
          - SQL table alias mapping - kontogrupp0_
          - alias suffix - 0_
          - suffixed key columns - {id1_2_0_}

13:32:50.405 [Test worker] DEBUG org.hibernate.loader.entity.plan.EntityLoader - Static select for entity loc.balsen.kontospring.data.KontoGruppe [READ]: select kontogrupp0_.id as id1_2_0_, kontogrupp0_.description as descript2_2_0_, kontogrupp0_.shortdescription as shortdes3_2_0_ from konto_gruppe kontogrupp0_ where kontogrupp0_.id=?
13:32:50.405 [Test worker] DEBUG org.hibernate.loader.plan.build.internal.spaces.QuerySpacesImpl - Adding QuerySpace : uid = <gen:0> -> org.hibernate.loader.plan.build.internal.spaces.EntityQuerySpaceImpl@5acffd11]
13:32:50.405 [Test worker] DEBUG org.hibernate.persister.walking.spi.MetamodelGraphWalker - Visiting attribute path : description
13:32:50.405 [Test worker] DEBUG org.hibernate.persister.walking.spi.MetamodelGraphWalker - Visiting attribute path : shortdescription
13:32:50.405 [Test worker] DEBUG org.hibernate.loader.plan.build.internal.FetchStyleLoadPlanBuildingAssociationVisitationStrategy - Building LoadPlan...
13:32:50.405 [Test worker] DEBUG org.hibernate.loader.plan.exec.internal.LoadQueryJoinAndFetchProcessor - processing queryspace <gen:0>
13:32:50.405 [Test worker] DEBUG org.hibernate.loader.plan.build.spi.LoadPlanTreePrinter - LoadPlan(entity=loc.balsen.kontospring.data.KontoGruppe)
    - Returns
       - EntityReturnImpl(entity=loc.balsen.kontospring.data.KontoGruppe, querySpaceUid=<gen:0>, path=loc.balsen.kontospring.data.KontoGruppe)
    - QuerySpaces
       - EntityQuerySpaceImpl(uid=<gen:0>, entity=loc.balsen.kontospring.data.KontoGruppe)
          - SQL table alias mapping - kontogrupp0_
          - alias suffix - 0_
          - suffixed key columns - {id1_2_0_}

13:32:50.405 [Test worker] DEBUG org.hibernate.loader.entity.plan.EntityLoader - Static select for entity loc.balsen.kontospring.data.KontoGruppe [UPGRADE]: select kontogrupp0_.id as id1_2_0_, kontogrupp0_.description as descript2_2_0_, kontogrupp0_.shortdescription as shortdes3_2_0_ from konto_gruppe kontogrupp0_ where kontogrupp0_.id=? for update
13:32:50.405 [Test worker] DEBUG org.hibernate.loader.plan.build.internal.spaces.QuerySpacesImpl - Adding QuerySpace : uid = <gen:0> -> org.hibernate.loader.plan.build.internal.spaces.EntityQuerySpaceImpl@3e424c1b]
13:32:50.405 [Test worker] DEBUG org.hibernate.persister.walking.spi.MetamodelGraphWalker - Visiting attribute path : description
13:32:50.405 [Test worker] DEBUG org.hibernate.persister.walking.spi.MetamodelGraphWalker - Visiting attribute path : shortdescription
13:32:50.405 [Test worker] DEBUG org.hibernate.loader.plan.build.internal.FetchStyleLoadPlanBuildingAssociationVisitationStrategy - Building LoadPlan...
13:32:50.405 [Test worker] DEBUG org.hibernate.loader.plan.exec.internal.LoadQueryJoinAndFetchProcessor - processing queryspace <gen:0>
13:32:50.405 [Test worker] DEBUG org.hibernate.loader.plan.build.spi.LoadPlanTreePrinter - LoadPlan(entity=loc.balsen.kontospring.data.KontoGruppe)
    - Returns
       - EntityReturnImpl(entity=loc.balsen.kontospring.data.KontoGruppe, querySpaceUid=<gen:0>, path=loc.balsen.kontospring.data.KontoGruppe)
    - QuerySpaces
       - EntityQuerySpaceImpl(uid=<gen:0>, entity=loc.balsen.kontospring.data.KontoGruppe)
          - SQL table alias mapping - kontogrupp0_
          - alias suffix - 0_
          - suffixed key columns - {id1_2_0_}

13:32:50.405 [Test worker] DEBUG org.hibernate.loader.entity.plan.EntityLoader - Static select for entity loc.balsen.kontospring.data.KontoGruppe [UPGRADE_NOWAIT]: select kontogrupp0_.id as id1_2_0_, kontogrupp0_.description as descript2_2_0_, kontogrupp0_.shortdescription as shortdes3_2_0_ from konto_gruppe kontogrupp0_ where kontogrupp0_.id=? for update
13:32:50.405 [Test worker] DEBUG org.hibernate.loader.plan.build.internal.spaces.QuerySpacesImpl - Adding QuerySpace : uid = <gen:0> -> org.hibernate.loader.plan.build.internal.spaces.EntityQuerySpaceImpl@5e36de99]
13:32:50.406 [Test worker] DEBUG org.hibernate.persister.walking.spi.MetamodelGraphWalker - Visiting attribute path : description
13:32:50.406 [Test worker] DEBUG org.hibernate.persister.walking.spi.MetamodelGraphWalker - Visiting attribute path : shortdescription
13:32:50.406 [Test worker] DEBUG org.hibernate.loader.plan.build.internal.FetchStyleLoadPlanBuildingAssociationVisitationStrategy - Building LoadPlan...
13:32:50.406 [Test worker] DEBUG org.hibernate.loader.plan.exec.internal.LoadQueryJoinAndFetchProcessor - processing queryspace <gen:0>
13:32:50.406 [Test worker] DEBUG org.hibernate.loader.plan.build.spi.LoadPlanTreePrinter - LoadPlan(entity=loc.balsen.kontospring.data.KontoGruppe)
    - Returns
       - EntityReturnImpl(entity=loc.balsen.kontospring.data.KontoGruppe, querySpaceUid=<gen:0>, path=loc.balsen.kontospring.data.KontoGruppe)
    - QuerySpaces
       - EntityQuerySpaceImpl(uid=<gen:0>, entity=loc.balsen.kontospring.data.KontoGruppe)
          - SQL table alias mapping - kontogrupp0_
          - alias suffix - 0_
          - suffixed key columns - {id1_2_0_}

13:32:50.406 [Test worker] DEBUG org.hibernate.loader.entity.plan.EntityLoader - Static select for entity loc.balsen.kontospring.data.KontoGruppe [UPGRADE_SKIPLOCKED]: select kontogrupp0_.id as id1_2_0_, kontogrupp0_.description as descript2_2_0_, kontogrupp0_.shortdescription as shortdes3_2_0_ from konto_gruppe kontogrupp0_ where kontogrupp0_.id=? for update
13:32:50.406 [Test worker] DEBUG org.hibernate.loader.plan.build.internal.spaces.QuerySpacesImpl - Adding QuerySpace : uid = <gen:0> -> org.hibernate.loader.plan.build.internal.spaces.EntityQuerySpaceImpl@76e85bb4]
13:32:50.406 [Test worker] DEBUG org.hibernate.persister.walking.spi.MetamodelGraphWalker - Visiting attribute path : description
13:32:50.406 [Test worker] DEBUG org.hibernate.persister.walking.spi.MetamodelGraphWalker - Visiting attribute path : shortdescription
13:32:50.406 [Test worker] DEBUG org.hibernate.loader.plan.build.internal.FetchStyleLoadPlanBuildingAssociationVisitationStrategy - Building LoadPlan...
13:32:50.406 [Test worker] DEBUG org.hibernate.loader.plan.exec.internal.LoadQueryJoinAndFetchProcessor - processing queryspace <gen:0>
13:32:50.406 [Test worker] DEBUG org.hibernate.loader.plan.build.spi.LoadPlanTreePrinter - LoadPlan(entity=loc.balsen.kontospring.data.KontoGruppe)
    - Returns
       - EntityReturnImpl(entity=loc.balsen.kontospring.data.KontoGruppe, querySpaceUid=<gen:0>, path=loc.balsen.kontospring.data.KontoGruppe)
    - QuerySpaces
       - EntityQuerySpaceImpl(uid=<gen:0>, entity=loc.balsen.kontospring.data.KontoGruppe)
          - SQL table alias mapping - kontogrupp0_
          - alias suffix - 0_
          - suffixed key columns - {id1_2_0_}

13:32:50.406 [Test worker] DEBUG org.hibernate.loader.entity.plan.EntityLoader - Static select for entity loc.balsen.kontospring.data.KontoGruppe [FORCE]: select kontogrupp0_.id as id1_2_0_, kontogrupp0_.description as descript2_2_0_, kontogrupp0_.shortdescription as shortdes3_2_0_ from konto_gruppe kontogrupp0_ where kontogrupp0_.id=? for update
13:32:50.406 [Test worker] DEBUG org.hibernate.loader.plan.build.internal.spaces.QuerySpacesImpl - Adding QuerySpace : uid = <gen:0> -> org.hibernate.loader.plan.build.internal.spaces.EntityQuerySpaceImpl@41b56795]
13:32:50.406 [Test worker] DEBUG org.hibernate.persister.walking.spi.MetamodelGraphWalker - Visiting attribute path : description
13:32:50.406 [Test worker] DEBUG org.hibernate.persister.walking.spi.MetamodelGraphWalker - Visiting attribute path : shortdescription
13:32:50.406 [Test worker] DEBUG org.hibernate.loader.plan.build.internal.FetchStyleLoadPlanBuildingAssociationVisitationStrategy - Building LoadPlan...
13:32:50.406 [Test worker] DEBUG org.hibernate.loader.plan.exec.internal.LoadQueryJoinAndFetchProcessor - processing queryspace <gen:0>
13:32:50.407 [Test worker] DEBUG org.hibernate.loader.plan.build.spi.LoadPlanTreePrinter - LoadPlan(entity=loc.balsen.kontospring.data.KontoGruppe)
    - Returns
       - EntityReturnImpl(entity=loc.balsen.kontospring.data.KontoGruppe, querySpaceUid=<gen:0>, path=loc.balsen.kontospring.data.KontoGruppe)
    - QuerySpaces
       - EntityQuerySpaceImpl(uid=<gen:0>, entity=loc.balsen.kontospring.data.KontoGruppe)
          - SQL table alias mapping - kontogrupp0_
          - alias suffix - 0_
          - suffixed key columns - {id1_2_0_}

13:32:50.407 [Test worker] DEBUG org.hibernate.loader.entity.plan.EntityLoader - Static select for entity loc.balsen.kontospring.data.KontoGruppe [PESSIMISTIC_READ]: select kontogrupp0_.id as id1_2_0_, kontogrupp0_.description as descript2_2_0_, kontogrupp0_.shortdescription as shortdes3_2_0_ from konto_gruppe kontogrupp0_ where kontogrupp0_.id=? for update
13:32:50.407 [Test worker] DEBUG org.hibernate.loader.plan.build.internal.spaces.QuerySpacesImpl - Adding QuerySpace : uid = <gen:0> -> org.hibernate.loader.plan.build.internal.spaces.EntityQuerySpaceImpl@180caf54]
13:32:50.407 [Test worker] DEBUG org.hibernate.persister.walking.spi.MetamodelGraphWalker - Visiting attribute path : description
13:32:50.407 [Test worker] DEBUG org.hibernate.persister.walking.spi.MetamodelGraphWalker - Visiting attribute path : shortdescription
13:32:50.407 [Test worker] DEBUG org.hibernate.loader.plan.build.internal.FetchStyleLoadPlanBuildingAssociationVisitationStrategy - Building LoadPlan...
13:32:50.407 [Test worker] DEBUG org.hibernate.loader.plan.exec.internal.LoadQueryJoinAndFetchProcessor - processing queryspace <gen:0>
13:32:50.407 [Test worker] DEBUG org.hibernate.loader.plan.build.spi.LoadPlanTreePrinter - LoadPlan(entity=loc.balsen.kontospring.data.KontoGruppe)
    - Returns
       - EntityReturnImpl(entity=loc.balsen.kontospring.data.KontoGruppe, querySpaceUid=<gen:0>, path=loc.balsen.kontospring.data.KontoGruppe)
    - QuerySpaces
       - EntityQuerySpaceImpl(uid=<gen:0>, entity=loc.balsen.kontospring.data.KontoGruppe)
          - SQL table alias mapping - kontogrupp0_
          - alias suffix - 0_
          - suffixed key columns - {id1_2_0_}

13:32:50.407 [Test worker] DEBUG org.hibernate.loader.entity.plan.EntityLoader - Static select for entity loc.balsen.kontospring.data.KontoGruppe [PESSIMISTIC_WRITE]: select kontogrupp0_.id as id1_2_0_, kontogrupp0_.description as descript2_2_0_, kontogrupp0_.shortdescription as shortdes3_2_0_ from konto_gruppe kontogrupp0_ where kontogrupp0_.id=? for update
13:32:50.407 [Test worker] DEBUG org.hibernate.loader.plan.build.internal.spaces.QuerySpacesImpl - Adding QuerySpace : uid = <gen:0> -> org.hibernate.loader.plan.build.internal.spaces.EntityQuerySpaceImpl@2695a356]
13:32:50.407 [Test worker] DEBUG org.hibernate.persister.walking.spi.MetamodelGraphWalker - Visiting attribute path : description
13:32:50.407 [Test worker] DEBUG org.hibernate.persister.walking.spi.MetamodelGraphWalker - Visiting attribute path : shortdescription
13:32:50.407 [Test worker] DEBUG org.hibernate.loader.plan.build.internal.FetchStyleLoadPlanBuildingAssociationVisitationStrategy - Building LoadPlan...
13:32:50.407 [Test worker] DEBUG org.hibernate.loader.plan.exec.internal.LoadQueryJoinAndFetchProcessor - processing queryspace <gen:0>
13:32:50.407 [Test worker] DEBUG org.hibernate.loader.plan.build.spi.LoadPlanTreePrinter - LoadPlan(entity=loc.balsen.kontospring.data.KontoGruppe)
    - Returns
       - EntityReturnImpl(entity=loc.balsen.kontospring.data.KontoGruppe, querySpaceUid=<gen:0>, path=loc.balsen.kontospring.data.KontoGruppe)
    - QuerySpaces
       - EntityQuerySpaceImpl(uid=<gen:0>, entity=loc.balsen.kontospring.data.KontoGruppe)
          - SQL table alias mapping - kontogrupp0_
          - alias suffix - 0_
          - suffixed key columns - {id1_2_0_}

13:32:50.407 [Test worker] DEBUG org.hibernate.loader.entity.plan.EntityLoader - Static select for entity loc.balsen.kontospring.data.KontoGruppe [PESSIMISTIC_FORCE_INCREMENT]: select kontogrupp0_.id as id1_2_0_, kontogrupp0_.description as descript2_2_0_, kontogrupp0_.shortdescription as shortdes3_2_0_ from konto_gruppe kontogrupp0_ where kontogrupp0_.id=? for update
13:32:50.407 [Test worker] DEBUG org.hibernate.loader.plan.build.internal.spaces.QuerySpacesImpl - Adding QuerySpace : uid = <gen:0> -> org.hibernate.loader.plan.build.internal.spaces.EntityQuerySpaceImpl@1cf04f4e]
13:32:50.407 [Test worker] DEBUG org.hibernate.persister.walking.spi.MetamodelGraphWalker - Visiting attribute path : description
13:32:50.407 [Test worker] DEBUG org.hibernate.persister.walking.spi.MetamodelGraphWalker - Visiting attribute path : shortdescription
13:32:50.407 [Test worker] DEBUG org.hibernate.loader.plan.build.internal.FetchStyleLoadPlanBuildingAssociationVisitationStrategy - Building LoadPlan...
13:32:50.407 [Test worker] DEBUG org.hibernate.loader.plan.exec.internal.LoadQueryJoinAndFetchProcessor - processing queryspace <gen:0>
13:32:50.407 [Test worker] DEBUG org.hibernate.loader.plan.build.spi.LoadPlanTreePrinter - LoadPlan(entity=loc.balsen.kontospring.data.KontoGruppe)
    - Returns
       - EntityReturnImpl(entity=loc.balsen.kontospring.data.KontoGruppe, querySpaceUid=<gen:0>, path=loc.balsen.kontospring.data.KontoGruppe)
    - QuerySpaces
       - EntityQuerySpaceImpl(uid=<gen:0>, entity=loc.balsen.kontospring.data.KontoGruppe)
          - SQL table alias mapping - kontogrupp0_
          - alias suffix - 0_
          - suffixed key columns - {id1_2_0_}

13:32:50.407 [Test worker] DEBUG org.hibernate.loader.entity.plan.EntityLoader - Static select for entity loc.balsen.kontospring.data.KontoGruppe [OPTIMISTIC]: select kontogrupp0_.id as id1_2_0_, kontogrupp0_.description as descript2_2_0_, kontogrupp0_.shortdescription as shortdes3_2_0_ from konto_gruppe kontogrupp0_ where kontogrupp0_.id=?
13:32:50.407 [Test worker] DEBUG org.hibernate.loader.plan.build.internal.spaces.QuerySpacesImpl - Adding QuerySpace : uid = <gen:0> -> org.hibernate.loader.plan.build.internal.spaces.EntityQuerySpaceImpl@6c9da298]
13:32:50.408 [Test worker] DEBUG org.hibernate.persister.walking.spi.MetamodelGraphWalker - Visiting attribute path : description
13:32:50.408 [Test worker] DEBUG org.hibernate.persister.walking.spi.MetamodelGraphWalker - Visiting attribute path : shortdescription
13:32:50.408 [Test worker] DEBUG org.hibernate.loader.plan.build.internal.FetchStyleLoadPlanBuildingAssociationVisitationStrategy - Building LoadPlan...
13:32:50.408 [Test worker] DEBUG org.hibernate.loader.plan.exec.internal.LoadQueryJoinAndFetchProcessor - processing queryspace <gen:0>
13:32:50.408 [Test worker] DEBUG org.hibernate.loader.plan.build.spi.LoadPlanTreePrinter - LoadPlan(entity=loc.balsen.kontospring.data.KontoGruppe)
    - Returns
       - EntityReturnImpl(entity=loc.balsen.kontospring.data.KontoGruppe, querySpaceUid=<gen:0>, path=loc.balsen.kontospring.data.KontoGruppe)
    - QuerySpaces
       - EntityQuerySpaceImpl(uid=<gen:0>, entity=loc.balsen.kontospring.data.KontoGruppe)
          - SQL table alias mapping - kontogrupp0_
          - alias suffix - 0_
          - suffixed key columns - {id1_2_0_}

13:32:50.408 [Test worker] DEBUG org.hibernate.loader.entity.plan.EntityLoader - Static select for entity loc.balsen.kontospring.data.KontoGruppe [OPTIMISTIC_FORCE_INCREMENT]: select kontogrupp0_.id as id1_2_0_, kontogrupp0_.description as descript2_2_0_, kontogrupp0_.shortdescription as shortdes3_2_0_ from konto_gruppe kontogrupp0_ where kontogrupp0_.id=?
13:32:50.408 [Test worker] DEBUG org.hibernate.loader.Loader - Static select for action ACTION_MERGE on entity loc.balsen.kontospring.data.KontoGruppe: select kontogrupp0_.id as id1_2_0_, kontogrupp0_.description as descript2_2_0_, kontogrupp0_.shortdescription as shortdes3_2_0_ from konto_gruppe kontogrupp0_ where kontogrupp0_.id=?
13:32:50.408 [Test worker] DEBUG org.hibernate.loader.Loader - Static select for action ACTION_REFRESH on entity loc.balsen.kontospring.data.KontoGruppe: select kontogrupp0_.id as id1_2_0_, kontogrupp0_.description as descript2_2_0_, kontogrupp0_.shortdescription as shortdes3_2_0_ from konto_gruppe kontogrupp0_ where kontogrupp0_.id=?
13:32:50.408 [Test worker] DEBUG org.hibernate.persister.entity.AbstractEntityPersister - Static SQL for entity: loc.balsen.kontospring.data.Plan
13:32:50.408 [Test worker] DEBUG org.hibernate.persister.entity.AbstractEntityPersister -  Version select: select id from plan where id =?
13:32:50.408 [Test worker] DEBUG org.hibernate.persister.entity.AbstractEntityPersister -  Snapshot select: select plan_.id, plan_.creationdate as creation2_3_, plan_.description as descript3_3_, plan_.enddate as enddate4_3_, plan_.konto as konto12_3_, plan_.pattern as pattern5_3_, plan_.plan_art as plan_art6_3_, plan_.plandate as plandate7_3_, plan_.position as position8_3_, plan_.shortdescription as shortdes9_3_, plan_.startdate as startda10_3_, plan_.template as templat13_3_, plan_.wert as wert11_3_ from plan plan_ where plan_.id=?
13:32:50.408 [Test worker] DEBUG org.hibernate.persister.entity.AbstractEntityPersister -  Insert 0: insert into plan (creationdate, description, enddate, konto, pattern, plan_art, plandate, position, shortdescription, startdate, template, wert, id) values (?, ?, ?, ?, ?, ?, ?, ?, ?, ?, ?, ?, ?)
13:32:50.408 [Test worker] DEBUG org.hibernate.persister.entity.AbstractEntityPersister -  Update 0: update plan set creationdate=?, description=?, enddate=?, konto=?, pattern=?, plan_art=?, plandate=?, position=?, shortdescription=?, startdate=?, template=?, wert=? where id=?
13:32:50.408 [Test worker] DEBUG org.hibernate.persister.entity.AbstractEntityPersister -  Delete 0: delete from plan where id=?
13:32:50.408 [Test worker] DEBUG org.hibernate.loader.plan.build.internal.spaces.QuerySpacesImpl - Adding QuerySpace : uid = <gen:0> -> org.hibernate.loader.plan.build.internal.spaces.EntityQuerySpaceImpl@4a1b403b]
13:32:50.408 [Test worker] DEBUG org.hibernate.persister.walking.spi.MetamodelGraphWalker - Visiting attribute path : creationdate
13:32:50.408 [Test worker] DEBUG org.hibernate.persister.walking.spi.MetamodelGraphWalker - Visiting attribute path : description
13:32:50.408 [Test worker] DEBUG org.hibernate.persister.walking.spi.MetamodelGraphWalker - Visiting attribute path : enddate
13:32:50.408 [Test worker] DEBUG org.hibernate.persister.walking.spi.MetamodelGraphWalker - Visiting attribute path : konto
13:32:50.408 [Test worker] DEBUG org.hibernate.loader.plan.build.internal.spaces.QuerySpacesImpl - Adding QuerySpace : uid = <gen:1> -> org.hibernate.loader.plan.build.internal.spaces.EntityQuerySpaceImpl@65b57469]
13:32:50.408 [Test worker] DEBUG org.hibernate.persister.walking.spi.MetamodelGraphWalker - Visiting attribute path : konto.art
13:32:50.408 [Test worker] DEBUG org.hibernate.persister.walking.spi.MetamodelGraphWalker - Visiting attribute path : konto.description
13:32:50.408 [Test worker] DEBUG org.hibernate.persister.walking.spi.MetamodelGraphWalker - Visiting attribute path : konto.kontoGruppe
13:32:50.409 [Test worker] DEBUG org.hibernate.loader.plan.build.internal.spaces.QuerySpacesImpl - Adding QuerySpace : uid = <gen:2> -> org.hibernate.loader.plan.build.internal.spaces.EntityQuerySpaceImpl@5ee5254d]
13:32:50.409 [Test worker] DEBUG org.hibernate.persister.walking.spi.MetamodelGraphWalker - Visiting attribute path : konto.kontoGruppe.description
13:32:50.409 [Test worker] DEBUG org.hibernate.persister.walking.spi.MetamodelGraphWalker - Visiting attribute path : konto.kontoGruppe.shortdescription
13:32:50.409 [Test worker] DEBUG org.hibernate.persister.walking.spi.MetamodelGraphWalker - Visiting attribute path : konto.shortdescription
13:32:50.409 [Test worker] DEBUG org.hibernate.persister.walking.spi.MetamodelGraphWalker - Visiting attribute path : pattern
13:32:50.409 [Test worker] DEBUG org.hibernate.persister.walking.spi.MetamodelGraphWalker - Visiting attribute path : planArt
13:32:50.409 [Test worker] DEBUG org.hibernate.persister.walking.spi.MetamodelGraphWalker - Visiting attribute path : plandate
13:32:50.409 [Test worker] DEBUG org.hibernate.persister.walking.spi.MetamodelGraphWalker - Visiting attribute path : position
13:32:50.409 [Test worker] DEBUG org.hibernate.persister.walking.spi.MetamodelGraphWalker - Visiting attribute path : shortdescription
13:32:50.409 [Test worker] DEBUG org.hibernate.persister.walking.spi.MetamodelGraphWalker - Visiting attribute path : startdate
13:32:50.409 [Test worker] DEBUG org.hibernate.persister.walking.spi.MetamodelGraphWalker - Visiting attribute path : template
13:32:50.409 [Test worker] DEBUG org.hibernate.loader.plan.build.internal.spaces.QuerySpacesImpl - Adding QuerySpace : uid = <gen:3> -> org.hibernate.loader.plan.build.internal.spaces.EntityQuerySpaceImpl@189008aa]
13:32:50.409 [Test worker] DEBUG org.hibernate.persister.walking.spi.MetamodelGraphWalker - Visiting attribute path : template.anzahlRythmus
13:32:50.409 [Test worker] DEBUG org.hibernate.persister.walking.spi.MetamodelGraphWalker - Visiting attribute path : template.description
13:32:50.409 [Test worker] DEBUG org.hibernate.persister.walking.spi.MetamodelGraphWalker - Visiting attribute path : template.gueltigBis
13:32:50.409 [Test worker] DEBUG org.hibernate.persister.walking.spi.MetamodelGraphWalker - Visiting attribute path : template.gueltigVon
13:32:50.409 [Test worker] DEBUG org.hibernate.persister.walking.spi.MetamodelGraphWalker - Visiting attribute path : template.konto
13:32:50.409 [Test worker] DEBUG org.hibernate.loader.plan.build.internal.spaces.QuerySpacesImpl - Adding QuerySpace : uid = <gen:4> -> org.hibernate.loader.plan.build.internal.spaces.EntityQuerySpaceImpl@5c05a4ca]
13:32:50.409 [Test worker] DEBUG org.hibernate.persister.walking.spi.MetamodelGraphWalker - Visiting attribute path : template.konto.art
13:32:50.409 [Test worker] DEBUG org.hibernate.persister.walking.spi.MetamodelGraphWalker - Visiting attribute path : template.konto.description
13:32:50.409 [Test worker] DEBUG org.hibernate.persister.walking.spi.MetamodelGraphWalker - Visiting attribute path : template.konto.kontoGruppe
13:32:50.409 [Test worker] DEBUG org.hibernate.persister.walking.spi.MetamodelGraphWalker - Property path deemed to be circular : template.konto.kontoGruppe
13:32:50.409 [Test worker] DEBUG org.hibernate.persister.walking.spi.MetamodelGraphWalker - Visiting attribute path : template.konto.shortdescription
13:32:50.409 [Test worker] DEBUG org.hibernate.persister.walking.spi.MetamodelGraphWalker - Visiting attribute path : template.next
13:32:50.409 [Test worker] DEBUG org.hibernate.persister.walking.spi.MetamodelGraphWalker - Visiting attribute path : template.pattern
13:32:50.409 [Test worker] DEBUG org.hibernate.persister.walking.spi.MetamodelGraphWalker - Visiting attribute path : template.planArt
13:32:50.409 [Test worker] DEBUG org.hibernate.persister.walking.spi.MetamodelGraphWalker - Visiting attribute path : template.position
13:32:50.409 [Test worker] DEBUG org.hibernate.persister.walking.spi.MetamodelGraphWalker - Visiting attribute path : template.rythmus
13:32:50.409 [Test worker] DEBUG org.hibernate.persister.walking.spi.MetamodelGraphWalker - Visiting attribute path : template.shortdescription
13:32:50.409 [Test worker] DEBUG org.hibernate.persister.walking.spi.MetamodelGraphWalker - Visiting attribute path : template.start
13:32:50.409 [Test worker] DEBUG org.hibernate.persister.walking.spi.MetamodelGraphWalker - Visiting attribute path : template.vardays
13:32:50.409 [Test worker] DEBUG org.hibernate.persister.walking.spi.MetamodelGraphWalker - Visiting attribute path : template.wert
13:32:50.409 [Test worker] DEBUG org.hibernate.persister.walking.spi.MetamodelGraphWalker - Visiting attribute path : wert
13:32:50.409 [Test worker] DEBUG org.hibernate.loader.plan.build.internal.FetchStyleLoadPlanBuildingAssociationVisitationStrategy - Building LoadPlan...
13:32:50.409 [Test worker] DEBUG org.hibernate.loader.plan.exec.internal.LoadQueryJoinAndFetchProcessor - processing queryspace <gen:0>
13:32:50.410 [Test worker] DEBUG org.hibernate.loader.plan.build.spi.LoadPlanTreePrinter - LoadPlan(entity=loc.balsen.kontospring.data.Plan)
    - Returns
       - EntityReturnImpl(entity=loc.balsen.kontospring.data.Plan, querySpaceUid=<gen:0>, path=loc.balsen.kontospring.data.Plan)
          - EntityAttributeFetchImpl(entity=loc.balsen.kontospring.data.Konto, querySpaceUid=<gen:1>, path=loc.balsen.kontospring.data.Plan.konto)
             - EntityAttributeFetchImpl(entity=loc.balsen.kontospring.data.KontoGruppe, querySpaceUid=<gen:2>, path=loc.balsen.kontospring.data.Plan.konto.kontoGruppe)
          - EntityAttributeFetchImpl(entity=loc.balsen.kontospring.data.Template, querySpaceUid=<gen:3>, path=loc.balsen.kontospring.data.Plan.template)
             - EntityAttributeFetchImpl(entity=loc.balsen.kontospring.data.Konto, querySpaceUid=<gen:4>, path=loc.balsen.kontospring.data.Plan.template.konto)
    - QuerySpaces
       - EntityQuerySpaceImpl(uid=<gen:0>, entity=loc.balsen.kontospring.data.Plan)
          - SQL table alias mapping - plan0_
          - alias suffix - 0_
          - suffixed key columns - {id1_3_0_}
          - JOIN (JoinDefinedByMetadata(konto)) : <gen:0> -> <gen:1>
             - EntityQuerySpaceImpl(uid=<gen:1>, entity=loc.balsen.kontospring.data.Konto)
                - SQL table alias mapping - konto1_
                - alias suffix - 1_
                - suffixed key columns - {id1_1_1_}
                - JOIN (JoinDefinedByMetadata(kontoGruppe)) : <gen:1> -> <gen:2>
                   - EntityQuerySpaceImpl(uid=<gen:2>, entity=loc.balsen.kontospring.data.KontoGruppe)
                      - SQL table alias mapping - kontogrupp2_
                      - alias suffix - 2_
                      - suffixed key columns - {id1_2_2_}
          - JOIN (JoinDefinedByMetadata(template)) : <gen:0> -> <gen:3>
             - EntityQuerySpaceImpl(uid=<gen:3>, entity=loc.balsen.kontospring.data.Template)
                - SQL table alias mapping - template3_
                - alias suffix - 3_
                - suffixed key columns - {id1_5_3_}
                - JOIN (JoinDefinedByMetadata(konto)) : <gen:3> -> <gen:4>
                   - EntityQuerySpaceImpl(uid=<gen:4>, entity=loc.balsen.kontospring.data.Konto)
                      - SQL table alias mapping - konto4_
                      - alias suffix - 4_
                      - suffixed key columns - {id1_1_4_}

13:32:50.410 [Test worker] DEBUG org.hibernate.loader.entity.plan.EntityLoader - Static select for entity loc.balsen.kontospring.data.Plan [NONE]: select plan0_.id as id1_3_0_, plan0_.creationdate as creation2_3_0_, plan0_.description as descript3_3_0_, plan0_.enddate as enddate4_3_0_, plan0_.konto as konto12_3_0_, plan0_.pattern as pattern5_3_0_, plan0_.plan_art as plan_art6_3_0_, plan0_.plandate as plandate7_3_0_, plan0_.position as position8_3_0_, plan0_.shortdescription as shortdes9_3_0_, plan0_.startdate as startda10_3_0_, plan0_.template as templat13_3_0_, plan0_.wert as wert11_3_0_, konto1_.id as id1_1_1_, konto1_.art as art2_1_1_, konto1_.description as descript3_1_1_, konto1_.id_gruppe as id_grupp5_1_1_, konto1_.shortdescription as shortdes4_1_1_, kontogrupp2_.id as id1_2_2_, kontogrupp2_.description as descript2_2_2_, kontogrupp2_.shortdescription as shortdes3_2_2_, template3_.id as id1_5_3_, template3_.anzahl_rythmus as anzahl_r2_5_3_, template3_.description as descript3_5_3_, template3_.gueltig_bis as gueltig_4_5_3_, template3_.gueltig_von as gueltig_5_5_3_, template3_.konto as konto15_5_3_, template3_.next as next6_5_3_, template3_.pattern as pattern7_5_3_, template3_.plan_art as plan_art8_5_3_, template3_.position as position9_5_3_, template3_.rythmus as rythmus10_5_3_, template3_.shortdescription as shortde11_5_3_, template3_.start as start12_5_3_, template3_.vardays as vardays13_5_3_, template3_.wert as wert14_5_3_, konto4_.id as id1_1_4_, konto4_.art as art2_1_4_, konto4_.description as descript3_1_4_, konto4_.id_gruppe as id_grupp5_1_4_, konto4_.shortdescription as shortdes4_1_4_ from plan plan0_ left outer join konto konto1_ on plan0_.konto=konto1_.id left outer join konto_gruppe kontogrupp2_ on konto1_.id_gruppe=kontogrupp2_.id left outer join template template3_ on plan0_.template=template3_.id left outer join konto konto4_ on template3_.konto=konto4_.id where plan0_.id=?
13:32:50.410 [Test worker] DEBUG org.hibernate.loader.plan.build.internal.spaces.QuerySpacesImpl - Adding QuerySpace : uid = <gen:0> -> org.hibernate.loader.plan.build.internal.spaces.EntityQuerySpaceImpl@53563a65]
13:32:50.410 [Test worker] DEBUG org.hibernate.persister.walking.spi.MetamodelGraphWalker - Visiting attribute path : creationdate
13:32:50.410 [Test worker] DEBUG org.hibernate.persister.walking.spi.MetamodelGraphWalker - Visiting attribute path : description
13:32:50.410 [Test worker] DEBUG org.hibernate.persister.walking.spi.MetamodelGraphWalker - Visiting attribute path : enddate
13:32:50.410 [Test worker] DEBUG org.hibernate.persister.walking.spi.MetamodelGraphWalker - Visiting attribute path : konto
13:32:50.410 [Test worker] DEBUG org.hibernate.loader.plan.build.internal.spaces.QuerySpacesImpl - Adding QuerySpace : uid = <gen:1> -> org.hibernate.loader.plan.build.internal.spaces.EntityQuerySpaceImpl@60e61ef1]
13:32:50.410 [Test worker] DEBUG org.hibernate.persister.walking.spi.MetamodelGraphWalker - Visiting attribute path : konto.art
13:32:50.410 [Test worker] DEBUG org.hibernate.persister.walking.spi.MetamodelGraphWalker - Visiting attribute path : konto.description
13:32:50.410 [Test worker] DEBUG org.hibernate.persister.walking.spi.MetamodelGraphWalker - Visiting attribute path : konto.kontoGruppe
13:32:50.410 [Test worker] DEBUG org.hibernate.loader.plan.build.internal.spaces.QuerySpacesImpl - Adding QuerySpace : uid = <gen:2> -> org.hibernate.loader.plan.build.internal.spaces.EntityQuerySpaceImpl@14fbe9b3]
13:32:50.410 [Test worker] DEBUG org.hibernate.persister.walking.spi.MetamodelGraphWalker - Visiting attribute path : konto.kontoGruppe.description
13:32:50.410 [Test worker] DEBUG org.hibernate.persister.walking.spi.MetamodelGraphWalker - Visiting attribute path : konto.kontoGruppe.shortdescription
13:32:50.410 [Test worker] DEBUG org.hibernate.persister.walking.spi.MetamodelGraphWalker - Visiting attribute path : konto.shortdescription
13:32:50.410 [Test worker] DEBUG org.hibernate.persister.walking.spi.MetamodelGraphWalker - Visiting attribute path : pattern
13:32:50.410 [Test worker] DEBUG org.hibernate.persister.walking.spi.MetamodelGraphWalker - Visiting attribute path : planArt
13:32:50.410 [Test worker] DEBUG org.hibernate.persister.walking.spi.MetamodelGraphWalker - Visiting attribute path : plandate
13:32:50.410 [Test worker] DEBUG org.hibernate.persister.walking.spi.MetamodelGraphWalker - Visiting attribute path : position
13:32:50.410 [Test worker] DEBUG org.hibernate.persister.walking.spi.MetamodelGraphWalker - Visiting attribute path : shortdescription
13:32:50.410 [Test worker] DEBUG org.hibernate.persister.walking.spi.MetamodelGraphWalker - Visiting attribute path : startdate
13:32:50.410 [Test worker] DEBUG org.hibernate.persister.walking.spi.MetamodelGraphWalker - Visiting attribute path : template
13:32:50.410 [Test worker] DEBUG org.hibernate.loader.plan.build.internal.spaces.QuerySpacesImpl - Adding QuerySpace : uid = <gen:3> -> org.hibernate.loader.plan.build.internal.spaces.EntityQuerySpaceImpl@73e690c5]
13:32:50.410 [Test worker] DEBUG org.hibernate.persister.walking.spi.MetamodelGraphWalker - Visiting attribute path : template.anzahlRythmus
13:32:50.410 [Test worker] DEBUG org.hibernate.persister.walking.spi.MetamodelGraphWalker - Visiting attribute path : template.description
13:32:50.410 [Test worker] DEBUG org.hibernate.persister.walking.spi.MetamodelGraphWalker - Visiting attribute path : template.gueltigBis
13:32:50.410 [Test worker] DEBUG org.hibernate.persister.walking.spi.MetamodelGraphWalker - Visiting attribute path : template.gueltigVon
13:32:50.410 [Test worker] DEBUG org.hibernate.persister.walking.spi.MetamodelGraphWalker - Visiting attribute path : template.konto
13:32:50.410 [Test worker] DEBUG org.hibernate.loader.plan.build.internal.spaces.QuerySpacesImpl - Adding QuerySpace : uid = <gen:4> -> org.hibernate.loader.plan.build.internal.spaces.EntityQuerySpaceImpl@2d929169]
13:32:50.410 [Test worker] DEBUG org.hibernate.persister.walking.spi.MetamodelGraphWalker - Visiting attribute path : template.konto.art
13:32:50.410 [Test worker] DEBUG org.hibernate.persister.walking.spi.MetamodelGraphWalker - Visiting attribute path : template.konto.description
13:32:50.410 [Test worker] DEBUG org.hibernate.persister.walking.spi.MetamodelGraphWalker - Visiting attribute path : template.konto.kontoGruppe
13:32:50.410 [Test worker] DEBUG org.hibernate.persister.walking.spi.MetamodelGraphWalker - Property path deemed to be circular : template.konto.kontoGruppe
13:32:50.410 [Test worker] DEBUG org.hibernate.persister.walking.spi.MetamodelGraphWalker - Visiting attribute path : template.konto.shortdescription
13:32:50.410 [Test worker] DEBUG org.hibernate.persister.walking.spi.MetamodelGraphWalker - Visiting attribute path : template.next
13:32:50.410 [Test worker] DEBUG org.hibernate.persister.walking.spi.MetamodelGraphWalker - Visiting attribute path : template.pattern
13:32:50.410 [Test worker] DEBUG org.hibernate.persister.walking.spi.MetamodelGraphWalker - Visiting attribute path : template.planArt
13:32:50.410 [Test worker] DEBUG org.hibernate.persister.walking.spi.MetamodelGraphWalker - Visiting attribute path : template.position
13:32:50.410 [Test worker] DEBUG org.hibernate.persister.walking.spi.MetamodelGraphWalker - Visiting attribute path : template.rythmus
13:32:50.411 [Test worker] DEBUG org.hibernate.persister.walking.spi.MetamodelGraphWalker - Visiting attribute path : template.shortdescription
13:32:50.411 [Test worker] DEBUG org.hibernate.persister.walking.spi.MetamodelGraphWalker - Visiting attribute path : template.start
13:32:50.411 [Test worker] DEBUG org.hibernate.persister.walking.spi.MetamodelGraphWalker - Visiting attribute path : template.vardays
13:32:50.411 [Test worker] DEBUG org.hibernate.persister.walking.spi.MetamodelGraphWalker - Visiting attribute path : template.wert
13:32:50.411 [Test worker] DEBUG org.hibernate.persister.walking.spi.MetamodelGraphWalker - Visiting attribute path : wert
13:32:50.411 [Test worker] DEBUG org.hibernate.loader.plan.build.internal.FetchStyleLoadPlanBuildingAssociationVisitationStrategy - Building LoadPlan...
13:32:50.411 [Test worker] DEBUG org.hibernate.loader.plan.exec.internal.LoadQueryJoinAndFetchProcessor - processing queryspace <gen:0>
13:32:50.411 [Test worker] DEBUG org.hibernate.loader.plan.build.spi.LoadPlanTreePrinter - LoadPlan(entity=loc.balsen.kontospring.data.Plan)
    - Returns
       - EntityReturnImpl(entity=loc.balsen.kontospring.data.Plan, querySpaceUid=<gen:0>, path=loc.balsen.kontospring.data.Plan)
          - EntityAttributeFetchImpl(entity=loc.balsen.kontospring.data.Konto, querySpaceUid=<gen:1>, path=loc.balsen.kontospring.data.Plan.konto)
             - EntityAttributeFetchImpl(entity=loc.balsen.kontospring.data.KontoGruppe, querySpaceUid=<gen:2>, path=loc.balsen.kontospring.data.Plan.konto.kontoGruppe)
          - EntityAttributeFetchImpl(entity=loc.balsen.kontospring.data.Template, querySpaceUid=<gen:3>, path=loc.balsen.kontospring.data.Plan.template)
             - EntityAttributeFetchImpl(entity=loc.balsen.kontospring.data.Konto, querySpaceUid=<gen:4>, path=loc.balsen.kontospring.data.Plan.template.konto)
    - QuerySpaces
       - EntityQuerySpaceImpl(uid=<gen:0>, entity=loc.balsen.kontospring.data.Plan)
          - SQL table alias mapping - plan0_
          - alias suffix - 0_
          - suffixed key columns - {id1_3_0_}
          - JOIN (JoinDefinedByMetadata(konto)) : <gen:0> -> <gen:1>
             - EntityQuerySpaceImpl(uid=<gen:1>, entity=loc.balsen.kontospring.data.Konto)
                - SQL table alias mapping - konto1_
                - alias suffix - 1_
                - suffixed key columns - {id1_1_1_}
                - JOIN (JoinDefinedByMetadata(kontoGruppe)) : <gen:1> -> <gen:2>
                   - EntityQuerySpaceImpl(uid=<gen:2>, entity=loc.balsen.kontospring.data.KontoGruppe)
                      - SQL table alias mapping - kontogrupp2_
                      - alias suffix - 2_
                      - suffixed key columns - {id1_2_2_}
          - JOIN (JoinDefinedByMetadata(template)) : <gen:0> -> <gen:3>
             - EntityQuerySpaceImpl(uid=<gen:3>, entity=loc.balsen.kontospring.data.Template)
                - SQL table alias mapping - template3_
                - alias suffix - 3_
                - suffixed key columns - {id1_5_3_}
                - JOIN (JoinDefinedByMetadata(konto)) : <gen:3> -> <gen:4>
                   - EntityQuerySpaceImpl(uid=<gen:4>, entity=loc.balsen.kontospring.data.Konto)
                      - SQL table alias mapping - konto4_
                      - alias suffix - 4_
                      - suffixed key columns - {id1_1_4_}

13:32:50.411 [Test worker] DEBUG org.hibernate.loader.entity.plan.EntityLoader - Static select for entity loc.balsen.kontospring.data.Plan [READ]: select plan0_.id as id1_3_0_, plan0_.creationdate as creation2_3_0_, plan0_.description as descript3_3_0_, plan0_.enddate as enddate4_3_0_, plan0_.konto as konto12_3_0_, plan0_.pattern as pattern5_3_0_, plan0_.plan_art as plan_art6_3_0_, plan0_.plandate as plandate7_3_0_, plan0_.position as position8_3_0_, plan0_.shortdescription as shortdes9_3_0_, plan0_.startdate as startda10_3_0_, plan0_.template as templat13_3_0_, plan0_.wert as wert11_3_0_, konto1_.id as id1_1_1_, konto1_.art as art2_1_1_, konto1_.description as descript3_1_1_, konto1_.id_gruppe as id_grupp5_1_1_, konto1_.shortdescription as shortdes4_1_1_, kontogrupp2_.id as id1_2_2_, kontogrupp2_.description as descript2_2_2_, kontogrupp2_.shortdescription as shortdes3_2_2_, template3_.id as id1_5_3_, template3_.anzahl_rythmus as anzahl_r2_5_3_, template3_.description as descript3_5_3_, template3_.gueltig_bis as gueltig_4_5_3_, template3_.gueltig_von as gueltig_5_5_3_, template3_.konto as konto15_5_3_, template3_.next as next6_5_3_, template3_.pattern as pattern7_5_3_, template3_.plan_art as plan_art8_5_3_, template3_.position as position9_5_3_, template3_.rythmus as rythmus10_5_3_, template3_.shortdescription as shortde11_5_3_, template3_.start as start12_5_3_, template3_.vardays as vardays13_5_3_, template3_.wert as wert14_5_3_, konto4_.id as id1_1_4_, konto4_.art as art2_1_4_, konto4_.description as descript3_1_4_, konto4_.id_gruppe as id_grupp5_1_4_, konto4_.shortdescription as shortdes4_1_4_ from plan plan0_ left outer join konto konto1_ on plan0_.konto=konto1_.id left outer join konto_gruppe kontogrupp2_ on konto1_.id_gruppe=kontogrupp2_.id left outer join template template3_ on plan0_.template=template3_.id left outer join konto konto4_ on template3_.konto=konto4_.id where plan0_.id=?
13:32:50.411 [Test worker] DEBUG org.hibernate.loader.plan.build.internal.spaces.QuerySpacesImpl - Adding QuerySpace : uid = <gen:0> -> org.hibernate.loader.plan.build.internal.spaces.EntityQuerySpaceImpl@7197d005]
13:32:50.411 [Test worker] DEBUG org.hibernate.persister.walking.spi.MetamodelGraphWalker - Visiting attribute path : creationdate
13:32:50.411 [Test worker] DEBUG org.hibernate.persister.walking.spi.MetamodelGraphWalker - Visiting attribute path : description
13:32:50.411 [Test worker] DEBUG org.hibernate.persister.walking.spi.MetamodelGraphWalker - Visiting attribute path : enddate
13:32:50.411 [Test worker] DEBUG org.hibernate.persister.walking.spi.MetamodelGraphWalker - Visiting attribute path : konto
13:32:50.411 [Test worker] DEBUG org.hibernate.loader.plan.build.internal.spaces.QuerySpacesImpl - Adding QuerySpace : uid = <gen:1> -> org.hibernate.loader.plan.build.internal.spaces.EntityQuerySpaceImpl@5417453d]
13:32:50.411 [Test worker] DEBUG org.hibernate.persister.walking.spi.MetamodelGraphWalker - Visiting attribute path : pattern
13:32:50.411 [Test worker] DEBUG org.hibernate.persister.walking.spi.MetamodelGraphWalker - Visiting attribute path : planArt
13:32:50.411 [Test worker] DEBUG org.hibernate.persister.walking.spi.MetamodelGraphWalker - Visiting attribute path : plandate
13:32:50.411 [Test worker] DEBUG org.hibernate.persister.walking.spi.MetamodelGraphWalker - Visiting attribute path : position
13:32:50.411 [Test worker] DEBUG org.hibernate.persister.walking.spi.MetamodelGraphWalker - Visiting attribute path : shortdescription
13:32:50.412 [Test worker] DEBUG org.hibernate.persister.walking.spi.MetamodelGraphWalker - Visiting attribute path : startdate
13:32:50.412 [Test worker] DEBUG org.hibernate.persister.walking.spi.MetamodelGraphWalker - Visiting attribute path : template
13:32:50.412 [Test worker] DEBUG org.hibernate.loader.plan.build.internal.spaces.QuerySpacesImpl - Adding QuerySpace : uid = <gen:2> -> org.hibernate.loader.plan.build.internal.spaces.EntityQuerySpaceImpl@6264647f]
13:32:50.412 [Test worker] DEBUG org.hibernate.persister.walking.spi.MetamodelGraphWalker - Visiting attribute path : wert
13:32:50.412 [Test worker] DEBUG org.hibernate.loader.plan.build.internal.FetchStyleLoadPlanBuildingAssociationVisitationStrategy - Building LoadPlan...
13:32:50.412 [Test worker] DEBUG org.hibernate.loader.plan.exec.internal.LoadQueryJoinAndFetchProcessor - processing queryspace <gen:0>
13:32:50.412 [Test worker] DEBUG org.hibernate.loader.plan.build.spi.LoadPlanTreePrinter - LoadPlan(entity=loc.balsen.kontospring.data.Plan)
    - Returns
       - EntityReturnImpl(entity=loc.balsen.kontospring.data.Plan, querySpaceUid=<gen:0>, path=loc.balsen.kontospring.data.Plan)
          - EntityAttributeFetchImpl(entity=loc.balsen.kontospring.data.Konto, querySpaceUid=<gen:1>, path=loc.balsen.kontospring.data.Plan.konto)
          - EntityAttributeFetchImpl(entity=loc.balsen.kontospring.data.Template, querySpaceUid=<gen:2>, path=loc.balsen.kontospring.data.Plan.template)
    - QuerySpaces
       - EntityQuerySpaceImpl(uid=<gen:0>, entity=loc.balsen.kontospring.data.Plan)
          - SQL table alias mapping - plan0_
          - alias suffix - 0_
          - suffixed key columns - {id1_3_0_}

13:32:50.412 [Test worker] DEBUG org.hibernate.loader.entity.plan.EntityLoader - Static select for entity loc.balsen.kontospring.data.Plan [UPGRADE]: select plan0_.id as id1_3_0_, plan0_.creationdate as creation2_3_0_, plan0_.description as descript3_3_0_, plan0_.enddate as enddate4_3_0_, plan0_.konto as konto12_3_0_, plan0_.pattern as pattern5_3_0_, plan0_.plan_art as plan_art6_3_0_, plan0_.plandate as plandate7_3_0_, plan0_.position as position8_3_0_, plan0_.shortdescription as shortdes9_3_0_, plan0_.startdate as startda10_3_0_, plan0_.template as templat13_3_0_, plan0_.wert as wert11_3_0_ from plan plan0_ where plan0_.id=? for update
13:32:50.412 [Test worker] DEBUG org.hibernate.loader.plan.build.internal.spaces.QuerySpacesImpl - Adding QuerySpace : uid = <gen:0> -> org.hibernate.loader.plan.build.internal.spaces.EntityQuerySpaceImpl@2d3c87ce]
13:32:50.412 [Test worker] DEBUG org.hibernate.persister.walking.spi.MetamodelGraphWalker - Visiting attribute path : creationdate
13:32:50.412 [Test worker] DEBUG org.hibernate.persister.walking.spi.MetamodelGraphWalker - Visiting attribute path : description
13:32:50.412 [Test worker] DEBUG org.hibernate.persister.walking.spi.MetamodelGraphWalker - Visiting attribute path : enddate
13:32:50.412 [Test worker] DEBUG org.hibernate.persister.walking.spi.MetamodelGraphWalker - Visiting attribute path : konto
13:32:50.412 [Test worker] DEBUG org.hibernate.loader.plan.build.internal.spaces.QuerySpacesImpl - Adding QuerySpace : uid = <gen:1> -> org.hibernate.loader.plan.build.internal.spaces.EntityQuerySpaceImpl@124ba891]
13:32:50.412 [Test worker] DEBUG org.hibernate.persister.walking.spi.MetamodelGraphWalker - Visiting attribute path : pattern
13:32:50.412 [Test worker] DEBUG org.hibernate.persister.walking.spi.MetamodelGraphWalker - Visiting attribute path : planArt
13:32:50.412 [Test worker] DEBUG org.hibernate.persister.walking.spi.MetamodelGraphWalker - Visiting attribute path : plandate
13:32:50.412 [Test worker] DEBUG org.hibernate.persister.walking.spi.MetamodelGraphWalker - Visiting attribute path : position
13:32:50.412 [Test worker] DEBUG org.hibernate.persister.walking.spi.MetamodelGraphWalker - Visiting attribute path : shortdescription
13:32:50.412 [Test worker] DEBUG org.hibernate.persister.walking.spi.MetamodelGraphWalker - Visiting attribute path : startdate
13:32:50.412 [Test worker] DEBUG org.hibernate.persister.walking.spi.MetamodelGraphWalker - Visiting attribute path : template
13:32:50.412 [Test worker] DEBUG org.hibernate.loader.plan.build.internal.spaces.QuerySpacesImpl - Adding QuerySpace : uid = <gen:2> -> org.hibernate.loader.plan.build.internal.spaces.EntityQuerySpaceImpl@534d713b]
13:32:50.412 [Test worker] DEBUG org.hibernate.persister.walking.spi.MetamodelGraphWalker - Visiting attribute path : wert
13:32:50.412 [Test worker] DEBUG org.hibernate.loader.plan.build.internal.FetchStyleLoadPlanBuildingAssociationVisitationStrategy - Building LoadPlan...
13:32:50.412 [Test worker] DEBUG org.hibernate.loader.plan.exec.internal.LoadQueryJoinAndFetchProcessor - processing queryspace <gen:0>
13:32:50.412 [Test worker] DEBUG org.hibernate.loader.plan.build.spi.LoadPlanTreePrinter - LoadPlan(entity=loc.balsen.kontospring.data.Plan)
    - Returns
       - EntityReturnImpl(entity=loc.balsen.kontospring.data.Plan, querySpaceUid=<gen:0>, path=loc.balsen.kontospring.data.Plan)
          - EntityAttributeFetchImpl(entity=loc.balsen.kontospring.data.Konto, querySpaceUid=<gen:1>, path=loc.balsen.kontospring.data.Plan.konto)
          - EntityAttributeFetchImpl(entity=loc.balsen.kontospring.data.Template, querySpaceUid=<gen:2>, path=loc.balsen.kontospring.data.Plan.template)
    - QuerySpaces
       - EntityQuerySpaceImpl(uid=<gen:0>, entity=loc.balsen.kontospring.data.Plan)
          - SQL table alias mapping - plan0_
          - alias suffix - 0_
          - suffixed key columns - {id1_3_0_}

13:32:50.413 [Test worker] DEBUG org.hibernate.loader.entity.plan.EntityLoader - Static select for entity loc.balsen.kontospring.data.Plan [UPGRADE_NOWAIT]: select plan0_.id as id1_3_0_, plan0_.creationdate as creation2_3_0_, plan0_.description as descript3_3_0_, plan0_.enddate as enddate4_3_0_, plan0_.konto as konto12_3_0_, plan0_.pattern as pattern5_3_0_, plan0_.plan_art as plan_art6_3_0_, plan0_.plandate as plandate7_3_0_, plan0_.position as position8_3_0_, plan0_.shortdescription as shortdes9_3_0_, plan0_.startdate as startda10_3_0_, plan0_.template as templat13_3_0_, plan0_.wert as wert11_3_0_ from plan plan0_ where plan0_.id=? for update
13:32:50.413 [Test worker] DEBUG org.hibernate.loader.plan.build.internal.spaces.QuerySpacesImpl - Adding QuerySpace : uid = <gen:0> -> org.hibernate.loader.plan.build.internal.spaces.EntityQuerySpaceImpl@1a868e6b]
13:32:50.413 [Test worker] DEBUG org.hibernate.persister.walking.spi.MetamodelGraphWalker - Visiting attribute path : creationdate
13:32:50.413 [Test worker] DEBUG org.hibernate.persister.walking.spi.MetamodelGraphWalker - Visiting attribute path : description
13:32:50.413 [Test worker] DEBUG org.hibernate.persister.walking.spi.MetamodelGraphWalker - Visiting attribute path : enddate
13:32:50.413 [Test worker] DEBUG org.hibernate.persister.walking.spi.MetamodelGraphWalker - Visiting attribute path : konto
13:32:50.413 [Test worker] DEBUG org.hibernate.loader.plan.build.internal.spaces.QuerySpacesImpl - Adding QuerySpace : uid = <gen:1> -> org.hibernate.loader.plan.build.internal.spaces.EntityQuerySpaceImpl@705cae4f]
13:32:50.413 [Test worker] DEBUG org.hibernate.persister.walking.spi.MetamodelGraphWalker - Visiting attribute path : pattern
13:32:50.413 [Test worker] DEBUG org.hibernate.persister.walking.spi.MetamodelGraphWalker - Visiting attribute path : planArt
13:32:50.413 [Test worker] DEBUG org.hibernate.persister.walking.spi.MetamodelGraphWalker - Visiting attribute path : plandate
13:32:50.413 [Test worker] DEBUG org.hibernate.persister.walking.spi.MetamodelGraphWalker - Visiting attribute path : position
13:32:50.413 [Test worker] DEBUG org.hibernate.persister.walking.spi.MetamodelGraphWalker - Visiting attribute path : shortdescription
13:32:50.413 [Test worker] DEBUG org.hibernate.persister.walking.spi.MetamodelGraphWalker - Visiting attribute path : startdate
13:32:50.413 [Test worker] DEBUG org.hibernate.persister.walking.spi.MetamodelGraphWalker - Visiting attribute path : template
13:32:50.413 [Test worker] DEBUG org.hibernate.loader.plan.build.internal.spaces.QuerySpacesImpl - Adding QuerySpace : uid = <gen:2> -> org.hibernate.loader.plan.build.internal.spaces.EntityQuerySpaceImpl@48a0ddd6]
13:32:50.413 [Test worker] DEBUG org.hibernate.persister.walking.spi.MetamodelGraphWalker - Visiting attribute path : wert
13:32:50.413 [Test worker] DEBUG org.hibernate.loader.plan.build.internal.FetchStyleLoadPlanBuildingAssociationVisitationStrategy - Building LoadPlan...
13:32:50.413 [Test worker] DEBUG org.hibernate.loader.plan.exec.internal.LoadQueryJoinAndFetchProcessor - processing queryspace <gen:0>
13:32:50.413 [Test worker] DEBUG org.hibernate.loader.plan.build.spi.LoadPlanTreePrinter - LoadPlan(entity=loc.balsen.kontospring.data.Plan)
    - Returns
       - EntityReturnImpl(entity=loc.balsen.kontospring.data.Plan, querySpaceUid=<gen:0>, path=loc.balsen.kontospring.data.Plan)
          - EntityAttributeFetchImpl(entity=loc.balsen.kontospring.data.Konto, querySpaceUid=<gen:1>, path=loc.balsen.kontospring.data.Plan.konto)
          - EntityAttributeFetchImpl(entity=loc.balsen.kontospring.data.Template, querySpaceUid=<gen:2>, path=loc.balsen.kontospring.data.Plan.template)
    - QuerySpaces
       - EntityQuerySpaceImpl(uid=<gen:0>, entity=loc.balsen.kontospring.data.Plan)
          - SQL table alias mapping - plan0_
          - alias suffix - 0_
          - suffixed key columns - {id1_3_0_}

13:32:50.413 [Test worker] DEBUG org.hibernate.loader.entity.plan.EntityLoader - Static select for entity loc.balsen.kontospring.data.Plan [UPGRADE_SKIPLOCKED]: select plan0_.id as id1_3_0_, plan0_.creationdate as creation2_3_0_, plan0_.description as descript3_3_0_, plan0_.enddate as enddate4_3_0_, plan0_.konto as konto12_3_0_, plan0_.pattern as pattern5_3_0_, plan0_.plan_art as plan_art6_3_0_, plan0_.plandate as plandate7_3_0_, plan0_.position as position8_3_0_, plan0_.shortdescription as shortdes9_3_0_, plan0_.startdate as startda10_3_0_, plan0_.template as templat13_3_0_, plan0_.wert as wert11_3_0_ from plan plan0_ where plan0_.id=? for update
13:32:50.413 [Test worker] DEBUG org.hibernate.loader.plan.build.internal.spaces.QuerySpacesImpl - Adding QuerySpace : uid = <gen:0> -> org.hibernate.loader.plan.build.internal.spaces.EntityQuerySpaceImpl@66fbe77f]
13:32:50.413 [Test worker] DEBUG org.hibernate.persister.walking.spi.MetamodelGraphWalker - Visiting attribute path : creationdate
13:32:50.413 [Test worker] DEBUG org.hibernate.persister.walking.spi.MetamodelGraphWalker - Visiting attribute path : description
13:32:50.413 [Test worker] DEBUG org.hibernate.persister.walking.spi.MetamodelGraphWalker - Visiting attribute path : enddate
13:32:50.413 [Test worker] DEBUG org.hibernate.persister.walking.spi.MetamodelGraphWalker - Visiting attribute path : konto
13:32:50.413 [Test worker] DEBUG org.hibernate.loader.plan.build.internal.spaces.QuerySpacesImpl - Adding QuerySpace : uid = <gen:1> -> org.hibernate.loader.plan.build.internal.spaces.EntityQuerySpaceImpl@2837c6fb]
13:32:50.413 [Test worker] DEBUG org.hibernate.persister.walking.spi.MetamodelGraphWalker - Visiting attribute path : pattern
13:32:50.413 [Test worker] DEBUG org.hibernate.persister.walking.spi.MetamodelGraphWalker - Visiting attribute path : planArt
13:32:50.413 [Test worker] DEBUG org.hibernate.persister.walking.spi.MetamodelGraphWalker - Visiting attribute path : plandate
13:32:50.413 [Test worker] DEBUG org.hibernate.persister.walking.spi.MetamodelGraphWalker - Visiting attribute path : position
13:32:50.413 [Test worker] DEBUG org.hibernate.persister.walking.spi.MetamodelGraphWalker - Visiting attribute path : shortdescription
13:32:50.413 [Test worker] DEBUG org.hibernate.persister.walking.spi.MetamodelGraphWalker - Visiting attribute path : startdate
13:32:50.413 [Test worker] DEBUG org.hibernate.persister.walking.spi.MetamodelGraphWalker - Visiting attribute path : template
13:32:50.413 [Test worker] DEBUG org.hibernate.loader.plan.build.internal.spaces.QuerySpacesImpl - Adding QuerySpace : uid = <gen:2> -> org.hibernate.loader.plan.build.internal.spaces.EntityQuerySpaceImpl@66b7e046]
13:32:50.413 [Test worker] DEBUG org.hibernate.persister.walking.spi.MetamodelGraphWalker - Visiting attribute path : wert
13:32:50.414 [Test worker] DEBUG org.hibernate.loader.plan.build.internal.FetchStyleLoadPlanBuildingAssociationVisitationStrategy - Building LoadPlan...
13:32:50.414 [Test worker] DEBUG org.hibernate.loader.plan.exec.internal.LoadQueryJoinAndFetchProcessor - processing queryspace <gen:0>
13:32:50.414 [Test worker] DEBUG org.hibernate.loader.plan.build.spi.LoadPlanTreePrinter - LoadPlan(entity=loc.balsen.kontospring.data.Plan)
    - Returns
       - EntityReturnImpl(entity=loc.balsen.kontospring.data.Plan, querySpaceUid=<gen:0>, path=loc.balsen.kontospring.data.Plan)
          - EntityAttributeFetchImpl(entity=loc.balsen.kontospring.data.Konto, querySpaceUid=<gen:1>, path=loc.balsen.kontospring.data.Plan.konto)
          - EntityAttributeFetchImpl(entity=loc.balsen.kontospring.data.Template, querySpaceUid=<gen:2>, path=loc.balsen.kontospring.data.Plan.template)
    - QuerySpaces
       - EntityQuerySpaceImpl(uid=<gen:0>, entity=loc.balsen.kontospring.data.Plan)
          - SQL table alias mapping - plan0_
          - alias suffix - 0_
          - suffixed key columns - {id1_3_0_}

13:32:50.414 [Test worker] DEBUG org.hibernate.loader.entity.plan.EntityLoader - Static select for entity loc.balsen.kontospring.data.Plan [FORCE]: select plan0_.id as id1_3_0_, plan0_.creationdate as creation2_3_0_, plan0_.description as descript3_3_0_, plan0_.enddate as enddate4_3_0_, plan0_.konto as konto12_3_0_, plan0_.pattern as pattern5_3_0_, plan0_.plan_art as plan_art6_3_0_, plan0_.plandate as plandate7_3_0_, plan0_.position as position8_3_0_, plan0_.shortdescription as shortdes9_3_0_, plan0_.startdate as startda10_3_0_, plan0_.template as templat13_3_0_, plan0_.wert as wert11_3_0_ from plan plan0_ where plan0_.id=? for update
13:32:50.414 [Test worker] DEBUG org.hibernate.loader.plan.build.internal.spaces.QuerySpacesImpl - Adding QuerySpace : uid = <gen:0> -> org.hibernate.loader.plan.build.internal.spaces.EntityQuerySpaceImpl@5fce23f0]
13:32:50.414 [Test worker] DEBUG org.hibernate.persister.walking.spi.MetamodelGraphWalker - Visiting attribute path : creationdate
13:32:50.414 [Test worker] DEBUG org.hibernate.persister.walking.spi.MetamodelGraphWalker - Visiting attribute path : description
13:32:50.414 [Test worker] DEBUG org.hibernate.persister.walking.spi.MetamodelGraphWalker - Visiting attribute path : enddate
13:32:50.414 [Test worker] DEBUG org.hibernate.persister.walking.spi.MetamodelGraphWalker - Visiting attribute path : konto
13:32:50.414 [Test worker] DEBUG org.hibernate.loader.plan.build.internal.spaces.QuerySpacesImpl - Adding QuerySpace : uid = <gen:1> -> org.hibernate.loader.plan.build.internal.spaces.EntityQuerySpaceImpl@15c6d564]
13:32:50.414 [Test worker] DEBUG org.hibernate.persister.walking.spi.MetamodelGraphWalker - Visiting attribute path : pattern
13:32:50.414 [Test worker] DEBUG org.hibernate.persister.walking.spi.MetamodelGraphWalker - Visiting attribute path : planArt
13:32:50.414 [Test worker] DEBUG org.hibernate.persister.walking.spi.MetamodelGraphWalker - Visiting attribute path : plandate
13:32:50.414 [Test worker] DEBUG org.hibernate.persister.walking.spi.MetamodelGraphWalker - Visiting attribute path : position
13:32:50.414 [Test worker] DEBUG org.hibernate.persister.walking.spi.MetamodelGraphWalker - Visiting attribute path : shortdescription
13:32:50.414 [Test worker] DEBUG org.hibernate.persister.walking.spi.MetamodelGraphWalker - Visiting attribute path : startdate
13:32:50.414 [Test worker] DEBUG org.hibernate.persister.walking.spi.MetamodelGraphWalker - Visiting attribute path : template
13:32:50.414 [Test worker] DEBUG org.hibernate.loader.plan.build.internal.spaces.QuerySpacesImpl - Adding QuerySpace : uid = <gen:2> -> org.hibernate.loader.plan.build.internal.spaces.EntityQuerySpaceImpl@4c2aa24a]
13:32:50.414 [Test worker] DEBUG org.hibernate.persister.walking.spi.MetamodelGraphWalker - Visiting attribute path : wert
13:32:50.414 [Test worker] DEBUG org.hibernate.loader.plan.build.internal.FetchStyleLoadPlanBuildingAssociationVisitationStrategy - Building LoadPlan...
13:32:50.414 [Test worker] DEBUG org.hibernate.loader.plan.exec.internal.LoadQueryJoinAndFetchProcessor - processing queryspace <gen:0>
13:32:50.414 [Test worker] DEBUG org.hibernate.loader.plan.build.spi.LoadPlanTreePrinter - LoadPlan(entity=loc.balsen.kontospring.data.Plan)
    - Returns
       - EntityReturnImpl(entity=loc.balsen.kontospring.data.Plan, querySpaceUid=<gen:0>, path=loc.balsen.kontospring.data.Plan)
          - EntityAttributeFetchImpl(entity=loc.balsen.kontospring.data.Konto, querySpaceUid=<gen:1>, path=loc.balsen.kontospring.data.Plan.konto)
          - EntityAttributeFetchImpl(entity=loc.balsen.kontospring.data.Template, querySpaceUid=<gen:2>, path=loc.balsen.kontospring.data.Plan.template)
    - QuerySpaces
       - EntityQuerySpaceImpl(uid=<gen:0>, entity=loc.balsen.kontospring.data.Plan)
          - SQL table alias mapping - plan0_
          - alias suffix - 0_
          - suffixed key columns - {id1_3_0_}

13:32:50.414 [Test worker] DEBUG org.hibernate.loader.entity.plan.EntityLoader - Static select for entity loc.balsen.kontospring.data.Plan [PESSIMISTIC_READ]: select plan0_.id as id1_3_0_, plan0_.creationdate as creation2_3_0_, plan0_.description as descript3_3_0_, plan0_.enddate as enddate4_3_0_, plan0_.konto as konto12_3_0_, plan0_.pattern as pattern5_3_0_, plan0_.plan_art as plan_art6_3_0_, plan0_.plandate as plandate7_3_0_, plan0_.position as position8_3_0_, plan0_.shortdescription as shortdes9_3_0_, plan0_.startdate as startda10_3_0_, plan0_.template as templat13_3_0_, plan0_.wert as wert11_3_0_ from plan plan0_ where plan0_.id=? for update
13:32:50.414 [Test worker] DEBUG org.hibernate.loader.plan.build.internal.spaces.QuerySpacesImpl - Adding QuerySpace : uid = <gen:0> -> org.hibernate.loader.plan.build.internal.spaces.EntityQuerySpaceImpl@62d5c99c]
13:32:50.414 [Test worker] DEBUG org.hibernate.persister.walking.spi.MetamodelGraphWalker - Visiting attribute path : creationdate
13:32:50.414 [Test worker] DEBUG org.hibernate.persister.walking.spi.MetamodelGraphWalker - Visiting attribute path : description
13:32:50.414 [Test worker] DEBUG org.hibernate.persister.walking.spi.MetamodelGraphWalker - Visiting attribute path : enddate
13:32:50.414 [Test worker] DEBUG org.hibernate.persister.walking.spi.MetamodelGraphWalker - Visiting attribute path : konto
13:32:50.415 [Test worker] DEBUG org.hibernate.loader.plan.build.internal.spaces.QuerySpacesImpl - Adding QuerySpace : uid = <gen:1> -> org.hibernate.loader.plan.build.internal.spaces.EntityQuerySpaceImpl@4491ddc4]
13:32:50.415 [Test worker] DEBUG org.hibernate.persister.walking.spi.MetamodelGraphWalker - Visiting attribute path : pattern
13:32:50.415 [Test worker] DEBUG org.hibernate.persister.walking.spi.MetamodelGraphWalker - Visiting attribute path : planArt
13:32:50.415 [Test worker] DEBUG org.hibernate.persister.walking.spi.MetamodelGraphWalker - Visiting attribute path : plandate
13:32:50.415 [Test worker] DEBUG org.hibernate.persister.walking.spi.MetamodelGraphWalker - Visiting attribute path : position
13:32:50.415 [Test worker] DEBUG org.hibernate.persister.walking.spi.MetamodelGraphWalker - Visiting attribute path : shortdescription
13:32:50.415 [Test worker] DEBUG org.hibernate.persister.walking.spi.MetamodelGraphWalker - Visiting attribute path : startdate
13:32:50.415 [Test worker] DEBUG org.hibernate.persister.walking.spi.MetamodelGraphWalker - Visiting attribute path : template
13:32:50.415 [Test worker] DEBUG org.hibernate.loader.plan.build.internal.spaces.QuerySpacesImpl - Adding QuerySpace : uid = <gen:2> -> org.hibernate.loader.plan.build.internal.spaces.EntityQuerySpaceImpl@5d300fee]
13:32:50.415 [Test worker] DEBUG org.hibernate.persister.walking.spi.MetamodelGraphWalker - Visiting attribute path : wert
13:32:50.415 [Test worker] DEBUG org.hibernate.loader.plan.build.internal.FetchStyleLoadPlanBuildingAssociationVisitationStrategy - Building LoadPlan...
13:32:50.415 [Test worker] DEBUG org.hibernate.loader.plan.exec.internal.LoadQueryJoinAndFetchProcessor - processing queryspace <gen:0>
13:32:50.415 [Test worker] DEBUG org.hibernate.loader.plan.build.spi.LoadPlanTreePrinter - LoadPlan(entity=loc.balsen.kontospring.data.Plan)
    - Returns
       - EntityReturnImpl(entity=loc.balsen.kontospring.data.Plan, querySpaceUid=<gen:0>, path=loc.balsen.kontospring.data.Plan)
          - EntityAttributeFetchImpl(entity=loc.balsen.kontospring.data.Konto, querySpaceUid=<gen:1>, path=loc.balsen.kontospring.data.Plan.konto)
          - EntityAttributeFetchImpl(entity=loc.balsen.kontospring.data.Template, querySpaceUid=<gen:2>, path=loc.balsen.kontospring.data.Plan.template)
    - QuerySpaces
       - EntityQuerySpaceImpl(uid=<gen:0>, entity=loc.balsen.kontospring.data.Plan)
          - SQL table alias mapping - plan0_
          - alias suffix - 0_
          - suffixed key columns - {id1_3_0_}

13:32:50.415 [Test worker] DEBUG org.hibernate.loader.entity.plan.EntityLoader - Static select for entity loc.balsen.kontospring.data.Plan [PESSIMISTIC_WRITE]: select plan0_.id as id1_3_0_, plan0_.creationdate as creation2_3_0_, plan0_.description as descript3_3_0_, plan0_.enddate as enddate4_3_0_, plan0_.konto as konto12_3_0_, plan0_.pattern as pattern5_3_0_, plan0_.plan_art as plan_art6_3_0_, plan0_.plandate as plandate7_3_0_, plan0_.position as position8_3_0_, plan0_.shortdescription as shortdes9_3_0_, plan0_.startdate as startda10_3_0_, plan0_.template as templat13_3_0_, plan0_.wert as wert11_3_0_ from plan plan0_ where plan0_.id=? for update
13:32:50.415 [Test worker] DEBUG org.hibernate.loader.plan.build.internal.spaces.QuerySpacesImpl - Adding QuerySpace : uid = <gen:0> -> org.hibernate.loader.plan.build.internal.spaces.EntityQuerySpaceImpl@11e5b4fd]
13:32:50.415 [Test worker] DEBUG org.hibernate.persister.walking.spi.MetamodelGraphWalker - Visiting attribute path : creationdate
13:32:50.415 [Test worker] DEBUG org.hibernate.persister.walking.spi.MetamodelGraphWalker - Visiting attribute path : description
13:32:50.415 [Test worker] DEBUG org.hibernate.persister.walking.spi.MetamodelGraphWalker - Visiting attribute path : enddate
13:32:50.415 [Test worker] DEBUG org.hibernate.persister.walking.spi.MetamodelGraphWalker - Visiting attribute path : konto
13:32:50.415 [Test worker] DEBUG org.hibernate.loader.plan.build.internal.spaces.QuerySpacesImpl - Adding QuerySpace : uid = <gen:1> -> org.hibernate.loader.plan.build.internal.spaces.EntityQuerySpaceImpl@465f8e72]
13:32:50.415 [Test worker] DEBUG org.hibernate.persister.walking.spi.MetamodelGraphWalker - Visiting attribute path : pattern
13:32:50.415 [Test worker] DEBUG org.hibernate.persister.walking.spi.MetamodelGraphWalker - Visiting attribute path : planArt
13:32:50.415 [Test worker] DEBUG org.hibernate.persister.walking.spi.MetamodelGraphWalker - Visiting attribute path : plandate
13:32:50.415 [Test worker] DEBUG org.hibernate.persister.walking.spi.MetamodelGraphWalker - Visiting attribute path : position
13:32:50.415 [Test worker] DEBUG org.hibernate.persister.walking.spi.MetamodelGraphWalker - Visiting attribute path : shortdescription
13:32:50.415 [Test worker] DEBUG org.hibernate.persister.walking.spi.MetamodelGraphWalker - Visiting attribute path : startdate
13:32:50.415 [Test worker] DEBUG org.hibernate.persister.walking.spi.MetamodelGraphWalker - Visiting attribute path : template
13:32:50.415 [Test worker] DEBUG org.hibernate.loader.plan.build.internal.spaces.QuerySpacesImpl - Adding QuerySpace : uid = <gen:2> -> org.hibernate.loader.plan.build.internal.spaces.EntityQuerySpaceImpl@1bcda628]
13:32:50.415 [Test worker] DEBUG org.hibernate.persister.walking.spi.MetamodelGraphWalker - Visiting attribute path : wert
13:32:50.415 [Test worker] DEBUG org.hibernate.loader.plan.build.internal.FetchStyleLoadPlanBuildingAssociationVisitationStrategy - Building LoadPlan...
13:32:50.415 [Test worker] DEBUG org.hibernate.loader.plan.exec.internal.LoadQueryJoinAndFetchProcessor - processing queryspace <gen:0>
13:32:50.415 [Test worker] DEBUG org.hibernate.loader.plan.build.spi.LoadPlanTreePrinter - LoadPlan(entity=loc.balsen.kontospring.data.Plan)
    - Returns
       - EntityReturnImpl(entity=loc.balsen.kontospring.data.Plan, querySpaceUid=<gen:0>, path=loc.balsen.kontospring.data.Plan)
          - EntityAttributeFetchImpl(entity=loc.balsen.kontospring.data.Konto, querySpaceUid=<gen:1>, path=loc.balsen.kontospring.data.Plan.konto)
          - EntityAttributeFetchImpl(entity=loc.balsen.kontospring.data.Template, querySpaceUid=<gen:2>, path=loc.balsen.kontospring.data.Plan.template)
    - QuerySpaces
       - EntityQuerySpaceImpl(uid=<gen:0>, entity=loc.balsen.kontospring.data.Plan)
          - SQL table alias mapping - plan0_
          - alias suffix - 0_
          - suffixed key columns - {id1_3_0_}

13:32:50.415 [Test worker] DEBUG org.hibernate.loader.entity.plan.EntityLoader - Static select for entity loc.balsen.kontospring.data.Plan [PESSIMISTIC_FORCE_INCREMENT]: select plan0_.id as id1_3_0_, plan0_.creationdate as creation2_3_0_, plan0_.description as descript3_3_0_, plan0_.enddate as enddate4_3_0_, plan0_.konto as konto12_3_0_, plan0_.pattern as pattern5_3_0_, plan0_.plan_art as plan_art6_3_0_, plan0_.plandate as plandate7_3_0_, plan0_.position as position8_3_0_, plan0_.shortdescription as shortdes9_3_0_, plan0_.startdate as startda10_3_0_, plan0_.template as templat13_3_0_, plan0_.wert as wert11_3_0_ from plan plan0_ where plan0_.id=? for update
13:32:50.415 [Test worker] DEBUG org.hibernate.loader.plan.build.internal.spaces.QuerySpacesImpl - Adding QuerySpace : uid = <gen:0> -> org.hibernate.loader.plan.build.internal.spaces.EntityQuerySpaceImpl@27b3bbf0]
13:32:50.415 [Test worker] DEBUG org.hibernate.persister.walking.spi.MetamodelGraphWalker - Visiting attribute path : creationdate
13:32:50.415 [Test worker] DEBUG org.hibernate.persister.walking.spi.MetamodelGraphWalker - Visiting attribute path : description
13:32:50.415 [Test worker] DEBUG org.hibernate.persister.walking.spi.MetamodelGraphWalker - Visiting attribute path : enddate
13:32:50.415 [Test worker] DEBUG org.hibernate.persister.walking.spi.MetamodelGraphWalker - Visiting attribute path : konto
13:32:50.416 [Test worker] DEBUG org.hibernate.loader.plan.build.internal.spaces.QuerySpacesImpl - Adding QuerySpace : uid = <gen:1> -> org.hibernate.loader.plan.build.internal.spaces.EntityQuerySpaceImpl@41fd3bfc]
13:32:50.416 [Test worker] DEBUG org.hibernate.persister.walking.spi.MetamodelGraphWalker - Visiting attribute path : pattern
13:32:50.416 [Test worker] DEBUG org.hibernate.persister.walking.spi.MetamodelGraphWalker - Visiting attribute path : planArt
13:32:50.416 [Test worker] DEBUG org.hibernate.persister.walking.spi.MetamodelGraphWalker - Visiting attribute path : plandate
13:32:50.416 [Test worker] DEBUG org.hibernate.persister.walking.spi.MetamodelGraphWalker - Visiting attribute path : position
13:32:50.416 [Test worker] DEBUG org.hibernate.persister.walking.spi.MetamodelGraphWalker - Visiting attribute path : shortdescription
13:32:50.416 [Test worker] DEBUG org.hibernate.persister.walking.spi.MetamodelGraphWalker - Visiting attribute path : startdate
13:32:50.416 [Test worker] DEBUG org.hibernate.persister.walking.spi.MetamodelGraphWalker - Visiting attribute path : template
13:32:50.416 [Test worker] DEBUG org.hibernate.loader.plan.build.internal.spaces.QuerySpacesImpl - Adding QuerySpace : uid = <gen:2> -> org.hibernate.loader.plan.build.internal.spaces.EntityQuerySpaceImpl@3777390d]
13:32:50.416 [Test worker] DEBUG org.hibernate.persister.walking.spi.MetamodelGraphWalker - Visiting attribute path : wert
13:32:50.416 [Test worker] DEBUG org.hibernate.loader.plan.build.internal.FetchStyleLoadPlanBuildingAssociationVisitationStrategy - Building LoadPlan...
13:32:50.416 [Test worker] DEBUG org.hibernate.loader.plan.exec.internal.LoadQueryJoinAndFetchProcessor - processing queryspace <gen:0>
13:32:50.416 [Test worker] DEBUG org.hibernate.loader.plan.build.spi.LoadPlanTreePrinter - LoadPlan(entity=loc.balsen.kontospring.data.Plan)
    - Returns
       - EntityReturnImpl(entity=loc.balsen.kontospring.data.Plan, querySpaceUid=<gen:0>, path=loc.balsen.kontospring.data.Plan)
          - EntityAttributeFetchImpl(entity=loc.balsen.kontospring.data.Konto, querySpaceUid=<gen:1>, path=loc.balsen.kontospring.data.Plan.konto)
          - EntityAttributeFetchImpl(entity=loc.balsen.kontospring.data.Template, querySpaceUid=<gen:2>, path=loc.balsen.kontospring.data.Plan.template)
    - QuerySpaces
       - EntityQuerySpaceImpl(uid=<gen:0>, entity=loc.balsen.kontospring.data.Plan)
          - SQL table alias mapping - plan0_
          - alias suffix - 0_
          - suffixed key columns - {id1_3_0_}

13:32:50.416 [Test worker] DEBUG org.hibernate.loader.entity.plan.EntityLoader - Static select for entity loc.balsen.kontospring.data.Plan [OPTIMISTIC]: select plan0_.id as id1_3_0_, plan0_.creationdate as creation2_3_0_, plan0_.description as descript3_3_0_, plan0_.enddate as enddate4_3_0_, plan0_.konto as konto12_3_0_, plan0_.pattern as pattern5_3_0_, plan0_.plan_art as plan_art6_3_0_, plan0_.plandate as plandate7_3_0_, plan0_.position as position8_3_0_, plan0_.shortdescription as shortdes9_3_0_, plan0_.startdate as startda10_3_0_, plan0_.template as templat13_3_0_, plan0_.wert as wert11_3_0_ from plan plan0_ where plan0_.id=?
13:32:50.416 [Test worker] DEBUG org.hibernate.loader.plan.build.internal.spaces.QuerySpacesImpl - Adding QuerySpace : uid = <gen:0> -> org.hibernate.loader.plan.build.internal.spaces.EntityQuerySpaceImpl@da17828]
13:32:50.416 [Test worker] DEBUG org.hibernate.persister.walking.spi.MetamodelGraphWalker - Visiting attribute path : creationdate
13:32:50.416 [Test worker] DEBUG org.hibernate.persister.walking.spi.MetamodelGraphWalker - Visiting attribute path : description
13:32:50.416 [Test worker] DEBUG org.hibernate.persister.walking.spi.MetamodelGraphWalker - Visiting attribute path : enddate
13:32:50.416 [Test worker] DEBUG org.hibernate.persister.walking.spi.MetamodelGraphWalker - Visiting attribute path : konto
13:32:50.416 [Test worker] DEBUG org.hibernate.loader.plan.build.internal.spaces.QuerySpacesImpl - Adding QuerySpace : uid = <gen:1> -> org.hibernate.loader.plan.build.internal.spaces.EntityQuerySpaceImpl@654b7e3]
13:32:50.416 [Test worker] DEBUG org.hibernate.persister.walking.spi.MetamodelGraphWalker - Visiting attribute path : pattern
13:32:50.416 [Test worker] DEBUG org.hibernate.persister.walking.spi.MetamodelGraphWalker - Visiting attribute path : planArt
13:32:50.416 [Test worker] DEBUG org.hibernate.persister.walking.spi.MetamodelGraphWalker - Visiting attribute path : plandate
13:32:50.416 [Test worker] DEBUG org.hibernate.persister.walking.spi.MetamodelGraphWalker - Visiting attribute path : position
13:32:50.416 [Test worker] DEBUG org.hibernate.persister.walking.spi.MetamodelGraphWalker - Visiting attribute path : shortdescription
13:32:50.416 [Test worker] DEBUG org.hibernate.persister.walking.spi.MetamodelGraphWalker - Visiting attribute path : startdate
13:32:50.416 [Test worker] DEBUG org.hibernate.persister.walking.spi.MetamodelGraphWalker - Visiting attribute path : template
13:32:50.416 [Test worker] DEBUG org.hibernate.loader.plan.build.internal.spaces.QuerySpacesImpl - Adding QuerySpace : uid = <gen:2> -> org.hibernate.loader.plan.build.internal.spaces.EntityQuerySpaceImpl@8e54975]
13:32:50.416 [Test worker] DEBUG org.hibernate.persister.walking.spi.MetamodelGraphWalker - Visiting attribute path : wert
13:32:50.416 [Test worker] DEBUG org.hibernate.loader.plan.build.internal.FetchStyleLoadPlanBuildingAssociationVisitationStrategy - Building LoadPlan...
13:32:50.416 [Test worker] DEBUG org.hibernate.loader.plan.exec.internal.LoadQueryJoinAndFetchProcessor - processing queryspace <gen:0>
13:32:50.416 [Test worker] DEBUG org.hibernate.loader.plan.build.spi.LoadPlanTreePrinter - LoadPlan(entity=loc.balsen.kontospring.data.Plan)
    - Returns
       - EntityReturnImpl(entity=loc.balsen.kontospring.data.Plan, querySpaceUid=<gen:0>, path=loc.balsen.kontospring.data.Plan)
          - EntityAttributeFetchImpl(entity=loc.balsen.kontospring.data.Konto, querySpaceUid=<gen:1>, path=loc.balsen.kontospring.data.Plan.konto)
          - EntityAttributeFetchImpl(entity=loc.balsen.kontospring.data.Template, querySpaceUid=<gen:2>, path=loc.balsen.kontospring.data.Plan.template)
    - QuerySpaces
       - EntityQuerySpaceImpl(uid=<gen:0>, entity=loc.balsen.kontospring.data.Plan)
          - SQL table alias mapping - plan0_
          - alias suffix - 0_
          - suffixed key columns - {id1_3_0_}

13:32:50.416 [Test worker] DEBUG org.hibernate.loader.entity.plan.EntityLoader - Static select for entity loc.balsen.kontospring.data.Plan [OPTIMISTIC_FORCE_INCREMENT]: select plan0_.id as id1_3_0_, plan0_.creationdate as creation2_3_0_, plan0_.description as descript3_3_0_, plan0_.enddate as enddate4_3_0_, plan0_.konto as konto12_3_0_, plan0_.pattern as pattern5_3_0_, plan0_.plan_art as plan_art6_3_0_, plan0_.plandate as plandate7_3_0_, plan0_.position as position8_3_0_, plan0_.shortdescription as shortdes9_3_0_, plan0_.startdate as startda10_3_0_, plan0_.template as templat13_3_0_, plan0_.wert as wert11_3_0_ from plan plan0_ where plan0_.id=?
13:32:50.416 [Test worker] DEBUG org.hibernate.loader.Loader - Static select for action ACTION_MERGE on entity loc.balsen.kontospring.data.Plan: select plan0_.id as id1_3_0_, plan0_.creationdate as creation2_3_0_, plan0_.description as descript3_3_0_, plan0_.enddate as enddate4_3_0_, plan0_.konto as konto12_3_0_, plan0_.pattern as pattern5_3_0_, plan0_.plan_art as plan_art6_3_0_, plan0_.plandate as plandate7_3_0_, plan0_.position as position8_3_0_, plan0_.shortdescription as shortdes9_3_0_, plan0_.startdate as startda10_3_0_, plan0_.template as templat13_3_0_, plan0_.wert as wert11_3_0_ from plan plan0_ where plan0_.id=?
13:32:50.416 [Test worker] DEBUG org.hibernate.loader.Loader - Static select for action ACTION_REFRESH on entity loc.balsen.kontospring.data.Plan: select plan0_.id as id1_3_0_, plan0_.creationdate as creation2_3_0_, plan0_.description as descript3_3_0_, plan0_.enddate as enddate4_3_0_, plan0_.konto as konto12_3_0_, plan0_.pattern as pattern5_3_0_, plan0_.plan_art as plan_art6_3_0_, plan0_.plandate as plandate7_3_0_, plan0_.position as position8_3_0_, plan0_.shortdescription as shortdes9_3_0_, plan0_.startdate as startda10_3_0_, plan0_.template as templat13_3_0_, plan0_.wert as wert11_3_0_ from plan plan0_ where plan0_.id=?
13:32:50.417 [Test worker] DEBUG org.hibernate.persister.entity.AbstractEntityPersister - Static SQL for entity: loc.balsen.kontospring.data.Konto
13:32:50.417 [Test worker] DEBUG org.hibernate.persister.entity.AbstractEntityPersister -  Version select: select id from konto where id =?
13:32:50.417 [Test worker] DEBUG org.hibernate.persister.entity.AbstractEntityPersister -  Snapshot select: select konto_.id, konto_.art as art2_1_, konto_.description as descript3_1_, konto_.id_gruppe as id_grupp5_1_, konto_.shortdescription as shortdes4_1_ from konto konto_ where konto_.id=?
13:32:50.417 [Test worker] DEBUG org.hibernate.persister.entity.AbstractEntityPersister -  Insert 0: insert into konto (art, description, id_gruppe, shortdescription, id) values (?, ?, ?, ?, ?)
13:32:50.417 [Test worker] DEBUG org.hibernate.persister.entity.AbstractEntityPersister -  Update 0: update konto set art=?, description=?, id_gruppe=?, shortdescription=? where id=?
13:32:50.417 [Test worker] DEBUG org.hibernate.persister.entity.AbstractEntityPersister -  Delete 0: delete from konto where id=?
13:32:50.417 [Test worker] DEBUG org.hibernate.loader.plan.build.internal.spaces.QuerySpacesImpl - Adding QuerySpace : uid = <gen:0> -> org.hibernate.loader.plan.build.internal.spaces.EntityQuerySpaceImpl@e830079]
13:32:50.417 [Test worker] DEBUG org.hibernate.persister.walking.spi.MetamodelGraphWalker - Visiting attribute path : art
13:32:50.417 [Test worker] DEBUG org.hibernate.persister.walking.spi.MetamodelGraphWalker - Visiting attribute path : description
13:32:50.417 [Test worker] DEBUG org.hibernate.persister.walking.spi.MetamodelGraphWalker - Visiting attribute path : kontoGruppe
13:32:50.417 [Test worker] DEBUG org.hibernate.loader.plan.build.internal.spaces.QuerySpacesImpl - Adding QuerySpace : uid = <gen:1> -> org.hibernate.loader.plan.build.internal.spaces.EntityQuerySpaceImpl@7191ea82]
13:32:50.417 [Test worker] DEBUG org.hibernate.persister.walking.spi.MetamodelGraphWalker - Visiting attribute path : kontoGruppe.description
13:32:50.417 [Test worker] DEBUG org.hibernate.persister.walking.spi.MetamodelGraphWalker - Visiting attribute path : kontoGruppe.shortdescription
13:32:50.417 [Test worker] DEBUG org.hibernate.persister.walking.spi.MetamodelGraphWalker - Visiting attribute path : shortdescription
13:32:50.417 [Test worker] DEBUG org.hibernate.loader.plan.build.internal.FetchStyleLoadPlanBuildingAssociationVisitationStrategy - Building LoadPlan...
13:32:50.417 [Test worker] DEBUG org.hibernate.loader.plan.exec.internal.LoadQueryJoinAndFetchProcessor - processing queryspace <gen:0>
13:32:50.417 [Test worker] DEBUG org.hibernate.loader.plan.build.spi.LoadPlanTreePrinter - LoadPlan(entity=loc.balsen.kontospring.data.Konto)
    - Returns
       - EntityReturnImpl(entity=loc.balsen.kontospring.data.Konto, querySpaceUid=<gen:0>, path=loc.balsen.kontospring.data.Konto)
          - EntityAttributeFetchImpl(entity=loc.balsen.kontospring.data.KontoGruppe, querySpaceUid=<gen:1>, path=loc.balsen.kontospring.data.Konto.kontoGruppe)
    - QuerySpaces
       - EntityQuerySpaceImpl(uid=<gen:0>, entity=loc.balsen.kontospring.data.Konto)
          - SQL table alias mapping - konto0_
          - alias suffix - 0_
          - suffixed key columns - {id1_1_0_}
          - JOIN (JoinDefinedByMetadata(kontoGruppe)) : <gen:0> -> <gen:1>
             - EntityQuerySpaceImpl(uid=<gen:1>, entity=loc.balsen.kontospring.data.KontoGruppe)
                - SQL table alias mapping - kontogrupp1_
                - alias suffix - 1_
                - suffixed key columns - {id1_2_1_}

13:32:50.417 [Test worker] DEBUG org.hibernate.loader.entity.plan.EntityLoader - Static select for entity loc.balsen.kontospring.data.Konto [NONE]: select konto0_.id as id1_1_0_, konto0_.art as art2_1_0_, konto0_.description as descript3_1_0_, konto0_.id_gruppe as id_grupp5_1_0_, konto0_.shortdescription as shortdes4_1_0_, kontogrupp1_.id as id1_2_1_, kontogrupp1_.description as descript2_2_1_, kontogrupp1_.shortdescription as shortdes3_2_1_ from konto konto0_ left outer join konto_gruppe kontogrupp1_ on konto0_.id_gruppe=kontogrupp1_.id where konto0_.id=?
13:32:50.417 [Test worker] DEBUG org.hibernate.loader.plan.build.internal.spaces.QuerySpacesImpl - Adding QuerySpace : uid = <gen:0> -> org.hibernate.loader.plan.build.internal.spaces.EntityQuerySpaceImpl@458bf9e6]
13:32:50.417 [Test worker] DEBUG org.hibernate.persister.walking.spi.MetamodelGraphWalker - Visiting attribute path : art
13:32:50.417 [Test worker] DEBUG org.hibernate.persister.walking.spi.MetamodelGraphWalker - Visiting attribute path : description
13:32:50.417 [Test worker] DEBUG org.hibernate.persister.walking.spi.MetamodelGraphWalker - Visiting attribute path : kontoGruppe
13:32:50.417 [Test worker] DEBUG org.hibernate.loader.plan.build.internal.spaces.QuerySpacesImpl - Adding QuerySpace : uid = <gen:1> -> org.hibernate.loader.plan.build.internal.spaces.EntityQuerySpaceImpl@24d2a47b]
13:32:50.417 [Test worker] DEBUG org.hibernate.persister.walking.spi.MetamodelGraphWalker - Visiting attribute path : kontoGruppe.description
13:32:50.417 [Test worker] DEBUG org.hibernate.persister.walking.spi.MetamodelGraphWalker - Visiting attribute path : kontoGruppe.shortdescription
13:32:50.418 [Test worker] DEBUG org.hibernate.persister.walking.spi.MetamodelGraphWalker - Visiting attribute path : shortdescription
13:32:50.418 [Test worker] DEBUG org.hibernate.loader.plan.build.internal.FetchStyleLoadPlanBuildingAssociationVisitationStrategy - Building LoadPlan...
13:32:50.418 [Test worker] DEBUG org.hibernate.loader.plan.exec.internal.LoadQueryJoinAndFetchProcessor - processing queryspace <gen:0>
13:32:50.418 [Test worker] DEBUG org.hibernate.loader.plan.build.spi.LoadPlanTreePrinter - LoadPlan(entity=loc.balsen.kontospring.data.Konto)
    - Returns
       - EntityReturnImpl(entity=loc.balsen.kontospring.data.Konto, querySpaceUid=<gen:0>, path=loc.balsen.kontospring.data.Konto)
          - EntityAttributeFetchImpl(entity=loc.balsen.kontospring.data.KontoGruppe, querySpaceUid=<gen:1>, path=loc.balsen.kontospring.data.Konto.kontoGruppe)
    - QuerySpaces
       - EntityQuerySpaceImpl(uid=<gen:0>, entity=loc.balsen.kontospring.data.Konto)
          - SQL table alias mapping - konto0_
          - alias suffix - 0_
          - suffixed key columns - {id1_1_0_}
          - JOIN (JoinDefinedByMetadata(kontoGruppe)) : <gen:0> -> <gen:1>
             - EntityQuerySpaceImpl(uid=<gen:1>, entity=loc.balsen.kontospring.data.KontoGruppe)
                - SQL table alias mapping - kontogrupp1_
                - alias suffix - 1_
                - suffixed key columns - {id1_2_1_}

13:32:50.418 [Test worker] DEBUG org.hibernate.loader.entity.plan.EntityLoader - Static select for entity loc.balsen.kontospring.data.Konto [READ]: select konto0_.id as id1_1_0_, konto0_.art as art2_1_0_, konto0_.description as descript3_1_0_, konto0_.id_gruppe as id_grupp5_1_0_, konto0_.shortdescription as shortdes4_1_0_, kontogrupp1_.id as id1_2_1_, kontogrupp1_.description as descript2_2_1_, kontogrupp1_.shortdescription as shortdes3_2_1_ from konto konto0_ left outer join konto_gruppe kontogrupp1_ on konto0_.id_gruppe=kontogrupp1_.id where konto0_.id=?
13:32:50.418 [Test worker] DEBUG org.hibernate.loader.plan.build.internal.spaces.QuerySpacesImpl - Adding QuerySpace : uid = <gen:0> -> org.hibernate.loader.plan.build.internal.spaces.EntityQuerySpaceImpl@f6e134]
13:32:50.418 [Test worker] DEBUG org.hibernate.persister.walking.spi.MetamodelGraphWalker - Visiting attribute path : art
13:32:50.418 [Test worker] DEBUG org.hibernate.persister.walking.spi.MetamodelGraphWalker - Visiting attribute path : description
13:32:50.418 [Test worker] DEBUG org.hibernate.persister.walking.spi.MetamodelGraphWalker - Visiting attribute path : kontoGruppe
13:32:50.418 [Test worker] DEBUG org.hibernate.loader.plan.build.internal.spaces.QuerySpacesImpl - Adding QuerySpace : uid = <gen:1> -> org.hibernate.loader.plan.build.internal.spaces.EntityQuerySpaceImpl@27cbe552]
13:32:50.418 [Test worker] DEBUG org.hibernate.persister.walking.spi.MetamodelGraphWalker - Visiting attribute path : shortdescription
13:32:50.418 [Test worker] DEBUG org.hibernate.loader.plan.build.internal.FetchStyleLoadPlanBuildingAssociationVisitationStrategy - Building LoadPlan...
13:32:50.418 [Test worker] DEBUG org.hibernate.loader.plan.exec.internal.LoadQueryJoinAndFetchProcessor - processing queryspace <gen:0>
13:32:50.418 [Test worker] DEBUG org.hibernate.loader.plan.build.spi.LoadPlanTreePrinter - LoadPlan(entity=loc.balsen.kontospring.data.Konto)
    - Returns
       - EntityReturnImpl(entity=loc.balsen.kontospring.data.Konto, querySpaceUid=<gen:0>, path=loc.balsen.kontospring.data.Konto)
          - EntityAttributeFetchImpl(entity=loc.balsen.kontospring.data.KontoGruppe, querySpaceUid=<gen:1>, path=loc.balsen.kontospring.data.Konto.kontoGruppe)
    - QuerySpaces
       - EntityQuerySpaceImpl(uid=<gen:0>, entity=loc.balsen.kontospring.data.Konto)
          - SQL table alias mapping - konto0_
          - alias suffix - 0_
          - suffixed key columns - {id1_1_0_}

13:32:50.418 [Test worker] DEBUG org.hibernate.loader.entity.plan.EntityLoader - Static select for entity loc.balsen.kontospring.data.Konto [UPGRADE]: select konto0_.id as id1_1_0_, konto0_.art as art2_1_0_, konto0_.description as descript3_1_0_, konto0_.id_gruppe as id_grupp5_1_0_, konto0_.shortdescription as shortdes4_1_0_ from konto konto0_ where konto0_.id=? for update
13:32:50.418 [Test worker] DEBUG org.hibernate.loader.plan.build.internal.spaces.QuerySpacesImpl - Adding QuerySpace : uid = <gen:0> -> org.hibernate.loader.plan.build.internal.spaces.EntityQuerySpaceImpl@7ec02c6a]
13:32:50.418 [Test worker] DEBUG org.hibernate.persister.walking.spi.MetamodelGraphWalker - Visiting attribute path : art
13:32:50.419 [Test worker] DEBUG org.hibernate.persister.walking.spi.MetamodelGraphWalker - Visiting attribute path : description
13:32:50.419 [Test worker] DEBUG org.hibernate.persister.walking.spi.MetamodelGraphWalker - Visiting attribute path : kontoGruppe
13:32:50.419 [Test worker] DEBUG org.hibernate.loader.plan.build.internal.spaces.QuerySpacesImpl - Adding QuerySpace : uid = <gen:1> -> org.hibernate.loader.plan.build.internal.spaces.EntityQuerySpaceImpl@41a01b8]
13:32:50.419 [Test worker] DEBUG org.hibernate.persister.walking.spi.MetamodelGraphWalker - Visiting attribute path : shortdescription
13:32:50.419 [Test worker] DEBUG org.hibernate.loader.plan.build.internal.FetchStyleLoadPlanBuildingAssociationVisitationStrategy - Building LoadPlan...
13:32:50.419 [Test worker] DEBUG org.hibernate.loader.plan.exec.internal.LoadQueryJoinAndFetchProcessor - processing queryspace <gen:0>
13:32:50.419 [Test worker] DEBUG org.hibernate.loader.plan.build.spi.LoadPlanTreePrinter - LoadPlan(entity=loc.balsen.kontospring.data.Konto)
    - Returns
       - EntityReturnImpl(entity=loc.balsen.kontospring.data.Konto, querySpaceUid=<gen:0>, path=loc.balsen.kontospring.data.Konto)
          - EntityAttributeFetchImpl(entity=loc.balsen.kontospring.data.KontoGruppe, querySpaceUid=<gen:1>, path=loc.balsen.kontospring.data.Konto.kontoGruppe)
    - QuerySpaces
       - EntityQuerySpaceImpl(uid=<gen:0>, entity=loc.balsen.kontospring.data.Konto)
          - SQL table alias mapping - konto0_
          - alias suffix - 0_
          - suffixed key columns - {id1_1_0_}

13:32:50.419 [Test worker] DEBUG org.hibernate.loader.entity.plan.EntityLoader - Static select for entity loc.balsen.kontospring.data.Konto [UPGRADE_NOWAIT]: select konto0_.id as id1_1_0_, konto0_.art as art2_1_0_, konto0_.description as descript3_1_0_, konto0_.id_gruppe as id_grupp5_1_0_, konto0_.shortdescription as shortdes4_1_0_ from konto konto0_ where konto0_.id=? for update
13:32:50.419 [Test worker] DEBUG org.hibernate.loader.plan.build.internal.spaces.QuerySpacesImpl - Adding QuerySpace : uid = <gen:0> -> org.hibernate.loader.plan.build.internal.spaces.EntityQuerySpaceImpl@7c83951c]
13:32:50.419 [Test worker] DEBUG org.hibernate.persister.walking.spi.MetamodelGraphWalker - Visiting attribute path : art
13:32:50.419 [Test worker] DEBUG org.hibernate.persister.walking.spi.MetamodelGraphWalker - Visiting attribute path : description
13:32:50.419 [Test worker] DEBUG org.hibernate.persister.walking.spi.MetamodelGraphWalker - Visiting attribute path : kontoGruppe
13:32:50.419 [Test worker] DEBUG org.hibernate.loader.plan.build.internal.spaces.QuerySpacesImpl - Adding QuerySpace : uid = <gen:1> -> org.hibernate.loader.plan.build.internal.spaces.EntityQuerySpaceImpl@eb40693]
13:32:50.419 [Test worker] DEBUG org.hibernate.persister.walking.spi.MetamodelGraphWalker - Visiting attribute path : shortdescription
13:32:50.419 [Test worker] DEBUG org.hibernate.loader.plan.build.internal.FetchStyleLoadPlanBuildingAssociationVisitationStrategy - Building LoadPlan...
13:32:50.419 [Test worker] DEBUG org.hibernate.loader.plan.exec.internal.LoadQueryJoinAndFetchProcessor - processing queryspace <gen:0>
13:32:50.419 [Test worker] DEBUG org.hibernate.loader.plan.build.spi.LoadPlanTreePrinter - LoadPlan(entity=loc.balsen.kontospring.data.Konto)
    - Returns
       - EntityReturnImpl(entity=loc.balsen.kontospring.data.Konto, querySpaceUid=<gen:0>, path=loc.balsen.kontospring.data.Konto)
          - EntityAttributeFetchImpl(entity=loc.balsen.kontospring.data.KontoGruppe, querySpaceUid=<gen:1>, path=loc.balsen.kontospring.data.Konto.kontoGruppe)
    - QuerySpaces
       - EntityQuerySpaceImpl(uid=<gen:0>, entity=loc.balsen.kontospring.data.Konto)
          - SQL table alias mapping - konto0_
          - alias suffix - 0_
          - suffixed key columns - {id1_1_0_}

13:32:50.419 [Test worker] DEBUG org.hibernate.loader.entity.plan.EntityLoader - Static select for entity loc.balsen.kontospring.data.Konto [UPGRADE_SKIPLOCKED]: select konto0_.id as id1_1_0_, konto0_.art as art2_1_0_, konto0_.description as descript3_1_0_, konto0_.id_gruppe as id_grupp5_1_0_, konto0_.shortdescription as shortdes4_1_0_ from konto konto0_ where konto0_.id=? for update
13:32:50.419 [Test worker] DEBUG org.hibernate.loader.plan.build.internal.spaces.QuerySpacesImpl - Adding QuerySpace : uid = <gen:0> -> org.hibernate.loader.plan.build.internal.spaces.EntityQuerySpaceImpl@5a77d13c]
13:32:50.419 [Test worker] DEBUG org.hibernate.persister.walking.spi.MetamodelGraphWalker - Visiting attribute path : art
13:32:50.420 [Test worker] DEBUG org.hibernate.persister.walking.spi.MetamodelGraphWalker - Visiting attribute path : description
13:32:50.420 [Test worker] DEBUG org.hibernate.persister.walking.spi.MetamodelGraphWalker - Visiting attribute path : kontoGruppe
13:32:50.420 [Test worker] DEBUG org.hibernate.loader.plan.build.internal.spaces.QuerySpacesImpl - Adding QuerySpace : uid = <gen:1> -> org.hibernate.loader.plan.build.internal.spaces.EntityQuerySpaceImpl@43b66553]
13:32:50.420 [Test worker] DEBUG org.hibernate.persister.walking.spi.MetamodelGraphWalker - Visiting attribute path : shortdescription
13:32:50.420 [Test worker] DEBUG org.hibernate.loader.plan.build.internal.FetchStyleLoadPlanBuildingAssociationVisitationStrategy - Building LoadPlan...
13:32:50.420 [Test worker] DEBUG org.hibernate.loader.plan.exec.internal.LoadQueryJoinAndFetchProcessor - processing queryspace <gen:0>
13:32:50.420 [Test worker] DEBUG org.hibernate.loader.plan.build.spi.LoadPlanTreePrinter - LoadPlan(entity=loc.balsen.kontospring.data.Konto)
    - Returns
       - EntityReturnImpl(entity=loc.balsen.kontospring.data.Konto, querySpaceUid=<gen:0>, path=loc.balsen.kontospring.data.Konto)
          - EntityAttributeFetchImpl(entity=loc.balsen.kontospring.data.KontoGruppe, querySpaceUid=<gen:1>, path=loc.balsen.kontospring.data.Konto.kontoGruppe)
    - QuerySpaces
       - EntityQuerySpaceImpl(uid=<gen:0>, entity=loc.balsen.kontospring.data.Konto)
          - SQL table alias mapping - konto0_
          - alias suffix - 0_
          - suffixed key columns - {id1_1_0_}

13:32:50.420 [Test worker] DEBUG org.hibernate.loader.entity.plan.EntityLoader - Static select for entity loc.balsen.kontospring.data.Konto [FORCE]: select konto0_.id as id1_1_0_, konto0_.art as art2_1_0_, konto0_.description as descript3_1_0_, konto0_.id_gruppe as id_grupp5_1_0_, konto0_.shortdescription as shortdes4_1_0_ from konto konto0_ where konto0_.id=? for update
13:32:50.420 [Test worker] DEBUG org.hibernate.loader.plan.build.internal.spaces.QuerySpacesImpl - Adding QuerySpace : uid = <gen:0> -> org.hibernate.loader.plan.build.internal.spaces.EntityQuerySpaceImpl@6d987328]
13:32:50.420 [Test worker] DEBUG org.hibernate.persister.walking.spi.MetamodelGraphWalker - Visiting attribute path : art
13:32:50.420 [Test worker] DEBUG org.hibernate.persister.walking.spi.MetamodelGraphWalker - Visiting attribute path : description
13:32:50.420 [Test worker] DEBUG org.hibernate.persister.walking.spi.MetamodelGraphWalker - Visiting attribute path : kontoGruppe
13:32:50.420 [Test worker] DEBUG org.hibernate.loader.plan.build.internal.spaces.QuerySpacesImpl - Adding QuerySpace : uid = <gen:1> -> org.hibernate.loader.plan.build.internal.spaces.EntityQuerySpaceImpl@57c060e1]
13:32:50.420 [Test worker] DEBUG org.hibernate.persister.walking.spi.MetamodelGraphWalker - Visiting attribute path : shortdescription
13:32:50.420 [Test worker] DEBUG org.hibernate.loader.plan.build.internal.FetchStyleLoadPlanBuildingAssociationVisitationStrategy - Building LoadPlan...
13:32:50.420 [Test worker] DEBUG org.hibernate.loader.plan.exec.internal.LoadQueryJoinAndFetchProcessor - processing queryspace <gen:0>
13:32:50.420 [Test worker] DEBUG org.hibernate.loader.plan.build.spi.LoadPlanTreePrinter - LoadPlan(entity=loc.balsen.kontospring.data.Konto)
    - Returns
       - EntityReturnImpl(entity=loc.balsen.kontospring.data.Konto, querySpaceUid=<gen:0>, path=loc.balsen.kontospring.data.Konto)
          - EntityAttributeFetchImpl(entity=loc.balsen.kontospring.data.KontoGruppe, querySpaceUid=<gen:1>, path=loc.balsen.kontospring.data.Konto.kontoGruppe)
    - QuerySpaces
       - EntityQuerySpaceImpl(uid=<gen:0>, entity=loc.balsen.kontospring.data.Konto)
          - SQL table alias mapping - konto0_
          - alias suffix - 0_
          - suffixed key columns - {id1_1_0_}

13:32:50.420 [Test worker] DEBUG org.hibernate.loader.entity.plan.EntityLoader - Static select for entity loc.balsen.kontospring.data.Konto [PESSIMISTIC_READ]: select konto0_.id as id1_1_0_, konto0_.art as art2_1_0_, konto0_.description as descript3_1_0_, konto0_.id_gruppe as id_grupp5_1_0_, konto0_.shortdescription as shortdes4_1_0_ from konto konto0_ where konto0_.id=? for update
13:32:50.420 [Test worker] DEBUG org.hibernate.loader.plan.build.internal.spaces.QuerySpacesImpl - Adding QuerySpace : uid = <gen:0> -> org.hibernate.loader.plan.build.internal.spaces.EntityQuerySpaceImpl@27ac1bb7]
13:32:50.421 [Test worker] DEBUG org.hibernate.persister.walking.spi.MetamodelGraphWalker - Visiting attribute path : art
13:32:50.421 [Test worker] DEBUG org.hibernate.persister.walking.spi.MetamodelGraphWalker - Visiting attribute path : description
13:32:50.421 [Test worker] DEBUG org.hibernate.persister.walking.spi.MetamodelGraphWalker - Visiting attribute path : kontoGruppe
13:32:50.421 [Test worker] DEBUG org.hibernate.loader.plan.build.internal.spaces.QuerySpacesImpl - Adding QuerySpace : uid = <gen:1> -> org.hibernate.loader.plan.build.internal.spaces.EntityQuerySpaceImpl@151133ee]
13:32:50.421 [Test worker] DEBUG org.hibernate.persister.walking.spi.MetamodelGraphWalker - Visiting attribute path : shortdescription
13:32:50.421 [Test worker] DEBUG org.hibernate.loader.plan.build.internal.FetchStyleLoadPlanBuildingAssociationVisitationStrategy - Building LoadPlan...
13:32:50.421 [Test worker] DEBUG org.hibernate.loader.plan.exec.internal.LoadQueryJoinAndFetchProcessor - processing queryspace <gen:0>
13:32:50.421 [Test worker] DEBUG org.hibernate.loader.plan.build.spi.LoadPlanTreePrinter - LoadPlan(entity=loc.balsen.kontospring.data.Konto)
    - Returns
       - EntityReturnImpl(entity=loc.balsen.kontospring.data.Konto, querySpaceUid=<gen:0>, path=loc.balsen.kontospring.data.Konto)
          - EntityAttributeFetchImpl(entity=loc.balsen.kontospring.data.KontoGruppe, querySpaceUid=<gen:1>, path=loc.balsen.kontospring.data.Konto.kontoGruppe)
    - QuerySpaces
       - EntityQuerySpaceImpl(uid=<gen:0>, entity=loc.balsen.kontospring.data.Konto)
          - SQL table alias mapping - konto0_
          - alias suffix - 0_
          - suffixed key columns - {id1_1_0_}

13:32:50.421 [Test worker] DEBUG org.hibernate.loader.entity.plan.EntityLoader - Static select for entity loc.balsen.kontospring.data.Konto [PESSIMISTIC_WRITE]: select konto0_.id as id1_1_0_, konto0_.art as art2_1_0_, konto0_.description as descript3_1_0_, konto0_.id_gruppe as id_grupp5_1_0_, konto0_.shortdescription as shortdes4_1_0_ from konto konto0_ where konto0_.id=? for update
13:32:50.421 [Test worker] DEBUG org.hibernate.loader.plan.build.internal.spaces.QuerySpacesImpl - Adding QuerySpace : uid = <gen:0> -> org.hibernate.loader.plan.build.internal.spaces.EntityQuerySpaceImpl@41028ec5]
13:32:50.421 [Test worker] DEBUG org.hibernate.persister.walking.spi.MetamodelGraphWalker - Visiting attribute path : art
13:32:50.421 [Test worker] DEBUG org.hibernate.persister.walking.spi.MetamodelGraphWalker - Visiting attribute path : description
13:32:50.421 [Test worker] DEBUG org.hibernate.persister.walking.spi.MetamodelGraphWalker - Visiting attribute path : kontoGruppe
13:32:50.421 [Test worker] DEBUG org.hibernate.loader.plan.build.internal.spaces.QuerySpacesImpl - Adding QuerySpace : uid = <gen:1> -> org.hibernate.loader.plan.build.internal.spaces.EntityQuerySpaceImpl@16cd588b]
13:32:50.421 [Test worker] DEBUG org.hibernate.persister.walking.spi.MetamodelGraphWalker - Visiting attribute path : shortdescription
13:32:50.421 [Test worker] DEBUG org.hibernate.loader.plan.build.internal.FetchStyleLoadPlanBuildingAssociationVisitationStrategy - Building LoadPlan...
13:32:50.421 [Test worker] DEBUG org.hibernate.loader.plan.exec.internal.LoadQueryJoinAndFetchProcessor - processing queryspace <gen:0>
13:32:50.421 [Test worker] DEBUG org.hibernate.loader.plan.build.spi.LoadPlanTreePrinter - LoadPlan(entity=loc.balsen.kontospring.data.Konto)
    - Returns
       - EntityReturnImpl(entity=loc.balsen.kontospring.data.Konto, querySpaceUid=<gen:0>, path=loc.balsen.kontospring.data.Konto)
          - EntityAttributeFetchImpl(entity=loc.balsen.kontospring.data.KontoGruppe, querySpaceUid=<gen:1>, path=loc.balsen.kontospring.data.Konto.kontoGruppe)
    - QuerySpaces
       - EntityQuerySpaceImpl(uid=<gen:0>, entity=loc.balsen.kontospring.data.Konto)
          - SQL table alias mapping - konto0_
          - alias suffix - 0_
          - suffixed key columns - {id1_1_0_}

13:32:50.421 [Test worker] DEBUG org.hibernate.loader.entity.plan.EntityLoader - Static select for entity loc.balsen.kontospring.data.Konto [PESSIMISTIC_FORCE_INCREMENT]: select konto0_.id as id1_1_0_, konto0_.art as art2_1_0_, konto0_.description as descript3_1_0_, konto0_.id_gruppe as id_grupp5_1_0_, konto0_.shortdescription as shortdes4_1_0_ from konto konto0_ where konto0_.id=? for update
13:32:50.421 [Test worker] DEBUG org.hibernate.loader.plan.build.internal.spaces.QuerySpacesImpl - Adding QuerySpace : uid = <gen:0> -> org.hibernate.loader.plan.build.internal.spaces.EntityQuerySpaceImpl@a5f97ff]
13:32:50.421 [Test worker] DEBUG org.hibernate.persister.walking.spi.MetamodelGraphWalker - Visiting attribute path : art
13:32:50.421 [Test worker] DEBUG org.hibernate.persister.walking.spi.MetamodelGraphWalker - Visiting attribute path : description
13:32:50.421 [Test worker] DEBUG org.hibernate.persister.walking.spi.MetamodelGraphWalker - Visiting attribute path : kontoGruppe
13:32:50.421 [Test worker] DEBUG org.hibernate.loader.plan.build.internal.spaces.QuerySpacesImpl - Adding QuerySpace : uid = <gen:1> -> org.hibernate.loader.plan.build.internal.spaces.EntityQuerySpaceImpl@7b490015]
13:32:50.422 [Test worker] DEBUG org.hibernate.persister.walking.spi.MetamodelGraphWalker - Visiting attribute path : shortdescription
13:32:50.422 [Test worker] DEBUG org.hibernate.loader.plan.build.internal.FetchStyleLoadPlanBuildingAssociationVisitationStrategy - Building LoadPlan...
13:32:50.422 [Test worker] DEBUG org.hibernate.loader.plan.exec.internal.LoadQueryJoinAndFetchProcessor - processing queryspace <gen:0>
13:32:50.422 [Test worker] DEBUG org.hibernate.loader.plan.build.spi.LoadPlanTreePrinter - LoadPlan(entity=loc.balsen.kontospring.data.Konto)
    - Returns
       - EntityReturnImpl(entity=loc.balsen.kontospring.data.Konto, querySpaceUid=<gen:0>, path=loc.balsen.kontospring.data.Konto)
          - EntityAttributeFetchImpl(entity=loc.balsen.kontospring.data.KontoGruppe, querySpaceUid=<gen:1>, path=loc.balsen.kontospring.data.Konto.kontoGruppe)
    - QuerySpaces
       - EntityQuerySpaceImpl(uid=<gen:0>, entity=loc.balsen.kontospring.data.Konto)
          - SQL table alias mapping - konto0_
          - alias suffix - 0_
          - suffixed key columns - {id1_1_0_}

13:32:50.422 [Test worker] DEBUG org.hibernate.loader.entity.plan.EntityLoader - Static select for entity loc.balsen.kontospring.data.Konto [OPTIMISTIC]: select konto0_.id as id1_1_0_, konto0_.art as art2_1_0_, konto0_.description as descript3_1_0_, konto0_.id_gruppe as id_grupp5_1_0_, konto0_.shortdescription as shortdes4_1_0_ from konto konto0_ where konto0_.id=?
13:32:50.422 [Test worker] DEBUG org.hibernate.loader.plan.build.internal.spaces.QuerySpacesImpl - Adding QuerySpace : uid = <gen:0> -> org.hibernate.loader.plan.build.internal.spaces.EntityQuerySpaceImpl@73c16f7]
13:32:50.422 [Test worker] DEBUG org.hibernate.persister.walking.spi.MetamodelGraphWalker - Visiting attribute path : art
13:32:50.422 [Test worker] DEBUG org.hibernate.persister.walking.spi.MetamodelGraphWalker - Visiting attribute path : description
13:32:50.422 [Test worker] DEBUG org.hibernate.persister.walking.spi.MetamodelGraphWalker - Visiting attribute path : kontoGruppe
13:32:50.422 [Test worker] DEBUG org.hibernate.loader.plan.build.internal.spaces.QuerySpacesImpl - Adding QuerySpace : uid = <gen:1> -> org.hibernate.loader.plan.build.internal.spaces.EntityQuerySpaceImpl@5cdf238e]
13:32:50.422 [Test worker] DEBUG org.hibernate.persister.walking.spi.MetamodelGraphWalker - Visiting attribute path : shortdescription
13:32:50.422 [Test worker] DEBUG org.hibernate.loader.plan.build.internal.FetchStyleLoadPlanBuildingAssociationVisitationStrategy - Building LoadPlan...
13:32:50.422 [Test worker] DEBUG org.hibernate.loader.plan.exec.internal.LoadQueryJoinAndFetchProcessor - processing queryspace <gen:0>
13:32:50.422 [Test worker] DEBUG org.hibernate.loader.plan.build.spi.LoadPlanTreePrinter - LoadPlan(entity=loc.balsen.kontospring.data.Konto)
    - Returns
       - EntityReturnImpl(entity=loc.balsen.kontospring.data.Konto, querySpaceUid=<gen:0>, path=loc.balsen.kontospring.data.Konto)
          - EntityAttributeFetchImpl(entity=loc.balsen.kontospring.data.KontoGruppe, querySpaceUid=<gen:1>, path=loc.balsen.kontospring.data.Konto.kontoGruppe)
    - QuerySpaces
       - EntityQuerySpaceImpl(uid=<gen:0>, entity=loc.balsen.kontospring.data.Konto)
          - SQL table alias mapping - konto0_
          - alias suffix - 0_
          - suffixed key columns - {id1_1_0_}

13:32:50.422 [Test worker] DEBUG org.hibernate.loader.entity.plan.EntityLoader - Static select for entity loc.balsen.kontospring.data.Konto [OPTIMISTIC_FORCE_INCREMENT]: select konto0_.id as id1_1_0_, konto0_.art as art2_1_0_, konto0_.description as descript3_1_0_, konto0_.id_gruppe as id_grupp5_1_0_, konto0_.shortdescription as shortdes4_1_0_ from konto konto0_ where konto0_.id=?
13:32:50.422 [Test worker] DEBUG org.hibernate.loader.Loader - Static select for action ACTION_MERGE on entity loc.balsen.kontospring.data.Konto: select konto0_.id as id1_1_0_, konto0_.art as art2_1_0_, konto0_.description as descript3_1_0_, konto0_.id_gruppe as id_grupp5_1_0_, konto0_.shortdescription as shortdes4_1_0_ from konto konto0_ where konto0_.id=?
13:32:50.422 [Test worker] DEBUG org.hibernate.loader.Loader - Static select for action ACTION_REFRESH on entity loc.balsen.kontospring.data.Konto: select konto0_.id as id1_1_0_, konto0_.art as art2_1_0_, konto0_.description as descript3_1_0_, konto0_.id_gruppe as id_grupp5_1_0_, konto0_.shortdescription as shortdes4_1_0_ from konto konto0_ where konto0_.id=?
13:32:50.423 [Test worker] DEBUG org.hibernate.persister.entity.AbstractEntityPersister - Static SQL for entity: loc.balsen.kontospring.data.PlanHistory
13:32:50.423 [Test worker] DEBUG org.hibernate.persister.entity.AbstractEntityPersister -  Version select: select id from plan_history where id =?
13:32:50.423 [Test worker] DEBUG org.hibernate.persister.entity.AbstractEntityPersister -  Snapshot select: select planhistor_.id, planhistor_.creationdate as creation2_4_, planhistor_.deactivatedate as deactiva3_4_, planhistor_.description as descript4_4_, planhistor_.enddate as enddate5_4_, planhistor_.konto as konto14_4_, planhistor_.pattern as pattern6_4_, planhistor_.plan_art as plan_art7_4_, planhistor_.plandate as plandate8_4_, planhistor_.position as position9_4_, planhistor_.shortdescription as shortde10_4_, planhistor_.startdate as startda11_4_, planhistor_.template as templat12_4_, planhistor_.wert as wert13_4_ from plan_history planhistor_ where planhistor_.id=?
13:32:50.423 [Test worker] DEBUG org.hibernate.persister.entity.AbstractEntityPersister -  Insert 0: insert into plan_history (creationdate, deactivatedate, description, enddate, konto, pattern, plan_art, plandate, position, shortdescription, startdate, template, wert, id) values (?, ?, ?, ?, ?, ?, ?, ?, ?, ?, ?, ?, ?, ?)
13:32:50.423 [Test worker] DEBUG org.hibernate.persister.entity.AbstractEntityPersister -  Update 0: update plan_history set creationdate=?, deactivatedate=?, description=?, enddate=?, konto=?, pattern=?, plan_art=?, plandate=?, position=?, shortdescription=?, startdate=?, template=?, wert=? where id=?
13:32:50.423 [Test worker] DEBUG org.hibernate.persister.entity.AbstractEntityPersister -  Delete 0: delete from plan_history where id=?
13:32:50.423 [Test worker] DEBUG org.hibernate.loader.plan.build.internal.spaces.QuerySpacesImpl - Adding QuerySpace : uid = <gen:0> -> org.hibernate.loader.plan.build.internal.spaces.EntityQuerySpaceImpl@6f25d9a8]
13:32:50.423 [Test worker] DEBUG org.hibernate.persister.walking.spi.MetamodelGraphWalker - Visiting attribute path : creationdate
13:32:50.423 [Test worker] DEBUG org.hibernate.persister.walking.spi.MetamodelGraphWalker - Visiting attribute path : deactivatedate
13:32:50.423 [Test worker] DEBUG org.hibernate.persister.walking.spi.MetamodelGraphWalker - Visiting attribute path : description
13:32:50.423 [Test worker] DEBUG org.hibernate.persister.walking.spi.MetamodelGraphWalker - Visiting attribute path : enddate
13:32:50.423 [Test worker] DEBUG org.hibernate.persister.walking.spi.MetamodelGraphWalker - Visiting attribute path : konto
13:32:50.423 [Test worker] DEBUG org.hibernate.loader.plan.build.internal.spaces.QuerySpacesImpl - Adding QuerySpace : uid = <gen:1> -> org.hibernate.loader.plan.build.internal.spaces.EntityQuerySpaceImpl@2d8a1f05]
13:32:50.423 [Test worker] DEBUG org.hibernate.persister.walking.spi.MetamodelGraphWalker - Visiting attribute path : konto.art
13:32:50.423 [Test worker] DEBUG org.hibernate.persister.walking.spi.MetamodelGraphWalker - Visiting attribute path : konto.description
13:32:50.423 [Test worker] DEBUG org.hibernate.persister.walking.spi.MetamodelGraphWalker - Visiting attribute path : konto.kontoGruppe
13:32:50.423 [Test worker] DEBUG org.hibernate.loader.plan.build.internal.spaces.QuerySpacesImpl - Adding QuerySpace : uid = <gen:2> -> org.hibernate.loader.plan.build.internal.spaces.EntityQuerySpaceImpl@49c5fa55]
13:32:50.423 [Test worker] DEBUG org.hibernate.persister.walking.spi.MetamodelGraphWalker - Visiting attribute path : konto.kontoGruppe.description
13:32:50.423 [Test worker] DEBUG org.hibernate.persister.walking.spi.MetamodelGraphWalker - Visiting attribute path : konto.kontoGruppe.shortdescription
13:32:50.423 [Test worker] DEBUG org.hibernate.persister.walking.spi.MetamodelGraphWalker - Visiting attribute path : konto.shortdescription
13:32:50.423 [Test worker] DEBUG org.hibernate.persister.walking.spi.MetamodelGraphWalker - Visiting attribute path : pattern
13:32:50.423 [Test worker] DEBUG org.hibernate.persister.walking.spi.MetamodelGraphWalker - Visiting attribute path : planArt
13:32:50.423 [Test worker] DEBUG org.hibernate.persister.walking.spi.MetamodelGraphWalker - Visiting attribute path : plandate
13:32:50.423 [Test worker] DEBUG org.hibernate.persister.walking.spi.MetamodelGraphWalker - Visiting attribute path : position
13:32:50.423 [Test worker] DEBUG org.hibernate.persister.walking.spi.MetamodelGraphWalker - Visiting attribute path : shortdescription
13:32:50.423 [Test worker] DEBUG org.hibernate.persister.walking.spi.MetamodelGraphWalker - Visiting attribute path : startdate
13:32:50.423 [Test worker] DEBUG org.hibernate.persister.walking.spi.MetamodelGraphWalker - Visiting attribute path : template
13:32:50.423 [Test worker] DEBUG org.hibernate.persister.walking.spi.MetamodelGraphWalker - Visiting attribute path : wert
13:32:50.423 [Test worker] DEBUG org.hibernate.loader.plan.build.internal.FetchStyleLoadPlanBuildingAssociationVisitationStrategy - Building LoadPlan...
13:32:50.423 [Test worker] DEBUG org.hibernate.loader.plan.exec.internal.LoadQueryJoinAndFetchProcessor - processing queryspace <gen:0>
13:32:50.424 [Test worker] DEBUG org.hibernate.loader.plan.build.spi.LoadPlanTreePrinter - LoadPlan(entity=loc.balsen.kontospring.data.PlanHistory)
    - Returns
       - EntityReturnImpl(entity=loc.balsen.kontospring.data.PlanHistory, querySpaceUid=<gen:0>, path=loc.balsen.kontospring.data.PlanHistory)
          - EntityAttributeFetchImpl(entity=loc.balsen.kontospring.data.Konto, querySpaceUid=<gen:1>, path=loc.balsen.kontospring.data.PlanHistory.konto)
             - EntityAttributeFetchImpl(entity=loc.balsen.kontospring.data.KontoGruppe, querySpaceUid=<gen:2>, path=loc.balsen.kontospring.data.PlanHistory.konto.kontoGruppe)
    - QuerySpaces
       - EntityQuerySpaceImpl(uid=<gen:0>, entity=loc.balsen.kontospring.data.PlanHistory)
          - SQL table alias mapping - planhistor0_
          - alias suffix - 0_
          - suffixed key columns - {id1_4_0_}
          - JOIN (JoinDefinedByMetadata(konto)) : <gen:0> -> <gen:1>
             - EntityQuerySpaceImpl(uid=<gen:1>, entity=loc.balsen.kontospring.data.Konto)
                - SQL table alias mapping - konto1_
                - alias suffix - 1_
                - suffixed key columns - {id1_1_1_}
                - JOIN (JoinDefinedByMetadata(kontoGruppe)) : <gen:1> -> <gen:2>
                   - EntityQuerySpaceImpl(uid=<gen:2>, entity=loc.balsen.kontospring.data.KontoGruppe)
                      - SQL table alias mapping - kontogrupp2_
                      - alias suffix - 2_
                      - suffixed key columns - {id1_2_2_}

13:32:50.424 [Test worker] DEBUG org.hibernate.loader.entity.plan.EntityLoader - Static select for entity loc.balsen.kontospring.data.PlanHistory [NONE]: select planhistor0_.id as id1_4_0_, planhistor0_.creationdate as creation2_4_0_, planhistor0_.deactivatedate as deactiva3_4_0_, planhistor0_.description as descript4_4_0_, planhistor0_.enddate as enddate5_4_0_, planhistor0_.konto as konto14_4_0_, planhistor0_.pattern as pattern6_4_0_, planhistor0_.plan_art as plan_art7_4_0_, planhistor0_.plandate as plandate8_4_0_, planhistor0_.position as position9_4_0_, planhistor0_.shortdescription as shortde10_4_0_, planhistor0_.startdate as startda11_4_0_, planhistor0_.template as templat12_4_0_, planhistor0_.wert as wert13_4_0_, konto1_.id as id1_1_1_, konto1_.art as art2_1_1_, konto1_.description as descript3_1_1_, konto1_.id_gruppe as id_grupp5_1_1_, konto1_.shortdescription as shortdes4_1_1_, kontogrupp2_.id as id1_2_2_, kontogrupp2_.description as descript2_2_2_, kontogrupp2_.shortdescription as shortdes3_2_2_ from plan_history planhistor0_ left outer join konto konto1_ on planhistor0_.konto=konto1_.id left outer join konto_gruppe kontogrupp2_ on konto1_.id_gruppe=kontogrupp2_.id where planhistor0_.id=?
13:32:50.424 [Test worker] DEBUG org.hibernate.loader.plan.build.internal.spaces.QuerySpacesImpl - Adding QuerySpace : uid = <gen:0> -> org.hibernate.loader.plan.build.internal.spaces.EntityQuerySpaceImpl@73ccafcb]
13:32:50.424 [Test worker] DEBUG org.hibernate.persister.walking.spi.MetamodelGraphWalker - Visiting attribute path : creationdate
13:32:50.424 [Test worker] DEBUG org.hibernate.persister.walking.spi.MetamodelGraphWalker - Visiting attribute path : deactivatedate
13:32:50.424 [Test worker] DEBUG org.hibernate.persister.walking.spi.MetamodelGraphWalker - Visiting attribute path : description
13:32:50.424 [Test worker] DEBUG org.hibernate.persister.walking.spi.MetamodelGraphWalker - Visiting attribute path : enddate
13:32:50.424 [Test worker] DEBUG org.hibernate.persister.walking.spi.MetamodelGraphWalker - Visiting attribute path : konto
13:32:50.424 [Test worker] DEBUG org.hibernate.loader.plan.build.internal.spaces.QuerySpacesImpl - Adding QuerySpace : uid = <gen:1> -> org.hibernate.loader.plan.build.internal.spaces.EntityQuerySpaceImpl@79ee1aed]
13:32:50.424 [Test worker] DEBUG org.hibernate.persister.walking.spi.MetamodelGraphWalker - Visiting attribute path : konto.art
13:32:50.424 [Test worker] DEBUG org.hibernate.persister.walking.spi.MetamodelGraphWalker - Visiting attribute path : konto.description
13:32:50.424 [Test worker] DEBUG org.hibernate.persister.walking.spi.MetamodelGraphWalker - Visiting attribute path : konto.kontoGruppe
13:32:50.424 [Test worker] DEBUG org.hibernate.loader.plan.build.internal.spaces.QuerySpacesImpl - Adding QuerySpace : uid = <gen:2> -> org.hibernate.loader.plan.build.internal.spaces.EntityQuerySpaceImpl@7ec12422]
13:32:50.424 [Test worker] DEBUG org.hibernate.persister.walking.spi.MetamodelGraphWalker - Visiting attribute path : konto.kontoGruppe.description
13:32:50.424 [Test worker] DEBUG org.hibernate.persister.walking.spi.MetamodelGraphWalker - Visiting attribute path : konto.kontoGruppe.shortdescription
13:32:50.424 [Test worker] DEBUG org.hibernate.persister.walking.spi.MetamodelGraphWalker - Visiting attribute path : konto.shortdescription
13:32:50.424 [Test worker] DEBUG org.hibernate.persister.walking.spi.MetamodelGraphWalker - Visiting attribute path : pattern
13:32:50.424 [Test worker] DEBUG org.hibernate.persister.walking.spi.MetamodelGraphWalker - Visiting attribute path : planArt
13:32:50.424 [Test worker] DEBUG org.hibernate.persister.walking.spi.MetamodelGraphWalker - Visiting attribute path : plandate
13:32:50.424 [Test worker] DEBUG org.hibernate.persister.walking.spi.MetamodelGraphWalker - Visiting attribute path : position
13:32:50.424 [Test worker] DEBUG org.hibernate.persister.walking.spi.MetamodelGraphWalker - Visiting attribute path : shortdescription
13:32:50.424 [Test worker] DEBUG org.hibernate.persister.walking.spi.MetamodelGraphWalker - Visiting attribute path : startdate
13:32:50.424 [Test worker] DEBUG org.hibernate.persister.walking.spi.MetamodelGraphWalker - Visiting attribute path : template
13:32:50.424 [Test worker] DEBUG org.hibernate.persister.walking.spi.MetamodelGraphWalker - Visiting attribute path : wert
13:32:50.424 [Test worker] DEBUG org.hibernate.loader.plan.build.internal.FetchStyleLoadPlanBuildingAssociationVisitationStrategy - Building LoadPlan...
13:32:50.424 [Test worker] DEBUG org.hibernate.loader.plan.exec.internal.LoadQueryJoinAndFetchProcessor - processing queryspace <gen:0>
13:32:50.424 [Test worker] DEBUG org.hibernate.loader.plan.build.spi.LoadPlanTreePrinter - LoadPlan(entity=loc.balsen.kontospring.data.PlanHistory)
    - Returns
       - EntityReturnImpl(entity=loc.balsen.kontospring.data.PlanHistory, querySpaceUid=<gen:0>, path=loc.balsen.kontospring.data.PlanHistory)
          - EntityAttributeFetchImpl(entity=loc.balsen.kontospring.data.Konto, querySpaceUid=<gen:1>, path=loc.balsen.kontospring.data.PlanHistory.konto)
             - EntityAttributeFetchImpl(entity=loc.balsen.kontospring.data.KontoGruppe, querySpaceUid=<gen:2>, path=loc.balsen.kontospring.data.PlanHistory.konto.kontoGruppe)
    - QuerySpaces
       - EntityQuerySpaceImpl(uid=<gen:0>, entity=loc.balsen.kontospring.data.PlanHistory)
          - SQL table alias mapping - planhistor0_
          - alias suffix - 0_
          - suffixed key columns - {id1_4_0_}
          - JOIN (JoinDefinedByMetadata(konto)) : <gen:0> -> <gen:1>
             - EntityQuerySpaceImpl(uid=<gen:1>, entity=loc.balsen.kontospring.data.Konto)
                - SQL table alias mapping - konto1_
                - alias suffix - 1_
                - suffixed key columns - {id1_1_1_}
                - JOIN (JoinDefinedByMetadata(kontoGruppe)) : <gen:1> -> <gen:2>
                   - EntityQuerySpaceImpl(uid=<gen:2>, entity=loc.balsen.kontospring.data.KontoGruppe)
                      - SQL table alias mapping - kontogrupp2_
                      - alias suffix - 2_
                      - suffixed key columns - {id1_2_2_}

13:32:50.424 [Test worker] DEBUG org.hibernate.loader.entity.plan.EntityLoader - Static select for entity loc.balsen.kontospring.data.PlanHistory [READ]: select planhistor0_.id as id1_4_0_, planhistor0_.creationdate as creation2_4_0_, planhistor0_.deactivatedate as deactiva3_4_0_, planhistor0_.description as descript4_4_0_, planhistor0_.enddate as enddate5_4_0_, planhistor0_.konto as konto14_4_0_, planhistor0_.pattern as pattern6_4_0_, planhistor0_.plan_art as plan_art7_4_0_, planhistor0_.plandate as plandate8_4_0_, planhistor0_.position as position9_4_0_, planhistor0_.shortdescription as shortde10_4_0_, planhistor0_.startdate as startda11_4_0_, planhistor0_.template as templat12_4_0_, planhistor0_.wert as wert13_4_0_, konto1_.id as id1_1_1_, konto1_.art as art2_1_1_, konto1_.description as descript3_1_1_, konto1_.id_gruppe as id_grupp5_1_1_, konto1_.shortdescription as shortdes4_1_1_, kontogrupp2_.id as id1_2_2_, kontogrupp2_.description as descript2_2_2_, kontogrupp2_.shortdescription as shortdes3_2_2_ from plan_history planhistor0_ left outer join konto konto1_ on planhistor0_.konto=konto1_.id left outer join konto_gruppe kontogrupp2_ on konto1_.id_gruppe=kontogrupp2_.id where planhistor0_.id=?
13:32:50.425 [Test worker] DEBUG org.hibernate.loader.plan.build.internal.spaces.QuerySpacesImpl - Adding QuerySpace : uid = <gen:0> -> org.hibernate.loader.plan.build.internal.spaces.EntityQuerySpaceImpl@126b9883]
13:32:50.425 [Test worker] DEBUG org.hibernate.persister.walking.spi.MetamodelGraphWalker - Visiting attribute path : creationdate
13:32:50.425 [Test worker] DEBUG org.hibernate.persister.walking.spi.MetamodelGraphWalker - Visiting attribute path : deactivatedate
13:32:50.425 [Test worker] DEBUG org.hibernate.persister.walking.spi.MetamodelGraphWalker - Visiting attribute path : description
13:32:50.425 [Test worker] DEBUG org.hibernate.persister.walking.spi.MetamodelGraphWalker - Visiting attribute path : enddate
13:32:50.425 [Test worker] DEBUG org.hibernate.persister.walking.spi.MetamodelGraphWalker - Visiting attribute path : konto
13:32:50.425 [Test worker] DEBUG org.hibernate.loader.plan.build.internal.spaces.QuerySpacesImpl - Adding QuerySpace : uid = <gen:1> -> org.hibernate.loader.plan.build.internal.spaces.EntityQuerySpaceImpl@26babd13]
13:32:50.425 [Test worker] DEBUG org.hibernate.persister.walking.spi.MetamodelGraphWalker - Visiting attribute path : pattern
13:32:50.425 [Test worker] DEBUG org.hibernate.persister.walking.spi.MetamodelGraphWalker - Visiting attribute path : planArt
13:32:50.425 [Test worker] DEBUG org.hibernate.persister.walking.spi.MetamodelGraphWalker - Visiting attribute path : plandate
13:32:50.425 [Test worker] DEBUG org.hibernate.persister.walking.spi.MetamodelGraphWalker - Visiting attribute path : position
13:32:50.425 [Test worker] DEBUG org.hibernate.persister.walking.spi.MetamodelGraphWalker - Visiting attribute path : shortdescription
13:32:50.425 [Test worker] DEBUG org.hibernate.persister.walking.spi.MetamodelGraphWalker - Visiting attribute path : startdate
13:32:50.425 [Test worker] DEBUG org.hibernate.persister.walking.spi.MetamodelGraphWalker - Visiting attribute path : template
13:32:50.425 [Test worker] DEBUG org.hibernate.persister.walking.spi.MetamodelGraphWalker - Visiting attribute path : wert
13:32:50.425 [Test worker] DEBUG org.hibernate.loader.plan.build.internal.FetchStyleLoadPlanBuildingAssociationVisitationStrategy - Building LoadPlan...
13:32:50.425 [Test worker] DEBUG org.hibernate.loader.plan.exec.internal.LoadQueryJoinAndFetchProcessor - processing queryspace <gen:0>
13:32:50.425 [Test worker] DEBUG org.hibernate.loader.plan.build.spi.LoadPlanTreePrinter - LoadPlan(entity=loc.balsen.kontospring.data.PlanHistory)
    - Returns
       - EntityReturnImpl(entity=loc.balsen.kontospring.data.PlanHistory, querySpaceUid=<gen:0>, path=loc.balsen.kontospring.data.PlanHistory)
          - EntityAttributeFetchImpl(entity=loc.balsen.kontospring.data.Konto, querySpaceUid=<gen:1>, path=loc.balsen.kontospring.data.PlanHistory.konto)
    - QuerySpaces
       - EntityQuerySpaceImpl(uid=<gen:0>, entity=loc.balsen.kontospring.data.PlanHistory)
          - SQL table alias mapping - planhistor0_
          - alias suffix - 0_
          - suffixed key columns - {id1_4_0_}

13:32:50.425 [Test worker] DEBUG org.hibernate.loader.entity.plan.EntityLoader - Static select for entity loc.balsen.kontospring.data.PlanHistory [UPGRADE]: select planhistor0_.id as id1_4_0_, planhistor0_.creationdate as creation2_4_0_, planhistor0_.deactivatedate as deactiva3_4_0_, planhistor0_.description as descript4_4_0_, planhistor0_.enddate as enddate5_4_0_, planhistor0_.konto as konto14_4_0_, planhistor0_.pattern as pattern6_4_0_, planhistor0_.plan_art as plan_art7_4_0_, planhistor0_.plandate as plandate8_4_0_, planhistor0_.position as position9_4_0_, planhistor0_.shortdescription as shortde10_4_0_, planhistor0_.startdate as startda11_4_0_, planhistor0_.template as templat12_4_0_, planhistor0_.wert as wert13_4_0_ from plan_history planhistor0_ where planhistor0_.id=? for update
13:32:50.425 [Test worker] DEBUG org.hibernate.loader.plan.build.internal.spaces.QuerySpacesImpl - Adding QuerySpace : uid = <gen:0> -> org.hibernate.loader.plan.build.internal.spaces.EntityQuerySpaceImpl@63a789cb]
13:32:50.425 [Test worker] DEBUG org.hibernate.persister.walking.spi.MetamodelGraphWalker - Visiting attribute path : creationdate
13:32:50.425 [Test worker] DEBUG org.hibernate.persister.walking.spi.MetamodelGraphWalker - Visiting attribute path : deactivatedate
13:32:50.425 [Test worker] DEBUG org.hibernate.persister.walking.spi.MetamodelGraphWalker - Visiting attribute path : description
13:32:50.425 [Test worker] DEBUG org.hibernate.persister.walking.spi.MetamodelGraphWalker - Visiting attribute path : enddate
13:32:50.425 [Test worker] DEBUG org.hibernate.persister.walking.spi.MetamodelGraphWalker - Visiting attribute path : konto
13:32:50.425 [Test worker] DEBUG org.hibernate.loader.plan.build.internal.spaces.QuerySpacesImpl - Adding QuerySpace : uid = <gen:1> -> org.hibernate.loader.plan.build.internal.spaces.EntityQuerySpaceImpl@17c87857]
13:32:50.425 [Test worker] DEBUG org.hibernate.persister.walking.spi.MetamodelGraphWalker - Visiting attribute path : pattern
13:32:50.425 [Test worker] DEBUG org.hibernate.persister.walking.spi.MetamodelGraphWalker - Visiting attribute path : planArt
13:32:50.425 [Test worker] DEBUG org.hibernate.persister.walking.spi.MetamodelGraphWalker - Visiting attribute path : plandate
13:32:50.425 [Test worker] DEBUG org.hibernate.persister.walking.spi.MetamodelGraphWalker - Visiting attribute path : position
13:32:50.425 [Test worker] DEBUG org.hibernate.persister.walking.spi.MetamodelGraphWalker - Visiting attribute path : shortdescription
13:32:50.425 [Test worker] DEBUG org.hibernate.persister.walking.spi.MetamodelGraphWalker - Visiting attribute path : startdate
13:32:50.425 [Test worker] DEBUG org.hibernate.persister.walking.spi.MetamodelGraphWalker - Visiting attribute path : template
13:32:50.425 [Test worker] DEBUG org.hibernate.persister.walking.spi.MetamodelGraphWalker - Visiting attribute path : wert
13:32:50.425 [Test worker] DEBUG org.hibernate.loader.plan.build.internal.FetchStyleLoadPlanBuildingAssociationVisitationStrategy - Building LoadPlan...
13:32:50.425 [Test worker] DEBUG org.hibernate.loader.plan.exec.internal.LoadQueryJoinAndFetchProcessor - processing queryspace <gen:0>
13:32:50.425 [Test worker] DEBUG org.hibernate.loader.plan.build.spi.LoadPlanTreePrinter - LoadPlan(entity=loc.balsen.kontospring.data.PlanHistory)
    - Returns
       - EntityReturnImpl(entity=loc.balsen.kontospring.data.PlanHistory, querySpaceUid=<gen:0>, path=loc.balsen.kontospring.data.PlanHistory)
          - EntityAttributeFetchImpl(entity=loc.balsen.kontospring.data.Konto, querySpaceUid=<gen:1>, path=loc.balsen.kontospring.data.PlanHistory.konto)
    - QuerySpaces
       - EntityQuerySpaceImpl(uid=<gen:0>, entity=loc.balsen.kontospring.data.PlanHistory)
          - SQL table alias mapping - planhistor0_
          - alias suffix - 0_
          - suffixed key columns - {id1_4_0_}

13:32:50.426 [Test worker] DEBUG org.hibernate.loader.entity.plan.EntityLoader - Static select for entity loc.balsen.kontospring.data.PlanHistory [UPGRADE_NOWAIT]: select planhistor0_.id as id1_4_0_, planhistor0_.creationdate as creation2_4_0_, planhistor0_.deactivatedate as deactiva3_4_0_, planhistor0_.description as descript4_4_0_, planhistor0_.enddate as enddate5_4_0_, planhistor0_.konto as konto14_4_0_, planhistor0_.pattern as pattern6_4_0_, planhistor0_.plan_art as plan_art7_4_0_, planhistor0_.plandate as plandate8_4_0_, planhistor0_.position as position9_4_0_, planhistor0_.shortdescription as shortde10_4_0_, planhistor0_.startdate as startda11_4_0_, planhistor0_.template as templat12_4_0_, planhistor0_.wert as wert13_4_0_ from plan_history planhistor0_ where planhistor0_.id=? for update
13:32:50.426 [Test worker] DEBUG org.hibernate.loader.plan.build.internal.spaces.QuerySpacesImpl - Adding QuerySpace : uid = <gen:0> -> org.hibernate.loader.plan.build.internal.spaces.EntityQuerySpaceImpl@64e91d98]
13:32:50.426 [Test worker] DEBUG org.hibernate.persister.walking.spi.MetamodelGraphWalker - Visiting attribute path : creationdate
13:32:50.426 [Test worker] DEBUG org.hibernate.persister.walking.spi.MetamodelGraphWalker - Visiting attribute path : deactivatedate
13:32:50.426 [Test worker] DEBUG org.hibernate.persister.walking.spi.MetamodelGraphWalker - Visiting attribute path : description
13:32:50.426 [Test worker] DEBUG org.hibernate.persister.walking.spi.MetamodelGraphWalker - Visiting attribute path : enddate
13:32:50.426 [Test worker] DEBUG org.hibernate.persister.walking.spi.MetamodelGraphWalker - Visiting attribute path : konto
13:32:50.426 [Test worker] DEBUG org.hibernate.loader.plan.build.internal.spaces.QuerySpacesImpl - Adding QuerySpace : uid = <gen:1> -> org.hibernate.loader.plan.build.internal.spaces.EntityQuerySpaceImpl@23d47782]
13:32:50.426 [Test worker] DEBUG org.hibernate.persister.walking.spi.MetamodelGraphWalker - Visiting attribute path : pattern
13:32:50.426 [Test worker] DEBUG org.hibernate.persister.walking.spi.MetamodelGraphWalker - Visiting attribute path : planArt
13:32:50.426 [Test worker] DEBUG org.hibernate.persister.walking.spi.MetamodelGraphWalker - Visiting attribute path : plandate
13:32:50.426 [Test worker] DEBUG org.hibernate.persister.walking.spi.MetamodelGraphWalker - Visiting attribute path : position
13:32:50.426 [Test worker] DEBUG org.hibernate.persister.walking.spi.MetamodelGraphWalker - Visiting attribute path : shortdescription
13:32:50.426 [Test worker] DEBUG org.hibernate.persister.walking.spi.MetamodelGraphWalker - Visiting attribute path : startdate
13:32:50.426 [Test worker] DEBUG org.hibernate.persister.walking.spi.MetamodelGraphWalker - Visiting attribute path : template
13:32:50.426 [Test worker] DEBUG org.hibernate.persister.walking.spi.MetamodelGraphWalker - Visiting attribute path : wert
13:32:50.426 [Test worker] DEBUG org.hibernate.loader.plan.build.internal.FetchStyleLoadPlanBuildingAssociationVisitationStrategy - Building LoadPlan...
13:32:50.426 [Test worker] DEBUG org.hibernate.loader.plan.exec.internal.LoadQueryJoinAndFetchProcessor - processing queryspace <gen:0>
13:32:50.426 [Test worker] DEBUG org.hibernate.loader.plan.build.spi.LoadPlanTreePrinter - LoadPlan(entity=loc.balsen.kontospring.data.PlanHistory)
    - Returns
       - EntityReturnImpl(entity=loc.balsen.kontospring.data.PlanHistory, querySpaceUid=<gen:0>, path=loc.balsen.kontospring.data.PlanHistory)
          - EntityAttributeFetchImpl(entity=loc.balsen.kontospring.data.Konto, querySpaceUid=<gen:1>, path=loc.balsen.kontospring.data.PlanHistory.konto)
    - QuerySpaces
       - EntityQuerySpaceImpl(uid=<gen:0>, entity=loc.balsen.kontospring.data.PlanHistory)
          - SQL table alias mapping - planhistor0_
          - alias suffix - 0_
          - suffixed key columns - {id1_4_0_}

13:32:50.426 [Test worker] DEBUG org.hibernate.loader.entity.plan.EntityLoader - Static select for entity loc.balsen.kontospring.data.PlanHistory [UPGRADE_SKIPLOCKED]: select planhistor0_.id as id1_4_0_, planhistor0_.creationdate as creation2_4_0_, planhistor0_.deactivatedate as deactiva3_4_0_, planhistor0_.description as descript4_4_0_, planhistor0_.enddate as enddate5_4_0_, planhistor0_.konto as konto14_4_0_, planhistor0_.pattern as pattern6_4_0_, planhistor0_.plan_art as plan_art7_4_0_, planhistor0_.plandate as plandate8_4_0_, planhistor0_.position as position9_4_0_, planhistor0_.shortdescription as shortde10_4_0_, planhistor0_.startdate as startda11_4_0_, planhistor0_.template as templat12_4_0_, planhistor0_.wert as wert13_4_0_ from plan_history planhistor0_ where planhistor0_.id=? for update
13:32:50.426 [Test worker] DEBUG org.hibernate.loader.plan.build.internal.spaces.QuerySpacesImpl - Adding QuerySpace : uid = <gen:0> -> org.hibernate.loader.plan.build.internal.spaces.EntityQuerySpaceImpl@770ab96f]
13:32:50.426 [Test worker] DEBUG org.hibernate.persister.walking.spi.MetamodelGraphWalker - Visiting attribute path : creationdate
13:32:50.426 [Test worker] DEBUG org.hibernate.persister.walking.spi.MetamodelGraphWalker - Visiting attribute path : deactivatedate
13:32:50.426 [Test worker] DEBUG org.hibernate.persister.walking.spi.MetamodelGraphWalker - Visiting attribute path : description
13:32:50.426 [Test worker] DEBUG org.hibernate.persister.walking.spi.MetamodelGraphWalker - Visiting attribute path : enddate
13:32:50.426 [Test worker] DEBUG org.hibernate.persister.walking.spi.MetamodelGraphWalker - Visiting attribute path : konto
13:32:50.426 [Test worker] DEBUG org.hibernate.loader.plan.build.internal.spaces.QuerySpacesImpl - Adding QuerySpace : uid = <gen:1> -> org.hibernate.loader.plan.build.internal.spaces.EntityQuerySpaceImpl@1976a261]
13:32:50.426 [Test worker] DEBUG org.hibernate.persister.walking.spi.MetamodelGraphWalker - Visiting attribute path : pattern
13:32:50.426 [Test worker] DEBUG org.hibernate.persister.walking.spi.MetamodelGraphWalker - Visiting attribute path : planArt
13:32:50.426 [Test worker] DEBUG org.hibernate.persister.walking.spi.MetamodelGraphWalker - Visiting attribute path : plandate
13:32:50.426 [Test worker] DEBUG org.hibernate.persister.walking.spi.MetamodelGraphWalker - Visiting attribute path : position
13:32:50.426 [Test worker] DEBUG org.hibernate.persister.walking.spi.MetamodelGraphWalker - Visiting attribute path : shortdescription
13:32:50.426 [Test worker] DEBUG org.hibernate.persister.walking.spi.MetamodelGraphWalker - Visiting attribute path : startdate
13:32:50.426 [Test worker] DEBUG org.hibernate.persister.walking.spi.MetamodelGraphWalker - Visiting attribute path : template
13:32:50.426 [Test worker] DEBUG org.hibernate.persister.walking.spi.MetamodelGraphWalker - Visiting attribute path : wert
13:32:50.426 [Test worker] DEBUG org.hibernate.loader.plan.build.internal.FetchStyleLoadPlanBuildingAssociationVisitationStrategy - Building LoadPlan...
13:32:50.427 [Test worker] DEBUG org.hibernate.loader.plan.exec.internal.LoadQueryJoinAndFetchProcessor - processing queryspace <gen:0>
13:32:50.427 [Test worker] DEBUG org.hibernate.loader.plan.build.spi.LoadPlanTreePrinter - LoadPlan(entity=loc.balsen.kontospring.data.PlanHistory)
    - Returns
       - EntityReturnImpl(entity=loc.balsen.kontospring.data.PlanHistory, querySpaceUid=<gen:0>, path=loc.balsen.kontospring.data.PlanHistory)
          - EntityAttributeFetchImpl(entity=loc.balsen.kontospring.data.Konto, querySpaceUid=<gen:1>, path=loc.balsen.kontospring.data.PlanHistory.konto)
    - QuerySpaces
       - EntityQuerySpaceImpl(uid=<gen:0>, entity=loc.balsen.kontospring.data.PlanHistory)
          - SQL table alias mapping - planhistor0_
          - alias suffix - 0_
          - suffixed key columns - {id1_4_0_}

13:32:50.427 [Test worker] DEBUG org.hibernate.loader.entity.plan.EntityLoader - Static select for entity loc.balsen.kontospring.data.PlanHistory [FORCE]: select planhistor0_.id as id1_4_0_, planhistor0_.creationdate as creation2_4_0_, planhistor0_.deactivatedate as deactiva3_4_0_, planhistor0_.description as descript4_4_0_, planhistor0_.enddate as enddate5_4_0_, planhistor0_.konto as konto14_4_0_, planhistor0_.pattern as pattern6_4_0_, planhistor0_.plan_art as plan_art7_4_0_, planhistor0_.plandate as plandate8_4_0_, planhistor0_.position as position9_4_0_, planhistor0_.shortdescription as shortde10_4_0_, planhistor0_.startdate as startda11_4_0_, planhistor0_.template as templat12_4_0_, planhistor0_.wert as wert13_4_0_ from plan_history planhistor0_ where planhistor0_.id=? for update
13:32:50.427 [Test worker] DEBUG org.hibernate.loader.plan.build.internal.spaces.QuerySpacesImpl - Adding QuerySpace : uid = <gen:0> -> org.hibernate.loader.plan.build.internal.spaces.EntityQuerySpaceImpl@199ebeaa]
13:32:50.427 [Test worker] DEBUG org.hibernate.persister.walking.spi.MetamodelGraphWalker - Visiting attribute path : creationdate
13:32:50.427 [Test worker] DEBUG org.hibernate.persister.walking.spi.MetamodelGraphWalker - Visiting attribute path : deactivatedate
13:32:50.427 [Test worker] DEBUG org.hibernate.persister.walking.spi.MetamodelGraphWalker - Visiting attribute path : description
13:32:50.427 [Test worker] DEBUG org.hibernate.persister.walking.spi.MetamodelGraphWalker - Visiting attribute path : enddate
13:32:50.427 [Test worker] DEBUG org.hibernate.persister.walking.spi.MetamodelGraphWalker - Visiting attribute path : konto
13:32:50.427 [Test worker] DEBUG org.hibernate.loader.plan.build.internal.spaces.QuerySpacesImpl - Adding QuerySpace : uid = <gen:1> -> org.hibernate.loader.plan.build.internal.spaces.EntityQuerySpaceImpl@7be0d0a4]
13:32:50.427 [Test worker] DEBUG org.hibernate.persister.walking.spi.MetamodelGraphWalker - Visiting attribute path : pattern
13:32:50.427 [Test worker] DEBUG org.hibernate.persister.walking.spi.MetamodelGraphWalker - Visiting attribute path : planArt
13:32:50.427 [Test worker] DEBUG org.hibernate.persister.walking.spi.MetamodelGraphWalker - Visiting attribute path : plandate
13:32:50.427 [Test worker] DEBUG org.hibernate.persister.walking.spi.MetamodelGraphWalker - Visiting attribute path : position
13:32:50.427 [Test worker] DEBUG org.hibernate.persister.walking.spi.MetamodelGraphWalker - Visiting attribute path : shortdescription
13:32:50.427 [Test worker] DEBUG org.hibernate.persister.walking.spi.MetamodelGraphWalker - Visiting attribute path : startdate
13:32:50.427 [Test worker] DEBUG org.hibernate.persister.walking.spi.MetamodelGraphWalker - Visiting attribute path : template
13:32:50.427 [Test worker] DEBUG org.hibernate.persister.walking.spi.MetamodelGraphWalker - Visiting attribute path : wert
13:32:50.427 [Test worker] DEBUG org.hibernate.loader.plan.build.internal.FetchStyleLoadPlanBuildingAssociationVisitationStrategy - Building LoadPlan...
13:32:50.427 [Test worker] DEBUG org.hibernate.loader.plan.exec.internal.LoadQueryJoinAndFetchProcessor - processing queryspace <gen:0>
13:32:50.427 [Test worker] DEBUG org.hibernate.loader.plan.build.spi.LoadPlanTreePrinter - LoadPlan(entity=loc.balsen.kontospring.data.PlanHistory)
    - Returns
       - EntityReturnImpl(entity=loc.balsen.kontospring.data.PlanHistory, querySpaceUid=<gen:0>, path=loc.balsen.kontospring.data.PlanHistory)
          - EntityAttributeFetchImpl(entity=loc.balsen.kontospring.data.Konto, querySpaceUid=<gen:1>, path=loc.balsen.kontospring.data.PlanHistory.konto)
    - QuerySpaces
       - EntityQuerySpaceImpl(uid=<gen:0>, entity=loc.balsen.kontospring.data.PlanHistory)
          - SQL table alias mapping - planhistor0_
          - alias suffix - 0_
          - suffixed key columns - {id1_4_0_}

13:32:50.427 [Test worker] DEBUG org.hibernate.loader.entity.plan.EntityLoader - Static select for entity loc.balsen.kontospring.data.PlanHistory [PESSIMISTIC_READ]: select planhistor0_.id as id1_4_0_, planhistor0_.creationdate as creation2_4_0_, planhistor0_.deactivatedate as deactiva3_4_0_, planhistor0_.description as descript4_4_0_, planhistor0_.enddate as enddate5_4_0_, planhistor0_.konto as konto14_4_0_, planhistor0_.pattern as pattern6_4_0_, planhistor0_.plan_art as plan_art7_4_0_, planhistor0_.plandate as plandate8_4_0_, planhistor0_.position as position9_4_0_, planhistor0_.shortdescription as shortde10_4_0_, planhistor0_.startdate as startda11_4_0_, planhistor0_.template as templat12_4_0_, planhistor0_.wert as wert13_4_0_ from plan_history planhistor0_ where planhistor0_.id=? for update
13:32:50.427 [Test worker] DEBUG org.hibernate.loader.plan.build.internal.spaces.QuerySpacesImpl - Adding QuerySpace : uid = <gen:0> -> org.hibernate.loader.plan.build.internal.spaces.EntityQuerySpaceImpl@57a90013]
13:32:50.427 [Test worker] DEBUG org.hibernate.persister.walking.spi.MetamodelGraphWalker - Visiting attribute path : creationdate
13:32:50.427 [Test worker] DEBUG org.hibernate.persister.walking.spi.MetamodelGraphWalker - Visiting attribute path : deactivatedate
13:32:50.427 [Test worker] DEBUG org.hibernate.persister.walking.spi.MetamodelGraphWalker - Visiting attribute path : description
13:32:50.427 [Test worker] DEBUG org.hibernate.persister.walking.spi.MetamodelGraphWalker - Visiting attribute path : enddate
13:32:50.427 [Test worker] DEBUG org.hibernate.persister.walking.spi.MetamodelGraphWalker - Visiting attribute path : konto
13:32:50.427 [Test worker] DEBUG org.hibernate.loader.plan.build.internal.spaces.QuerySpacesImpl - Adding QuerySpace : uid = <gen:1> -> org.hibernate.loader.plan.build.internal.spaces.EntityQuerySpaceImpl@6d6c89f5]
13:32:50.427 [Test worker] DEBUG org.hibernate.persister.walking.spi.MetamodelGraphWalker - Visiting attribute path : pattern
13:32:50.427 [Test worker] DEBUG org.hibernate.persister.walking.spi.MetamodelGraphWalker - Visiting attribute path : planArt
13:32:50.427 [Test worker] DEBUG org.hibernate.persister.walking.spi.MetamodelGraphWalker - Visiting attribute path : plandate
13:32:50.427 [Test worker] DEBUG org.hibernate.persister.walking.spi.MetamodelGraphWalker - Visiting attribute path : position
13:32:50.427 [Test worker] DEBUG org.hibernate.persister.walking.spi.MetamodelGraphWalker - Visiting attribute path : shortdescription
13:32:50.427 [Test worker] DEBUG org.hibernate.persister.walking.spi.MetamodelGraphWalker - Visiting attribute path : startdate
13:32:50.427 [Test worker] DEBUG org.hibernate.persister.walking.spi.MetamodelGraphWalker - Visiting attribute path : template
13:32:50.427 [Test worker] DEBUG org.hibernate.persister.walking.spi.MetamodelGraphWalker - Visiting attribute path : wert
13:32:50.427 [Test worker] DEBUG org.hibernate.loader.plan.build.internal.FetchStyleLoadPlanBuildingAssociationVisitationStrategy - Building LoadPlan...
13:32:50.427 [Test worker] DEBUG org.hibernate.loader.plan.exec.internal.LoadQueryJoinAndFetchProcessor - processing queryspace <gen:0>
13:32:50.427 [Test worker] DEBUG org.hibernate.loader.plan.build.spi.LoadPlanTreePrinter - LoadPlan(entity=loc.balsen.kontospring.data.PlanHistory)
    - Returns
       - EntityReturnImpl(entity=loc.balsen.kontospring.data.PlanHistory, querySpaceUid=<gen:0>, path=loc.balsen.kontospring.data.PlanHistory)
          - EntityAttributeFetchImpl(entity=loc.balsen.kontospring.data.Konto, querySpaceUid=<gen:1>, path=loc.balsen.kontospring.data.PlanHistory.konto)
    - QuerySpaces
       - EntityQuerySpaceImpl(uid=<gen:0>, entity=loc.balsen.kontospring.data.PlanHistory)
          - SQL table alias mapping - planhistor0_
          - alias suffix - 0_
          - suffixed key columns - {id1_4_0_}

13:32:50.427 [Test worker] DEBUG org.hibernate.loader.entity.plan.EntityLoader - Static select for entity loc.balsen.kontospring.data.PlanHistory [PESSIMISTIC_WRITE]: select planhistor0_.id as id1_4_0_, planhistor0_.creationdate as creation2_4_0_, planhistor0_.deactivatedate as deactiva3_4_0_, planhistor0_.description as descript4_4_0_, planhistor0_.enddate as enddate5_4_0_, planhistor0_.konto as konto14_4_0_, planhistor0_.pattern as pattern6_4_0_, planhistor0_.plan_art as plan_art7_4_0_, planhistor0_.plandate as plandate8_4_0_, planhistor0_.position as position9_4_0_, planhistor0_.shortdescription as shortde10_4_0_, planhistor0_.startdate as startda11_4_0_, planhistor0_.template as templat12_4_0_, planhistor0_.wert as wert13_4_0_ from plan_history planhistor0_ where planhistor0_.id=? for update
13:32:50.427 [Test worker] DEBUG org.hibernate.loader.plan.build.internal.spaces.QuerySpacesImpl - Adding QuerySpace : uid = <gen:0> -> org.hibernate.loader.plan.build.internal.spaces.EntityQuerySpaceImpl@10f4110c]
13:32:50.427 [Test worker] DEBUG org.hibernate.persister.walking.spi.MetamodelGraphWalker - Visiting attribute path : creationdate
13:32:50.427 [Test worker] DEBUG org.hibernate.persister.walking.spi.MetamodelGraphWalker - Visiting attribute path : deactivatedate
13:32:50.427 [Test worker] DEBUG org.hibernate.persister.walking.spi.MetamodelGraphWalker - Visiting attribute path : description
13:32:50.427 [Test worker] DEBUG org.hibernate.persister.walking.spi.MetamodelGraphWalker - Visiting attribute path : enddate
13:32:50.427 [Test worker] DEBUG org.hibernate.persister.walking.spi.MetamodelGraphWalker - Visiting attribute path : konto
13:32:50.427 [Test worker] DEBUG org.hibernate.loader.plan.build.internal.spaces.QuerySpacesImpl - Adding QuerySpace : uid = <gen:1> -> org.hibernate.loader.plan.build.internal.spaces.EntityQuerySpaceImpl@405e6f4c]
13:32:50.427 [Test worker] DEBUG org.hibernate.persister.walking.spi.MetamodelGraphWalker - Visiting attribute path : pattern
13:32:50.427 [Test worker] DEBUG org.hibernate.persister.walking.spi.MetamodelGraphWalker - Visiting attribute path : planArt
13:32:50.427 [Test worker] DEBUG org.hibernate.persister.walking.spi.MetamodelGraphWalker - Visiting attribute path : plandate
13:32:50.427 [Test worker] DEBUG org.hibernate.persister.walking.spi.MetamodelGraphWalker - Visiting attribute path : position
13:32:50.427 [Test worker] DEBUG org.hibernate.persister.walking.spi.MetamodelGraphWalker - Visiting attribute path : shortdescription
13:32:50.427 [Test worker] DEBUG org.hibernate.persister.walking.spi.MetamodelGraphWalker - Visiting attribute path : startdate
13:32:50.427 [Test worker] DEBUG org.hibernate.persister.walking.spi.MetamodelGraphWalker - Visiting attribute path : template
13:32:50.427 [Test worker] DEBUG org.hibernate.persister.walking.spi.MetamodelGraphWalker - Visiting attribute path : wert
13:32:50.427 [Test worker] DEBUG org.hibernate.loader.plan.build.internal.FetchStyleLoadPlanBuildingAssociationVisitationStrategy - Building LoadPlan...
13:32:50.428 [Test worker] DEBUG org.hibernate.loader.plan.exec.internal.LoadQueryJoinAndFetchProcessor - processing queryspace <gen:0>
13:32:50.428 [Test worker] DEBUG org.hibernate.loader.plan.build.spi.LoadPlanTreePrinter - LoadPlan(entity=loc.balsen.kontospring.data.PlanHistory)
    - Returns
       - EntityReturnImpl(entity=loc.balsen.kontospring.data.PlanHistory, querySpaceUid=<gen:0>, path=loc.balsen.kontospring.data.PlanHistory)
          - EntityAttributeFetchImpl(entity=loc.balsen.kontospring.data.Konto, querySpaceUid=<gen:1>, path=loc.balsen.kontospring.data.PlanHistory.konto)
    - QuerySpaces
       - EntityQuerySpaceImpl(uid=<gen:0>, entity=loc.balsen.kontospring.data.PlanHistory)
          - SQL table alias mapping - planhistor0_
          - alias suffix - 0_
          - suffixed key columns - {id1_4_0_}

13:32:50.428 [Test worker] DEBUG org.hibernate.loader.entity.plan.EntityLoader - Static select for entity loc.balsen.kontospring.data.PlanHistory [PESSIMISTIC_FORCE_INCREMENT]: select planhistor0_.id as id1_4_0_, planhistor0_.creationdate as creation2_4_0_, planhistor0_.deactivatedate as deactiva3_4_0_, planhistor0_.description as descript4_4_0_, planhistor0_.enddate as enddate5_4_0_, planhistor0_.konto as konto14_4_0_, planhistor0_.pattern as pattern6_4_0_, planhistor0_.plan_art as plan_art7_4_0_, planhistor0_.plandate as plandate8_4_0_, planhistor0_.position as position9_4_0_, planhistor0_.shortdescription as shortde10_4_0_, planhistor0_.startdate as startda11_4_0_, planhistor0_.template as templat12_4_0_, planhistor0_.wert as wert13_4_0_ from plan_history planhistor0_ where planhistor0_.id=? for update
13:32:50.428 [Test worker] DEBUG org.hibernate.loader.plan.build.internal.spaces.QuerySpacesImpl - Adding QuerySpace : uid = <gen:0> -> org.hibernate.loader.plan.build.internal.spaces.EntityQuerySpaceImpl@49746593]
13:32:50.428 [Test worker] DEBUG org.hibernate.persister.walking.spi.MetamodelGraphWalker - Visiting attribute path : creationdate
13:32:50.428 [Test worker] DEBUG org.hibernate.persister.walking.spi.MetamodelGraphWalker - Visiting attribute path : deactivatedate
13:32:50.428 [Test worker] DEBUG org.hibernate.persister.walking.spi.MetamodelGraphWalker - Visiting attribute path : description
13:32:50.428 [Test worker] DEBUG org.hibernate.persister.walking.spi.MetamodelGraphWalker - Visiting attribute path : enddate
13:32:50.428 [Test worker] DEBUG org.hibernate.persister.walking.spi.MetamodelGraphWalker - Visiting attribute path : konto
13:32:50.428 [Test worker] DEBUG org.hibernate.loader.plan.build.internal.spaces.QuerySpacesImpl - Adding QuerySpace : uid = <gen:1> -> org.hibernate.loader.plan.build.internal.spaces.EntityQuerySpaceImpl@6770c284]
13:32:50.428 [Test worker] DEBUG org.hibernate.persister.walking.spi.MetamodelGraphWalker - Visiting attribute path : pattern
13:32:50.428 [Test worker] DEBUG org.hibernate.persister.walking.spi.MetamodelGraphWalker - Visiting attribute path : planArt
13:32:50.428 [Test worker] DEBUG org.hibernate.persister.walking.spi.MetamodelGraphWalker - Visiting attribute path : plandate
13:32:50.428 [Test worker] DEBUG org.hibernate.persister.walking.spi.MetamodelGraphWalker - Visiting attribute path : position
13:32:50.428 [Test worker] DEBUG org.hibernate.persister.walking.spi.MetamodelGraphWalker - Visiting attribute path : shortdescription
13:32:50.428 [Test worker] DEBUG org.hibernate.persister.walking.spi.MetamodelGraphWalker - Visiting attribute path : startdate
13:32:50.428 [Test worker] DEBUG org.hibernate.persister.walking.spi.MetamodelGraphWalker - Visiting attribute path : template
13:32:50.428 [Test worker] DEBUG org.hibernate.persister.walking.spi.MetamodelGraphWalker - Visiting attribute path : wert
13:32:50.428 [Test worker] DEBUG org.hibernate.loader.plan.build.internal.FetchStyleLoadPlanBuildingAssociationVisitationStrategy - Building LoadPlan...
13:32:50.428 [Test worker] DEBUG org.hibernate.loader.plan.exec.internal.LoadQueryJoinAndFetchProcessor - processing queryspace <gen:0>
13:32:50.428 [Test worker] DEBUG org.hibernate.loader.plan.build.spi.LoadPlanTreePrinter - LoadPlan(entity=loc.balsen.kontospring.data.PlanHistory)
    - Returns
       - EntityReturnImpl(entity=loc.balsen.kontospring.data.PlanHistory, querySpaceUid=<gen:0>, path=loc.balsen.kontospring.data.PlanHistory)
          - EntityAttributeFetchImpl(entity=loc.balsen.kontospring.data.Konto, querySpaceUid=<gen:1>, path=loc.balsen.kontospring.data.PlanHistory.konto)
    - QuerySpaces
       - EntityQuerySpaceImpl(uid=<gen:0>, entity=loc.balsen.kontospring.data.PlanHistory)
          - SQL table alias mapping - planhistor0_
          - alias suffix - 0_
          - suffixed key columns - {id1_4_0_}

13:32:50.428 [Test worker] DEBUG org.hibernate.loader.entity.plan.EntityLoader - Static select for entity loc.balsen.kontospring.data.PlanHistory [OPTIMISTIC]: select planhistor0_.id as id1_4_0_, planhistor0_.creationdate as creation2_4_0_, planhistor0_.deactivatedate as deactiva3_4_0_, planhistor0_.description as descript4_4_0_, planhistor0_.enddate as enddate5_4_0_, planhistor0_.konto as konto14_4_0_, planhistor0_.pattern as pattern6_4_0_, planhistor0_.plan_art as plan_art7_4_0_, planhistor0_.plandate as plandate8_4_0_, planhistor0_.position as position9_4_0_, planhistor0_.shortdescription as shortde10_4_0_, planhistor0_.startdate as startda11_4_0_, planhistor0_.template as templat12_4_0_, planhistor0_.wert as wert13_4_0_ from plan_history planhistor0_ where planhistor0_.id=?
13:32:50.428 [Test worker] DEBUG org.hibernate.loader.plan.build.internal.spaces.QuerySpacesImpl - Adding QuerySpace : uid = <gen:0> -> org.hibernate.loader.plan.build.internal.spaces.EntityQuerySpaceImpl@54e7e529]
13:32:50.428 [Test worker] DEBUG org.hibernate.persister.walking.spi.MetamodelGraphWalker - Visiting attribute path : creationdate
13:32:50.428 [Test worker] DEBUG org.hibernate.persister.walking.spi.MetamodelGraphWalker - Visiting attribute path : deactivatedate
13:32:50.428 [Test worker] DEBUG org.hibernate.persister.walking.spi.MetamodelGraphWalker - Visiting attribute path : description
13:32:50.428 [Test worker] DEBUG org.hibernate.persister.walking.spi.MetamodelGraphWalker - Visiting attribute path : enddate
13:32:50.428 [Test worker] DEBUG org.hibernate.persister.walking.spi.MetamodelGraphWalker - Visiting attribute path : konto
13:32:50.428 [Test worker] DEBUG org.hibernate.loader.plan.build.internal.spaces.QuerySpacesImpl - Adding QuerySpace : uid = <gen:1> -> org.hibernate.loader.plan.build.internal.spaces.EntityQuerySpaceImpl@4d90ab0]
13:32:50.428 [Test worker] DEBUG org.hibernate.persister.walking.spi.MetamodelGraphWalker - Visiting attribute path : pattern
13:32:50.428 [Test worker] DEBUG org.hibernate.persister.walking.spi.MetamodelGraphWalker - Visiting attribute path : planArt
13:32:50.428 [Test worker] DEBUG org.hibernate.persister.walking.spi.MetamodelGraphWalker - Visiting attribute path : plandate
13:32:50.428 [Test worker] DEBUG org.hibernate.persister.walking.spi.MetamodelGraphWalker - Visiting attribute path : position
13:32:50.428 [Test worker] DEBUG org.hibernate.persister.walking.spi.MetamodelGraphWalker - Visiting attribute path : shortdescription
13:32:50.428 [Test worker] DEBUG org.hibernate.persister.walking.spi.MetamodelGraphWalker - Visiting attribute path : startdate
13:32:50.428 [Test worker] DEBUG org.hibernate.persister.walking.spi.MetamodelGraphWalker - Visiting attribute path : template
13:32:50.428 [Test worker] DEBUG org.hibernate.persister.walking.spi.MetamodelGraphWalker - Visiting attribute path : wert
13:32:50.428 [Test worker] DEBUG org.hibernate.loader.plan.build.internal.FetchStyleLoadPlanBuildingAssociationVisitationStrategy - Building LoadPlan...
13:32:50.428 [Test worker] DEBUG org.hibernate.loader.plan.exec.internal.LoadQueryJoinAndFetchProcessor - processing queryspace <gen:0>
13:32:50.428 [Test worker] DEBUG org.hibernate.loader.plan.build.spi.LoadPlanTreePrinter - LoadPlan(entity=loc.balsen.kontospring.data.PlanHistory)
    - Returns
       - EntityReturnImpl(entity=loc.balsen.kontospring.data.PlanHistory, querySpaceUid=<gen:0>, path=loc.balsen.kontospring.data.PlanHistory)
          - EntityAttributeFetchImpl(entity=loc.balsen.kontospring.data.Konto, querySpaceUid=<gen:1>, path=loc.balsen.kontospring.data.PlanHistory.konto)
    - QuerySpaces
       - EntityQuerySpaceImpl(uid=<gen:0>, entity=loc.balsen.kontospring.data.PlanHistory)
          - SQL table alias mapping - planhistor0_
          - alias suffix - 0_
          - suffixed key columns - {id1_4_0_}

13:32:50.428 [Test worker] DEBUG org.hibernate.loader.entity.plan.EntityLoader - Static select for entity loc.balsen.kontospring.data.PlanHistory [OPTIMISTIC_FORCE_INCREMENT]: select planhistor0_.id as id1_4_0_, planhistor0_.creationdate as creation2_4_0_, planhistor0_.deactivatedate as deactiva3_4_0_, planhistor0_.description as descript4_4_0_, planhistor0_.enddate as enddate5_4_0_, planhistor0_.konto as konto14_4_0_, planhistor0_.pattern as pattern6_4_0_, planhistor0_.plan_art as plan_art7_4_0_, planhistor0_.plandate as plandate8_4_0_, planhistor0_.position as position9_4_0_, planhistor0_.shortdescription as shortde10_4_0_, planhistor0_.startdate as startda11_4_0_, planhistor0_.template as templat12_4_0_, planhistor0_.wert as wert13_4_0_ from plan_history planhistor0_ where planhistor0_.id=?
13:32:50.429 [Test worker] DEBUG org.hibernate.loader.Loader - Static select for action ACTION_MERGE on entity loc.balsen.kontospring.data.PlanHistory: select planhistor0_.id as id1_4_0_, planhistor0_.creationdate as creation2_4_0_, planhistor0_.deactivatedate as deactiva3_4_0_, planhistor0_.description as descript4_4_0_, planhistor0_.enddate as enddate5_4_0_, planhistor0_.konto as konto14_4_0_, planhistor0_.pattern as pattern6_4_0_, planhistor0_.plan_art as plan_art7_4_0_, planhistor0_.plandate as plandate8_4_0_, planhistor0_.position as position9_4_0_, planhistor0_.shortdescription as shortde10_4_0_, planhistor0_.startdate as startda11_4_0_, planhistor0_.template as templat12_4_0_, planhistor0_.wert as wert13_4_0_ from plan_history planhistor0_ where planhistor0_.id=?
13:32:50.429 [Test worker] DEBUG org.hibernate.loader.Loader - Static select for action ACTION_REFRESH on entity loc.balsen.kontospring.data.PlanHistory: select planhistor0_.id as id1_4_0_, planhistor0_.creationdate as creation2_4_0_, planhistor0_.deactivatedate as deactiva3_4_0_, planhistor0_.description as descript4_4_0_, planhistor0_.enddate as enddate5_4_0_, planhistor0_.konto as konto14_4_0_, planhistor0_.pattern as pattern6_4_0_, planhistor0_.plan_art as plan_art7_4_0_, planhistor0_.plandate as plandate8_4_0_, planhistor0_.position as position9_4_0_, planhistor0_.shortdescription as shortde10_4_0_, planhistor0_.startdate as startda11_4_0_, planhistor0_.template as templat12_4_0_, planhistor0_.wert as wert13_4_0_ from plan_history planhistor0_ where planhistor0_.id=?
13:32:50.450 [Test worker] DEBUG org.hibernate.SQL - drop table buchungsbeleg if exists
13:32:50.452 [Test worker] DEBUG org.hibernate.SQL - drop table konto if exists
13:32:50.452 [Test worker] DEBUG org.hibernate.SQL - drop table konto_gruppe if exists
13:32:50.452 [Test worker] DEBUG org.hibernate.SQL - drop table plan if exists
13:32:50.452 [Test worker] DEBUG org.hibernate.SQL - drop table plan_history if exists
13:32:50.452 [Test worker] DEBUG org.hibernate.SQL - drop table template if exists
13:32:50.453 [Test worker] DEBUG org.hibernate.SQL - drop table zuordnung if exists
13:32:50.453 [Test worker] DEBUG org.hibernate.SQL - drop sequence if exists seq_buchungsbeleg
13:32:50.453 [Test worker] DEBUG org.hibernate.SQL - drop sequence if exists seq_konto
13:32:50.453 [Test worker] DEBUG org.hibernate.SQL - drop sequence if exists seq_kontogruppe
13:32:50.453 [Test worker] DEBUG org.hibernate.SQL - drop sequence if exists seq_plan
13:32:50.453 [Test worker] DEBUG org.hibernate.SQL - drop sequence if exists seq_template
13:32:50.453 [Test worker] DEBUG org.hibernate.SQL - drop sequence if exists seq_zuordnung
13:32:50.455 [Test worker] DEBUG org.hibernate.SQL - create sequence seq_buchungsbeleg start with 1 increment by 1
13:32:50.456 [Test worker] DEBUG org.hibernate.SQL - create sequence seq_konto start with 1 increment by 1
13:32:50.456 [Test worker] DEBUG org.hibernate.SQL - create sequence seq_kontogruppe start with 1 increment by 1
13:32:50.457 [Test worker] DEBUG org.hibernate.SQL - create sequence seq_plan start with 1 increment by 1
13:32:50.457 [Test worker] DEBUG org.hibernate.SQL - create sequence seq_template start with 1 increment by 1
13:32:50.457 [Test worker] DEBUG org.hibernate.SQL - create sequence seq_zuordnung start with 1 increment by 1
13:32:50.458 [Test worker] DEBUG org.hibernate.SQL - create table buchungsbeleg (id integer not null, referenz varchar(255), absender varchar(255), art integer, beleg timestamp, details varchar(255), eingang timestamp, einreicherid varchar(255), empfaenger varchar(255), mandat varchar(255), wert integer not null, wertstellung timestamp, primary key (id))
13:32:50.462 [Test worker] DEBUG org.hibernate.SQL - create table konto (id integer not null, art integer not null, description varchar(255), shortdescription varchar(255), id_gruppe integer, primary key (id))
13:32:50.463 [Test worker] DEBUG org.hibernate.SQL - create table konto_gruppe (id integer not null, description varchar(255), shortdescription varchar(255), primary key (id))
13:32:50.464 [Test worker] DEBUG org.hibernate.SQL - create table plan (id integer not null, creationdate timestamp, description varchar(255), enddate timestamp, pattern varchar(255), plan_art integer, plandate timestamp, position integer not null, shortdescription varchar(255), startdate timestamp, wert integer not null, konto integer, template integer, primary key (id))
13:32:50.465 [Test worker] DEBUG org.hibernate.SQL - create table plan_history (id integer not null, creationdate timestamp, deactivatedate timestamp, description varchar(255), enddate timestamp, pattern varchar(255), plan_art integer, plandate timestamp, position integer not null, shortdescription varchar(255), startdate timestamp, template integer not null, wert integer not null, konto integer, primary key (id))
13:32:50.466 [Test worker] DEBUG org.hibernate.SQL - create table template (id integer not null, anzahl_rythmus integer not null, description varchar(255), gueltig_bis timestamp, gueltig_von timestamp, next integer not null, pattern varchar(255), plan_art integer, position integer not null, rythmus integer, shortdescription varchar(255), start timestamp, vardays integer not null, wert integer not null, konto integer, primary key (id))
13:32:50.467 [Test worker] DEBUG org.hibernate.SQL - create table zuordnung (id integer not null, commited boolean, description varchar(255), shortdescription varchar(255), wert integer not null, buchungsbeleg integer, konto integer, plan integer, primary key (id))
13:32:50.468 [Test worker] DEBUG org.hibernate.SQL - alter table konto add constraint FKpc0obrtd319tawq528477lntu foreign key (id_gruppe) references konto_gruppe
13:32:50.474 [Test worker] DEBUG org.hibernate.SQL - alter table plan add constraint FK8us9bt62jxbl2xqjca02r29tw foreign key (konto) references konto
13:32:50.476 [Test worker] DEBUG org.hibernate.SQL - alter table plan add constraint FKm8163ut5wdqqn9764t0o7g6af foreign key (template) references template
13:32:50.477 [Test worker] DEBUG org.hibernate.SQL - alter table plan_history add constraint FKg79tnpc3l42inbpu08iigb0xh foreign key (konto) references konto
13:32:50.479 [Test worker] DEBUG org.hibernate.SQL - alter table template add constraint FK15guwna4l51ibnxa1hp7gga76 foreign key (konto) references konto
13:32:50.480 [Test worker] DEBUG org.hibernate.SQL - alter table zuordnung add constraint FKcmkyxwe5msaq8uqpq7dcajwm2 foreign key (buchungsbeleg) references buchungsbeleg
13:32:50.481 [Test worker] DEBUG org.hibernate.SQL - alter table zuordnung add constraint FKbimftjt5dyf9ufo87i5w4nnlh foreign key (konto) references konto
13:32:50.483 [Test worker] DEBUG org.hibernate.SQL - alter table zuordnung add constraint FKko7bftqasxrxdalrlp0qbi9hy foreign key (plan) references plan
13:32:50.489 [Test worker] INFO org.hibernate.tool.schema.internal.SchemaCreatorImpl - HHH000476: Executing import script 'org.hibernate.tool.schema.internal.exec.ScriptSourceInputNonExistentImpl@1da4ac1a'
13:32:50.491 [Test worker] DEBUG org.hibernate.query.spi.NamedQueryRepository - Checking 0 named HQL queries
13:32:50.491 [Test worker] DEBUG org.hibernate.query.spi.NamedQueryRepository - Checking 0 named SQL queries
13:32:50.492 [Test worker] DEBUG org.hibernate.internal.SessionFactoryRegistry - Initializing SessionFactoryRegistry : org.hibernate.internal.SessionFactoryRegistry@52d7ae85
13:32:50.492 [Test worker] DEBUG org.hibernate.internal.SessionFactoryRegistry - Registering SessionFactory: da119a9a-ad0a-48b6-be39-a716a1fc51ee (<unnamed>)
13:32:50.492 [Test worker] DEBUG org.hibernate.internal.SessionFactoryRegistry - Not binding SessionFactory to JNDI, no JNDI name configured
13:32:50.681 [Test worker] DEBUG org.hibernate.stat.internal.StatisticsInitiator - Statistics initialized [enabled=false]
13:32:50.743 [Test worker] DEBUG org.springframework.data.jpa.repository.query.JpaQueryFactory - Looking up query for method findByWertAndBelegAndAbsenderAndEmpfaenger
13:32:50.746 [Test worker] DEBUG org.springframework.data.jpa.repository.query.NamedQuery - Looking up named query Beleg.findByWertAndBelegAndAbsenderAndEmpfaenger
13:32:50.748 [Test worker] DEBUG org.springframework.data.jpa.repository.query.NamedQuery - Did not find named query Beleg.findByWertAndBelegAndAbsenderAndEmpfaenger
13:32:50.803 [Test worker] DEBUG org.springframework.data.jpa.repository.query.JpaQueryFactory - Looking up query for method findUnresolvedBeleg
13:32:50.814 [Test worker] DEBUG org.hibernate.hql.internal.QueryTranslatorFactoryInitiator - QueryTranslatorFactory : org.hibernate.hql.internal.ast.ASTQueryTranslatorFactory@57be6d25
13:32:50.814 [Test worker] INFO org.hibernate.hql.internal.QueryTranslatorFactoryInitiator - HHH000397: Using ASTQueryTranslatorFactory
13:32:50.832 [Test worker] DEBUG org.hibernate.hql.internal.ast.QueryTranslatorImpl - parse() - HQL: select b from loc.balsen.kontospring.data.Beleg b left join loc.balsen.kontospring.data.Zuordnung z on (z.buchungsbeleg = b.id) where z.id is null order by b.wertstellung
13:32:50.837 [Test worker] DEBUG org.hibernate.hql.internal.ast.ErrorCounter - throwQueryException() : no errors
13:32:50.839 [Test worker] DEBUG org.hibernate.hql.internal.ast.QueryTranslatorImpl - --- HQL AST ---
 \-[QUERY] Node: 'query'
    +-[SELECT_FROM] Node: 'SELECT_FROM'
    |  +-[FROM] Node: 'from'
    |  |  +-[RANGE] Node: 'RANGE'
    |  |  |  +-[DOT] Node: '.'
    |  |  |  |  +-[DOT] Node: '.'
    |  |  |  |  |  +-[DOT] Node: '.'
    |  |  |  |  |  |  +-[DOT] Node: '.'
    |  |  |  |  |  |  |  +-[IDENT] Node: 'loc'
    |  |  |  |  |  |  |  \-[IDENT] Node: 'balsen'
    |  |  |  |  |  |  \-[IDENT] Node: 'kontospring'
    |  |  |  |  |  \-[IDENT] Node: 'data'
    |  |  |  |  \-[IDENT] Node: 'Beleg'
    |  |  |  \-[ALIAS] Node: 'b'
    |  |  \-[JOIN] Node: 'join'
    |  |     +-[LEFT] Node: 'left'
    |  |     +-[DOT] Node: '.'
    |  |     |  +-[DOT] Node: '.'
    |  |     |  |  +-[DOT] Node: '.'
    |  |     |  |  |  +-[DOT] Node: '.'
    |  |     |  |  |  |  +-[IDENT] Node: 'loc'
    |  |     |  |  |  |  \-[IDENT] Node: 'balsen'
    |  |     |  |  |  \-[IDENT] Node: 'kontospring'
    |  |     |  |  \-[IDENT] Node: 'data'
    |  |     |  \-[IDENT] Node: 'Zuordnung'
    |  |     +-[ALIAS] Node: 'z'
    |  |     \-[WITH] Node: 'with'
    |  |        \-[EQ] Node: '='
    |  |           +-[DOT] Node: '.'
    |  |           |  +-[IDENT] Node: 'z'
    |  |           |  \-[IDENT] Node: 'buchungsbeleg'
    |  |           \-[DOT] Node: '.'
    |  |              +-[IDENT] Node: 'b'
    |  |              \-[IDENT] Node: 'id'
    |  \-[SELECT] Node: 'select'
    |     \-[IDENT] Node: 'b'
    +-[WHERE] Node: 'where'
    |  \-[IS_NULL] Node: 'is null'
    |     \-[DOT] Node: '.'
    |        +-[IDENT] Node: 'z'
    |        \-[IDENT] Node: 'id'
    \-[ORDER] Node: 'order'
       \-[DOT] Node: '.'
          +-[IDENT] Node: 'b'
          \-[IDENT] Node: 'wertstellung'

13:32:50.854 [Test worker] DEBUG org.hibernate.hql.internal.antlr.HqlSqlBaseWalker - select << begin [level=1, statement=select]
13:32:50.866 [Test worker] DEBUG org.hibernate.hql.internal.ast.tree.FromElement - FromClause{level=1} : loc.balsen.kontospring.data.Beleg (b) -> beleg0_
13:32:50.870 [Test worker] DEBUG org.hibernate.hql.internal.ast.HqlSqlWalker - Creating entity-join FromElement [z -> loc.balsen.kontospring.data.Zuordnung]
13:32:50.871 [Test worker] DEBUG org.hibernate.hql.internal.ast.tree.FromElement - FromClause{level=1} : loc.balsen.kontospring.data.Zuordnung (z) -> zuordnung1_
13:32:50.874 [Test worker] DEBUG org.hibernate.hql.internal.ast.tree.FromReferenceNode - Resolved : z -> zuordnung1_.id
13:32:50.874 [Test worker] DEBUG org.hibernate.hql.internal.ast.tree.DotNode - getDataType() : buchungsbeleg -> org.hibernate.type.ManyToOneType(loc.balsen.kontospring.data.Beleg)
13:32:50.874 [Test worker] DEBUG org.hibernate.hql.internal.ast.tree.DotNode - dereferenceShortcut() : property buchungsbeleg in loc.balsen.kontospring.data.Zuordnung does not require a join.
13:32:50.874 [Test worker] DEBUG org.hibernate.hql.internal.ast.tree.DotNode - Terminal getPropertyPath = [buchungsbeleg]
13:32:50.874 [Test worker] DEBUG org.hibernate.hql.internal.ast.tree.FromReferenceNode - Resolved : z.buchungsbeleg -> zuordnung1_.buchungsbeleg
13:32:50.874 [Test worker] DEBUG org.hibernate.hql.internal.ast.tree.FromReferenceNode - Resolved : b -> beleg0_.id
13:32:50.874 [Test worker] DEBUG org.hibernate.hql.internal.ast.tree.DotNode - getDataType() : id -> org.hibernate.type.IntegerType@fe15588
13:32:50.875 [Test worker] DEBUG org.hibernate.hql.internal.ast.tree.FromReferenceNode - Resolved : b.id -> beleg0_.id
13:32:50.875 [Test worker] DEBUG org.hibernate.hql.internal.ast.HqlSqlWalker - handleWithFragment() : -- with clause --
 \-[WITH] SqlNode: 'with'
    \-[EQ] BinaryLogicOperatorNode: '='
       +-[DOT] DotNode: 'zuordnung1_.buchungsbeleg' {propertyName=buchungsbeleg,dereferenceType=UNKNOWN,getPropertyPath=buchungsbeleg,path=z.buchungsbeleg,tableAlias=zuordnung1_,className=loc.balsen.kontospring.data.Zuordnung,classAlias=z}
       |  +-[ALIAS_REF] IdentNode: 'zuordnung1_.id' {alias=z, className=loc.balsen.kontospring.data.Zuordnung, tableAlias=zuordnung1_}
       |  \-[IDENT] IdentNode: 'buchungsbeleg' {originalText=buchungsbeleg}
       \-[DOT] DotNode: 'beleg0_.id' {propertyName=id,dereferenceType=PRIMITIVE,getPropertyPath=id,path=b.id,tableAlias=beleg0_,className=loc.balsen.kontospring.data.Beleg,classAlias=b}
          +-[ALIAS_REF] IdentNode: 'beleg0_.id' {alias=b, className=loc.balsen.kontospring.data.Beleg, tableAlias=beleg0_}
          \-[IDENT] IdentNode: 'id' {originalText=id}

13:32:50.882 [Test worker] DEBUG org.hibernate.hql.internal.ast.tree.FromReferenceNode - Resolved : b -> beleg0_.id
13:32:50.886 [Test worker] DEBUG org.hibernate.hql.internal.ast.tree.FromReferenceNode - Resolved : z -> zuordnung1_.id
13:32:50.886 [Test worker] DEBUG org.hibernate.hql.internal.ast.tree.DotNode - getDataType() : id -> org.hibernate.type.IntegerType@fe15588
13:32:50.886 [Test worker] DEBUG org.hibernate.hql.internal.ast.tree.FromReferenceNode - Resolved : z.id -> zuordnung1_.id
13:32:50.886 [Test worker] DEBUG org.hibernate.hql.internal.ast.tree.FromReferenceNode - Resolved : b -> beleg0_.id
13:32:50.886 [Test worker] DEBUG org.hibernate.hql.internal.ast.tree.DotNode - getDataType() : wertstellung -> org.hibernate.type.TimestampType@71dcd0d5
13:32:50.886 [Test worker] DEBUG org.hibernate.hql.internal.ast.tree.FromReferenceNode - Resolved : b.wertstellung -> beleg0_.wertstellung
13:32:50.887 [Test worker] DEBUG org.hibernate.hql.internal.antlr.HqlSqlBaseWalker - select : finishing up [level=1, statement=select]
13:32:50.887 [Test worker] DEBUG org.hibernate.hql.internal.ast.HqlSqlWalker - processQuery() :  ( SELECT ( {select clause} beleg0_.id ) ( FromClause{level=1} buchungsbeleg beleg0_ zuordnung ) ( where ( is null ( zuordnung1_.id zuordnung1_.id id ) ) ) ( order ( beleg0_.wertstellung beleg0_.id wertstellung ) ) )
13:32:50.892 [Test worker] DEBUG org.hibernate.hql.internal.ast.util.JoinProcessor - Using FROM fragment [buchungsbeleg beleg0_]
13:32:50.892 [Test worker] DEBUG org.hibernate.hql.internal.ast.util.JoinProcessor - Using FROM fragment [left outer join zuordnung zuordnung1_ on (zuordnung1_.buchungsbeleg=beleg0_.id)]
13:32:50.893 [Test worker] DEBUG org.hibernate.hql.internal.antlr.HqlSqlBaseWalker - select >> end [level=1, statement=select]
13:32:50.893 [Test worker] DEBUG org.hibernate.hql.internal.ast.QueryTranslatorImpl - --- SQL AST ---
 \-[SELECT] QueryNode: 'SELECT'  querySpaces (zuordnung,buchungsbeleg)
    +-[SELECT_CLAUSE] SelectClause: '{select clause}'
    |  +-[ALIAS_REF] IdentNode: 'beleg0_.id as id1_0_' {alias=b, className=loc.balsen.kontospring.data.Beleg, tableAlias=beleg0_}
    |  \-[SQL_TOKEN] SqlFragment: 'beleg0_.referenz as referenz2_0_, beleg0_.absender as absender3_0_, beleg0_.art as art4_0_, beleg0_.beleg as beleg5_0_, beleg0_.details as details6_0_, beleg0_.eingang as eingang7_0_, beleg0_.einreicherid as einreich8_0_, beleg0_.empfaenger as empfaeng9_0_, beleg0_.mandat as mandat10_0_, beleg0_.wert as wert11_0_, beleg0_.wertstellung as wertste12_0_'
    +-[FROM] FromClause: 'from' FromClause{level=1, fromElementCounter=2, fromElements=2, fromElementByClassAlias=[b, z], fromElementByTableAlias=[beleg0_, zuordnung1_], fromElementsByPath=[], collectionJoinFromElementsByPath=[], impliedElements=[]}
    |  +-[FROM_FRAGMENT] FromElement: 'buchungsbeleg beleg0_' FromElement{explicit,not a collection join,not a fetch join,fetch non-lazy properties,classAlias=b,role=null,tableName=buchungsbeleg,tableAlias=beleg0_,origin=null,columns={,className=loc.balsen.kontospring.data.Beleg}}
    |  \-[ENTITY_JOIN] EntityJoinFromElement: 'left outer join zuordnung zuordnung1_ on (zuordnung1_.buchungsbeleg=beleg0_.id)' FromElement{explicit,not a collection join,not a fetch join,fetch non-lazy properties,classAlias=z,role=null,tableName=zuordnung,tableAlias=zuordnung1_,origin=null,columns={,className=loc.balsen.kontospring.data.Zuordnung}}
    +-[WHERE] SqlNode: 'where'
    |  \-[IS_NULL] IsNullLogicOperatorNode: 'is null'
    |     \-[DOT] DotNode: 'zuordnung1_.id' {propertyName=id,dereferenceType=PRIMITIVE,getPropertyPath=id,path=z.id,tableAlias=zuordnung1_,className=loc.balsen.kontospring.data.Zuordnung,classAlias=z}
    |        +-[ALIAS_REF] IdentNode: 'zuordnung1_.id' {alias=z, className=loc.balsen.kontospring.data.Zuordnung, tableAlias=zuordnung1_}
    |        \-[IDENT] IdentNode: 'id' {originalText=id}
    \-[ORDER] OrderByClause: 'order'
       \-[DOT] DotNode: 'beleg0_.wertstellung' {propertyName=wertstellung,dereferenceType=PRIMITIVE,getPropertyPath=wertstellung,path=b.wertstellung,tableAlias=beleg0_,className=loc.balsen.kontospring.data.Beleg,classAlias=b}
          +-[ALIAS_REF] IdentNode: 'beleg0_.id' {alias=b, className=loc.balsen.kontospring.data.Beleg, tableAlias=beleg0_}
          \-[IDENT] IdentNode: 'wertstellung' {originalText=wertstellung}

13:32:50.893 [Test worker] DEBUG org.hibernate.hql.internal.ast.ErrorCounter - throwQueryException() : no errors
13:32:50.893 [Test worker] DEBUG org.hibernate.hql.internal.ast.QueryTranslatorImpl - HQL: select b from loc.balsen.kontospring.data.Beleg b left join loc.balsen.kontospring.data.Zuordnung z on (z.buchungsbeleg = b.id) where z.id is null order by b.wertstellung
13:32:50.893 [Test worker] DEBUG org.hibernate.hql.internal.ast.QueryTranslatorImpl - SQL: select beleg0_.id as id1_0_, beleg0_.referenz as referenz2_0_, beleg0_.absender as absender3_0_, beleg0_.art as art4_0_, beleg0_.beleg as beleg5_0_, beleg0_.details as details6_0_, beleg0_.eingang as eingang7_0_, beleg0_.einreicherid as einreich8_0_, beleg0_.empfaenger as empfaeng9_0_, beleg0_.mandat as mandat10_0_, beleg0_.wert as wert11_0_, beleg0_.wertstellung as wertste12_0_ from buchungsbeleg beleg0_ left outer join zuordnung zuordnung1_ on (zuordnung1_.buchungsbeleg=beleg0_.id) where zuordnung1_.id is null order by beleg0_.wertstellung
13:32:50.894 [Test worker] DEBUG org.hibernate.hql.internal.ast.ErrorCounter - throwQueryException() : no errors
13:32:50.963 [Test worker] DEBUG org.hibernate.validator.internal.engine.resolver.TraversableResolvers - Found javax.persistence.Persistence on classpath containing 'getPersistenceUtil'. Assuming JPA 2 environment. Trying to instantiate JPA aware TraversableResolver
13:32:50.963 [Test worker] DEBUG org.hibernate.validator.internal.engine.resolver.TraversableResolvers - Instantiated JPA aware TraversableResolver of type org.hibernate.validator.internal.engine.resolver.JPATraversableResolver.
13:32:50.963 [Test worker] DEBUG org.hibernate.validator.messageinterpolation.ResourceBundleMessageInterpolator - Loaded expression factory via original TCCL
13:32:50.967 [Test worker] DEBUG org.hibernate.validator.internal.engine.resolver.TraversableResolvers - Found javax.persistence.Persistence on classpath containing 'getPersistenceUtil'. Assuming JPA 2 environment. Trying to instantiate JPA aware TraversableResolver
13:32:50.967 [Test worker] DEBUG org.hibernate.validator.internal.engine.resolver.TraversableResolvers - Instantiated JPA aware TraversableResolver of type org.hibernate.validator.internal.engine.resolver.JPATraversableResolver.
13:32:50.968 [Test worker] DEBUG org.hibernate.validator.internal.engine.ConfigurationImpl - Setting custom MessageInterpolator of type org.springframework.validation.beanvalidation.LocaleContextMessageInterpolator
13:32:50.968 [Test worker] DEBUG org.hibernate.validator.internal.engine.ConfigurationImpl - Setting custom ConstraintValidatorFactory of type org.springframework.validation.beanvalidation.SpringConstraintValidatorFactory
13:32:50.968 [Test worker] DEBUG org.hibernate.validator.internal.engine.ConfigurationImpl - Setting custom ParameterNameProvider of type org.springframework.validation.beanvalidation.LocalValidatorFactoryBean$1
13:32:50.969 [Test worker] DEBUG org.hibernate.validator.internal.xml.config.ValidationXmlParser - Trying to load META-INF/validation.xml for XML based Validator configuration.
13:32:50.969 [Test worker] DEBUG org.hibernate.validator.internal.xml.config.ResourceLoaderHelper - Trying to load META-INF/validation.xml via user class loader
13:32:50.969 [Test worker] DEBUG org.hibernate.validator.internal.xml.config.ResourceLoaderHelper - Trying to load META-INF/validation.xml via TCCL
13:32:50.969 [Test worker] DEBUG org.hibernate.validator.internal.xml.config.ResourceLoaderHelper - Trying to load META-INF/validation.xml via Hibernate Validator's class loader
13:32:50.969 [Test worker] DEBUG org.hibernate.validator.internal.xml.config.ValidationXmlParser - No META-INF/validation.xml found. Using annotation based configuration only.
13:32:50.972 [Test worker] DEBUG org.hibernate.validator.internal.engine.ValidatorFactoryImpl - HV000234: Using org.springframework.validation.beanvalidation.LocaleContextMessageInterpolator as ValidatorFactory-scoped message interpolator.
13:32:50.972 [Test worker] DEBUG org.hibernate.validator.internal.engine.ValidatorFactoryImpl - HV000234: Using org.hibernate.validator.internal.engine.resolver.JPATraversableResolver as ValidatorFactory-scoped traversable resolver.
13:32:50.972 [Test worker] DEBUG org.hibernate.validator.internal.engine.ValidatorFactoryImpl - HV000234: Using org.hibernate.validator.internal.util.ExecutableParameterNameProvider as ValidatorFactory-scoped parameter name provider.
13:32:50.972 [Test worker] DEBUG org.hibernate.validator.internal.engine.ValidatorFactoryImpl - HV000234: Using org.hibernate.validator.internal.engine.DefaultClockProvider as ValidatorFactory-scoped clock provider.
13:32:50.972 [Test worker] DEBUG org.hibernate.validator.internal.engine.ValidatorFactoryImpl - HV000234: Using org.hibernate.validator.internal.engine.scripting.DefaultScriptEvaluatorFactory as ValidatorFactory-scoped script evaluator factory.
13:32:51.672 [Test worker] DEBUG org.hibernate.query.criteria.internal.CriteriaQueryImpl - Rendered criteria query -> select generatedAlias0 from Beleg as generatedAlias0 where ( ( ( generatedAlias0.wert=:param0 ) and ( generatedAlias0.beleg=:param1 ) ) and ( generatedAlias0.absender=:param2 ) ) and ( generatedAlias0.empfaenger=:param3 )
13:32:51.673 [Test worker] DEBUG org.hibernate.hql.internal.ast.QueryTranslatorImpl - parse() - HQL: select generatedAlias0 from loc.balsen.kontospring.data.Beleg as generatedAlias0 where ( ( ( generatedAlias0.wert=:param0 ) and ( generatedAlias0.beleg=:param1 ) ) and ( generatedAlias0.absender=:param2 ) ) and ( generatedAlias0.empfaenger=:param3 )
13:32:51.674 [Test worker] DEBUG org.hibernate.hql.internal.ast.ErrorCounter - throwQueryException() : no errors
13:32:51.674 [Test worker] DEBUG org.hibernate.hql.internal.ast.QueryTranslatorImpl - --- HQL AST ---
 \-[QUERY] Node: 'query'
    +-[SELECT_FROM] Node: 'SELECT_FROM'
    |  +-[FROM] Node: 'from'
    |  |  \-[RANGE] Node: 'RANGE'
    |  |     +-[DOT] Node: '.'
    |  |     |  +-[DOT] Node: '.'
    |  |     |  |  +-[DOT] Node: '.'
    |  |     |  |  |  +-[DOT] Node: '.'
    |  |     |  |  |  |  +-[IDENT] Node: 'loc'
    |  |     |  |  |  |  \-[IDENT] Node: 'balsen'
    |  |     |  |  |  \-[IDENT] Node: 'kontospring'
    |  |     |  |  \-[IDENT] Node: 'data'
    |  |     |  \-[IDENT] Node: 'Beleg'
    |  |     \-[ALIAS] Node: 'generatedAlias0'
    |  \-[SELECT] Node: 'select'
    |     \-[IDENT] Node: 'generatedAlias0'
    \-[WHERE] Node: 'where'
       \-[AND] Node: 'and'
          +-[AND] Node: 'and'
          |  +-[AND] Node: 'and'
          |  |  +-[EQ] Node: '='
          |  |  |  +-[DOT] Node: '.'
          |  |  |  |  +-[IDENT] Node: 'generatedAlias0'
          |  |  |  |  \-[IDENT] Node: 'wert'
          |  |  |  \-[COLON] Node: ':'
          |  |  |     \-[IDENT] Node: 'param0'
          |  |  \-[EQ] Node: '='
          |  |     +-[DOT] Node: '.'
          |  |     |  +-[IDENT] Node: 'generatedAlias0'
          |  |     |  \-[IDENT] Node: 'beleg'
          |  |     \-[COLON] Node: ':'
          |  |        \-[IDENT] Node: 'param1'
          |  \-[EQ] Node: '='
          |     +-[DOT] Node: '.'
          |     |  +-[IDENT] Node: 'generatedAlias0'
          |     |  \-[IDENT] Node: 'absender'
          |     \-[COLON] Node: ':'
          |        \-[IDENT] Node: 'param2'
          \-[EQ] Node: '='
             +-[DOT] Node: '.'
             |  +-[IDENT] Node: 'generatedAlias0'
             |  \-[IDENT] Node: 'empfaenger'
             \-[COLON] Node: ':'
                \-[IDENT] Node: 'param3'

13:32:51.674 [Test worker] DEBUG org.hibernate.hql.internal.antlr.HqlSqlBaseWalker - select << begin [level=1, statement=select]
13:32:51.675 [Test worker] DEBUG org.hibernate.hql.internal.ast.tree.FromElement - FromClause{level=1} : loc.balsen.kontospring.data.Beleg (generatedAlias0) -> beleg0_
13:32:51.675 [Test worker] DEBUG org.hibernate.hql.internal.ast.tree.FromReferenceNode - Resolved : generatedAlias0 -> beleg0_.id
13:32:51.675 [Test worker] DEBUG org.hibernate.hql.internal.ast.tree.FromReferenceNode - Resolved : generatedAlias0 -> beleg0_.id
13:32:51.675 [Test worker] DEBUG org.hibernate.hql.internal.ast.tree.DotNode - getDataType() : wert -> org.hibernate.type.IntegerType@fe15588
13:32:51.675 [Test worker] DEBUG org.hibernate.hql.internal.ast.tree.FromReferenceNode - Resolved : generatedAlias0.wert -> beleg0_.wert
13:32:51.675 [Test worker] DEBUG org.hibernate.hql.internal.ast.tree.FromReferenceNode - Resolved : generatedAlias0 -> beleg0_.id
13:32:51.675 [Test worker] DEBUG org.hibernate.hql.internal.ast.tree.DotNode - getDataType() : beleg -> org.hibernate.type.TimestampType@71dcd0d5
13:32:51.676 [Test worker] DEBUG org.hibernate.hql.internal.ast.tree.FromReferenceNode - Resolved : generatedAlias0.beleg -> beleg0_.beleg
13:32:51.676 [Test worker] DEBUG org.hibernate.hql.internal.ast.tree.FromReferenceNode - Resolved : generatedAlias0 -> beleg0_.id
13:32:51.676 [Test worker] DEBUG org.hibernate.hql.internal.ast.tree.DotNode - getDataType() : absender -> org.hibernate.type.StringType@3f354e98
13:32:51.676 [Test worker] DEBUG org.hibernate.hql.internal.ast.tree.FromReferenceNode - Resolved : generatedAlias0.absender -> beleg0_.absender
13:32:51.676 [Test worker] DEBUG org.hibernate.hql.internal.ast.tree.FromReferenceNode - Resolved : generatedAlias0 -> beleg0_.id
13:32:51.676 [Test worker] DEBUG org.hibernate.hql.internal.ast.tree.DotNode - getDataType() : empfaenger -> org.hibernate.type.StringType@3f354e98
13:32:51.676 [Test worker] DEBUG org.hibernate.hql.internal.ast.tree.FromReferenceNode - Resolved : generatedAlias0.empfaenger -> beleg0_.empfaenger
13:32:51.676 [Test worker] DEBUG org.hibernate.hql.internal.antlr.HqlSqlBaseWalker - select : finishing up [level=1, statement=select]
13:32:51.676 [Test worker] DEBUG org.hibernate.hql.internal.ast.HqlSqlWalker - processQuery() :  ( SELECT ( {select clause} beleg0_.id ) ( FromClause{level=1} buchungsbeleg beleg0_ ) ( where ( and ( and ( and ( = ( beleg0_.wert beleg0_.id wert ) ? ) ( = ( beleg0_.beleg beleg0_.id beleg ) ? ) ) ( = ( beleg0_.absender beleg0_.id absender ) ? ) ) ( = ( beleg0_.empfaenger beleg0_.id empfaenger ) ? ) ) ) )
13:32:51.676 [Test worker] DEBUG org.hibernate.hql.internal.ast.util.JoinProcessor - Using FROM fragment [buchungsbeleg beleg0_]
13:32:51.676 [Test worker] DEBUG org.hibernate.hql.internal.antlr.HqlSqlBaseWalker - select >> end [level=1, statement=select]
13:32:51.676 [Test worker] DEBUG org.hibernate.hql.internal.ast.QueryTranslatorImpl - --- SQL AST ---
 \-[SELECT] QueryNode: 'SELECT'  querySpaces (buchungsbeleg)
    +-[SELECT_CLAUSE] SelectClause: '{select clause}'
    |  +-[ALIAS_REF] IdentNode: 'beleg0_.id as id1_0_' {alias=generatedAlias0, className=loc.balsen.kontospring.data.Beleg, tableAlias=beleg0_}
    |  \-[SQL_TOKEN] SqlFragment: 'beleg0_.referenz as referenz2_0_, beleg0_.absender as absender3_0_, beleg0_.art as art4_0_, beleg0_.beleg as beleg5_0_, beleg0_.details as details6_0_, beleg0_.eingang as eingang7_0_, beleg0_.einreicherid as einreich8_0_, beleg0_.empfaenger as empfaeng9_0_, beleg0_.mandat as mandat10_0_, beleg0_.wert as wert11_0_, beleg0_.wertstellung as wertste12_0_'
    +-[FROM] FromClause: 'from' FromClause{level=1, fromElementCounter=1, fromElements=1, fromElementByClassAlias=[generatedAlias0], fromElementByTableAlias=[beleg0_], fromElementsByPath=[], collectionJoinFromElementsByPath=[], impliedElements=[]}
    |  \-[FROM_FRAGMENT] FromElement: 'buchungsbeleg beleg0_' FromElement{explicit,not a collection join,not a fetch join,fetch non-lazy properties,classAlias=generatedAlias0,role=null,tableName=buchungsbeleg,tableAlias=beleg0_,origin=null,columns={,className=loc.balsen.kontospring.data.Beleg}}
    \-[WHERE] SqlNode: 'where'
       \-[AND] SqlNode: 'and'
          +-[AND] SqlNode: 'and'
          |  +-[AND] SqlNode: 'and'
          |  |  +-[EQ] BinaryLogicOperatorNode: '='
          |  |  |  +-[DOT] DotNode: 'beleg0_.wert' {propertyName=wert,dereferenceType=PRIMITIVE,getPropertyPath=wert,path=generatedAlias0.wert,tableAlias=beleg0_,className=loc.balsen.kontospring.data.Beleg,classAlias=generatedAlias0}
          |  |  |  |  +-[ALIAS_REF] IdentNode: 'beleg0_.id' {alias=generatedAlias0, className=loc.balsen.kontospring.data.Beleg, tableAlias=beleg0_}
          |  |  |  |  \-[IDENT] IdentNode: 'wert' {originalText=wert}
          |  |  |  \-[NAMED_PARAM] ParameterNode: '?' {name=param0, expectedType=org.hibernate.type.IntegerType@fe15588}
          |  |  \-[EQ] BinaryLogicOperatorNode: '='
          |  |     +-[DOT] DotNode: 'beleg0_.beleg' {propertyName=beleg,dereferenceType=PRIMITIVE,getPropertyPath=beleg,path=generatedAlias0.beleg,tableAlias=beleg0_,className=loc.balsen.kontospring.data.Beleg,classAlias=generatedAlias0}
          |  |     |  +-[ALIAS_REF] IdentNode: 'beleg0_.id' {alias=generatedAlias0, className=loc.balsen.kontospring.data.Beleg, tableAlias=beleg0_}
          |  |     |  \-[IDENT] IdentNode: 'beleg' {originalText=beleg}
          |  |     \-[NAMED_PARAM] ParameterNode: '?' {name=param1, expectedType=org.hibernate.type.TimestampType@71dcd0d5}
          |  \-[EQ] BinaryLogicOperatorNode: '='
          |     +-[DOT] DotNode: 'beleg0_.absender' {propertyName=absender,dereferenceType=PRIMITIVE,getPropertyPath=absender,path=generatedAlias0.absender,tableAlias=beleg0_,className=loc.balsen.kontospring.data.Beleg,classAlias=generatedAlias0}
          |     |  +-[ALIAS_REF] IdentNode: 'beleg0_.id' {alias=generatedAlias0, className=loc.balsen.kontospring.data.Beleg, tableAlias=beleg0_}
          |     |  \-[IDENT] IdentNode: 'absender' {originalText=absender}
          |     \-[NAMED_PARAM] ParameterNode: '?' {name=param2, expectedType=org.hibernate.type.StringType@3f354e98}
          \-[EQ] BinaryLogicOperatorNode: '='
             +-[DOT] DotNode: 'beleg0_.empfaenger' {propertyName=empfaenger,dereferenceType=PRIMITIVE,getPropertyPath=empfaenger,path=generatedAlias0.empfaenger,tableAlias=beleg0_,className=loc.balsen.kontospring.data.Beleg,classAlias=generatedAlias0}
             |  +-[ALIAS_REF] IdentNode: 'beleg0_.id' {alias=generatedAlias0, className=loc.balsen.kontospring.data.Beleg, tableAlias=beleg0_}
             |  \-[IDENT] IdentNode: 'empfaenger' {originalText=empfaenger}
             \-[NAMED_PARAM] ParameterNode: '?' {name=param3, expectedType=org.hibernate.type.StringType@3f354e98}

13:32:51.676 [Test worker] DEBUG org.hibernate.hql.internal.ast.ErrorCounter - throwQueryException() : no errors
13:32:51.676 [Test worker] DEBUG org.hibernate.hql.internal.ast.QueryTranslatorImpl - HQL: select generatedAlias0 from loc.balsen.kontospring.data.Beleg as generatedAlias0 where ( ( ( generatedAlias0.wert=:param0 ) and ( generatedAlias0.beleg=:param1 ) ) and ( generatedAlias0.absender=:param2 ) ) and ( generatedAlias0.empfaenger=:param3 )
13:32:51.676 [Test worker] DEBUG org.hibernate.hql.internal.ast.QueryTranslatorImpl - SQL: select beleg0_.id as id1_0_, beleg0_.referenz as referenz2_0_, beleg0_.absender as absender3_0_, beleg0_.art as art4_0_, beleg0_.beleg as beleg5_0_, beleg0_.details as details6_0_, beleg0_.eingang as eingang7_0_, beleg0_.einreicherid as einreich8_0_, beleg0_.empfaenger as empfaeng9_0_, beleg0_.mandat as mandat10_0_, beleg0_.wert as wert11_0_, beleg0_.wertstellung as wertste12_0_ from buchungsbeleg beleg0_ where beleg0_.wert=? and beleg0_.beleg=? and beleg0_.absender=? and beleg0_.empfaenger=?
13:32:51.676 [Test worker] DEBUG org.hibernate.hql.internal.ast.ErrorCounter - throwQueryException() : no errors
13:32:51.697 [Test worker] DEBUG org.hibernate.SQL - select beleg0_.id as id1_0_, beleg0_.referenz as referenz2_0_, beleg0_.absender as absender3_0_, beleg0_.art as art4_0_, beleg0_.beleg as beleg5_0_, beleg0_.details as details6_0_, beleg0_.eingang as eingang7_0_, beleg0_.einreicherid as einreich8_0_, beleg0_.empfaenger as empfaeng9_0_, beleg0_.mandat as mandat10_0_, beleg0_.wert as wert11_0_, beleg0_.wertstellung as wertste12_0_ from buchungsbeleg beleg0_ where beleg0_.wert=? and beleg0_.beleg=? and beleg0_.absender=? and beleg0_.empfaenger=?
13:32:51.709 [Test worker] DEBUG org.springframework.data.repository.core.support.TransactionalRepositoryProxyPostProcessor$CustomAnnotationTransactionAttributeSource - Adding transactional method 'save' with attribute: PROPAGATION_REQUIRED,ISOLATION_DEFAULT; ''
13:32:51.712 [Test worker] DEBUG org.hibernate.engine.transaction.internal.TransactionImpl - begin
13:32:51.717 [Test worker] DEBUG org.hibernate.SQL - call next value for seq_buchungsbeleg
13:32:51.721 [Test worker] DEBUG org.hibernate.id.enhanced.SequenceStructure - Sequence value obtained: 1
13:32:51.721 [Test worker] DEBUG org.hibernate.resource.jdbc.internal.ResourceRegistryStandardImpl - HHH000387: ResultSet's statement was not registered
13:32:51.722 [Test worker] DEBUG org.hibernate.event.internal.AbstractSaveEventListener - Generated identifier: 1, using strategy: org.hibernate.id.enhanced.SequenceStyleGenerator
13:32:51.728 [Test worker] DEBUG org.hibernate.engine.transaction.internal.TransactionImpl - committing
13:32:51.729 [Test worker] DEBUG org.hibernate.event.internal.AbstractFlushingEventListener - Processing flush-time cascades
13:32:51.729 [Test worker] DEBUG org.hibernate.event.internal.AbstractFlushingEventListener - Dirty checking collections
13:32:51.730 [Test worker] DEBUG org.hibernate.event.internal.AbstractFlushingEventListener - Flushed: 1 insertions, 0 updates, 0 deletions to 1 objects
13:32:51.730 [Test worker] DEBUG org.hibernate.event.internal.AbstractFlushingEventListener - Flushed: 0 (re)creations, 0 updates, 0 removals to 0 collections
13:32:51.731 [Test worker] DEBUG org.hibernate.internal.util.EntityPrinter - Listing entities:
13:32:51.731 [Test worker] DEBUG org.hibernate.internal.util.EntityPrinter - loc.balsen.kontospring.data.Beleg{einreicherID=null, absender=ich, art=null, mandat=null, wert=100, wertstellung=null, Referenz=null, details=null, id=1, eingang=null, empfaenger=du, beleg=Mon Oct 01 13:32:51 CEST 2018}
13:32:51.737 [Test worker] DEBUG org.hibernate.SQL - insert into buchungsbeleg (referenz, absender, art, beleg, details, eingang, einreicherid, empfaenger, mandat, wert, wertstellung, id) values (?, ?, ?, ?, ?, ?, ?, ?, ?, ?, ?, ?)
13:32:51.740 [Test worker] DEBUG org.springframework.data.repository.core.support.TransactionalRepositoryProxyPostProcessor$CustomAnnotationTransactionAttributeSource - Adding transactional method 'findAll' with attribute: PROPAGATION_REQUIRED,ISOLATION_DEFAULT,readOnly; ''
13:32:51.741 [Test worker] DEBUG org.hibernate.engine.transaction.internal.TransactionImpl - begin
13:32:51.741 [Test worker] DEBUG org.hibernate.query.criteria.internal.CriteriaQueryImpl - Rendered criteria query -> select generatedAlias0 from Beleg as generatedAlias0
13:32:51.742 [Test worker] DEBUG org.hibernate.hql.internal.ast.QueryTranslatorImpl - parse() - HQL: select generatedAlias0 from loc.balsen.kontospring.data.Beleg as generatedAlias0
13:32:51.742 [Test worker] DEBUG org.hibernate.hql.internal.ast.ErrorCounter - throwQueryException() : no errors
13:32:51.742 [Test worker] DEBUG org.hibernate.hql.internal.ast.QueryTranslatorImpl - --- HQL AST ---
 \-[QUERY] Node: 'query'
    \-[SELECT_FROM] Node: 'SELECT_FROM'
       +-[FROM] Node: 'from'
       |  \-[RANGE] Node: 'RANGE'
       |     +-[DOT] Node: '.'
       |     |  +-[DOT] Node: '.'
       |     |  |  +-[DOT] Node: '.'
       |     |  |  |  +-[DOT] Node: '.'
       |     |  |  |  |  +-[IDENT] Node: 'loc'
       |     |  |  |  |  \-[IDENT] Node: 'balsen'
       |     |  |  |  \-[IDENT] Node: 'kontospring'
       |     |  |  \-[IDENT] Node: 'data'
       |     |  \-[IDENT] Node: 'Beleg'
       |     \-[ALIAS] Node: 'generatedAlias0'
       \-[SELECT] Node: 'select'
          \-[IDENT] Node: 'generatedAlias0'

13:32:51.742 [Test worker] DEBUG org.hibernate.hql.internal.antlr.HqlSqlBaseWalker - select << begin [level=1, statement=select]
13:32:51.742 [Test worker] DEBUG org.hibernate.hql.internal.ast.tree.FromElement - FromClause{level=1} : loc.balsen.kontospring.data.Beleg (generatedAlias0) -> beleg0_
13:32:51.742 [Test worker] DEBUG org.hibernate.hql.internal.ast.tree.FromReferenceNode - Resolved : generatedAlias0 -> beleg0_.id
13:32:51.743 [Test worker] DEBUG org.hibernate.hql.internal.antlr.HqlSqlBaseWalker - select : finishing up [level=1, statement=select]
13:32:51.743 [Test worker] DEBUG org.hibernate.hql.internal.ast.HqlSqlWalker - processQuery() :  ( SELECT ( {select clause} beleg0_.id ) ( FromClause{level=1} buchungsbeleg beleg0_ ) )
13:32:51.743 [Test worker] DEBUG org.hibernate.hql.internal.ast.util.JoinProcessor - Using FROM fragment [buchungsbeleg beleg0_]
13:32:51.743 [Test worker] DEBUG org.hibernate.hql.internal.antlr.HqlSqlBaseWalker - select >> end [level=1, statement=select]
13:32:51.743 [Test worker] DEBUG org.hibernate.hql.internal.ast.QueryTranslatorImpl - --- SQL AST ---
 \-[SELECT] QueryNode: 'SELECT'  querySpaces (buchungsbeleg)
    +-[SELECT_CLAUSE] SelectClause: '{select clause}'
    |  +-[ALIAS_REF] IdentNode: 'beleg0_.id as id1_0_' {alias=generatedAlias0, className=loc.balsen.kontospring.data.Beleg, tableAlias=beleg0_}
    |  \-[SQL_TOKEN] SqlFragment: 'beleg0_.referenz as referenz2_0_, beleg0_.absender as absender3_0_, beleg0_.art as art4_0_, beleg0_.beleg as beleg5_0_, beleg0_.details as details6_0_, beleg0_.eingang as eingang7_0_, beleg0_.einreicherid as einreich8_0_, beleg0_.empfaenger as empfaeng9_0_, beleg0_.mandat as mandat10_0_, beleg0_.wert as wert11_0_, beleg0_.wertstellung as wertste12_0_'
    \-[FROM] FromClause: 'from' FromClause{level=1, fromElementCounter=1, fromElements=1, fromElementByClassAlias=[generatedAlias0], fromElementByTableAlias=[beleg0_], fromElementsByPath=[], collectionJoinFromElementsByPath=[], impliedElements=[]}
       \-[FROM_FRAGMENT] FromElement: 'buchungsbeleg beleg0_' FromElement{explicit,not a collection join,not a fetch join,fetch non-lazy properties,classAlias=generatedAlias0,role=null,tableName=buchungsbeleg,tableAlias=beleg0_,origin=null,columns={,className=loc.balsen.kontospring.data.Beleg}}

13:32:51.743 [Test worker] DEBUG org.hibernate.hql.internal.ast.ErrorCounter - throwQueryException() : no errors
13:32:51.743 [Test worker] DEBUG org.hibernate.hql.internal.ast.QueryTranslatorImpl - HQL: select generatedAlias0 from loc.balsen.kontospring.data.Beleg as generatedAlias0
13:32:51.743 [Test worker] DEBUG org.hibernate.hql.internal.ast.QueryTranslatorImpl - SQL: select beleg0_.id as id1_0_, beleg0_.referenz as referenz2_0_, beleg0_.absender as absender3_0_, beleg0_.art as art4_0_, beleg0_.beleg as beleg5_0_, beleg0_.details as details6_0_, beleg0_.eingang as eingang7_0_, beleg0_.einreicherid as einreich8_0_, beleg0_.empfaenger as empfaeng9_0_, beleg0_.mandat as mandat10_0_, beleg0_.wert as wert11_0_, beleg0_.wertstellung as wertste12_0_ from buchungsbeleg beleg0_
13:32:51.743 [Test worker] DEBUG org.hibernate.hql.internal.ast.ErrorCounter - throwQueryException() : no errors
13:32:51.745 [Test worker] DEBUG org.hibernate.SQL - select beleg0_.id as id1_0_, beleg0_.referenz as referenz2_0_, beleg0_.absender as absender3_0_, beleg0_.art as art4_0_, beleg0_.beleg as beleg5_0_, beleg0_.details as details6_0_, beleg0_.eingang as eingang7_0_, beleg0_.einreicherid as einreich8_0_, beleg0_.empfaenger as empfaeng9_0_, beleg0_.mandat as mandat10_0_, beleg0_.wert as wert11_0_, beleg0_.wertstellung as wertste12_0_ from buchungsbeleg beleg0_
13:32:51.746 [Test worker] DEBUG org.hibernate.loader.Loader - Result set row: 0
13:32:51.747 [Test worker] DEBUG org.hibernate.loader.Loader - Result row: EntityKey[loc.balsen.kontospring.data.Beleg#1]
13:32:51.749 [Test worker] DEBUG org.hibernate.engine.internal.TwoPhaseLoad - Resolving associations for [loc.balsen.kontospring.data.Beleg#1]
13:32:51.749 [Test worker] DEBUG org.hibernate.engine.internal.TwoPhaseLoad - Done materializing entity [loc.balsen.kontospring.data.Beleg#1]
13:32:51.750 [Test worker] DEBUG org.hibernate.engine.transaction.internal.TransactionImpl - committing
13:32:51.750 [Test worker] DEBUG com.zaxxer.hikari.pool.PoolBase - HikariPool-1 - Reset (readOnly) on connection conn0: url=jdbc:h2:mem:db user=SA
13:32:51.751 [Test worker] DEBUG org.hibernate.query.criteria.internal.CriteriaQueryImpl - Rendered criteria query -> select generatedAlias0 from Beleg as generatedAlias0 where ( ( ( generatedAlias0.wert=:param0 ) and ( generatedAlias0.beleg=:param1 ) ) and ( generatedAlias0.absender=:param2 ) ) and ( generatedAlias0.empfaenger=:param3 )
13:32:51.751 [Test worker] DEBUG org.hibernate.SQL - select beleg0_.id as id1_0_, beleg0_.referenz as referenz2_0_, beleg0_.absender as absender3_0_, beleg0_.art as art4_0_, beleg0_.beleg as beleg5_0_, beleg0_.details as details6_0_, beleg0_.eingang as eingang7_0_, beleg0_.einreicherid as einreich8_0_, beleg0_.empfaenger as empfaeng9_0_, beleg0_.mandat as mandat10_0_, beleg0_.wert as wert11_0_, beleg0_.wertstellung as wertste12_0_ from buchungsbeleg beleg0_ where beleg0_.wert=? and beleg0_.beleg=? and beleg0_.absender=? and beleg0_.empfaenger=?
13:32:51.751 [Test worker] DEBUG org.hibernate.loader.Loader - Result set row: 0
13:32:51.751 [Test worker] DEBUG org.hibernate.loader.Loader - Result row: EntityKey[loc.balsen.kontospring.data.Beleg#1]
13:32:51.751 [Test worker] DEBUG org.hibernate.engine.internal.TwoPhaseLoad - Resolving associations for [loc.balsen.kontospring.data.Beleg#1]
13:32:51.752 [Test worker] DEBUG org.hibernate.engine.internal.TwoPhaseLoad - Done materializing entity [loc.balsen.kontospring.data.Beleg#1]
13:32:51.752 [Test worker] DEBUG org.hibernate.query.criteria.internal.CriteriaQueryImpl - Rendered criteria query -> select generatedAlias0 from Beleg as generatedAlias0 where ( ( ( generatedAlias0.wert=:param0 ) and ( generatedAlias0.beleg=:param1 ) ) and ( generatedAlias0.absender=:param2 ) ) and ( generatedAlias0.empfaenger=:param3 )
13:32:51.752 [Test worker] DEBUG org.hibernate.SQL - select beleg0_.id as id1_0_, beleg0_.referenz as referenz2_0_, beleg0_.absender as absender3_0_, beleg0_.art as art4_0_, beleg0_.beleg as beleg5_0_, beleg0_.details as details6_0_, beleg0_.eingang as eingang7_0_, beleg0_.einreicherid as einreich8_0_, beleg0_.empfaenger as empfaeng9_0_, beleg0_.mandat as mandat10_0_, beleg0_.wert as wert11_0_, beleg0_.wertstellung as wertste12_0_ from buchungsbeleg beleg0_ where beleg0_.wert=? and beleg0_.beleg=? and beleg0_.absender=? and beleg0_.empfaenger=?
13:32:51.753 [Test worker] DEBUG org.hibernate.engine.transaction.internal.TransactionImpl - begin
13:32:51.753 [Test worker] DEBUG org.hibernate.SQL - call next value for seq_buchungsbeleg
13:32:51.753 [Test worker] DEBUG org.hibernate.id.enhanced.SequenceStructure - Sequence value obtained: 2
13:32:51.753 [Test worker] DEBUG org.hibernate.resource.jdbc.internal.ResourceRegistryStandardImpl - HHH000387: ResultSet's statement was not registered
13:32:51.753 [Test worker] DEBUG org.hibernate.event.internal.AbstractSaveEventListener - Generated identifier: 2, using strategy: org.hibernate.id.enhanced.SequenceStyleGenerator
13:32:51.753 [Test worker] DEBUG org.hibernate.engine.transaction.internal.TransactionImpl - committing
13:32:51.753 [Test worker] DEBUG org.hibernate.event.internal.AbstractFlushingEventListener - Processing flush-time cascades
13:32:51.753 [Test worker] DEBUG org.hibernate.event.internal.AbstractFlushingEventListener - Dirty checking collections
13:32:51.753 [Test worker] DEBUG org.hibernate.event.internal.AbstractFlushingEventListener - Flushed: 1 insertions, 0 updates, 0 deletions to 1 objects
13:32:51.753 [Test worker] DEBUG org.hibernate.event.internal.AbstractFlushingEventListener - Flushed: 0 (re)creations, 0 updates, 0 removals to 0 collections
13:32:51.753 [Test worker] DEBUG org.hibernate.internal.util.EntityPrinter - Listing entities:
13:32:51.753 [Test worker] DEBUG org.hibernate.internal.util.EntityPrinter - loc.balsen.kontospring.data.Beleg{einreicherID=null, absender=ich, art=null, mandat=null, wert=101, wertstellung=null, Referenz=null, details=null, id=2, eingang=null, empfaenger=du, beleg=Mon Oct 01 13:32:51 CEST 2018}
13:32:51.754 [Test worker] DEBUG org.hibernate.SQL - insert into buchungsbeleg (referenz, absender, art, beleg, details, eingang, einreicherid, empfaenger, mandat, wert, wertstellung, id) values (?, ?, ?, ?, ?, ?, ?, ?, ?, ?, ?, ?)
13:32:51.754 [Test worker] DEBUG org.hibernate.query.criteria.internal.CriteriaQueryImpl - Rendered criteria query -> select generatedAlias0 from Beleg as generatedAlias0 where ( ( ( generatedAlias0.wert=:param0 ) and ( generatedAlias0.beleg=:param1 ) ) and ( generatedAlias0.absender=:param2 ) ) and ( generatedAlias0.empfaenger=:param3 )
13:32:51.755 [Test worker] DEBUG org.hibernate.SQL - select beleg0_.id as id1_0_, beleg0_.referenz as referenz2_0_, beleg0_.absender as absender3_0_, beleg0_.art as art4_0_, beleg0_.beleg as beleg5_0_, beleg0_.details as details6_0_, beleg0_.eingang as eingang7_0_, beleg0_.einreicherid as einreich8_0_, beleg0_.empfaenger as empfaeng9_0_, beleg0_.mandat as mandat10_0_, beleg0_.wert as wert11_0_, beleg0_.wertstellung as wertste12_0_ from buchungsbeleg beleg0_ where beleg0_.wert=? and beleg0_.beleg=? and beleg0_.absender=? and beleg0_.empfaenger=?
13:32:51.755 [Test worker] DEBUG org.hibernate.engine.transaction.internal.TransactionImpl - begin
13:32:51.755 [Test worker] DEBUG org.hibernate.SQL - call next value for seq_buchungsbeleg
13:32:51.755 [Test worker] DEBUG org.hibernate.id.enhanced.SequenceStructure - Sequence value obtained: 3
13:32:51.755 [Test worker] DEBUG org.hibernate.resource.jdbc.internal.ResourceRegistryStandardImpl - HHH000387: ResultSet's statement was not registered
13:32:51.755 [Test worker] DEBUG org.hibernate.event.internal.AbstractSaveEventListener - Generated identifier: 3, using strategy: org.hibernate.id.enhanced.SequenceStyleGenerator
13:32:51.755 [Test worker] DEBUG org.hibernate.engine.transaction.internal.TransactionImpl - committing
13:32:51.755 [Test worker] DEBUG org.hibernate.event.internal.AbstractFlushingEventListener - Processing flush-time cascades
13:32:51.755 [Test worker] DEBUG org.hibernate.event.internal.AbstractFlushingEventListener - Dirty checking collections
13:32:51.756 [Test worker] DEBUG org.hibernate.event.internal.AbstractFlushingEventListener - Flushed: 1 insertions, 0 updates, 0 deletions to 1 objects
13:32:51.756 [Test worker] DEBUG org.hibernate.event.internal.AbstractFlushingEventListener - Flushed: 0 (re)creations, 0 updates, 0 removals to 0 collections
13:32:51.756 [Test worker] DEBUG org.hibernate.internal.util.EntityPrinter - Listing entities:
13:32:51.756 [Test worker] DEBUG org.hibernate.internal.util.EntityPrinter - loc.balsen.kontospring.data.Beleg{einreicherID=null, absender=ich, art=null, mandat=null, wert=100, wertstellung=null, Referenz=null, details=null, id=3, eingang=null, empfaenger=du, beleg=Mon Oct 01 13:32:51 CEST 2018}
13:32:51.756 [Test worker] DEBUG org.hibernate.SQL - insert into buchungsbeleg (referenz, absender, art, beleg, details, eingang, einreicherid, empfaenger, mandat, wert, wertstellung, id) values (?, ?, ?, ?, ?, ?, ?, ?, ?, ?, ?, ?)
13:32:51.756 [Test worker] DEBUG org.hibernate.query.criteria.internal.CriteriaQueryImpl - Rendered criteria query -> select generatedAlias0 from Beleg as generatedAlias0 where ( ( ( generatedAlias0.wert=:param0 ) and ( generatedAlias0.beleg=:param1 ) ) and ( generatedAlias0.absender=:param2 ) ) and ( generatedAlias0.empfaenger=:param3 )
13:32:51.757 [Test worker] DEBUG org.hibernate.SQL - select beleg0_.id as id1_0_, beleg0_.referenz as referenz2_0_, beleg0_.absender as absender3_0_, beleg0_.art as art4_0_, beleg0_.beleg as beleg5_0_, beleg0_.details as details6_0_, beleg0_.eingang as eingang7_0_, beleg0_.einreicherid as einreich8_0_, beleg0_.empfaenger as empfaeng9_0_, beleg0_.mandat as mandat10_0_, beleg0_.wert as wert11_0_, beleg0_.wertstellung as wertste12_0_ from buchungsbeleg beleg0_ where beleg0_.wert=? and beleg0_.beleg=? and beleg0_.absender=? and beleg0_.empfaenger=?
13:32:51.757 [Test worker] DEBUG org.hibernate.engine.transaction.internal.TransactionImpl - begin
13:32:51.758 [Test worker] DEBUG org.hibernate.SQL - call next value for seq_buchungsbeleg
13:32:51.758 [Test worker] DEBUG org.hibernate.id.enhanced.SequenceStructure - Sequence value obtained: 4
13:32:51.758 [Test worker] DEBUG org.hibernate.resource.jdbc.internal.ResourceRegistryStandardImpl - HHH000387: ResultSet's statement was not registered
13:32:51.758 [Test worker] DEBUG org.hibernate.event.internal.AbstractSaveEventListener - Generated identifier: 4, using strategy: org.hibernate.id.enhanced.SequenceStyleGenerator
13:32:51.758 [Test worker] DEBUG org.hibernate.engine.transaction.internal.TransactionImpl - committing
13:32:51.758 [Test worker] DEBUG org.hibernate.event.internal.AbstractFlushingEventListener - Processing flush-time cascades
13:32:51.758 [Test worker] DEBUG org.hibernate.event.internal.AbstractFlushingEventListener - Dirty checking collections
13:32:51.758 [Test worker] DEBUG org.hibernate.event.internal.AbstractFlushingEventListener - Flushed: 1 insertions, 0 updates, 0 deletions to 1 objects
13:32:51.758 [Test worker] DEBUG org.hibernate.event.internal.AbstractFlushingEventListener - Flushed: 0 (re)creations, 0 updates, 0 removals to 0 collections
13:32:51.758 [Test worker] DEBUG org.hibernate.internal.util.EntityPrinter - Listing entities:
13:32:51.758 [Test worker] DEBUG org.hibernate.internal.util.EntityPrinter - loc.balsen.kontospring.data.Beleg{einreicherID=null, absender=er, art=null, mandat=null, wert=100, wertstellung=null, Referenz=null, details=null, id=4, eingang=null, empfaenger=du, beleg=Mon Oct 01 13:32:51 CEST 2018}
13:32:51.758 [Test worker] DEBUG org.hibernate.SQL - insert into buchungsbeleg (referenz, absender, art, beleg, details, eingang, einreicherid, empfaenger, mandat, wert, wertstellung, id) values (?, ?, ?, ?, ?, ?, ?, ?, ?, ?, ?, ?)
13:32:51.759 [Test worker] DEBUG org.hibernate.query.criteria.internal.CriteriaQueryImpl - Rendered criteria query -> select generatedAlias0 from Beleg as generatedAlias0 where ( ( ( generatedAlias0.wert=:param0 ) and ( generatedAlias0.beleg=:param1 ) ) and ( generatedAlias0.absender=:param2 ) ) and ( generatedAlias0.empfaenger=:param3 )
13:32:51.759 [Test worker] DEBUG org.hibernate.SQL - select beleg0_.id as id1_0_, beleg0_.referenz as referenz2_0_, beleg0_.absender as absender3_0_, beleg0_.art as art4_0_, beleg0_.beleg as beleg5_0_, beleg0_.details as details6_0_, beleg0_.eingang as eingang7_0_, beleg0_.einreicherid as einreich8_0_, beleg0_.empfaenger as empfaeng9_0_, beleg0_.mandat as mandat10_0_, beleg0_.wert as wert11_0_, beleg0_.wertstellung as wertste12_0_ from buchungsbeleg beleg0_ where beleg0_.wert=? and beleg0_.beleg=? and beleg0_.absender=? and beleg0_.empfaenger=?
13:32:51.760 [Test worker] DEBUG org.hibernate.engine.transaction.internal.TransactionImpl - begin
13:32:51.760 [Test worker] DEBUG org.hibernate.SQL - call next value for seq_buchungsbeleg
13:32:51.760 [Test worker] DEBUG org.hibernate.id.enhanced.SequenceStructure - Sequence value obtained: 5
13:32:51.760 [Test worker] DEBUG org.hibernate.resource.jdbc.internal.ResourceRegistryStandardImpl - HHH000387: ResultSet's statement was not registered
13:32:51.760 [Test worker] DEBUG org.hibernate.event.internal.AbstractSaveEventListener - Generated identifier: 5, using strategy: org.hibernate.id.enhanced.SequenceStyleGenerator
13:32:51.760 [Test worker] DEBUG org.hibernate.engine.transaction.internal.TransactionImpl - committing
13:32:51.760 [Test worker] DEBUG org.hibernate.event.internal.AbstractFlushingEventListener - Processing flush-time cascades
13:32:51.760 [Test worker] DEBUG org.hibernate.event.internal.AbstractFlushingEventListener - Dirty checking collections
13:32:51.760 [Test worker] DEBUG org.hibernate.event.internal.AbstractFlushingEventListener - Flushed: 1 insertions, 0 updates, 0 deletions to 1 objects
13:32:51.760 [Test worker] DEBUG org.hibernate.event.internal.AbstractFlushingEventListener - Flushed: 0 (re)creations, 0 updates, 0 removals to 0 collections
13:32:51.760 [Test worker] DEBUG org.hibernate.internal.util.EntityPrinter - Listing entities:
13:32:51.760 [Test worker] DEBUG org.hibernate.internal.util.EntityPrinter - loc.balsen.kontospring.data.Beleg{einreicherID=null, absender=ich, art=null, mandat=null, wert=100, wertstellung=null, Referenz=null, details=null, id=5, eingang=null, empfaenger=er, beleg=Mon Oct 01 13:32:51 CEST 2018}
13:32:51.760 [Test worker] DEBUG org.hibernate.SQL - insert into buchungsbeleg (referenz, absender, art, beleg, details, eingang, einreicherid, empfaenger, mandat, wert, wertstellung, id) values (?, ?, ?, ?, ?, ?, ?, ?, ?, ?, ?, ?)
13:32:51.761 [Test worker] DEBUG org.hibernate.engine.transaction.internal.TransactionImpl - begin
13:32:51.761 [Test worker] DEBUG org.hibernate.query.criteria.internal.CriteriaQueryImpl - Rendered criteria query -> select generatedAlias0 from Beleg as generatedAlias0
13:32:51.761 [Test worker] DEBUG org.hibernate.SQL - select beleg0_.id as id1_0_, beleg0_.referenz as referenz2_0_, beleg0_.absender as absender3_0_, beleg0_.art as art4_0_, beleg0_.beleg as beleg5_0_, beleg0_.details as details6_0_, beleg0_.eingang as eingang7_0_, beleg0_.einreicherid as einreich8_0_, beleg0_.empfaenger as empfaeng9_0_, beleg0_.mandat as mandat10_0_, beleg0_.wert as wert11_0_, beleg0_.wertstellung as wertste12_0_ from buchungsbeleg beleg0_
13:32:51.762 [Test worker] DEBUG org.hibernate.loader.Loader - Result set row: 0
13:32:51.762 [Test worker] DEBUG org.hibernate.loader.Loader - Result row: EntityKey[loc.balsen.kontospring.data.Beleg#1]
13:32:51.762 [Test worker] DEBUG org.hibernate.loader.Loader - Result set row: 1
13:32:51.762 [Test worker] DEBUG org.hibernate.loader.Loader - Result row: EntityKey[loc.balsen.kontospring.data.Beleg#2]
13:32:51.762 [Test worker] DEBUG org.hibernate.loader.Loader - Result set row: 2
13:32:51.762 [Test worker] DEBUG org.hibernate.loader.Loader - Result row: EntityKey[loc.balsen.kontospring.data.Beleg#3]
13:32:51.762 [Test worker] DEBUG org.hibernate.loader.Loader - Result set row: 3
13:32:51.762 [Test worker] DEBUG org.hibernate.loader.Loader - Result row: EntityKey[loc.balsen.kontospring.data.Beleg#4]
13:32:51.762 [Test worker] DEBUG org.hibernate.loader.Loader - Result set row: 4
13:32:51.762 [Test worker] DEBUG org.hibernate.loader.Loader - Result row: EntityKey[loc.balsen.kontospring.data.Beleg#5]
13:32:51.762 [Test worker] DEBUG org.hibernate.engine.internal.TwoPhaseLoad - Resolving associations for [loc.balsen.kontospring.data.Beleg#1]
13:32:51.762 [Test worker] DEBUG org.hibernate.engine.internal.TwoPhaseLoad - Done materializing entity [loc.balsen.kontospring.data.Beleg#1]
13:32:51.762 [Test worker] DEBUG org.hibernate.engine.internal.TwoPhaseLoad - Resolving associations for [loc.balsen.kontospring.data.Beleg#2]
13:32:51.762 [Test worker] DEBUG org.hibernate.engine.internal.TwoPhaseLoad - Done materializing entity [loc.balsen.kontospring.data.Beleg#2]
13:32:51.763 [Test worker] DEBUG org.hibernate.engine.internal.TwoPhaseLoad - Resolving associations for [loc.balsen.kontospring.data.Beleg#3]
13:32:51.763 [Test worker] DEBUG org.hibernate.engine.internal.TwoPhaseLoad - Done materializing entity [loc.balsen.kontospring.data.Beleg#3]
13:32:51.763 [Test worker] DEBUG org.hibernate.engine.internal.TwoPhaseLoad - Resolving associations for [loc.balsen.kontospring.data.Beleg#4]
13:32:51.763 [Test worker] DEBUG org.hibernate.engine.internal.TwoPhaseLoad - Done materializing entity [loc.balsen.kontospring.data.Beleg#4]
13:32:51.763 [Test worker] DEBUG org.hibernate.engine.internal.TwoPhaseLoad - Resolving associations for [loc.balsen.kontospring.data.Beleg#5]
13:32:51.763 [Test worker] DEBUG org.hibernate.engine.internal.TwoPhaseLoad - Done materializing entity [loc.balsen.kontospring.data.Beleg#5]
13:32:51.763 [Test worker] DEBUG org.hibernate.engine.transaction.internal.TransactionImpl - committing
13:32:51.763 [Test worker] DEBUG com.zaxxer.hikari.pool.PoolBase - HikariPool-1 - Reset (readOnly) on connection conn0: url=jdbc:h2:mem:db user=SA
]]></system-out>
  <system-err><![CDATA[Oct 01, 2018 1:32:48 PM org.springframework.test.context.support.DefaultTestContextBootstrapper buildDefaultMergedContextConfiguration
INFO: Neither @ContextConfiguration nor @ContextHierarchy found for test class [loc.balsen.kontospring.upload.ImportbaseTest], using DelegatingSmartContextLoader
Oct 01, 2018 1:32:48 PM org.springframework.test.context.support.AbstractContextLoader generateDefaultLocations
INFO: Could not detect default resource locations for test class [loc.balsen.kontospring.upload.ImportbaseTest]: no resource found for suffixes {-context.xml}.
Oct 01, 2018 1:32:48 PM org.springframework.test.context.support.AnnotationConfigContextLoaderUtils detectDefaultConfigurationClasses
INFO: Could not detect default configuration classes for test class [loc.balsen.kontospring.upload.ImportbaseTest]: ImportbaseTest does not declare any static, non-private, non-final, nested classes annotated with @Configuration.
Oct 01, 2018 1:32:48 PM org.springframework.test.context.support.DefaultTestContextBootstrapper getDefaultTestExecutionListenerClassNames
INFO: Loaded default TestExecutionListener class names from location [META-INF/spring.factories]: [org.springframework.boot.test.autoconfigure.restdocs.RestDocsTestExecutionListener, org.springframework.boot.test.autoconfigure.web.client.MockRestServiceServerResetTestExecutionListener, org.springframework.boot.test.autoconfigure.web.servlet.MockMvcPrintOnlyOnFailureTestExecutionListener, org.springframework.boot.test.autoconfigure.web.servlet.WebDriverTestExecutionListener, org.springframework.boot.test.mock.mockito.MockitoTestExecutionListener, org.springframework.boot.test.mock.mockito.ResetMocksTestExecutionListener, org.springframework.test.context.web.ServletTestExecutionListener, org.springframework.test.context.support.DirtiesContextBeforeModesTestExecutionListener, org.springframework.test.context.support.DependencyInjectionTestExecutionListener, org.springframework.test.context.support.DirtiesContextTestExecutionListener, org.springframework.test.context.transaction.TransactionalTestExecutionListener, org.springframework.test.context.jdbc.SqlScriptsTestExecutionListener]
Oct 01, 2018 1:32:48 PM org.springframework.test.context.support.DefaultTestContextBootstrapper getTestExecutionListeners
INFO: Using TestExecutionListeners: [org.springframework.test.context.web.ServletTestExecutionListener@11578174, org.springframework.test.context.support.DirtiesContextBeforeModesTestExecutionListener@36098061, org.springframework.boot.test.mock.mockito.MockitoTestExecutionListener@6dedff90, org.springframework.test.context.support.DependencyInjectionTestExecutionListener@699b0ebe, org.springframework.test.context.support.DirtiesContextTestExecutionListener@446a6ed8, org.springframework.test.context.transaction.TransactionalTestExecutionListener@3e9ae4bc, org.springframework.test.context.jdbc.SqlScriptsTestExecutionListener@3c899d80, org.springframework.boot.test.autoconfigure.restdocs.RestDocsTestExecutionListener@d569a51, org.springframework.boot.test.autoconfigure.web.client.MockRestServiceServerResetTestExecutionListener@1a5d398d, org.springframework.boot.test.autoconfigure.web.servlet.MockMvcPrintOnlyOnFailureTestExecutionListener@738b917e, org.springframework.boot.test.autoconfigure.web.servlet.WebDriverTestExecutionListener@31e7712, org.springframework.boot.test.mock.mockito.ResetMocksTestExecutionListener@3aa3e132]
Oct 01, 2018 1:32:48 PM org.springframework.context.support.GenericApplicationContext prepareRefresh
INFO: Refreshing org.springframework.context.support.GenericApplicationContext@628edb75: startup date [Mon Oct 01 13:32:48 CEST 2018]; root of context hierarchy
Oct 01, 2018 1:32:49 PM org.springframework.context.support.PostProcessorRegistrationDelegate$BeanPostProcessorChecker postProcessAfterInitialization
INFO: Bean 'org.springframework.transaction.annotation.ProxyTransactionManagementConfiguration' of type [org.springframework.transaction.annotation.ProxyTransactionManagementConfiguration$$EnhancerBySpringCGLIB$$25dd41b0] is not eligible for getting processed by all BeanPostProcessors (for example: not eligible for auto-proxying)
Oct 01, 2018 1:32:49 PM org.springframework.orm.jpa.LocalContainerEntityManagerFactoryBean createNativeEntityManagerFactory
INFO: Building JPA container EntityManagerFactory for persistence unit 'default'
Oct 01, 2018 1:32:50 PM org.springframework.orm.jpa.LocalContainerEntityManagerFactoryBean buildNativeEntityManagerFactory
INFO: Initialized JPA EntityManagerFactory for persistence unit 'default'
Oct 01, 2018 1:32:51 PM org.springframework.jmx.export.annotation.AnnotationMBeanExporter afterSingletonsInstantiated
INFO: Registering beans for JMX exposure on startup
Oct 01, 2018 1:32:51 PM org.springframework.jmx.export.annotation.AnnotationMBeanExporter autodetect
INFO: Bean with name 'dataSource' has been autodetected for JMX exposure
Oct 01, 2018 1:32:51 PM org.springframework.jmx.export.annotation.AnnotationMBeanExporter registerBeanInstance
INFO: Located MBean 'dataSource': registering with JMX server as MBean [com.zaxxer.hikari:name=dataSource,type=HikariDataSource]
]]></system-err>
</testsuite>
